{"C:\\Users\\srika\\development\\my-new-app\\src\\components\\CategoryBar.tsx": {"path":"C:\\Users\\srika\\development\\my-new-app\\src\\components\\CategoryBar.tsx","statementMap":{"0":{"start":{"line":5,"column":19},"end":{"line":5,"column":65}},"1":{"start":{"line":6,"column":23},"end":{"line":6,"column":117}},"2":{"start":{"line":17,"column":68},"end":{"line":25,"column":1}},"3":{"start":{"line":38,"column":26},"end":{"line":38,"column":62}},"4":{"start":{"line":40,"column":48},"end":{"line":208,"column":1}},"5":{"start":{"line":50,"column":20},"end":{"line":50,"column":41}},"6":{"start":{"line":51,"column":48},"end":{"line":51,"column":63}},"7":{"start":{"line":52,"column":56},"end":{"line":52,"column":71}},"8":{"start":{"line":53,"column":19},"end":{"line":53,"column":31}},"9":{"start":{"line":55,"column":22},"end":{"line":57,"column":28}},"10":{"start":{"line":59,"column":19},"end":{"line":62,"column":3}},"11":{"start":{"line":60,"column":4},"end":{"line":60,"column":30}},"12":{"start":{"line":61,"column":4},"end":{"line":61,"column":34}},"13":{"start":{"line":64,"column":2},"end":{"line":207,"column":4}},"14":{"start":{"line":72,"column":16},"end":{"line":84,"column":35}},"15":{"start":{"line":76,"column":20},"end":{"line":76,"column":42}},"16":{"start":{"line":77,"column":20},"end":{"line":77,"column":31}},"17":{"start":{"line":92,"column":34},"end":{"line":92,"column":53}},"18":{"start":{"line":93,"column":18},"end":{"line":93,"column":29}},"19":{"start":{"line":94,"column":18},"end":{"line":94,"column":51}},"20":{"start":{"line":111,"column":22},"end":{"line":122,"column":41}},"21":{"start":{"line":115,"column":26},"end":{"line":115,"column":48}},"22":{"start":{"line":116,"column":26},"end":{"line":116,"column":37}},"23":{"start":{"line":146,"column":34},"end":{"line":146,"column":49}},"24":{"start":{"line":147,"column":18},"end":{"line":147,"column":29}},"25":{"start":{"line":148,"column":18},"end":{"line":148,"column":47}},"26":{"start":{"line":152,"column":73},"end":{"line":152,"column":91}},"27":{"start":{"line":165,"column":22},"end":{"line":176,"column":41}},"28":{"start":{"line":169,"column":26},"end":{"line":169,"column":53}},"29":{"start":{"line":170,"column":26},"end":{"line":170,"column":37}},"30":{"start":{"line":193,"column":14},"end":{"line":201,"column":33}},"31":{"start":{"line":196,"column":31},"end":{"line":196,"column":57}},"32":{"start":{"line":210,"column":15},"end":{"line":404,"column":2}}},"fnMap":{"0":{"name":"(anonymous_0)","decl":{"start":{"line":40,"column":48},"end":{"line":40,"column":49}},"loc":{"start":{"line":49,"column":6},"end":{"line":208,"column":1}},"line":49},"1":{"name":"(anonymous_1)","decl":{"start":{"line":59,"column":19},"end":{"line":59,"column":20}},"loc":{"start":{"line":59,"column":25},"end":{"line":62,"column":3}},"line":59},"2":{"name":"(anonymous_2)","decl":{"start":{"line":71,"column":30},"end":{"line":71,"column":31}},"loc":{"start":{"line":72,"column":16},"end":{"line":84,"column":35}},"line":72},"3":{"name":"(anonymous_3)","decl":{"start":{"line":75,"column":27},"end":{"line":75,"column":28}},"loc":{"start":{"line":75,"column":33},"end":{"line":78,"column":19}},"line":75},"4":{"name":"(anonymous_4)","decl":{"start":{"line":91,"column":25},"end":{"line":91,"column":26}},"loc":{"start":{"line":91,"column":31},"end":{"line":95,"column":17}},"line":91},"5":{"name":"(anonymous_5)","decl":{"start":{"line":110,"column":36},"end":{"line":110,"column":37}},"loc":{"start":{"line":111,"column":22},"end":{"line":122,"column":41}},"line":111},"6":{"name":"(anonymous_6)","decl":{"start":{"line":114,"column":33},"end":{"line":114,"column":34}},"loc":{"start":{"line":114,"column":39},"end":{"line":117,"column":25}},"line":114},"7":{"name":"(anonymous_7)","decl":{"start":{"line":145,"column":25},"end":{"line":145,"column":26}},"loc":{"start":{"line":145,"column":31},"end":{"line":149,"column":17}},"line":145},"8":{"name":"(anonymous_8)","decl":{"start":{"line":152,"column":68},"end":{"line":152,"column":69}},"loc":{"start":{"line":152,"column":73},"end":{"line":152,"column":91}},"line":152},"9":{"name":"(anonymous_9)","decl":{"start":{"line":164,"column":38},"end":{"line":164,"column":39}},"loc":{"start":{"line":165,"column":22},"end":{"line":176,"column":41}},"line":165},"10":{"name":"(anonymous_10)","decl":{"start":{"line":168,"column":33},"end":{"line":168,"column":34}},"loc":{"start":{"line":168,"column":39},"end":{"line":171,"column":25}},"line":168},"11":{"name":"(anonymous_11)","decl":{"start":{"line":192,"column":32},"end":{"line":192,"column":33}},"loc":{"start":{"line":193,"column":14},"end":{"line":201,"column":33}},"line":193},"12":{"name":"(anonymous_12)","decl":{"start":{"line":196,"column":25},"end":{"line":196,"column":26}},"loc":{"start":{"line":196,"column":31},"end":{"line":196,"column":57}},"line":196}},"branchMap":{"0":{"loc":{"start":{"line":38,"column":26},"end":{"line":38,"column":62}},"type":"cond-expr","locations":[{"start":{"line":38,"column":50},"end":{"line":38,"column":55}},{"start":{"line":38,"column":58},"end":{"line":38,"column":62}}],"line":38},"1":{"loc":{"start":{"line":43,"column":2},"end":{"line":43,"column":33}},"type":"default-arg","locations":[{"start":{"line":43,"column":22},"end":{"line":43,"column":33}}],"line":43},"2":{"loc":{"start":{"line":55,"column":22},"end":{"line":57,"column":28}},"type":"cond-expr","locations":[{"start":{"line":56,"column":7},"end":{"line":56,"column":29}},{"start":{"line":57,"column":7},"end":{"line":57,"column":27}}],"line":55},"3":{"loc":{"start":{"line":56,"column":7},"end":{"line":56,"column":29}},"type":"cond-expr","locations":[{"start":{"line":56,"column":22},"end":{"line":56,"column":24}},{"start":{"line":56,"column":27},"end":{"line":56,"column":29}}],"line":56},"4":{"loc":{"start":{"line":57,"column":7},"end":{"line":57,"column":27}},"type":"cond-expr","locations":[{"start":{"line":57,"column":21},"end":{"line":57,"column":22}},{"start":{"line":57,"column":25},"end":{"line":57,"column":27}}],"line":57},"5":{"loc":{"start":{"line":69,"column":11},"end":{"line":128,"column":11}},"type":"cond-expr","locations":[{"start":{"line":70,"column":12},"end":{"line":86,"column":19}},{"start":{"line":88,"column":12},"end":{"line":127,"column":19}}],"line":69},"6":{"loc":{"start":{"line":74,"column":46},"end":{"line":74,"column":96}},"type":"binary-expr","locations":[{"start":{"line":74,"column":46},"end":{"line":74,"column":68}},{"start":{"line":74,"column":72},"end":{"line":74,"column":96}}],"line":74},"7":{"loc":{"start":{"line":81,"column":56},"end":{"line":81,"column":110}},"type":"binary-expr","locations":[{"start":{"line":81,"column":56},"end":{"line":81,"column":78}},{"start":{"line":81,"column":82},"end":{"line":81,"column":110}}],"line":81},"8":{"loc":{"start":{"line":102,"column":15},"end":{"line":126,"column":15}},"type":"binary-expr","locations":[{"start":{"line":102,"column":15},"end":{"line":102,"column":34}},{"start":{"line":103,"column":16},"end":{"line":125,"column":19}}],"line":102},"9":{"loc":{"start":{"line":113,"column":55},"end":{"line":113,"column":100}},"type":"binary-expr","locations":[{"start":{"line":113,"column":55},"end":{"line":113,"column":77}},{"start":{"line":113,"column":81},"end":{"line":113,"column":100}}],"line":113},"10":{"loc":{"start":{"line":119,"column":57},"end":{"line":119,"column":106}},"type":"binary-expr","locations":[{"start":{"line":119,"column":57},"end":{"line":119,"column":79}},{"start":{"line":119,"column":83},"end":{"line":119,"column":106}}],"line":119},"11":{"loc":{"start":{"line":133,"column":43},"end":{"line":133,"column":93}},"type":"binary-expr","locations":[{"start":{"line":133,"column":43},"end":{"line":133,"column":64}},{"start":{"line":133,"column":68},"end":{"line":133,"column":93}}],"line":133},"12":{"loc":{"start":{"line":136,"column":48},"end":{"line":136,"column":66}},"type":"cond-expr","locations":[{"start":{"line":136,"column":59},"end":{"line":136,"column":61}},{"start":{"line":136,"column":64},"end":{"line":136,"column":66}}],"line":136},"13":{"loc":{"start":{"line":136,"column":75},"end":{"line":136,"column":117}},"type":"cond-expr","locations":[{"start":{"line":136,"column":99},"end":{"line":136,"column":105}},{"start":{"line":136,"column":108},"end":{"line":136,"column":117}}],"line":136},"14":{"loc":{"start":{"line":137,"column":53},"end":{"line":137,"column":107}},"type":"binary-expr","locations":[{"start":{"line":137,"column":53},"end":{"line":137,"column":74}},{"start":{"line":137,"column":78},"end":{"line":137,"column":107}}],"line":137},"15":{"loc":{"start":{"line":138,"column":23},"end":{"line":138,"column":77}},"type":"cond-expr","locations":[{"start":{"line":138,"column":47},"end":{"line":138,"column":72}},{"start":{"line":138,"column":75},"end":{"line":138,"column":77}}],"line":138},"16":{"loc":{"start":{"line":152,"column":19},"end":{"line":152,"column":103}},"type":"cond-expr","locations":[{"start":{"line":152,"column":30},"end":{"line":152,"column":38}},{"start":{"line":152,"column":41},"end":{"line":152,"column":103}}],"line":152},"17":{"loc":{"start":{"line":156,"column":15},"end":{"line":180,"column":15}},"type":"binary-expr","locations":[{"start":{"line":156,"column":15},"end":{"line":156,"column":30}},{"start":{"line":157,"column":16},"end":{"line":179,"column":19}}],"line":156},"18":{"loc":{"start":{"line":167,"column":55},"end":{"line":167,"column":101}},"type":"binary-expr","locations":[{"start":{"line":167,"column":55},"end":{"line":167,"column":78}},{"start":{"line":167,"column":82},"end":{"line":167,"column":101}}],"line":167},"19":{"loc":{"start":{"line":173,"column":57},"end":{"line":173,"column":107}},"type":"binary-expr","locations":[{"start":{"line":173,"column":57},"end":{"line":173,"column":80}},{"start":{"line":173,"column":84},"end":{"line":173,"column":107}}],"line":173},"20":{"loc":{"start":{"line":195,"column":37},"end":{"line":195,"column":83}},"type":"binary-expr","locations":[{"start":{"line":195,"column":37},"end":{"line":195,"column":62}},{"start":{"line":195,"column":66},"end":{"line":195,"column":83}}],"line":195},"21":{"loc":{"start":{"line":198,"column":47},"end":{"line":198,"column":97}},"type":"binary-expr","locations":[{"start":{"line":198,"column":47},"end":{"line":198,"column":72}},{"start":{"line":198,"column":76},"end":{"line":198,"column":97}}],"line":198},"22":{"loc":{"start":{"line":293,"column":14},"end":{"line":293,"column":45}},"type":"cond-expr","locations":[{"start":{"line":293,"column":38},"end":{"line":293,"column":40}},{"start":{"line":293,"column":43},"end":{"line":293,"column":45}}],"line":293}},"s":{"0":0,"1":0,"2":0,"3":0,"4":0,"5":0,"6":0,"7":0,"8":0,"9":0,"10":0,"11":0,"12":0,"13":0,"14":0,"15":0,"16":0,"17":0,"18":0,"19":0,"20":0,"21":0,"22":0,"23":0,"24":0,"25":0,"26":0,"27":0,"28":0,"29":0,"30":0,"31":0,"32":0},"f":{"0":0,"1":0,"2":0,"3":0,"4":0,"5":0,"6":0,"7":0,"8":0,"9":0,"10":0,"11":0,"12":0},"b":{"0":[0,0],"1":[0],"2":[0,0],"3":[0,0],"4":[0,0],"5":[0,0],"6":[0,0],"7":[0,0],"8":[0,0],"9":[0,0],"10":[0,0],"11":[0,0],"12":[0,0],"13":[0,0],"14":[0,0],"15":[0,0],"16":[0,0],"17":[0,0],"18":[0,0],"19":[0,0],"20":[0,0],"21":[0,0],"22":[0,0]}}
,"C:\\Users\\srika\\development\\my-new-app\\src\\components\\CategorySlider.tsx": {"path":"C:\\Users\\srika\\development\\my-new-app\\src\\components\\CategorySlider.tsx","statementMap":{"0":{"start":{"line":24,"column":19},"end":{"line":259,"column":1}},"1":{"start":{"line":29,"column":6},"end":{"line":38,"column":12}},"2":{"start":{"line":45,"column":6},"end":{"line":53,"column":12}},"3":{"start":{"line":60,"column":6},"end":{"line":67,"column":12}},"4":{"start":{"line":74,"column":6},"end":{"line":95,"column":12}},"5":{"start":{"line":102,"column":6},"end":{"line":108,"column":12}},"6":{"start":{"line":115,"column":6},"end":{"line":120,"column":12}},"7":{"start":{"line":127,"column":6},"end":{"line":134,"column":12}},"8":{"start":{"line":141,"column":6},"end":{"line":148,"column":12}},"9":{"start":{"line":155,"column":6},"end":{"line":163,"column":12}},"10":{"start":{"line":170,"column":6},"end":{"line":178,"column":12}},"11":{"start":{"line":185,"column":6},"end":{"line":192,"column":12}},"12":{"start":{"line":199,"column":6},"end":{"line":211,"column":12}},"13":{"start":{"line":218,"column":6},"end":{"line":228,"column":12}},"14":{"start":{"line":235,"column":6},"end":{"line":242,"column":12}},"15":{"start":{"line":249,"column":6},"end":{"line":256,"column":12}},"16":{"start":{"line":261,"column":51},"end":{"line":268,"column":1}},"17":{"start":{"line":270,"column":24},"end":{"line":293,"column":1}},"18":{"start":{"line":271,"column":32},"end":{"line":271,"column":47}},"19":{"start":{"line":272,"column":2},"end":{"line":292,"column":4}},"20":{"start":{"line":280,"column":26},"end":{"line":280,"column":42}},"21":{"start":{"line":282,"column":26},"end":{"line":282,"column":43}},"22":{"start":{"line":301,"column":61},"end":{"line":509,"column":1}},"23":{"start":{"line":306,"column":21},"end":{"line":306,"column":72}},"24":{"start":{"line":307,"column":20},"end":{"line":307,"column":44}},"25":{"start":{"line":308,"column":20},"end":{"line":308,"column":41}},"26":{"start":{"line":309,"column":48},"end":{"line":309,"column":77}},"27":{"start":{"line":310,"column":54},"end":{"line":310,"column":69}},"28":{"start":{"line":311,"column":56},"end":{"line":311,"column":85}},"29":{"start":{"line":313,"column":32},"end":{"line":324,"column":3}},"30":{"start":{"line":314,"column":4},"end":{"line":314,"column":29}},"31":{"start":{"line":315,"column":25},"end":{"line":315,"column":47}},"32":{"start":{"line":316,"column":4},"end":{"line":323,"column":5}},"33":{"start":{"line":317,"column":6},"end":{"line":317,"column":40}},"34":{"start":{"line":319,"column":6},"end":{"line":322,"column":9}},"35":{"start":{"line":326,"column":31},"end":{"line":344,"column":3}},"36":{"start":{"line":327,"column":23},"end":{"line":327,"column":88}},"37":{"start":{"line":328,"column":27},"end":{"line":328,"column":64}},"38":{"start":{"line":330,"column":4},"end":{"line":343,"column":5}},"39":{"start":{"line":331,"column":6},"end":{"line":331,"column":38}},"40":{"start":{"line":332,"column":6},"end":{"line":332,"column":34}},"41":{"start":{"line":334,"column":6},"end":{"line":342,"column":7}},"42":{"start":{"line":335,"column":8},"end":{"line":335,"column":37}},"43":{"start":{"line":338,"column":8},"end":{"line":341,"column":11}},"44":{"start":{"line":346,"column":21},"end":{"line":350,"column":3}},"45":{"start":{"line":347,"column":4},"end":{"line":349,"column":5}},"46":{"start":{"line":348,"column":6},"end":{"line":348,"column":75}},"47":{"start":{"line":352,"column":22},"end":{"line":356,"column":3}},"48":{"start":{"line":353,"column":4},"end":{"line":355,"column":5}},"49":{"start":{"line":354,"column":6},"end":{"line":354,"column":61}},"50":{"start":{"line":358,"column":2},"end":{"line":508,"column":4}},"51":{"start":{"line":390,"column":30},"end":{"line":390,"column":100}},"52":{"start":{"line":391,"column":29},"end":{"line":395,"column":94}},"53":{"start":{"line":396,"column":30},"end":{"line":396,"column":58}},"54":{"start":{"line":397,"column":12},"end":{"line":436,"column":14}},"55":{"start":{"line":404,"column":31},"end":{"line":404,"column":61}},"56":{"start":{"line":407,"column":36},"end":{"line":407,"column":64}},"57":{"start":{"line":409,"column":36},"end":{"line":409,"column":60}},"58":{"start":{"line":427,"column":22},"end":{"line":431,"column":24}},"59":{"start":{"line":430,"column":39},"end":{"line":430,"column":75}},"60":{"start":{"line":457,"column":32},"end":{"line":457,"column":60}},"61":{"start":{"line":462,"column":27},"end":{"line":462,"column":55}},"62":{"start":{"line":470,"column":18},"end":{"line":470,"column":47}},"63":{"start":{"line":471,"column":18},"end":{"line":478,"column":19}},"64":{"start":{"line":472,"column":20},"end":{"line":472,"column":61}},"65":{"start":{"line":474,"column":20},"end":{"line":477,"column":23}},"66":{"start":{"line":485,"column":16},"end":{"line":494,"column":35}},"67":{"start":{"line":489,"column":20},"end":{"line":489,"column":49}},"68":{"start":{"line":490,"column":20},"end":{"line":490,"column":68}},"69":{"start":{"line":499,"column":31},"end":{"line":499,"column":59}},"70":{"start":{"line":511,"column":15},"end":{"line":752,"column":2}}},"fnMap":{"0":{"name":"(anonymous_0)","decl":{"start":{"line":28,"column":15},"end":{"line":28,"column":16}},"loc":{"start":{"line":29,"column":6},"end":{"line":38,"column":12}},"line":29},"1":{"name":"(anonymous_1)","decl":{"start":{"line":44,"column":15},"end":{"line":44,"column":16}},"loc":{"start":{"line":45,"column":6},"end":{"line":53,"column":12}},"line":45},"2":{"name":"(anonymous_2)","decl":{"start":{"line":59,"column":15},"end":{"line":59,"column":16}},"loc":{"start":{"line":60,"column":6},"end":{"line":67,"column":12}},"line":60},"3":{"name":"(anonymous_3)","decl":{"start":{"line":73,"column":15},"end":{"line":73,"column":16}},"loc":{"start":{"line":74,"column":6},"end":{"line":95,"column":12}},"line":74},"4":{"name":"(anonymous_4)","decl":{"start":{"line":101,"column":15},"end":{"line":101,"column":16}},"loc":{"start":{"line":102,"column":6},"end":{"line":108,"column":12}},"line":102},"5":{"name":"(anonymous_5)","decl":{"start":{"line":114,"column":15},"end":{"line":114,"column":16}},"loc":{"start":{"line":115,"column":6},"end":{"line":120,"column":12}},"line":115},"6":{"name":"(anonymous_6)","decl":{"start":{"line":126,"column":15},"end":{"line":126,"column":16}},"loc":{"start":{"line":127,"column":6},"end":{"line":134,"column":12}},"line":127},"7":{"name":"(anonymous_7)","decl":{"start":{"line":140,"column":15},"end":{"line":140,"column":16}},"loc":{"start":{"line":141,"column":6},"end":{"line":148,"column":12}},"line":141},"8":{"name":"(anonymous_8)","decl":{"start":{"line":154,"column":15},"end":{"line":154,"column":16}},"loc":{"start":{"line":155,"column":6},"end":{"line":163,"column":12}},"line":155},"9":{"name":"(anonymous_9)","decl":{"start":{"line":169,"column":15},"end":{"line":169,"column":16}},"loc":{"start":{"line":170,"column":6},"end":{"line":178,"column":12}},"line":170},"10":{"name":"(anonymous_10)","decl":{"start":{"line":184,"column":15},"end":{"line":184,"column":16}},"loc":{"start":{"line":185,"column":6},"end":{"line":192,"column":12}},"line":185},"11":{"name":"(anonymous_11)","decl":{"start":{"line":198,"column":15},"end":{"line":198,"column":16}},"loc":{"start":{"line":199,"column":6},"end":{"line":211,"column":12}},"line":199},"12":{"name":"(anonymous_12)","decl":{"start":{"line":217,"column":15},"end":{"line":217,"column":16}},"loc":{"start":{"line":218,"column":6},"end":{"line":228,"column":12}},"line":218},"13":{"name":"(anonymous_13)","decl":{"start":{"line":234,"column":15},"end":{"line":234,"column":16}},"loc":{"start":{"line":235,"column":6},"end":{"line":242,"column":12}},"line":235},"14":{"name":"(anonymous_14)","decl":{"start":{"line":248,"column":15},"end":{"line":248,"column":16}},"loc":{"start":{"line":249,"column":6},"end":{"line":256,"column":12}},"line":249},"15":{"name":"(anonymous_15)","decl":{"start":{"line":270,"column":24},"end":{"line":270,"column":25}},"loc":{"start":{"line":270,"column":90},"end":{"line":293,"column":1}},"line":270},"16":{"name":"(anonymous_16)","decl":{"start":{"line":280,"column":20},"end":{"line":280,"column":21}},"loc":{"start":{"line":280,"column":26},"end":{"line":280,"column":42}},"line":280},"17":{"name":"(anonymous_17)","decl":{"start":{"line":282,"column":20},"end":{"line":282,"column":21}},"loc":{"start":{"line":282,"column":26},"end":{"line":282,"column":43}},"line":282},"18":{"name":"(anonymous_18)","decl":{"start":{"line":301,"column":61},"end":{"line":301,"column":62}},"loc":{"start":{"line":305,"column":6},"end":{"line":509,"column":1}},"line":305},"19":{"name":"(anonymous_19)","decl":{"start":{"line":313,"column":32},"end":{"line":313,"column":33}},"loc":{"start":{"line":313,"column":69},"end":{"line":324,"column":3}},"line":313},"20":{"name":"(anonymous_20)","decl":{"start":{"line":326,"column":31},"end":{"line":326,"column":32}},"loc":{"start":{"line":326,"column":52},"end":{"line":344,"column":3}},"line":326},"21":{"name":"(anonymous_21)","decl":{"start":{"line":346,"column":21},"end":{"line":346,"column":22}},"loc":{"start":{"line":346,"column":27},"end":{"line":350,"column":3}},"line":346},"22":{"name":"(anonymous_22)","decl":{"start":{"line":352,"column":22},"end":{"line":352,"column":23}},"loc":{"start":{"line":352,"column":28},"end":{"line":356,"column":3}},"line":352},"23":{"name":"(anonymous_23)","decl":{"start":{"line":389,"column":26},"end":{"line":389,"column":27}},"loc":{"start":{"line":389,"column":42},"end":{"line":437,"column":11}},"line":389},"24":{"name":"(anonymous_24)","decl":{"start":{"line":404,"column":25},"end":{"line":404,"column":26}},"loc":{"start":{"line":404,"column":31},"end":{"line":404,"column":61}},"line":404},"25":{"name":"(anonymous_25)","decl":{"start":{"line":407,"column":30},"end":{"line":407,"column":31}},"loc":{"start":{"line":407,"column":36},"end":{"line":407,"column":64}},"line":407},"26":{"name":"(anonymous_26)","decl":{"start":{"line":409,"column":30},"end":{"line":409,"column":31}},"loc":{"start":{"line":409,"column":36},"end":{"line":409,"column":60}},"line":409},"27":{"name":"(anonymous_27)","decl":{"start":{"line":426,"column":52},"end":{"line":426,"column":53}},"loc":{"start":{"line":427,"column":22},"end":{"line":431,"column":24}},"line":427},"28":{"name":"(anonymous_28)","decl":{"start":{"line":430,"column":33},"end":{"line":430,"column":34}},"loc":{"start":{"line":430,"column":39},"end":{"line":430,"column":75}},"line":430},"29":{"name":"(anonymous_29)","decl":{"start":{"line":457,"column":26},"end":{"line":457,"column":27}},"loc":{"start":{"line":457,"column":32},"end":{"line":457,"column":60}},"line":457},"30":{"name":"(anonymous_30)","decl":{"start":{"line":462,"column":21},"end":{"line":462,"column":22}},"loc":{"start":{"line":462,"column":27},"end":{"line":462,"column":55}},"line":462},"31":{"name":"(anonymous_31)","decl":{"start":{"line":469,"column":25},"end":{"line":469,"column":26}},"loc":{"start":{"line":469,"column":31},"end":{"line":479,"column":17}},"line":469},"32":{"name":"(anonymous_32)","decl":{"start":{"line":484,"column":57},"end":{"line":484,"column":58}},"loc":{"start":{"line":485,"column":16},"end":{"line":494,"column":35}},"line":485},"33":{"name":"(anonymous_33)","decl":{"start":{"line":488,"column":27},"end":{"line":488,"column":28}},"loc":{"start":{"line":488,"column":33},"end":{"line":491,"column":19}},"line":488},"34":{"name":"(anonymous_34)","decl":{"start":{"line":499,"column":25},"end":{"line":499,"column":26}},"loc":{"start":{"line":499,"column":31},"end":{"line":499,"column":59}},"line":499}},"branchMap":{"0":{"loc":{"start":{"line":276,"column":8},"end":{"line":276,"column":66}},"type":"binary-expr","locations":[{"start":{"line":276,"column":8},"end":{"line":276,"column":15}},{"start":{"line":276,"column":19},"end":{"line":276,"column":66}}],"line":276},"1":{"loc":{"start":{"line":287,"column":8},"end":{"line":287,"column":39}},"type":"binary-expr","locations":[{"start":{"line":287,"column":8},"end":{"line":287,"column":15}},{"start":{"line":287,"column":19},"end":{"line":287,"column":39}}],"line":287},"2":{"loc":{"start":{"line":304,"column":2},"end":{"line":304,"column":19}},"type":"default-arg","locations":[{"start":{"line":304,"column":14},"end":{"line":304,"column":19}}],"line":304},"3":{"loc":{"start":{"line":316,"column":4},"end":{"line":323,"column":5}},"type":"if","locations":[{"start":{"line":316,"column":4},"end":{"line":323,"column":5}},{"start":{"line":318,"column":11},"end":{"line":323,"column":5}}],"line":316},"4":{"loc":{"start":{"line":327,"column":23},"end":{"line":327,"column":88}},"type":"binary-expr","locations":[{"start":{"line":327,"column":23},"end":{"line":327,"column":48}},{"start":{"line":327,"column":52},"end":{"line":327,"column":88}}],"line":327},"5":{"loc":{"start":{"line":328,"column":27},"end":{"line":328,"column":64}},"type":"binary-expr","locations":[{"start":{"line":328,"column":27},"end":{"line":328,"column":48}},{"start":{"line":328,"column":52},"end":{"line":328,"column":64}}],"line":328},"6":{"loc":{"start":{"line":330,"column":4},"end":{"line":343,"column":5}},"type":"if","locations":[{"start":{"line":330,"column":4},"end":{"line":343,"column":5}},{"start":{"line":333,"column":11},"end":{"line":343,"column":5}}],"line":330},"7":{"loc":{"start":{"line":330,"column":8},"end":{"line":330,"column":36}},"type":"binary-expr","locations":[{"start":{"line":330,"column":8},"end":{"line":330,"column":18}},{"start":{"line":330,"column":22},"end":{"line":330,"column":36}}],"line":330},"8":{"loc":{"start":{"line":334,"column":6},"end":{"line":342,"column":7}},"type":"if","locations":[{"start":{"line":334,"column":6},"end":{"line":342,"column":7}},{"start":{"line":336,"column":13},"end":{"line":342,"column":7}}],"line":334},"9":{"loc":{"start":{"line":347,"column":4},"end":{"line":349,"column":5}},"type":"if","locations":[{"start":{"line":347,"column":4},"end":{"line":349,"column":5}},{"start":{},"end":{}}],"line":347},"10":{"loc":{"start":{"line":353,"column":4},"end":{"line":355,"column":5}},"type":"if","locations":[{"start":{"line":353,"column":4},"end":{"line":355,"column":5}},{"start":{},"end":{}}],"line":353},"11":{"loc":{"start":{"line":361,"column":6},"end":{"line":365,"column":7}},"type":"binary-expr","locations":[{"start":{"line":361,"column":6},"end":{"line":361,"column":15}},{"start":{"line":361,"column":19},"end":{"line":365,"column":7}}],"line":361},"12":{"loc":{"start":{"line":367,"column":7},"end":{"line":367,"column":73}},"type":"binary-expr","locations":[{"start":{"line":367,"column":7},"end":{"line":367,"column":17}},{"start":{"line":367,"column":21},"end":{"line":367,"column":73}}],"line":367},"13":{"loc":{"start":{"line":370,"column":9},"end":{"line":378,"column":9}},"type":"binary-expr","locations":[{"start":{"line":370,"column":9},"end":{"line":370,"column":30}},{"start":{"line":370,"column":34},"end":{"line":370,"column":46}},{"start":{"line":371,"column":10},"end":{"line":377,"column":29}}],"line":370},"14":{"loc":{"start":{"line":372,"column":58},"end":{"line":372,"column":101}},"type":"binary-expr","locations":[{"start":{"line":372,"column":58},"end":{"line":372,"column":67}},{"start":{"line":372,"column":71},"end":{"line":372,"column":101}}],"line":372},"15":{"loc":{"start":{"line":385,"column":17},"end":{"line":385,"column":110}},"type":"cond-expr","locations":[{"start":{"line":385,"column":41},"end":{"line":385,"column":98}},{"start":{"line":385,"column":101},"end":{"line":385,"column":110}}],"line":385},"16":{"loc":{"start":{"line":390,"column":30},"end":{"line":390,"column":100}},"type":"cond-expr","locations":[{"start":{"line":390,"column":50},"end":{"line":390,"column":95}},{"start":{"line":390,"column":98},"end":{"line":390,"column":100}}],"line":390},"17":{"loc":{"start":{"line":391,"column":29},"end":{"line":395,"column":94}},"type":"binary-expr","locations":[{"start":{"line":391,"column":29},"end":{"line":391,"column":65}},{"start":{"line":392,"column":29},"end":{"line":392,"column":66}},{"start":{"line":393,"column":30},"end":{"line":393,"column":52}},{"start":{"line":393,"column":56},"end":{"line":393,"column":90}},{"start":{"line":394,"column":30},"end":{"line":394,"column":50}},{"start":{"line":394,"column":54},"end":{"line":394,"column":83}},{"start":{"line":395,"column":30},"end":{"line":395,"column":55}},{"start":{"line":395,"column":59},"end":{"line":395,"column":93}}],"line":391},"18":{"loc":{"start":{"line":402,"column":18},"end":{"line":402,"column":71}},"type":"binary-expr","locations":[{"start":{"line":402,"column":18},"end":{"line":402,"column":39}},{"start":{"line":402,"column":43},"end":{"line":402,"column":52}},{"start":{"line":402,"column":56},"end":{"line":402,"column":71}}],"line":402},"19":{"loc":{"start":{"line":413,"column":18},"end":{"line":413,"column":54}},"type":"binary-expr","locations":[{"start":{"line":413,"column":18},"end":{"line":413,"column":26}},{"start":{"line":413,"column":30},"end":{"line":413,"column":54}}],"line":413},"20":{"loc":{"start":{"line":419,"column":18},"end":{"line":419,"column":56}},"type":"binary-expr","locations":[{"start":{"line":419,"column":18},"end":{"line":419,"column":26}},{"start":{"line":419,"column":30},"end":{"line":419,"column":56}}],"line":419},"21":{"loc":{"start":{"line":424,"column":17},"end":{"line":434,"column":17}},"type":"binary-expr","locations":[{"start":{"line":424,"column":17},"end":{"line":424,"column":38}},{"start":{"line":424,"column":42},"end":{"line":424,"column":70}},{"start":{"line":424,"column":74},"end":{"line":424,"column":100}},{"start":{"line":425,"column":18},"end":{"line":433,"column":25}}],"line":424},"22":{"loc":{"start":{"line":440,"column":9},"end":{"line":448,"column":9}},"type":"binary-expr","locations":[{"start":{"line":440,"column":9},"end":{"line":440,"column":30}},{"start":{"line":440,"column":34},"end":{"line":440,"column":46}},{"start":{"line":441,"column":10},"end":{"line":447,"column":29}}],"line":440},"23":{"loc":{"start":{"line":442,"column":59},"end":{"line":442,"column":102}},"type":"binary-expr","locations":[{"start":{"line":442,"column":59},"end":{"line":442,"column":68}},{"start":{"line":442,"column":72},"end":{"line":442,"column":102}}],"line":442},"24":{"loc":{"start":{"line":452,"column":7},"end":{"line":506,"column":7}},"type":"binary-expr","locations":[{"start":{"line":452,"column":7},"end":{"line":452,"column":25}},{"start":{"line":452,"column":29},"end":{"line":452,"column":48}},{"start":{"line":453,"column":8},"end":{"line":505,"column":16}}],"line":452},"25":{"loc":{"start":{"line":471,"column":18},"end":{"line":478,"column":19}},"type":"if","locations":[{"start":{"line":471,"column":18},"end":{"line":478,"column":19}},{"start":{"line":473,"column":25},"end":{"line":478,"column":19}}],"line":471},"26":{"loc":{"start":{"line":548,"column":23},"end":{"line":548,"column":54}},"type":"cond-expr","locations":[{"start":{"line":548,"column":47},"end":{"line":548,"column":49}},{"start":{"line":548,"column":52},"end":{"line":548,"column":54}}],"line":548},"27":{"loc":{"start":{"line":605,"column":16},"end":{"line":605,"column":66}},"type":"cond-expr","locations":[{"start":{"line":605,"column":40},"end":{"line":605,"column":52}},{"start":{"line":605,"column":55},"end":{"line":605,"column":66}}],"line":605},"28":{"loc":{"start":{"line":716,"column":16},"end":{"line":716,"column":66}},"type":"cond-expr","locations":[{"start":{"line":716,"column":40},"end":{"line":716,"column":52}},{"start":{"line":716,"column":55},"end":{"line":716,"column":66}}],"line":716},"29":{"loc":{"start":{"line":739,"column":16},"end":{"line":739,"column":66}},"type":"cond-expr","locations":[{"start":{"line":739,"column":40},"end":{"line":739,"column":52}},{"start":{"line":739,"column":55},"end":{"line":739,"column":66}}],"line":739}},"s":{"0":0,"1":0,"2":0,"3":0,"4":0,"5":0,"6":0,"7":0,"8":0,"9":0,"10":0,"11":0,"12":0,"13":0,"14":0,"15":0,"16":0,"17":0,"18":0,"19":0,"20":0,"21":0,"22":0,"23":0,"24":0,"25":0,"26":0,"27":0,"28":0,"29":0,"30":0,"31":0,"32":0,"33":0,"34":0,"35":0,"36":0,"37":0,"38":0,"39":0,"40":0,"41":0,"42":0,"43":0,"44":0,"45":0,"46":0,"47":0,"48":0,"49":0,"50":0,"51":0,"52":0,"53":0,"54":0,"55":0,"56":0,"57":0,"58":0,"59":0,"60":0,"61":0,"62":0,"63":0,"64":0,"65":0,"66":0,"67":0,"68":0,"69":0,"70":0},"f":{"0":0,"1":0,"2":0,"3":0,"4":0,"5":0,"6":0,"7":0,"8":0,"9":0,"10":0,"11":0,"12":0,"13":0,"14":0,"15":0,"16":0,"17":0,"18":0,"19":0,"20":0,"21":0,"22":0,"23":0,"24":0,"25":0,"26":0,"27":0,"28":0,"29":0,"30":0,"31":0,"32":0,"33":0,"34":0},"b":{"0":[0,0],"1":[0,0],"2":[0],"3":[0,0],"4":[0,0],"5":[0,0],"6":[0,0],"7":[0,0],"8":[0,0],"9":[0,0],"10":[0,0],"11":[0,0],"12":[0,0],"13":[0,0,0],"14":[0,0],"15":[0,0],"16":[0,0],"17":[0,0,0,0,0,0,0,0],"18":[0,0,0],"19":[0,0],"20":[0,0],"21":[0,0,0,0],"22":[0,0,0],"23":[0,0],"24":[0,0,0],"25":[0,0],"26":[0,0],"27":[0,0],"28":[0,0],"29":[0,0]}}
,"C:\\Users\\srika\\development\\my-new-app\\src\\components\\CollectionShowcase.tsx": {"path":"C:\\Users\\srika\\development\\my-new-app\\src\\components\\CollectionShowcase.tsx","statementMap":{"0":{"start":{"line":11,"column":18},"end":{"line":11,"column":42}},"1":{"start":{"line":12,"column":19},"end":{"line":12,"column":62}},"2":{"start":{"line":14,"column":20},"end":{"line":36,"column":1}},"3":{"start":{"line":42,"column":62},"end":{"line":76,"column":1}},"4":{"start":{"line":43,"column":2},"end":{"line":75,"column":4}},"5":{"start":{"line":52,"column":10},"end":{"line":71,"column":29}},"6":{"start":{"line":56,"column":27},"end":{"line":56,"column":57}},"7":{"start":{"line":78,"column":15},"end":{"line":149,"column":2}}},"fnMap":{"0":{"name":"(anonymous_0)","decl":{"start":{"line":42,"column":62},"end":{"line":42,"column":63}},"loc":{"start":{"line":42,"column":88},"end":{"line":76,"column":1}},"line":42},"1":{"name":"(anonymous_1)","decl":{"start":{"line":51,"column":25},"end":{"line":51,"column":26}},"loc":{"start":{"line":52,"column":10},"end":{"line":71,"column":29}},"line":52},"2":{"name":"(anonymous_2)","decl":{"start":{"line":56,"column":21},"end":{"line":56,"column":22}},"loc":{"start":{"line":56,"column":27},"end":{"line":56,"column":57}},"line":56}},"branchMap":{"0":{"loc":{"start":{"line":12,"column":19},"end":{"line":12,"column":62}},"type":"cond-expr","locations":[{"start":{"line":12,"column":33},"end":{"line":12,"column":49}},{"start":{"line":12,"column":52},"end":{"line":12,"column":62}}],"line":12}},"s":{"0":0,"1":0,"2":0,"3":0,"4":0,"5":0,"6":0,"7":0},"f":{"0":0,"1":0,"2":0},"b":{"0":[0,0]}}
,"C:\\Users\\srika\\development\\my-new-app\\src\\components\\ConfirmationModal.tsx": {"path":"C:\\Users\\srika\\development\\my-new-app\\src\\components\\ConfirmationModal.tsx","statementMap":{"0":{"start":{"line":25,"column":60},"end":{"line":81,"column":1}},"1":{"start":{"line":36,"column":2},"end":{"line":36,"column":53}},"2":{"start":{"line":36,"column":41},"end":{"line":36,"column":53}},"3":{"start":{"line":38,"column":2},"end":{"line":80,"column":4}},"4":{"start":{"line":83,"column":15},"end":{"line":164,"column":2}}},"fnMap":{"0":{"name":"(anonymous_0)","decl":{"start":{"line":25,"column":60},"end":{"line":25,"column":61}},"loc":{"start":{"line":35,"column":6},"end":{"line":81,"column":1}},"line":35}},"branchMap":{"0":{"loc":{"start":{"line":29,"column":2},"end":{"line":29,"column":26}},"type":"default-arg","locations":[{"start":{"line":29,"column":17},"end":{"line":29,"column":26}}],"line":29},"1":{"loc":{"start":{"line":30,"column":2},"end":{"line":30,"column":24}},"type":"default-arg","locations":[{"start":{"line":30,"column":16},"end":{"line":30,"column":24}}],"line":30},"2":{"loc":{"start":{"line":33,"column":2},"end":{"line":33,"column":23}},"type":"default-arg","locations":[{"start":{"line":33,"column":18},"end":{"line":33,"column":23}}],"line":33},"3":{"loc":{"start":{"line":36,"column":2},"end":{"line":36,"column":53}},"type":"if","locations":[{"start":{"line":36,"column":2},"end":{"line":36,"column":53}},{"start":{},"end":{}}],"line":36},"4":{"loc":{"start":{"line":36,"column":6},"end":{"line":36,"column":39}},"type":"binary-expr","locations":[{"start":{"line":36,"column":6},"end":{"line":36,"column":14}},{"start":{"line":36,"column":18},"end":{"line":36,"column":39}}],"line":36},"5":{"loc":{"start":{"line":48,"column":11},"end":{"line":48,"column":73}},"type":"cond-expr","locations":[{"start":{"line":48,"column":21},"end":{"line":48,"column":66}},{"start":{"line":48,"column":69},"end":{"line":48,"column":73}}],"line":48},"6":{"loc":{"start":{"line":64,"column":16},"end":{"line":64,"column":79}},"type":"cond-expr","locations":[{"start":{"line":64,"column":32},"end":{"line":64,"column":56}},{"start":{"line":64,"column":59},"end":{"line":64,"column":79}}],"line":64},"7":{"loc":{"start":{"line":71,"column":16},"end":{"line":71,"column":75}},"type":"cond-expr","locations":[{"start":{"line":71,"column":32},"end":{"line":71,"column":54}},{"start":{"line":71,"column":57},"end":{"line":71,"column":75}}],"line":71}},"s":{"0":0,"1":0,"2":0,"3":0,"4":0},"f":{"0":0},"b":{"0":[0],"1":[0],"2":[0],"3":[0,0],"4":[0,0],"5":[0,0],"6":[0,0],"7":[0,0]}}
,"C:\\Users\\srika\\development\\my-new-app\\src\\components\\CraftsmanshipStory.tsx": {"path":"C:\\Users\\srika\\development\\my-new-app\\src\\components\\CraftsmanshipStory.tsx","statementMap":{"0":{"start":{"line":10,"column":27},"end":{"line":52,"column":1}},"1":{"start":{"line":11,"column":20},"end":{"line":11,"column":41}},"2":{"start":{"line":12,"column":19},"end":{"line":12,"column":30}},"3":{"start":{"line":14,"column":2},"end":{"line":51,"column":4}},"4":{"start":{"line":54,"column":15},"end":{"line":130,"column":2}}},"fnMap":{"0":{"name":"(anonymous_0)","decl":{"start":{"line":10,"column":27},"end":{"line":10,"column":28}},"loc":{"start":{"line":10,"column":33},"end":{"line":52,"column":1}},"line":10}},"branchMap":{"0":{"loc":{"start":{"line":16,"column":36},"end":{"line":16,"column":75}},"type":"binary-expr","locations":[{"start":{"line":16,"column":36},"end":{"line":16,"column":44}},{"start":{"line":16,"column":48},"end":{"line":16,"column":75}}],"line":16},"1":{"loc":{"start":{"line":17,"column":42},"end":{"line":17,"column":88}},"type":"binary-expr","locations":[{"start":{"line":17,"column":42},"end":{"line":17,"column":50}},{"start":{"line":17,"column":54},"end":{"line":17,"column":88}}],"line":17},"2":{"loc":{"start":{"line":42,"column":43},"end":{"line":42,"column":87}},"type":"binary-expr","locations":[{"start":{"line":42,"column":43},"end":{"line":42,"column":51}},{"start":{"line":42,"column":55},"end":{"line":42,"column":87}}],"line":42}},"s":{"0":0,"1":0,"2":0,"3":0,"4":0},"f":{"0":0},"b":{"0":[0,0],"1":[0,0],"2":[0,0]}}
,"C:\\Users\\srika\\development\\my-new-app\\src\\components\\FilterModal.tsx": {"path":"C:\\Users\\srika\\development\\my-new-app\\src\\components\\FilterModal.tsx","statementMap":{"0":{"start":{"line":25,"column":17},"end":{"line":25,"column":44}},"1":{"start":{"line":26,"column":15},"end":{"line":26,"column":57}},"2":{"start":{"line":28,"column":48},"end":{"line":232,"column":1}},"3":{"start":{"line":35,"column":42},"end":{"line":35,"column":75}},"4":{"start":{"line":36,"column":20},"end":{"line":36,"column":41}},"5":{"start":{"line":37,"column":26},"end":{"line":37,"column":38}},"6":{"start":{"line":38,"column":24},"end":{"line":38,"column":35}},"7":{"start":{"line":39,"column":23},"end":{"line":39,"column":25}},"8":{"start":{"line":42,"column":2},"end":{"line":44,"column":25}},"9":{"start":{"line":43,"column":4},"end":{"line":43,"column":29}},"10":{"start":{"line":46,"column":26},"end":{"line":54,"column":3}},"11":{"start":{"line":47,"column":4},"end":{"line":53,"column":7}},"12":{"start":{"line":48,"column":22},"end":{"line":48,"column":51}},"13":{"start":{"line":49,"column":22},"end":{"line":51,"column":29}},"14":{"start":{"line":50,"column":30},"end":{"line":50,"column":41}},"15":{"start":{"line":52,"column":6},"end":{"line":52,"column":41}},"16":{"start":{"line":56,"column":28},"end":{"line":64,"column":3}},"17":{"start":{"line":57,"column":20},"end":{"line":57,"column":48}},"18":{"start":{"line":58,"column":16},"end":{"line":58,"column":35}},"19":{"start":{"line":59,"column":22},"end":{"line":59,"column":94}},"20":{"start":{"line":60,"column":4},"end":{"line":63,"column":8}},"21":{"start":{"line":60,"column":29},"end":{"line":63,"column":5}},"22":{"start":{"line":67,"column":18},"end":{"line":79,"column":19}},"23":{"start":{"line":68,"column":4},"end":{"line":78,"column":6}},"24":{"start":{"line":81,"column":25},"end":{"line":89,"column":3}},"25":{"start":{"line":82,"column":21},"end":{"line":84,"column":63}},"26":{"start":{"line":85,"column":21},"end":{"line":87,"column":63}},"27":{"start":{"line":88,"column":4},"end":{"line":88,"column":32}},"28":{"start":{"line":91,"column":23},"end":{"line":106,"column":3}},"29":{"start":{"line":92,"column":4},"end":{"line":105,"column":5}},"30":{"start":{"line":94,"column":6},"end":{"line":98,"column":10}},"31":{"start":{"line":94,"column":31},"end":{"line":98,"column":7}},"32":{"start":{"line":100,"column":6},"end":{"line":104,"column":10}},"33":{"start":{"line":100,"column":31},"end":{"line":104,"column":7}},"34":{"start":{"line":109,"column":18},"end":{"line":111,"column":8}},"35":{"start":{"line":113,"column":18},"end":{"line":115,"column":8}},"36":{"start":{"line":117,"column":2},"end":{"line":231,"column":4}},"37":{"start":{"line":139,"column":33},"end":{"line":139,"column":55}},"38":{"start":{"line":140,"column":18},"end":{"line":150,"column":20}},"39":{"start":{"line":144,"column":37},"end":{"line":144,"column":57}},"40":{"start":{"line":167,"column":41},"end":{"line":167,"column":75}},"41":{"start":{"line":176,"column":41},"end":{"line":176,"column":75}},"42":{"start":{"line":186,"column":37},"end":{"line":186,"column":69}},"43":{"start":{"line":187,"column":18},"end":{"line":195,"column":20}},"44":{"start":{"line":191,"column":37},"end":{"line":191,"column":65}},"45":{"start":{"line":205,"column":37},"end":{"line":205,"column":73}},"46":{"start":{"line":206,"column":18},"end":{"line":214,"column":20}},"47":{"start":{"line":210,"column":37},"end":{"line":210,"column":69}},"48":{"start":{"line":221,"column":71},"end":{"line":221,"column":91}},"49":{"start":{"line":221,"column":92},"end":{"line":221,"column":102}},"50":{"start":{"line":224,"column":69},"end":{"line":224,"column":90}},"51":{"start":{"line":234,"column":15},"end":{"line":369,"column":2}}},"fnMap":{"0":{"name":"(anonymous_0)","decl":{"start":{"line":28,"column":48},"end":{"line":28,"column":49}},"loc":{"start":{"line":34,"column":6},"end":{"line":232,"column":1}},"line":34},"1":{"name":"(anonymous_1)","decl":{"start":{"line":42,"column":12},"end":{"line":42,"column":13}},"loc":{"start":{"line":42,"column":18},"end":{"line":44,"column":3}},"line":42},"2":{"name":"(anonymous_2)","decl":{"start":{"line":46,"column":26},"end":{"line":46,"column":27}},"loc":{"start":{"line":46,"column":72},"end":{"line":54,"column":3}},"line":46},"3":{"name":"(anonymous_3)","decl":{"start":{"line":47,"column":20},"end":{"line":47,"column":21}},"loc":{"start":{"line":47,"column":28},"end":{"line":53,"column":5}},"line":47},"4":{"name":"(anonymous_4)","decl":{"start":{"line":50,"column":25},"end":{"line":50,"column":26}},"loc":{"start":{"line":50,"column":30},"end":{"line":50,"column":41}},"line":50},"5":{"name":"(anonymous_5)","decl":{"start":{"line":56,"column":28},"end":{"line":56,"column":29}},"loc":{"start":{"line":56,"column":76},"end":{"line":64,"column":3}},"line":56},"6":{"name":"(anonymous_6)","decl":{"start":{"line":60,"column":20},"end":{"line":60,"column":21}},"loc":{"start":{"line":60,"column":29},"end":{"line":63,"column":5}},"line":60},"7":{"name":"(anonymous_7)","decl":{"start":{"line":67,"column":26},"end":{"line":67,"column":27}},"loc":{"start":{"line":67,"column":32},"end":{"line":79,"column":3}},"line":67},"8":{"name":"(anonymous_8)","decl":{"start":{"line":81,"column":25},"end":{"line":81,"column":26}},"loc":{"start":{"line":81,"column":42},"end":{"line":89,"column":3}},"line":81},"9":{"name":"(anonymous_9)","decl":{"start":{"line":91,"column":23},"end":{"line":91,"column":24}},"loc":{"start":{"line":91,"column":40},"end":{"line":106,"column":3}},"line":91},"10":{"name":"(anonymous_10)","decl":{"start":{"line":94,"column":22},"end":{"line":94,"column":23}},"loc":{"start":{"line":94,"column":31},"end":{"line":98,"column":7}},"line":94},"11":{"name":"(anonymous_11)","decl":{"start":{"line":100,"column":22},"end":{"line":100,"column":23}},"loc":{"start":{"line":100,"column":31},"end":{"line":104,"column":7}},"line":100},"12":{"name":"(anonymous_12)","decl":{"start":{"line":138,"column":29},"end":{"line":138,"column":30}},"loc":{"start":{"line":138,"column":48},"end":{"line":151,"column":17}},"line":138},"13":{"name":"(anonymous_13)","decl":{"start":{"line":144,"column":31},"end":{"line":144,"column":32}},"loc":{"start":{"line":144,"column":37},"end":{"line":144,"column":57}},"line":144},"14":{"name":"(anonymous_14)","decl":{"start":{"line":167,"column":32},"end":{"line":167,"column":33}},"loc":{"start":{"line":167,"column":41},"end":{"line":167,"column":75}},"line":167},"15":{"name":"(anonymous_15)","decl":{"start":{"line":176,"column":32},"end":{"line":176,"column":33}},"loc":{"start":{"line":176,"column":41},"end":{"line":176,"column":75}},"line":176},"16":{"name":"(anonymous_16)","decl":{"start":{"line":185,"column":30},"end":{"line":185,"column":31}},"loc":{"start":{"line":185,"column":35},"end":{"line":196,"column":17}},"line":185},"17":{"name":"(anonymous_17)","decl":{"start":{"line":191,"column":31},"end":{"line":191,"column":32}},"loc":{"start":{"line":191,"column":37},"end":{"line":191,"column":65}},"line":191},"18":{"name":"(anonymous_18)","decl":{"start":{"line":204,"column":28},"end":{"line":204,"column":29}},"loc":{"start":{"line":204,"column":33},"end":{"line":215,"column":17}},"line":204},"19":{"name":"(anonymous_19)","decl":{"start":{"line":210,"column":31},"end":{"line":210,"column":32}},"loc":{"start":{"line":210,"column":37},"end":{"line":210,"column":69}},"line":210},"20":{"name":"(anonymous_20)","decl":{"start":{"line":221,"column":63},"end":{"line":221,"column":64}},"loc":{"start":{"line":221,"column":69},"end":{"line":221,"column":104}},"line":221},"21":{"name":"(anonymous_21)","decl":{"start":{"line":224,"column":63},"end":{"line":224,"column":64}},"loc":{"start":{"line":224,"column":69},"end":{"line":224,"column":90}},"line":224}},"branchMap":{"0":{"loc":{"start":{"line":48,"column":22},"end":{"line":48,"column":51}},"type":"binary-expr","locations":[{"start":{"line":48,"column":23},"end":{"line":48,"column":44}},{"start":{"line":48,"column":49},"end":{"line":48,"column":51}}],"line":48},"1":{"loc":{"start":{"line":49,"column":22},"end":{"line":51,"column":29}},"type":"cond-expr","locations":[{"start":{"line":50,"column":10},"end":{"line":50,"column":42}},{"start":{"line":51,"column":10},"end":{"line":51,"column":29}}],"line":49},"2":{"loc":{"start":{"line":59,"column":22},"end":{"line":59,"column":94}},"type":"cond-expr","locations":[{"start":{"line":59,"column":35},"end":{"line":59,"column":44}},{"start":{"line":59,"column":47},"end":{"line":59,"column":94}}],"line":59},"3":{"loc":{"start":{"line":59,"column":54},"end":{"line":59,"column":93}},"type":"cond-expr","locations":[{"start":{"line":59,"column":77},"end":{"line":59,"column":89}},{"start":{"line":59,"column":92},"end":{"line":59,"column":93}}],"line":59},"4":{"loc":{"start":{"line":68,"column":11},"end":{"line":78,"column":5}},"type":"cond-expr","locations":[{"start":{"line":68,"column":34},"end":{"line":73,"column":5}},{"start":{"line":73,"column":8},"end":{"line":78,"column":5}}],"line":68},"5":{"loc":{"start":{"line":82,"column":21},"end":{"line":84,"column":63}},"type":"cond-expr","locations":[{"start":{"line":83,"column":8},"end":{"line":83,"column":43}},{"start":{"line":84,"column":8},"end":{"line":84,"column":63}}],"line":82},"6":{"loc":{"start":{"line":84,"column":18},"end":{"line":84,"column":44}},"type":"binary-expr","locations":[{"start":{"line":84,"column":18},"end":{"line":84,"column":39}},{"start":{"line":84,"column":43},"end":{"line":84,"column":44}}],"line":84},"7":{"loc":{"start":{"line":85,"column":21},"end":{"line":87,"column":63}},"type":"cond-expr","locations":[{"start":{"line":86,"column":8},"end":{"line":86,"column":43}},{"start":{"line":87,"column":8},"end":{"line":87,"column":63}}],"line":85},"8":{"loc":{"start":{"line":87,"column":18},"end":{"line":87,"column":44}},"type":"binary-expr","locations":[{"start":{"line":87,"column":18},"end":{"line":87,"column":39}},{"start":{"line":87,"column":43},"end":{"line":87,"column":44}}],"line":87},"9":{"loc":{"start":{"line":88,"column":11},"end":{"line":88,"column":31}},"type":"binary-expr","locations":[{"start":{"line":88,"column":11},"end":{"line":88,"column":19}},{"start":{"line":88,"column":23},"end":{"line":88,"column":31}}],"line":88},"10":{"loc":{"start":{"line":92,"column":4},"end":{"line":105,"column":5}},"type":"if","locations":[{"start":{"line":92,"column":4},"end":{"line":105,"column":5}},{"start":{"line":99,"column":11},"end":{"line":105,"column":5}}],"line":92},"11":{"loc":{"start":{"line":109,"column":18},"end":{"line":111,"column":8}},"type":"cond-expr","locations":[{"start":{"line":110,"column":6},"end":{"line":110,"column":94}},{"start":{"line":111,"column":6},"end":{"line":111,"column":8}}],"line":109},"12":{"loc":{"start":{"line":110,"column":42},"end":{"line":110,"column":81}},"type":"cond-expr","locations":[{"start":{"line":110,"column":65},"end":{"line":110,"column":77}},{"start":{"line":110,"column":80},"end":{"line":110,"column":81}}],"line":110},"13":{"loc":{"start":{"line":113,"column":18},"end":{"line":115,"column":8}},"type":"cond-expr","locations":[{"start":{"line":114,"column":6},"end":{"line":114,"column":94}},{"start":{"line":115,"column":6},"end":{"line":115,"column":8}}],"line":113},"14":{"loc":{"start":{"line":114,"column":42},"end":{"line":114,"column":81}},"type":"cond-expr","locations":[{"start":{"line":114,"column":65},"end":{"line":114,"column":77}},{"start":{"line":114,"column":80},"end":{"line":114,"column":81}}],"line":114},"15":{"loc":{"start":{"line":121,"column":21},"end":{"line":121,"column":53}},"type":"cond-expr","locations":[{"start":{"line":121,"column":37},"end":{"line":121,"column":43}},{"start":{"line":121,"column":46},"end":{"line":121,"column":53}}],"line":121},"16":{"loc":{"start":{"line":124,"column":36},"end":{"line":124,"column":72}},"type":"binary-expr","locations":[{"start":{"line":124,"column":36},"end":{"line":124,"column":49}},{"start":{"line":124,"column":53},"end":{"line":124,"column":72}}],"line":124},"17":{"loc":{"start":{"line":125,"column":45},"end":{"line":125,"column":88}},"type":"binary-expr","locations":[{"start":{"line":125,"column":45},"end":{"line":125,"column":58}},{"start":{"line":125,"column":62},"end":{"line":125,"column":88}}],"line":125},"18":{"loc":{"start":{"line":143,"column":43},"end":{"line":143,"column":70}},"type":"binary-expr","locations":[{"start":{"line":143,"column":43},"end":{"line":143,"column":49}},{"start":{"line":143,"column":53},"end":{"line":143,"column":70}}],"line":143},"19":{"loc":{"start":{"line":146,"column":53},"end":{"line":146,"column":84}},"type":"binary-expr","locations":[{"start":{"line":146,"column":53},"end":{"line":146,"column":59}},{"start":{"line":146,"column":63},"end":{"line":146,"column":84}}],"line":146},"20":{"loc":{"start":{"line":158,"column":37},"end":{"line":158,"column":73}},"type":"cond-expr","locations":[{"start":{"line":158,"column":60},"end":{"line":158,"column":65}},{"start":{"line":158,"column":68},"end":{"line":158,"column":73}}],"line":158},"21":{"loc":{"start":{"line":190,"column":43},"end":{"line":190,"column":74}},"type":"binary-expr","locations":[{"start":{"line":190,"column":43},"end":{"line":190,"column":53}},{"start":{"line":190,"column":57},"end":{"line":190,"column":74}}],"line":190},"22":{"loc":{"start":{"line":193,"column":53},"end":{"line":193,"column":88}},"type":"binary-expr","locations":[{"start":{"line":193,"column":53},"end":{"line":193,"column":63}},{"start":{"line":193,"column":67},"end":{"line":193,"column":88}}],"line":193},"23":{"loc":{"start":{"line":209,"column":43},"end":{"line":209,"column":74}},"type":"binary-expr","locations":[{"start":{"line":209,"column":43},"end":{"line":209,"column":53}},{"start":{"line":209,"column":57},"end":{"line":209,"column":74}}],"line":209},"24":{"loc":{"start":{"line":212,"column":53},"end":{"line":212,"column":88}},"type":"binary-expr","locations":[{"start":{"line":212,"column":53},"end":{"line":212,"column":63}},{"start":{"line":212,"column":67},"end":{"line":212,"column":88}}],"line":212},"25":{"loc":{"start":{"line":252,"column":19},"end":{"line":252,"column":50}},"type":"cond-expr","locations":[{"start":{"line":252,"column":43},"end":{"line":252,"column":45}},{"start":{"line":252,"column":48},"end":{"line":252,"column":50}}],"line":252}},"s":{"0":0,"1":0,"2":0,"3":0,"4":0,"5":0,"6":0,"7":0,"8":0,"9":0,"10":0,"11":0,"12":0,"13":0,"14":0,"15":0,"16":0,"17":0,"18":0,"19":0,"20":0,"21":0,"22":0,"23":0,"24":0,"25":0,"26":0,"27":0,"28":0,"29":0,"30":0,"31":0,"32":0,"33":0,"34":0,"35":0,"36":0,"37":0,"38":0,"39":0,"40":0,"41":0,"42":0,"43":0,"44":0,"45":0,"46":0,"47":0,"48":0,"49":0,"50":0,"51":0},"f":{"0":0,"1":0,"2":0,"3":0,"4":0,"5":0,"6":0,"7":0,"8":0,"9":0,"10":0,"11":0,"12":0,"13":0,"14":0,"15":0,"16":0,"17":0,"18":0,"19":0,"20":0,"21":0},"b":{"0":[0,0],"1":[0,0],"2":[0,0],"3":[0,0],"4":[0,0],"5":[0,0],"6":[0,0],"7":[0,0],"8":[0,0],"9":[0,0],"10":[0,0],"11":[0,0],"12":[0,0],"13":[0,0],"14":[0,0],"15":[0,0],"16":[0,0],"17":[0,0],"18":[0,0],"19":[0,0],"20":[0,0],"21":[0,0],"22":[0,0],"23":[0,0],"24":[0,0],"25":[0,0]}}
,"C:\\Users\\srika\\development\\my-new-app\\src\\components\\Footer.tsx": {"path":"C:\\Users\\srika\\development\\my-new-app\\src\\components\\Footer.tsx","statementMap":{"0":{"start":{"line":5,"column":15},"end":{"line":64,"column":1}},"1":{"start":{"line":6,"column":20},"end":{"line":6,"column":41}},"2":{"start":{"line":7,"column":17},"end":{"line":7,"column":36}},"3":{"start":{"line":9,"column":22},"end":{"line":9,"column":53}},"4":{"start":{"line":10,"column":22},"end":{"line":10,"column":43}},"5":{"start":{"line":11,"column":23},"end":{"line":11,"column":44}},"6":{"start":{"line":12,"column":25},"end":{"line":12,"column":46}},"7":{"start":{"line":14,"column":2},"end":{"line":63,"column":4}},"8":{"start":{"line":50,"column":24},"end":{"line":50,"column":170}},"9":{"start":{"line":51,"column":12},"end":{"line":52,"column":66}},"10":{"start":{"line":51,"column":39},"end":{"line":51,"column":66}},"11":{"start":{"line":52,"column":17},"end":{"line":52,"column":66}},"12":{"start":{"line":52,"column":50},"end":{"line":52,"column":64}},"13":{"start":{"line":66,"column":15},"end":{"line":142,"column":2}}},"fnMap":{"0":{"name":"(anonymous_0)","decl":{"start":{"line":5,"column":15},"end":{"line":5,"column":16}},"loc":{"start":{"line":5,"column":21},"end":{"line":64,"column":1}},"line":5},"1":{"name":"(anonymous_1)","decl":{"start":{"line":49,"column":19},"end":{"line":49,"column":20}},"loc":{"start":{"line":49,"column":25},"end":{"line":53,"column":11}},"line":49},"2":{"name":"(anonymous_2)","decl":{"start":{"line":52,"column":45},"end":{"line":52,"column":46}},"loc":{"start":{"line":52,"column":50},"end":{"line":52,"column":64}},"line":52}},"branchMap":{"0":{"loc":{"start":{"line":9,"column":22},"end":{"line":9,"column":53}},"type":"cond-expr","locations":[{"start":{"line":9,"column":37},"end":{"line":9,"column":48}},{"start":{"line":9,"column":51},"end":{"line":9,"column":53}}],"line":9},"1":{"loc":{"start":{"line":10,"column":22},"end":{"line":10,"column":43}},"type":"cond-expr","locations":[{"start":{"line":10,"column":36},"end":{"line":10,"column":38}},{"start":{"line":10,"column":41},"end":{"line":10,"column":43}}],"line":10},"2":{"loc":{"start":{"line":11,"column":23},"end":{"line":11,"column":44}},"type":"cond-expr","locations":[{"start":{"line":11,"column":37},"end":{"line":11,"column":39}},{"start":{"line":11,"column":42},"end":{"line":11,"column":44}}],"line":11},"3":{"loc":{"start":{"line":12,"column":25},"end":{"line":12,"column":46}},"type":"cond-expr","locations":[{"start":{"line":12,"column":39},"end":{"line":12,"column":41}},{"start":{"line":12,"column":44},"end":{"line":12,"column":46}}],"line":12},"4":{"loc":{"start":{"line":51,"column":12},"end":{"line":52,"column":66}},"type":"if","locations":[{"start":{"line":51,"column":12},"end":{"line":52,"column":66}},{"start":{"line":52,"column":17},"end":{"line":52,"column":66}}],"line":51}},"s":{"0":0,"1":0,"2":0,"3":0,"4":0,"5":0,"6":0,"7":0,"8":0,"9":0,"10":0,"11":0,"12":0,"13":0},"f":{"0":0,"1":0,"2":0},"b":{"0":[0,0],"1":[0,0],"2":[0,0],"3":[0,0],"4":[0,0]}}
,"C:\\Users\\srika\\development\\my-new-app\\src\\components\\GoldRateBanner.tsx": {"path":"C:\\Users\\srika\\development\\my-new-app\\src\\components\\GoldRateBanner.tsx","statementMap":{"0":{"start":{"line":5,"column":33},"end":{"line":29,"column":1}},"1":{"start":{"line":6,"column":49},"end":{"line":6,"column":62}},"2":{"start":{"line":8,"column":2},"end":{"line":14,"column":3}},"3":{"start":{"line":9,"column":4},"end":{"line":13,"column":6}},"4":{"start":{"line":16,"column":2},"end":{"line":28,"column":4}},"5":{"start":{"line":20,"column":10},"end":{"line":24,"column":17}},"6":{"start":{"line":31,"column":15},"end":{"line":71,"column":2}}},"fnMap":{"0":{"name":"(anonymous_0)","decl":{"start":{"line":5,"column":33},"end":{"line":5,"column":34}},"loc":{"start":{"line":5,"column":39},"end":{"line":29,"column":1}},"line":5},"1":{"name":"(anonymous_1)","decl":{"start":{"line":19,"column":19},"end":{"line":19,"column":20}},"loc":{"start":{"line":20,"column":10},"end":{"line":24,"column":17}},"line":20}},"branchMap":{"0":{"loc":{"start":{"line":8,"column":2},"end":{"line":14,"column":3}},"type":"if","locations":[{"start":{"line":8,"column":2},"end":{"line":14,"column":3}},{"start":{},"end":{}}],"line":8},"1":{"loc":{"start":{"line":23,"column":13},"end":{"line":23,"column":82}},"type":"binary-expr","locations":[{"start":{"line":23,"column":13},"end":{"line":23,"column":37}},{"start":{"line":23,"column":41},"end":{"line":23,"column":82}}],"line":23}},"s":{"0":0,"1":0,"2":0,"3":0,"4":0,"5":0,"6":0},"f":{"0":0,"1":0},"b":{"0":[0,0],"1":[0,0]}}
,"C:\\Users\\srika\\development\\my-new-app\\src\\components\\Header.tsx": {"path":"C:\\Users\\srika\\development\\my-new-app\\src\\components\\Header.tsx","statementMap":{"0":{"start":{"line":15,"column":26},"end":{"line":15,"column":62}},"1":{"start":{"line":16,"column":21},"end":{"line":16,"column":25}},"2":{"start":{"line":28,"column":38},"end":{"line":356,"column":1}},"3":{"start":{"line":35,"column":17},"end":{"line":35,"column":36}},"4":{"start":{"line":36,"column":20},"end":{"line":36,"column":41}},"5":{"start":{"line":37,"column":38},"end":{"line":37,"column":47}},"6":{"start":{"line":38,"column":24},"end":{"line":38,"column":33}},"7":{"start":{"line":39,"column":26},"end":{"line":39,"column":38}},"8":{"start":{"line":40,"column":30},"end":{"line":40,"column":37}},"9":{"start":{"line":41,"column":44},"end":{"line":41,"column":59}},"10":{"start":{"line":42,"column":21},"end":{"line":42,"column":64}},"11":{"start":{"line":43,"column":21},"end":{"line":43,"column":72}},"12":{"start":{"line":44,"column":17},"end":{"line":44,"column":29}},"13":{"start":{"line":46,"column":16},"end":{"line":46,"column":37}},"14":{"start":{"line":47,"column":16},"end":{"line":47,"column":37}},"15":{"start":{"line":48,"column":19},"end":{"line":48,"column":31}},"16":{"start":{"line":50,"column":25},"end":{"line":50,"column":58}},"17":{"start":{"line":50,"column":31},"end":{"line":50,"column":58}},"18":{"start":{"line":51,"column":26},"end":{"line":51,"column":53}},"19":{"start":{"line":51,"column":32},"end":{"line":51,"column":53}},"20":{"start":{"line":52,"column":25},"end":{"line":52,"column":58}},"21":{"start":{"line":52,"column":31},"end":{"line":52,"column":58}},"22":{"start":{"line":54,"column":27},"end":{"line":57,"column":3}},"23":{"start":{"line":55,"column":4},"end":{"line":56,"column":31}},"24":{"start":{"line":55,"column":14},"end":{"line":55,"column":44}},"25":{"start":{"line":56,"column":9},"end":{"line":56,"column":31}},"26":{"start":{"line":59,"column":29},"end":{"line":62,"column":3}},"27":{"start":{"line":60,"column":4},"end":{"line":61,"column":31}},"28":{"start":{"line":60,"column":14},"end":{"line":60,"column":46}},"29":{"start":{"line":61,"column":9},"end":{"line":61,"column":31}},"30":{"start":{"line":64,"column":28},"end":{"line":67,"column":3}},"31":{"start":{"line":65,"column":4},"end":{"line":66,"column":31}},"32":{"start":{"line":65,"column":14},"end":{"line":65,"column":45}},"33":{"start":{"line":66,"column":9},"end":{"line":66,"column":31}},"34":{"start":{"line":69,"column":26},"end":{"line":69,"column":86}},"35":{"start":{"line":69,"column":32},"end":{"line":69,"column":86}},"36":{"start":{"line":70,"column":27},"end":{"line":70,"column":89}},"37":{"start":{"line":70,"column":33},"end":{"line":70,"column":89}},"38":{"start":{"line":72,"column":23},"end":{"line":78,"column":18}},"39":{"start":{"line":73,"column":4},"end":{"line":77,"column":5}},"40":{"start":{"line":74,"column":6},"end":{"line":74,"column":26}},"41":{"start":{"line":76,"column":6},"end":{"line":76,"column":34}},"42":{"start":{"line":80,"column":23},"end":{"line":91,"column":18}},"43":{"start":{"line":81,"column":4},"end":{"line":90,"column":7}},"44":{"start":{"line":82,"column":22},"end":{"line":82,"column":27}},"45":{"start":{"line":83,"column":6},"end":{"line":88,"column":17}},"46":{"start":{"line":89,"column":6},"end":{"line":89,"column":21}},"47":{"start":{"line":93,"column":2},"end":{"line":115,"column":28}},"48":{"start":{"line":94,"column":4},"end":{"line":114,"column":5}},"49":{"start":{"line":95,"column":25},"end":{"line":110,"column":8}},"50":{"start":{"line":96,"column":8},"end":{"line":109,"column":9}},"51":{"start":{"line":97,"column":10},"end":{"line":108,"column":13}},"52":{"start":{"line":98,"column":12},"end":{"line":106,"column":13}},"53":{"start":{"line":99,"column":14},"end":{"line":104,"column":25}},"54":{"start":{"line":105,"column":14},"end":{"line":105,"column":27}},"55":{"start":{"line":107,"column":12},"end":{"line":107,"column":34}},"56":{"start":{"line":111,"column":6},"end":{"line":113,"column":8}},"57":{"start":{"line":112,"column":8},"end":{"line":112,"column":43}},"58":{"start":{"line":117,"column":23},"end":{"line":120,"column":4}},"59":{"start":{"line":122,"column":24},"end":{"line":125,"column":4}},"60":{"start":{"line":128,"column":23},"end":{"line":128,"column":59}},"61":{"start":{"line":129,"column":24},"end":{"line":129,"column":66}},"62":{"start":{"line":130,"column":24},"end":{"line":130,"column":45}},"63":{"start":{"line":131,"column":19},"end":{"line":131,"column":40}},"64":{"start":{"line":132,"column":22},"end":{"line":132,"column":43}},"65":{"start":{"line":134,"column":22},"end":{"line":136,"column":28}},"66":{"start":{"line":138,"column":21},"end":{"line":138,"column":61}},"67":{"start":{"line":141,"column":23},"end":{"line":141,"column":55}},"68":{"start":{"line":144,"column":20},"end":{"line":144,"column":24}},"69":{"start":{"line":147,"column":27},"end":{"line":147,"column":45}},"70":{"start":{"line":149,"column":23},"end":{"line":149,"column":81}},"71":{"start":{"line":151,"column":24},"end":{"line":155,"column":4}},"72":{"start":{"line":157,"column":24},"end":{"line":161,"column":4}},"73":{"start":{"line":163,"column":23},"end":{"line":167,"column":4}},"74":{"start":{"line":171,"column":2},"end":{"line":355,"column":4}},"75":{"start":{"line":315,"column":16},"end":{"line":328,"column":24}},"76":{"start":{"line":316,"column":18},"end":{"line":327,"column":21}},"77":{"start":{"line":317,"column":20},"end":{"line":325,"column":21}},"78":{"start":{"line":318,"column":22},"end":{"line":323,"column":33}},"79":{"start":{"line":324,"column":22},"end":{"line":324,"column":35}},"80":{"start":{"line":326,"column":20},"end":{"line":326,"column":42}},"81":{"start":{"line":331,"column":84},"end":{"line":331,"column":142}},"82":{"start":{"line":334,"column":84},"end":{"line":334,"column":144}},"83":{"start":{"line":338,"column":47},"end":{"line":338,"column":59}},"84":{"start":{"line":358,"column":15},"end":{"line":477,"column":2}}},"fnMap":{"0":{"name":"(anonymous_0)","decl":{"start":{"line":28,"column":38},"end":{"line":28,"column":39}},"loc":{"start":{"line":34,"column":6},"end":{"line":356,"column":1}},"line":34},"1":{"name":"(anonymous_1)","decl":{"start":{"line":50,"column":25},"end":{"line":50,"column":26}},"loc":{"start":{"line":50,"column":31},"end":{"line":50,"column":58}},"line":50},"2":{"name":"(anonymous_2)","decl":{"start":{"line":51,"column":26},"end":{"line":51,"column":27}},"loc":{"start":{"line":51,"column":32},"end":{"line":51,"column":53}},"line":51},"3":{"name":"(anonymous_3)","decl":{"start":{"line":52,"column":25},"end":{"line":52,"column":26}},"loc":{"start":{"line":52,"column":31},"end":{"line":52,"column":58}},"line":52},"4":{"name":"(anonymous_4)","decl":{"start":{"line":54,"column":27},"end":{"line":54,"column":28}},"loc":{"start":{"line":54,"column":33},"end":{"line":57,"column":3}},"line":54},"5":{"name":"(anonymous_5)","decl":{"start":{"line":59,"column":29},"end":{"line":59,"column":30}},"loc":{"start":{"line":59,"column":35},"end":{"line":62,"column":3}},"line":59},"6":{"name":"(anonymous_6)","decl":{"start":{"line":64,"column":28},"end":{"line":64,"column":29}},"loc":{"start":{"line":64,"column":34},"end":{"line":67,"column":3}},"line":64},"7":{"name":"(anonymous_7)","decl":{"start":{"line":69,"column":26},"end":{"line":69,"column":27}},"loc":{"start":{"line":69,"column":32},"end":{"line":69,"column":86}},"line":69},"8":{"name":"(anonymous_8)","decl":{"start":{"line":70,"column":27},"end":{"line":70,"column":28}},"loc":{"start":{"line":70,"column":33},"end":{"line":70,"column":89}},"line":70},"9":{"name":"(anonymous_9)","decl":{"start":{"line":72,"column":35},"end":{"line":72,"column":36}},"loc":{"start":{"line":72,"column":41},"end":{"line":78,"column":3}},"line":72},"10":{"name":"(anonymous_10)","decl":{"start":{"line":80,"column":35},"end":{"line":80,"column":36}},"loc":{"start":{"line":80,"column":41},"end":{"line":91,"column":3}},"line":80},"11":{"name":"(anonymous_11)","decl":{"start":{"line":81,"column":21},"end":{"line":81,"column":22}},"loc":{"start":{"line":81,"column":29},"end":{"line":90,"column":5}},"line":81},"12":{"name":"(anonymous_12)","decl":{"start":{"line":93,"column":12},"end":{"line":93,"column":13}},"loc":{"start":{"line":93,"column":18},"end":{"line":115,"column":3}},"line":93},"13":{"name":"(anonymous_13)","decl":{"start":{"line":95,"column":45},"end":{"line":95,"column":46}},"loc":{"start":{"line":95,"column":60},"end":{"line":110,"column":7}},"line":95},"14":{"name":"(anonymous_14)","decl":{"start":{"line":97,"column":27},"end":{"line":97,"column":28}},"loc":{"start":{"line":97,"column":45},"end":{"line":108,"column":11}},"line":97},"15":{"name":"(anonymous_15)","decl":{"start":{"line":111,"column":13},"end":{"line":111,"column":14}},"loc":{"start":{"line":111,"column":19},"end":{"line":113,"column":7}},"line":111},"16":{"name":"(anonymous_16)","decl":{"start":{"line":314,"column":22},"end":{"line":314,"column":23}},"loc":{"start":{"line":314,"column":28},"end":{"line":329,"column":15}},"line":314},"17":{"name":"(anonymous_17)","decl":{"start":{"line":315,"column":27},"end":{"line":315,"column":28}},"loc":{"start":{"line":315,"column":33},"end":{"line":328,"column":17}},"line":315},"18":{"name":"(anonymous_18)","decl":{"start":{"line":316,"column":35},"end":{"line":316,"column":36}},"loc":{"start":{"line":316,"column":53},"end":{"line":327,"column":19}},"line":316},"19":{"name":"(anonymous_19)","decl":{"start":{"line":331,"column":78},"end":{"line":331,"column":79}},"loc":{"start":{"line":331,"column":84},"end":{"line":331,"column":142}},"line":331},"20":{"name":"(anonymous_20)","decl":{"start":{"line":334,"column":78},"end":{"line":334,"column":79}},"loc":{"start":{"line":334,"column":84},"end":{"line":334,"column":144}},"line":334},"21":{"name":"(anonymous_21)","decl":{"start":{"line":338,"column":41},"end":{"line":338,"column":42}},"loc":{"start":{"line":338,"column":47},"end":{"line":338,"column":59}},"line":338}},"branchMap":{"0":{"loc":{"start":{"line":15,"column":26},"end":{"line":15,"column":62}},"type":"cond-expr","locations":[{"start":{"line":15,"column":50},"end":{"line":15,"column":55}},{"start":{"line":15,"column":58},"end":{"line":15,"column":62}}],"line":15},"1":{"loc":{"start":{"line":55,"column":4},"end":{"line":56,"column":31}},"type":"if","locations":[{"start":{"line":55,"column":4},"end":{"line":56,"column":31}},{"start":{"line":56,"column":9},"end":{"line":56,"column":31}}],"line":55},"2":{"loc":{"start":{"line":60,"column":4},"end":{"line":61,"column":31}},"type":"if","locations":[{"start":{"line":60,"column":4},"end":{"line":61,"column":31}},{"start":{"line":61,"column":9},"end":{"line":61,"column":31}}],"line":60},"3":{"loc":{"start":{"line":65,"column":4},"end":{"line":66,"column":31}},"type":"if","locations":[{"start":{"line":65,"column":4},"end":{"line":66,"column":31}},{"start":{"line":66,"column":9},"end":{"line":66,"column":31}}],"line":65},"4":{"loc":{"start":{"line":69,"column":32},"end":{"line":69,"column":86}},"type":"cond-expr","locations":[{"start":{"line":69,"column":42},"end":{"line":69,"column":79}},{"start":{"line":69,"column":82},"end":{"line":69,"column":86}}],"line":69},"5":{"loc":{"start":{"line":70,"column":33},"end":{"line":70,"column":89}},"type":"cond-expr","locations":[{"start":{"line":70,"column":44},"end":{"line":70,"column":82}},{"start":{"line":70,"column":85},"end":{"line":70,"column":89}}],"line":70},"6":{"loc":{"start":{"line":73,"column":4},"end":{"line":77,"column":5}},"type":"if","locations":[{"start":{"line":73,"column":4},"end":{"line":77,"column":5}},{"start":{"line":75,"column":11},"end":{"line":77,"column":5}}],"line":73},"7":{"loc":{"start":{"line":84,"column":17},"end":{"line":84,"column":32}},"type":"cond-expr","locations":[{"start":{"line":84,"column":27},"end":{"line":84,"column":28}},{"start":{"line":84,"column":31},"end":{"line":84,"column":32}}],"line":84},"8":{"loc":{"start":{"line":94,"column":4},"end":{"line":114,"column":5}},"type":"if","locations":[{"start":{"line":94,"column":4},"end":{"line":114,"column":5}},{"start":{},"end":{}}],"line":94},"9":{"loc":{"start":{"line":96,"column":8},"end":{"line":109,"column":9}},"type":"if","locations":[{"start":{"line":96,"column":8},"end":{"line":109,"column":9}},{"start":{},"end":{}}],"line":96},"10":{"loc":{"start":{"line":98,"column":12},"end":{"line":106,"column":13}},"type":"if","locations":[{"start":{"line":98,"column":12},"end":{"line":106,"column":13}},{"start":{},"end":{}}],"line":98},"11":{"loc":{"start":{"line":128,"column":23},"end":{"line":128,"column":59}},"type":"cond-expr","locations":[{"start":{"line":128,"column":37},"end":{"line":128,"column":39}},{"start":{"line":128,"column":43},"end":{"line":128,"column":58}}],"line":128},"12":{"loc":{"start":{"line":128,"column":43},"end":{"line":128,"column":58}},"type":"cond-expr","locations":[{"start":{"line":128,"column":51},"end":{"line":128,"column":53}},{"start":{"line":128,"column":56},"end":{"line":128,"column":58}}],"line":128},"13":{"loc":{"start":{"line":129,"column":24},"end":{"line":129,"column":66}},"type":"cond-expr","locations":[{"start":{"line":129,"column":38},"end":{"line":129,"column":40}},{"start":{"line":129,"column":44},"end":{"line":129,"column":65}}],"line":129},"14":{"loc":{"start":{"line":129,"column":44},"end":{"line":129,"column":65}},"type":"cond-expr","locations":[{"start":{"line":129,"column":58},"end":{"line":129,"column":60}},{"start":{"line":129,"column":63},"end":{"line":129,"column":65}}],"line":129},"15":{"loc":{"start":{"line":130,"column":24},"end":{"line":130,"column":45}},"type":"cond-expr","locations":[{"start":{"line":130,"column":38},"end":{"line":130,"column":41}},{"start":{"line":130,"column":44},"end":{"line":130,"column":45}}],"line":130},"16":{"loc":{"start":{"line":131,"column":19},"end":{"line":131,"column":40}},"type":"cond-expr","locations":[{"start":{"line":131,"column":33},"end":{"line":131,"column":35}},{"start":{"line":131,"column":38},"end":{"line":131,"column":40}}],"line":131},"17":{"loc":{"start":{"line":132,"column":22},"end":{"line":132,"column":43}},"type":"cond-expr","locations":[{"start":{"line":132,"column":36},"end":{"line":132,"column":38}},{"start":{"line":132,"column":41},"end":{"line":132,"column":43}}],"line":132},"18":{"loc":{"start":{"line":134,"column":22},"end":{"line":136,"column":28}},"type":"cond-expr","locations":[{"start":{"line":135,"column":7},"end":{"line":135,"column":29}},{"start":{"line":136,"column":7},"end":{"line":136,"column":27}}],"line":134},"19":{"loc":{"start":{"line":135,"column":7},"end":{"line":135,"column":29}},"type":"cond-expr","locations":[{"start":{"line":135,"column":22},"end":{"line":135,"column":24}},{"start":{"line":135,"column":27},"end":{"line":135,"column":29}}],"line":135},"20":{"loc":{"start":{"line":136,"column":7},"end":{"line":136,"column":27}},"type":"cond-expr","locations":[{"start":{"line":136,"column":21},"end":{"line":136,"column":22}},{"start":{"line":136,"column":25},"end":{"line":136,"column":27}}],"line":136},"21":{"loc":{"start":{"line":138,"column":21},"end":{"line":138,"column":61}},"type":"cond-expr","locations":[{"start":{"line":138,"column":35},"end":{"line":138,"column":37}},{"start":{"line":138,"column":41},"end":{"line":138,"column":60}}],"line":138},"22":{"loc":{"start":{"line":138,"column":41},"end":{"line":138,"column":60}},"type":"cond-expr","locations":[{"start":{"line":138,"column":55},"end":{"line":138,"column":56}},{"start":{"line":138,"column":59},"end":{"line":138,"column":60}}],"line":138},"23":{"loc":{"start":{"line":141,"column":23},"end":{"line":141,"column":55}},"type":"binary-expr","locations":[{"start":{"line":141,"column":23},"end":{"line":141,"column":30}},{"start":{"line":141,"column":34},"end":{"line":141,"column":55}}],"line":141},"24":{"loc":{"start":{"line":147,"column":27},"end":{"line":147,"column":45}},"type":"cond-expr","locations":[{"start":{"line":147,"column":38},"end":{"line":147,"column":40}},{"start":{"line":147,"column":43},"end":{"line":147,"column":45}}],"line":147},"25":{"loc":{"start":{"line":149,"column":23},"end":{"line":149,"column":81}},"type":"cond-expr","locations":[{"start":{"line":149,"column":31},"end":{"line":149,"column":47}},{"start":{"line":149,"column":51},"end":{"line":149,"column":80}}],"line":149},"26":{"loc":{"start":{"line":153,"column":18},"end":{"line":153,"column":32}},"type":"cond-expr","locations":[{"start":{"line":153,"column":26},"end":{"line":153,"column":27}},{"start":{"line":153,"column":30},"end":{"line":153,"column":32}}],"line":153},"27":{"loc":{"start":{"line":177,"column":22},"end":{"line":177,"column":69}},"type":"cond-expr","locations":[{"start":{"line":177,"column":30},"end":{"line":177,"column":43}},{"start":{"line":177,"column":46},"end":{"line":177,"column":69}}],"line":177},"28":{"loc":{"start":{"line":186,"column":13},"end":{"line":193,"column":13}},"type":"binary-expr","locations":[{"start":{"line":186,"column":13},"end":{"line":186,"column":20}},{"start":{"line":187,"column":14},"end":{"line":192,"column":33}}],"line":186},"29":{"loc":{"start":{"line":226,"column":65},"end":{"line":226,"column":99}},"type":"cond-expr","locations":[{"start":{"line":226,"column":81},"end":{"line":226,"column":87}},{"start":{"line":226,"column":90},"end":{"line":226,"column":99}}],"line":226},"30":{"loc":{"start":{"line":229,"column":13},"end":{"line":297,"column":13}},"type":"cond-expr","locations":[{"start":{"line":230,"column":14},"end":{"line":249,"column":17}},{"start":{"line":251,"column":14},"end":{"line":296,"column":17}}],"line":229},"31":{"loc":{"start":{"line":238,"column":21},"end":{"line":242,"column":28}},"type":"cond-expr","locations":[{"start":{"line":239,"column":22},"end":{"line":241,"column":29}},{"start":{"line":242,"column":24},"end":{"line":242,"column":28}}],"line":238},"32":{"loc":{"start":{"line":256,"column":17},"end":{"line":260,"column":24}},"type":"cond-expr","locations":[{"start":{"line":257,"column":18},"end":{"line":259,"column":37}},{"start":{"line":260,"column":20},"end":{"line":260,"column":24}}],"line":256},"33":{"loc":{"start":{"line":265,"column":21},"end":{"line":269,"column":28}},"type":"cond-expr","locations":[{"start":{"line":266,"column":22},"end":{"line":268,"column":29}},{"start":{"line":269,"column":24},"end":{"line":269,"column":28}}],"line":265},"34":{"loc":{"start":{"line":273,"column":17},"end":{"line":277,"column":24}},"type":"cond-expr","locations":[{"start":{"line":274,"column":18},"end":{"line":276,"column":37}},{"start":{"line":277,"column":20},"end":{"line":277,"column":24}}],"line":273},"35":{"loc":{"start":{"line":279,"column":17},"end":{"line":283,"column":24}},"type":"cond-expr","locations":[{"start":{"line":280,"column":18},"end":{"line":282,"column":37}},{"start":{"line":283,"column":20},"end":{"line":283,"column":24}}],"line":279},"36":{"loc":{"start":{"line":286,"column":19},"end":{"line":294,"column":19}},"type":"cond-expr","locations":[{"start":{"line":287,"column":20},"end":{"line":289,"column":39}},{"start":{"line":291,"column":20},"end":{"line":293,"column":39}}],"line":286},"37":{"loc":{"start":{"line":302,"column":143},"end":{"line":302,"column":164}},"type":"cond-expr","locations":[{"start":{"line":302,"column":159},"end":{"line":302,"column":160}},{"start":{"line":302,"column":163},"end":{"line":302,"column":164}}],"line":302},"38":{"loc":{"start":{"line":317,"column":20},"end":{"line":325,"column":21}},"type":"if","locations":[{"start":{"line":317,"column":20},"end":{"line":325,"column":21}},{"start":{},"end":{}}],"line":317},"39":{"loc":{"start":{"line":337,"column":13},"end":{"line":341,"column":20}},"type":"cond-expr","locations":[{"start":{"line":338,"column":14},"end":{"line":340,"column":33}},{"start":{"line":341,"column":16},"end":{"line":341,"column":20}}],"line":337},"40":{"loc":{"start":{"line":349,"column":7},"end":{"line":353,"column":7}},"type":"binary-expr","locations":[{"start":{"line":349,"column":7},"end":{"line":349,"column":13}},{"start":{"line":350,"column":8},"end":{"line":352,"column":24}}],"line":349},"41":{"loc":{"start":{"line":395,"column":16},"end":{"line":395,"column":66}},"type":"cond-expr","locations":[{"start":{"line":395,"column":40},"end":{"line":395,"column":52}},{"start":{"line":395,"column":55},"end":{"line":395,"column":66}}],"line":395}},"s":{"0":0,"1":0,"2":0,"3":0,"4":0,"5":0,"6":0,"7":0,"8":0,"9":0,"10":0,"11":0,"12":0,"13":0,"14":0,"15":0,"16":0,"17":0,"18":0,"19":0,"20":0,"21":0,"22":0,"23":0,"24":0,"25":0,"26":0,"27":0,"28":0,"29":0,"30":0,"31":0,"32":0,"33":0,"34":0,"35":0,"36":0,"37":0,"38":0,"39":0,"40":0,"41":0,"42":0,"43":0,"44":0,"45":0,"46":0,"47":0,"48":0,"49":0,"50":0,"51":0,"52":0,"53":0,"54":0,"55":0,"56":0,"57":0,"58":0,"59":0,"60":0,"61":0,"62":0,"63":0,"64":0,"65":0,"66":0,"67":0,"68":0,"69":0,"70":0,"71":0,"72":0,"73":0,"74":0,"75":0,"76":0,"77":0,"78":0,"79":0,"80":0,"81":0,"82":0,"83":0,"84":0},"f":{"0":0,"1":0,"2":0,"3":0,"4":0,"5":0,"6":0,"7":0,"8":0,"9":0,"10":0,"11":0,"12":0,"13":0,"14":0,"15":0,"16":0,"17":0,"18":0,"19":0,"20":0,"21":0},"b":{"0":[0,0],"1":[0,0],"2":[0,0],"3":[0,0],"4":[0,0],"5":[0,0],"6":[0,0],"7":[0,0],"8":[0,0],"9":[0,0],"10":[0,0],"11":[0,0],"12":[0,0],"13":[0,0],"14":[0,0],"15":[0,0],"16":[0,0],"17":[0,0],"18":[0,0],"19":[0,0],"20":[0,0],"21":[0,0],"22":[0,0],"23":[0,0],"24":[0,0],"25":[0,0],"26":[0,0],"27":[0,0],"28":[0,0],"29":[0,0],"30":[0,0],"31":[0,0],"32":[0,0],"33":[0,0],"34":[0,0],"35":[0,0],"36":[0,0],"37":[0,0],"38":[0,0],"39":[0,0],"40":[0,0],"41":[0,0]}}
[...]
64,"column":102}},{"start":{"line":465,"column":39},"end":{"line":465,"column":120}}],"line":464},"82":{"loc":{"start":{"line":472,"column":17},"end":{"line":483,"column":24}},"type":"cond-expr","locations":[{"start":{"line":473,"column":18},"end":{"line":482,"column":25}},{"start":{"line":483,"column":20},"end":{"line":483,"column":24}}],"line":472},"83":{"loc":{"start":{"line":475,"column":21},"end":{"line":481,"column":21}},"type":"cond-expr","locations":[{"start":{"line":476,"column":22},"end":{"line":476,"column":82}},{"start":{"line":478,"column":22},"end":{"line":480,"column":29}}],"line":475},"84":{"loc":{"start":{"line":485,"column":17},"end":{"line":496,"column":24}},"type":"cond-expr","locations":[{"start":{"line":486,"column":18},"end":{"line":495,"column":25}},{"start":{"line":496,"column":20},"end":{"line":496,"column":24}}],"line":485},"85":{"loc":{"start":{"line":504,"column":7},"end":{"line":528,"column":14}},"type":"cond-expr","locations":[{"start":{"line":505,"column":8},"end":{"line":527,"column":15}},{"start":{"line":528,"column":10},"end":{"line":528,"column":14}}],"line":504},"86":{"loc":{"start":{"line":560,"column":24},"end":{"line":560,"column":61}},"type":"cond-expr","locations":[{"start":{"line":560,"column":48},"end":{"line":560,"column":53}},{"start":{"line":560,"column":56},"end":{"line":560,"column":61}}],"line":560},"87":{"loc":{"start":{"line":577,"column":44},"end":{"line":577,"column":91}},"type":"cond-expr","locations":[{"start":{"line":577,"column":68},"end":{"line":577,"column":77}},{"start":{"line":577,"column":80},"end":{"line":577,"column":91}}],"line":577}},"s":{"0":0,"1":0,"2":0,"3":0,"4":0,"5":0,"6":0,"7":0,"8":0,"9":0,"10":0,"11":0,"12":0,"13":0,"14":0,"15":0,"16":0,"17":0,"18":0,"19":0,"20":0,"21":0,"22":0,"23":0,"24":0,"25":0,"26":0,"27":0,"28":0,"29":0,"30":0,"31":0,"32":0,"33":0,"34":0,"35":0,"36":0,"37":0,"38":0,"39":0,"40":0,"41":0,"42":0,"43":0,"44":0,"45":0,"46":0,"47":0,"48":0,"49":0,"50":0,"51":0,"52":0,"53":0,"54":0,"55":0,"56":0,"57":0,"58":0,"59":0,"60":0,"61":0,"62":0,"63":0,"64":0,"65":0,"66":0,"67":0,"68":0,"69":0,"70":0,"71":0,"72":0,"73":0,"74":0,"75":0,"76":0,"77":0,"78":0,"79":0,"80":0,"81":0,"82":0,"83":0,"84":0,"85":0,"86":0,"87":0,"88":0,"89":0,"90":0,"91":0,"92":0,"93":0,"94":0,"95":0,"96":0,"97":0,"98":0,"99":0,"100":0,"101":0,"102":0,"103":0,"104":0,"105":0,"106":0,"107":0,"108":0,"109":0,"110":0,"111":0,"112":0,"113":0,"114":0,"115":0,"116":0,"117":0,"118":0,"119":0,"120":0,"121":0,"122":0,"123":0,"124":0,"125":0,"126":0,"127":0,"128":0,"129":0,"130":0,"131":0,"132":0,"133":0,"134":0,"135":0,"136":0,"137":0,"138":0,"139":0,"140":0,"141":0,"142":0,"143":0,"144":0,"145":0,"146":0,"147":0,"148":0,"149":0,"150":0,"151":0,"152":0,"153":0,"154":0,"155":0,"156":0,"157":0,"158":0,"159":0,"160":0,"161":0},"f":{"0":0,"1":0,"2":0,"3":0,"4":0,"5":0,"6":0,"7":0,"8":0,"9":0,"10":0,"11":0,"12":0,"13":0,"14":0,"15":0,"16":0,"17":0,"18":0,"19":0,"20":0,"21":0,"22":0,"23":0,"24":0,"25":0,"26":0,"27":0,"28":0,"29":0,"30":0,"31":0,"32":0,"33":0,"34":0,"35":0,"36":0,"37":0},"b":{"0":[0,0],"1":[0,0],"2":[0,0],"3":[0,0],"4":[0,0],"5":[0,0],"6":[0,0],"7":[0,0],"8":[0,0],"9":[0,0],"10":[0,0],"11":[0,0],"12":[0,0],"13":[0,0],"14":[0,0],"15":[0,0],"16":[0,0],"17":[0,0],"18":[0,0],"19":[0,0],"20":[0,0],"21":[0,0],"22":[0,0],"23":[0,0],"24":[0,0,0],"25":[0,0,0],"26":[0,0,0],"27":[0,0,0],"28":[0,0,0],"29":[0,0,0],"30":[0,0,0],"31":[0,0,0],"32":[0,0,0],"33":[0,0,0],"34":[0,0,0],"35":[0,0,0],"36":[0,0,0],"37":[0,0,0],"38":[0,0,0],"39":[0,0],"40":[0,0],"41":[0,0],"42":[0,0],"43":[0,0],"44":[0,0],"45":[0,0],"46":[0,0],"47":[0,0,0],"48":[0,0],"49":[0,0],"50":[0,0],"51":[0,0],"52":[0,0],"53":[0,0],"54":[0,0],"55":[0,0],"56":[0,0],"57":[0,0],"58":[0,0],"59":[0,0,0],"60":[0,0],"61":[0,0],"62":[0,0],"63":[0,0],"64":[0,0],"65":[0,0],"66":[0,0],"67":[0,0],"68":[0,0],"69":[0,0],"70":[0,0],"71":[0,0],"72":[0,0],"73":[0,0],"74":[0,0],"75":[0,0],"76":[0,0],"77":[0,0],"78":[0,0],"79":[0,0],"80":[0,0],"81":[0,0],"82":[0,0],"83":[0,0],"84":[0,0],"85":[0,0],"86":[0,0],"87":[0,0]}}
,"C:\\Users\\srika\\development\\my-new-app\\src\\screens\\WishlistScreen.tsx": {"path":"C:\\Users\\srika\\development\\my-new-app\\src\\screens\\WishlistScreen.tsx","statementMap":{"0":{"start":{"line":16,"column":54},"end":{"line":61,"column":1}},"1":{"start":{"line":17,"column":21},"end":{"line":17,"column":72}},"2":{"start":{"line":18,"column":54},"end":{"line":18,"column":61}},"3":{"start":{"line":19,"column":51},"end":{"line":19,"column":64}},"4":{"start":{"line":21,"column":23},"end":{"line":21,"column":60}},"5":{"start":{"line":22,"column":18},"end":{"line":22,"column":62}},"6":{"start":{"line":24,"column":21},"end":{"line":29,"column":3}},"7":{"start":{"line":25,"column":4},"end":{"line":28,"column":11}},"8":{"start":{"line":31,"column":2},"end":{"line":43,"column":3}},"9":{"start":{"line":32,"column":4},"end":{"line":42,"column":6}},"10":{"start":{"line":36,"column":72},"end":{"line":36,"column":99}},"11":{"start":{"line":45,"column":2},"end":{"line":60,"column":4}},"12":{"start":{"line":49,"column":38},"end":{"line":49,"column":95}},"13":{"start":{"line":52,"column":28},"end":{"line":52,"column":49}},"14":{"start":{"line":63,"column":15},"end":{"line":110,"column":2}}},"fnMap":{"0":{"name":"(anonymous_0)","decl":{"start":{"line":16,"column":54},"end":{"line":16,"column":55}},"loc":{"start":{"line":16,"column":97},"end":{"line":61,"column":1}},"line":16},"1":{"name":"(anonymous_1)","decl":{"start":{"line":24,"column":21},"end":{"line":24,"column":22}},"loc":{"start":{"line":25,"column":4},"end":{"line":28,"column":11}},"line":25},"2":{"name":"(anonymous_2)","decl":{"start":{"line":36,"column":66},"end":{"line":36,"column":67}},"loc":{"start":{"line":36,"column":72},"end":{"line":36,"column":99}},"line":36},"3":{"name":"(anonymous_3)","decl":{"start":{"line":49,"column":25},"end":{"line":49,"column":26}},"loc":{"start":{"line":49,"column":38},"end":{"line":49,"column":95}},"line":49},"4":{"name":"(anonymous_4)","decl":{"start":{"line":52,"column":22},"end":{"line":52,"column":23}},"loc":{"start":{"line":52,"column":28},"end":{"line":52,"column":49}},"line":52}},"branchMap":{"0":{"loc":{"start":{"line":22,"column":18},"end":{"line":22,"column":62}},"type":"binary-expr","locations":[{"start":{"line":22,"column":18},"end":{"line":22,"column":29}},{"start":{"line":22,"column":33},"end":{"line":22,"column":46}},{"start":{"line":22,"column":50},"end":{"line":22,"column":62}}],"line":22},"1":{"loc":{"start":{"line":31,"column":2},"end":{"line":43,"column":3}},"type":"if","locations":[{"start":{"line":31,"column":2},"end":{"line":43,"column":3}},{"start":{},"end":{}}],"line":31},"2":{"loc":{"start":{"line":31,"column":6},"end":{"line":31,"column":47}},"type":"binary-expr","locations":[{"start":{"line":31,"column":6},"end":{"line":31,"column":22}},{"start":{"line":31,"column":26},"end":{"line":31,"column":47}}],"line":31}},"s":{"0":0,"1":0,"2":0,"3":0,"4":0,"5":0,"6":0,"7":0,"8":0,"9":0,"10":0,"11":0,"12":0,"13":0,"14":0},"f":{"0":0,"1":0,"2":0,"3":0,"4":0},"b":{"0":[0,0,0],"1":[0,0],"2":[0,0]}}
,"C:\\Users\\srika\\development\\my-new-app\\src\\utils\\currency.ts": {"path":"C:\\Users\\srika\\development\\my-new-app\\src\\utils\\currency.ts","statementMap":{"0":{"start":{"line":5,"column":27},"end":{"line":23,"column":1}},"1":{"start":{"line":6,"column":23},"end":{"line":6,"column":25}},"2":{"start":{"line":8,"column":2},"end":{"line":15,"column":3}},"3":{"start":{"line":9,"column":21},"end":{"line":9,"column":41}},"4":{"start":{"line":10,"column":4},"end":{"line":14,"column":24}},"5":{"start":{"line":18,"column":2},"end":{"line":22,"column":19}}},"fnMap":{"0":{"name":"(anonymous_0)","decl":{"start":{"line":5,"column":27},"end":{"line":5,"column":28}},"loc":{"start":{"line":5,"column":75},"end":{"line":23,"column":1}},"line":5}},"branchMap":{"0":{"loc":{"start":{"line":8,"column":2},"end":{"line":15,"column":3}},"type":"if","locations":[{"start":{"line":8,"column":2},"end":{"line":15,"column":3}},{"start":{},"end":{}}],"line":8}},"s":{"0":1,"1":3,"2":3,"3":1,"4":1,"5":2},"f":{"0":3},"b":{"0":[1,2]},"_coverageSchema":"1a1c01bbd47fc00a2c39e90264f33305004495a9","hash":"93e8b72cc3298be265874719f4513374e9d9148a"}
,"C:\\Users\\srika\\development\\my-new-app\\src\\utils\\images.ts": {"path":"C:\\Users\\srika\\development\\my-new-app\\src\\utils\\images.ts","statementMap":{"0":{"start":{"line":10,"column":2},"end":{"line":10,"column":81}},"1":{"start":{"line":10,"column":70},"end":{"line":10,"column":81}},"2":{"start":{"line":14,"column":2},"end":{"line":14,"column":13}}},"fnMap":{"0":{"name":"getOptimizedImageUrl","decl":{"start":{"line":6,"column":16},"end":{"line":6,"column":36}},"loc":{"start":{"line":9,"column":2},"end":{"line":15,"column":1}},"line":9}},"branchMap":{"0":{"loc":{"start":{"line":8,"column":2},"end":{"line":8,"column":97}},"type":"default-arg","locations":[{"start":{"line":8,"column":95},"end":{"line":8,"column":97}}],"line":8},"1":{"loc":{"start":{"line":10,"column":2},"end":{"line":10,"column":81}},"type":"if","locations":[{"start":{"line":10,"column":2},"end":{"line":10,"column":81}},{"start":{},"end":{}}],"line":10},"2":{"loc":{"start":{"line":10,"column":6},"end":{"line":10,"column":68}},"type":"binary-expr","locations":[{"start":{"line":10,"column":6},"end":{"line":10,"column":10}},{"start":{"line":10,"column":14},"end":{"line":10,"column":68}}],"line":10}},"s":{"0":0,"1":0,"2":0},"f":{"0":0},"b":{"0":[0],"1":[0,0],"2":[0,0]}}
,"C:\\Users\\srika\\development\\my-new-app\\src\\utils\\paymentHooks.ts": {"path":"C:\\Users\\srika\\development\\my-new-app\\src\\utils\\paymentHooks.ts","statementMap":{"0":{"start":{"line":4,"column":21},"end":{"line":4,"column":90}},"1":{"start":{"line":4,"column":28},"end":{"line":4,"column":89}},"2":{"start":{"line":5,"column":28},"end":{"line":5,"column":32}},"3":{"start":{"line":7,"column":0},"end":{"line":17,"column":1}},"4":{"start":{"line":8,"column":2},"end":{"line":16,"column":3}},"5":{"start":{"line":10,"column":25},"end":{"line":10,"column":63}},"6":{"start":{"line":11,"column":4},"end":{"line":11,"column":39}},"7":{"start":{"line":13,"column":4},"end":{"line":13,"column":64}},"8":{"start":{"line":15,"column":4},"end":{"line":15,"column":102}},"9":{"start":{"line":19,"column":33},"end":{"line":72,"column":1}},"10":{"start":{"line":20,"column":18},"end":{"line":20,"column":38}},"11":{"start":{"line":23,"column":24},"end":{"line":23,"column":97}},"12":{"start":{"line":24,"column":2},"end":{"line":26,"column":16}},"13":{"start":{"line":25,"column":4},"end":{"line":25,"column":29}},"14":{"start":{"line":29,"column":30},"end":{"line":36,"column":3}},"15":{"start":{"line":30,"column":4},"end":{"line":33,"column":5}},"16":{"start":{"line":31,"column":6},"end":{"line":31,"column":119}},"17":{"start":{"line":32,"column":6},"end":{"line":32,"column":77}},"18":{"start":{"line":34,"column":22},"end":{"line":34,"column":60}},"19":{"start":{"line":35,"column":4},"end":{"line":35,"column":21}},"20":{"start":{"line":39,"column":32},"end":{"line":64,"column":3}},"21":{"start":{"line":44,"column":4},"end":{"line":47,"column":5}},"22":{"start":{"line":45,"column":6},"end":{"line":45,"column":121}},"23":{"start":{"line":46,"column":6},"end":{"line":46,"column":77}},"24":{"start":{"line":48,"column":4},"end":{"line":63,"column":5}},"25":{"start":{"line":49,"column":22},"end":{"line":58,"column":7}},"26":{"start":{"line":59,"column":19},"end":{"line":59,"column":55}},"27":{"start":{"line":60,"column":6},"end":{"line":60,"column":67}},"28":{"start":{"line":62,"column":6},"end":{"line":62,"column":91}},"29":{"start":{"line":66,"column":2},"end":{"line":71,"column":4}},"30":{"start":{"line":67,"column":45},"end":{"line":67,"column":60}}},"fnMap":{"0":{"name":"(anonymous_0)","decl":{"start":{"line":4,"column":21},"end":{"line":4,"column":22}},"loc":{"start":{"line":4,"column":28},"end":{"line":4,"column":89}},"line":4},"1":{"name":"(anonymous_1)","decl":{"start":{"line":4,"column":48},"end":{"line":4,"column":49}},"loc":{"start":{"line":4,"column":54},"end":{"line":4,"column":56}},"line":4},"2":{"name":"(anonymous_2)","decl":{"start":{"line":4,"column":79},"end":{"line":4,"column":80}},"loc":{"start":{"line":4,"column":85},"end":{"line":4,"column":87}},"line":4},"3":{"name":"(anonymous_3)","decl":{"start":{"line":19,"column":33},"end":{"line":19,"column":34}},"loc":{"start":{"line":19,"column":58},"end":{"line":72,"column":1}},"line":19},"4":{"name":"(anonymous_4)","decl":{"start":{"line":23,"column":44},"end":{"line":23,"column":45}},"loc":{"start":{"line":23,"column":56},"end":{"line":23,"column":58}},"line":23},"5":{"name":"(anonymous_5)","decl":{"start":{"line":23,"column":81},"end":{"line":23,"column":82}},"loc":{"start":{"line":23,"column":93},"end":{"line":23,"column":95}},"line":23},"6":{"name":"(anonymous_6)","decl":{"start":{"line":29,"column":30},"end":{"line":29,"column":31}},"loc":{"start":{"line":29,"column":42},"end":{"line":36,"column":3}},"line":29},"7":{"name":"(anonymous_7)","decl":{"start":{"line":39,"column":32},"end":{"line":39,"column":33}},"loc":{"start":{"line":43,"column":8},"end":{"line":64,"column":3}},"line":43},"8":{"name":"(anonymous_8)","decl":{"start":{"line":67,"column":32},"end":{"line":67,"column":33}},"loc":{"start":{"line":67,"column":45},"end":{"line":67,"column":60}},"line":67}},"branchMap":{"0":{"loc":{"start":{"line":7,"column":0},"end":{"line":17,"column":1}},"type":"if","locations":[{"start":{"line":7,"column":0},"end":{"line":17,"column":1}},{"start":{},"end":{}}],"line":7},"1":{"loc":{"start":{"line":30,"column":4},"end":{"line":33,"column":5}},"type":"if","locations":[{"start":{"line":30,"column":4},"end":{"line":33,"column":5}},{"start":{},"end":{}}],"line":30},"2":{"loc":{"start":{"line":44,"column":4},"end":{"line":47,"column":5}},"type":"if","locations":[{"start":{"line":44,"column":4},"end":{"line":47,"column":5}},{"start":{},"end":{}}],"line":44},"3":{"loc":{"start":{"line":52,"column":18},"end":{"line":52,"column":42}},"type":"binary-expr","locations":[{"start":{"line":52,"column":18},"end":{"line":52,"column":33}},{"start":{"line":52,"column":37},"end":{"line":52,"column":42}}],"line":52},"4":{"loc":{"start":{"line":53,"column":13},"end":{"line":53,"column":75}},"type":"binary-expr","locations":[{"start":{"line":53,"column":13},"end":{"line":53,"column":49}},{"start":{"line":53,"column":53},"end":{"line":53,"column":75}}],"line":53},"5":{"loc":{"start":{"line":62,"column":49},"end":{"line":62,"column":86}},"type":"binary-expr","locations":[{"start":{"line":62,"column":49},"end":{"line":62,"column":66}},{"start":{"line":62,"column":70},"end":{"line":62,"column":86}}],"line":62},"6":{"loc":{"start":{"line":67,"column":22},"end":{"line":67,"column":91}},"type":"cond-expr","locations":[{"start":{"line":67,"column":32},"end":{"line":67,"column":61}},{"start":{"line":67,"column":64},"end":{"line":67,"column":91}}],"line":67},"7":{"loc":{"start":{"line":68,"column":25},"end":{"line":68,"column":78}},"type":"cond-expr","locations":[{"start":{"line":68,"column":35},"end":{"line":68,"column":56}},{"start":{"line":68,"column":59},"end":{"line":68,"column":78}}],"line":68},"8":{"loc":{"start":{"line":69,"column":17},"end":{"line":69,"column":105}},"type":"cond-expr","locations":[{"start":{"line":69,"column":41},"end":{"line":69,"column":46}},{"start":{"line":69,"column":50},"end":{"line":69,"column":104}}],"line":69},"9":{"loc":{"start":{"line":69,"column":50},"end":{"line":69,"column":104}},"type":"binary-expr","locations":[{"start":{"line":69,"column":50},"end":{"line":69,"column":68}},{"start":{"line":69,"column":72},"end":{"line":69,"column":104}}],"line":69},"10":{"loc":{"start":{"line":70,"column":14},"end":{"line":70,"column":45}},"type":"cond-expr","locations":[{"start":{"line":70,"column":24},"end":{"line":70,"column":34}},{"start":{"line":70,"column":37},"end":{"line":70,"column":45}}],"line":70}},"s":{"0":0,"1":0,"2":0,"3":0,"4":0,"5":0,"6":0,"7":0,"8":0,"9":0,"10":0,"11":0,"12":0,"13":0,"14":0,"15":0,"16":0,"17":0,"18":0,"19":0,"20":0,"21":0,"22":0,"23":0,"24":0,"25":0,"26":0,"27":0,"28":0,"29":0,"30":0},"f":{"0":0,"1":0,"2":0,"3":0,"4":0,"5":0,"6":0,"7":0,"8":0},"b":{"0":[0,0],"1":[0,0],"2":[0,0],"3":[0,0],"4":[0,0],"5":[0,0],"6":[0,0],"7":[0,0],"8":[0,0],"9":[0,0],"10":[0,0]}}
,"C:\\Users\\srika\\development\\my-new-app\\src\\utils\\paymentHooks.web.ts": {"path":"C:\\Users\\srika\\development\\my-new-app\\src\\utils\\paymentHooks.web.ts","statementMap":{"0":{"start":{"line":3,"column":33},"end":{"line":36,"column":1}},"1":{"start":{"line":4,"column":18},"end":{"line":4,"column":38}},"2":{"start":{"line":6,"column":2},"end":{"line":35,"column":4}},"3":{"start":{"line":8,"column":6},"end":{"line":8,"column":97}},"4":{"start":{"line":9,"column":6},"end":{"line":9,"column":29}},"5":{"start":{"line":13,"column":6},"end":{"line":30,"column":9}},"6":{"start":{"line":14,"column":29},"end":{"line":14,"column":84}},"7":{"start":{"line":15,"column":26},"end":{"line":15,"column":81}},"8":{"start":{"line":18,"column":26},"end":{"line":20,"column":9}},"9":{"start":{"line":22,"column":8},"end":{"line":29,"column":9}},"10":{"start":{"line":24,"column":10},"end":{"line":26,"column":19}},"11":{"start":{"line":25,"column":12},"end":{"line":25,"column":37}},"12":{"start":{"line":28,"column":10},"end":{"line":28,"column":77}}},"fnMap":{"0":{"name":"(anonymous_0)","decl":{"start":{"line":3,"column":33},"end":{"line":3,"column":34}},"loc":{"start":{"line":3,"column":58},"end":{"line":36,"column":1}},"line":3},"1":{"name":"(anonymous_1)","decl":{"start":{"line":7,"column":22},"end":{"line":7,"column":23}},"loc":{"start":{"line":7,"column":34},"end":{"line":10,"column":5}},"line":7},"2":{"name":"(anonymous_2)","decl":{"start":{"line":12,"column":25},"end":{"line":12,"column":26}},"loc":{"start":{"line":12,"column":48},"end":{"line":31,"column":5}},"line":12},"3":{"name":"(anonymous_3)","decl":{"start":{"line":13,"column":25},"end":{"line":13,"column":26}},"loc":{"start":{"line":13,"column":38},"end":{"line":30,"column":7}},"line":13},"4":{"name":"(anonymous_4)","decl":{"start":{"line":24,"column":21},"end":{"line":24,"column":22}},"loc":{"start":{"line":24,"column":27},"end":{"line":26,"column":11}},"line":24}},"branchMap":{"0":{"loc":{"start":{"line":8,"column":62},"end":{"line":8,"column":93}},"type":"cond-expr","locations":[{"start":{"line":8,"column":72},"end":{"line":8,"column":82}},{"start":{"line":8,"column":85},"end":{"line":8,"column":93}}],"line":8},"1":{"loc":{"start":{"line":14,"column":29},"end":{"line":14,"column":84}},"type":"cond-expr","locations":[{"start":{"line":14,"column":39},"end":{"line":14,"column":57}},{"start":{"line":14,"column":60},"end":{"line":14,"column":84}}],"line":14},"2":{"loc":{"start":{"line":15,"column":29},"end":{"line":15,"column":50}},"type":"binary-expr","locations":[{"start":{"line":15,"column":29},"end":{"line":15,"column":43}},{"start":{"line":15,"column":47},"end":{"line":15,"column":50}}],"line":15},"3":{"loc":{"start":{"line":15,"column":54},"end":{"line":15,"column":79}},"type":"binary-expr","locations":[{"start":{"line":15,"column":54},"end":{"line":15,"column":70}},{"start":{"line":15,"column":74},"end":{"line":15,"column":79}}],"line":15},"4":{"loc":{"start":{"line":22,"column":8},"end":{"line":29,"column":9}},"type":"if","locations":[{"start":{"line":22,"column":8},"end":{"line":29,"column":9}},{"start":{"line":27,"column":15},"end":{"line":29,"column":9}}],"line":22},"5":{"loc":{"start":{"line":34,"column":14},"end":{"line":34,"column":45}},"type":"cond-expr","locations":[{"start":{"line":34,"column":24},"end":{"line":34,"column":34}},{"start":{"line":34,"column":37},"end":{"line":34,"column":45}}],"line":34}},"s":{"0":0,"1":0,"2":0,"3":0,"4":0,"5":0,"6":0,"7":0,"8":0,"9":0,"10":0,"11":0,"12":0},"f":{"0":0,"1":0,"2":0,"3":0,"4":0},"b":{"0":[0,0],"1":[0,0],"2":[0,0],"3":[0,0],"4":[0,0],"5":[0,0]}}
}
