{"C:\\Users\\srika\\development\\my-new-app\\src\\components\\CategoryBar.tsx": {"path":"C:\\Users\\srika\\development\\my-new-app\\src\\components\\CategoryBar.tsx","statementMap":{"0":{"start":{"line":5,"column":19},"end":{"line":5,"column":65}},"1":{"start":{"line":6,"column":23},"end":{"line":6,"column":117}},"2":{"start":{"line":17,"column":68},"end":{"line":25,"column":1}},"3":{"start":{"line":38,"column":26},"end":{"line":38,"column":62}},"4":{"start":{"line":40,"column":48},"end":{"line":189,"column":1}},"5":{"start":{"line":50,"column":20},"end":{"line":50,"column":41}},"6":{"start":{"line":51,"column":48},"end":{"line":51,"column":63}},"7":{"start":{"line":52,"column":56},"end":{"line":52,"column":71}},"8":{"start":{"line":53,"column":62},"end":{"line":53,"column":77}},"9":{"start":{"line":54,"column":19},"end":{"line":54,"column":30}},"10":{"start":{"line":56,"column":19},"end":{"line":60,"column":3}},"11":{"start":{"line":57,"column":4},"end":{"line":57,"column":30}},"12":{"start":{"line":58,"column":4},"end":{"line":58,"column":34}},"13":{"start":{"line":59,"column":4},"end":{"line":59,"column":37}},"14":{"start":{"line":62,"column":2},"end":{"line":188,"column":4}},"15":{"start":{"line":72,"column":34},"end":{"line":72,"column":53}},"16":{"start":{"line":73,"column":18},"end":{"line":73,"column":29}},"17":{"start":{"line":74,"column":18},"end":{"line":74,"column":51}},"18":{"start":{"line":85,"column":20},"end":{"line":96,"column":39}},"19":{"start":{"line":89,"column":24},"end":{"line":89,"column":46}},"20":{"start":{"line":90,"column":24},"end":{"line":90,"column":35}},"21":{"start":{"line":106,"column":34},"end":{"line":106,"column":56}},"22":{"start":{"line":107,"column":18},"end":{"line":107,"column":29}},"23":{"start":{"line":108,"column":18},"end":{"line":108,"column":54}},"24":{"start":{"line":119,"column":20},"end":{"line":130,"column":39}},"25":{"start":{"line":123,"column":24},"end":{"line":123,"column":51}},"26":{"start":{"line":124,"column":24},"end":{"line":124,"column":35}},"27":{"start":{"line":155,"column":34},"end":{"line":155,"column":49}},"28":{"start":{"line":156,"column":18},"end":{"line":156,"column":29}},"29":{"start":{"line":157,"column":18},"end":{"line":157,"column":47}},"30":{"start":{"line":161,"column":71},"end":{"line":161,"column":89}},"31":{"start":{"line":168,"column":20},"end":{"line":179,"column":39}},"32":{"start":{"line":172,"column":24},"end":{"line":172,"column":51}},"33":{"start":{"line":173,"column":24},"end":{"line":173,"column":35}},"34":{"start":{"line":191,"column":15},"end":{"line":308,"column":2}}},"fnMap":{"0":{"name":"(anonymous_0)","decl":{"start":{"line":40,"column":48},"end":{"line":40,"column":49}},"loc":{"start":{"line":49,"column":6},"end":{"line":189,"column":1}},"line":49},"1":{"name":"(anonymous_1)","decl":{"start":{"line":56,"column":19},"end":{"line":56,"column":20}},"loc":{"start":{"line":56,"column":25},"end":{"line":60,"column":3}},"line":56},"2":{"name":"(anonymous_2)","decl":{"start":{"line":71,"column":25},"end":{"line":71,"column":26}},"loc":{"start":{"line":71,"column":31},"end":{"line":75,"column":17}},"line":71},"3":{"name":"(anonymous_3)","decl":{"start":{"line":84,"column":34},"end":{"line":84,"column":35}},"loc":{"start":{"line":85,"column":20},"end":{"line":96,"column":39}},"line":85},"4":{"name":"(anonymous_4)","decl":{"start":{"line":88,"column":31},"end":{"line":88,"column":32}},"loc":{"start":{"line":88,"column":37},"end":{"line":91,"column":23}},"line":88},"5":{"name":"(anonymous_5)","decl":{"start":{"line":105,"column":25},"end":{"line":105,"column":26}},"loc":{"start":{"line":105,"column":31},"end":{"line":109,"column":17}},"line":105},"6":{"name":"(anonymous_6)","decl":{"start":{"line":118,"column":38},"end":{"line":118,"column":39}},"loc":{"start":{"line":119,"column":20},"end":{"line":130,"column":39}},"line":119},"7":{"name":"(anonymous_7)","decl":{"start":{"line":122,"column":31},"end":{"line":122,"column":32}},"loc":{"start":{"line":122,"column":37},"end":{"line":125,"column":23}},"line":122},"8":{"name":"(anonymous_8)","decl":{"start":{"line":154,"column":25},"end":{"line":154,"column":26}},"loc":{"start":{"line":154,"column":31},"end":{"line":158,"column":17}},"line":154},"9":{"name":"(anonymous_9)","decl":{"start":{"line":161,"column":66},"end":{"line":161,"column":67}},"loc":{"start":{"line":161,"column":71},"end":{"line":161,"column":89}},"line":161},"10":{"name":"(anonymous_10)","decl":{"start":{"line":167,"column":36},"end":{"line":167,"column":37}},"loc":{"start":{"line":168,"column":20},"end":{"line":179,"column":39}},"line":168},"11":{"name":"(anonymous_11)","decl":{"start":{"line":171,"column":31},"end":{"line":171,"column":32}},"loc":{"start":{"line":171,"column":37},"end":{"line":174,"column":23}},"line":171}},"branchMap":{"0":{"loc":{"start":{"line":38,"column":26},"end":{"line":38,"column":62}},"type":"cond-expr","locations":[{"start":{"line":38,"column":50},"end":{"line":38,"column":55}},{"start":{"line":38,"column":58},"end":{"line":38,"column":62}}],"line":38},"1":{"loc":{"start":{"line":43,"column":2},"end":{"line":43,"column":33}},"type":"default-arg","locations":[{"start":{"line":43,"column":22},"end":{"line":43,"column":33}}],"line":43},"2":{"loc":{"start":{"line":78,"column":19},"end":{"line":78,"column":78}},"type":"cond-expr","locations":[{"start":{"line":78,"column":30},"end":{"line":78,"column":44}},{"start":{"line":78,"column":47},"end":{"line":78,"column":78}}],"line":78},"3":{"loc":{"start":{"line":82,"column":15},"end":{"line":99,"column":15}},"type":"binary-expr","locations":[{"start":{"line":82,"column":15},"end":{"line":82,"column":34}},{"start":{"line":83,"column":16},"end":{"line":98,"column":23}}],"line":82},"4":{"loc":{"start":{"line":87,"column":53},"end":{"line":87,"column":98}},"type":"binary-expr","locations":[{"start":{"line":87,"column":53},"end":{"line":87,"column":75}},{"start":{"line":87,"column":79},"end":{"line":87,"column":98}}],"line":87},"5":{"loc":{"start":{"line":93,"column":55},"end":{"line":93,"column":104}},"type":"binary-expr","locations":[{"start":{"line":93,"column":55},"end":{"line":93,"column":77}},{"start":{"line":93,"column":81},"end":{"line":93,"column":104}}],"line":93},"6":{"loc":{"start":{"line":102,"column":64},"end":{"line":102,"column":81}},"type":"cond-expr","locations":[{"start":{"line":102,"column":75},"end":{"line":102,"column":76}},{"start":{"line":102,"column":79},"end":{"line":102,"column":81}}],"line":102},"7":{"loc":{"start":{"line":112,"column":19},"end":{"line":112,"column":78}},"type":"cond-expr","locations":[{"start":{"line":112,"column":30},"end":{"line":112,"column":47}},{"start":{"line":112,"column":50},"end":{"line":112,"column":78}}],"line":112},"8":{"loc":{"start":{"line":116,"column":15},"end":{"line":133,"column":15}},"type":"binary-expr","locations":[{"start":{"line":116,"column":15},"end":{"line":116,"column":37}},{"start":{"line":117,"column":16},"end":{"line":132,"column":23}}],"line":116},"9":{"loc":{"start":{"line":121,"column":53},"end":{"line":121,"column":101}},"type":"binary-expr","locations":[{"start":{"line":121,"column":53},"end":{"line":121,"column":78}},{"start":{"line":121,"column":82},"end":{"line":121,"column":101}}],"line":121},"10":{"loc":{"start":{"line":127,"column":55},"end":{"line":127,"column":107}},"type":"binary-expr","locations":[{"start":{"line":127,"column":55},"end":{"line":127,"column":80}},{"start":{"line":127,"column":84},"end":{"line":127,"column":107}}],"line":127},"11":{"loc":{"start":{"line":140,"column":43},"end":{"line":140,"column":93}},"type":"binary-expr","locations":[{"start":{"line":140,"column":43},"end":{"line":140,"column":64}},{"start":{"line":140,"column":68},"end":{"line":140,"column":93}}],"line":140},"12":{"loc":{"start":{"line":143,"column":48},"end":{"line":143,"column":66}},"type":"cond-expr","locations":[{"start":{"line":143,"column":59},"end":{"line":143,"column":61}},{"start":{"line":143,"column":64},"end":{"line":143,"column":66}}],"line":143},"13":{"loc":{"start":{"line":143,"column":75},"end":{"line":143,"column":117}},"type":"cond-expr","locations":[{"start":{"line":143,"column":99},"end":{"line":143,"column":105}},{"start":{"line":143,"column":108},"end":{"line":143,"column":117}}],"line":143},"14":{"loc":{"start":{"line":144,"column":15},"end":{"line":148,"column":15}},"type":"binary-expr","locations":[{"start":{"line":144,"column":15},"end":{"line":144,"column":24}},{"start":{"line":145,"column":16},"end":{"line":147,"column":23}}],"line":144},"15":{"loc":{"start":{"line":145,"column":55},"end":{"line":145,"column":109}},"type":"binary-expr","locations":[{"start":{"line":145,"column":55},"end":{"line":145,"column":76}},{"start":{"line":145,"column":80},"end":{"line":145,"column":109}}],"line":145},"16":{"loc":{"start":{"line":146,"column":25},"end":{"line":146,"column":79}},"type":"cond-expr","locations":[{"start":{"line":146,"column":49},"end":{"line":146,"column":74}},{"start":{"line":146,"column":77},"end":{"line":146,"column":79}}],"line":146},"17":{"loc":{"start":{"line":161,"column":19},"end":{"line":161,"column":99}},"type":"cond-expr","locations":[{"start":{"line":161,"column":30},"end":{"line":161,"column":36}},{"start":{"line":161,"column":39},"end":{"line":161,"column":99}}],"line":161},"18":{"loc":{"start":{"line":165,"column":15},"end":{"line":182,"column":15}},"type":"binary-expr","locations":[{"start":{"line":165,"column":15},"end":{"line":165,"column":30}},{"start":{"line":166,"column":16},"end":{"line":181,"column":23}}],"line":165},"19":{"loc":{"start":{"line":170,"column":53},"end":{"line":170,"column":99}},"type":"binary-expr","locations":[{"start":{"line":170,"column":53},"end":{"line":170,"column":76}},{"start":{"line":170,"column":80},"end":{"line":170,"column":99}}],"line":170},"20":{"loc":{"start":{"line":176,"column":55},"end":{"line":176,"column":105}},"type":"binary-expr","locations":[{"start":{"line":176,"column":55},"end":{"line":176,"column":78}},{"start":{"line":176,"column":82},"end":{"line":176,"column":105}}],"line":176},"21":{"loc":{"start":{"line":242,"column":14},"end":{"line":242,"column":45}},"type":"cond-expr","locations":[{"start":{"line":242,"column":38},"end":{"line":242,"column":40}},{"start":{"line":242,"column":43},"end":{"line":242,"column":45}}],"line":242}},"s":{"0":0,"1":0,"2":0,"3":0,"4":0,"5":0,"6":0,"7":0,"8":0,"9":0,"10":0,"11":0,"12":0,"13":0,"14":0,"15":0,"16":0,"17":0,"18":0,"19":0,"20":0,"21":0,"22":0,"23":0,"24":0,"25":0,"26":0,"27":0,"28":0,"29":0,"30":0,"31":0,"32":0,"33":0,"34":0},"f":{"0":0,"1":0,"2":0,"3":0,"4":0,"5":0,"6":0,"7":0,"8":0,"9":0,"10":0,"11":0},"b":{"0":[0,0],"1":[0],"2":[0,0],"3":[0,0],"4":[0,0],"5":[0,0],"6":[0,0],"7":[0,0],"8":[0,0],"9":[0,0],"10":[0,0],"11":[0,0],"12":[0,0],"13":[0,0],"14":[0,0],"15":[0,0],"16":[0,0],"17":[0,0],"18":[0,0],"19":[0,0],"20":[0,0],"21":[0,0]}}
,"C:\\Users\\srika\\development\\my-new-app\\src\\components\\CollectionShowcase.tsx": {"path":"C:\\Users\\srika\\development\\my-new-app\\src\\components\\CollectionShowcase.tsx","statementMap":{"0":{"start":{"line":11,"column":18},"end":{"line":11,"column":42}},"1":{"start":{"line":12,"column":19},"end":{"line":12,"column":62}},"2":{"start":{"line":14,"column":20},"end":{"line":36,"column":1}},"3":{"start":{"line":42,"column":62},"end":{"line":76,"column":1}},"4":{"start":{"line":43,"column":2},"end":{"line":75,"column":4}},"5":{"start":{"line":52,"column":10},"end":{"line":71,"column":29}},"6":{"start":{"line":56,"column":27},"end":{"line":56,"column":57}},"7":{"start":{"line":78,"column":15},"end":{"line":149,"column":2}}},"fnMap":{"0":{"name":"(anonymous_0)","decl":{"start":{"line":42,"column":62},"end":{"line":42,"column":63}},"loc":{"start":{"line":42,"column":88},"end":{"line":76,"column":1}},"line":42},"1":{"name":"(anonymous_1)","decl":{"start":{"line":51,"column":25},"end":{"line":51,"column":26}},"loc":{"start":{"line":52,"column":10},"end":{"line":71,"column":29}},"line":52},"2":{"name":"(anonymous_2)","decl":{"start":{"line":56,"column":21},"end":{"line":56,"column":22}},"loc":{"start":{"line":56,"column":27},"end":{"line":56,"column":57}},"line":56}},"branchMap":{"0":{"loc":{"start":{"line":12,"column":19},"end":{"line":12,"column":62}},"type":"cond-expr","locations":[{"start":{"line":12,"column":33},"end":{"line":12,"column":49}},{"start":{"line":12,"column":52},"end":{"line":12,"column":62}}],"line":12}},"s":{"0":0,"1":0,"2":0,"3":0,"4":0,"5":0,"6":0,"7":0},"f":{"0":0,"1":0,"2":0},"b":{"0":[0,0]}}
,"C:\\Users\\srika\\development\\my-new-app\\src\\components\\ConfirmationModal.tsx": {"path":"C:\\Users\\srika\\development\\my-new-app\\src\\components\\ConfirmationModal.tsx","statementMap":{"0":{"start":{"line":25,"column":60},"end":{"line":81,"column":1}},"1":{"start":{"line":36,"column":2},"end":{"line":36,"column":53}},"2":{"start":{"line":36,"column":41},"end":{"line":36,"column":53}},"3":{"start":{"line":38,"column":2},"end":{"line":80,"column":4}},"4":{"start":{"line":83,"column":15},"end":{"line":164,"column":2}}},"fnMap":{"0":{"name":"(anonymous_0)","decl":{"start":{"line":25,"column":60},"end":{"line":25,"column":61}},"loc":{"start":{"line":35,"column":6},"end":{"line":81,"column":1}},"line":35}},"branchMap":{"0":{"loc":{"start":{"line":29,"column":2},"end":{"line":29,"column":26}},"type":"default-arg","locations":[{"start":{"line":29,"column":17},"end":{"line":29,"column":26}}],"line":29},"1":{"loc":{"start":{"line":30,"column":2},"end":{"line":30,"column":24}},"type":"default-arg","locations":[{"start":{"line":30,"column":16},"end":{"line":30,"column":24}}],"line":30},"2":{"loc":{"start":{"line":33,"column":2},"end":{"line":33,"column":23}},"type":"default-arg","locations":[{"start":{"line":33,"column":18},"end":{"line":33,"column":23}}],"line":33},"3":{"loc":{"start":{"line":36,"column":2},"end":{"line":36,"column":53}},"type":"if","locations":[{"start":{"line":36,"column":2},"end":{"line":36,"column":53}},{"start":{},"end":{}}],"line":36},"4":{"loc":{"start":{"line":36,"column":6},"end":{"line":36,"column":39}},"type":"binary-expr","locations":[{"start":{"line":36,"column":6},"end":{"line":36,"column":14}},{"start":{"line":36,"column":18},"end":{"line":36,"column":39}}],"line":36},"5":{"loc":{"start":{"line":48,"column":11},"end":{"line":48,"column":73}},"type":"cond-expr","locations":[{"start":{"line":48,"column":21},"end":{"line":48,"column":66}},{"start":{"line":48,"column":69},"end":{"line":48,"column":73}}],"line":48},"6":{"loc":{"start":{"line":64,"column":16},"end":{"line":64,"column":79}},"type":"cond-expr","locations":[{"start":{"line":64,"column":32},"end":{"line":64,"column":56}},{"start":{"line":64,"column":59},"end":{"line":64,"column":79}}],"line":64},"7":{"loc":{"start":{"line":71,"column":16},"end":{"line":71,"column":75}},"type":"cond-expr","locations":[{"start":{"line":71,"column":32},"end":{"line":71,"column":54}},{"start":{"line":71,"column":57},"end":{"line":71,"column":75}}],"line":71}},"s":{"0":0,"1":0,"2":0,"3":0,"4":0},"f":{"0":0},"b":{"0":[0],"1":[0],"2":[0],"3":[0,0],"4":[0,0],"5":[0,0],"6":[0,0],"7":[0,0]}}
,"C:\\Users\\srika\\development\\my-new-app\\src\\components\\CraftsmanshipStory.tsx": {"path":"C:\\Users\\srika\\development\\my-new-app\\src\\components\\CraftsmanshipStory.tsx","statementMap":{"0":{"start":{"line":10,"column":27},"end":{"line":52,"column":1}},"1":{"start":{"line":11,"column":20},"end":{"line":11,"column":41}},"2":{"start":{"line":12,"column":19},"end":{"line":12,"column":30}},"3":{"start":{"line":14,"column":2},"end":{"line":51,"column":4}},"4":{"start":{"line":54,"column":15},"end":{"line":130,"column":2}}},"fnMap":{"0":{"name":"(anonymous_0)","decl":{"start":{"line":10,"column":27},"end":{"line":10,"column":28}},"loc":{"start":{"line":10,"column":33},"end":{"line":52,"column":1}},"line":10}},"branchMap":{"0":{"loc":{"start":{"line":16,"column":36},"end":{"line":16,"column":75}},"type":"binary-expr","locations":[{"start":{"line":16,"column":36},"end":{"line":16,"column":44}},{"start":{"line":16,"column":48},"end":{"line":16,"column":75}}],"line":16},"1":{"loc":{"start":{"line":17,"column":42},"end":{"line":17,"column":88}},"type":"binary-expr","locations":[{"start":{"line":17,"column":42},"end":{"line":17,"column":50}},{"start":{"line":17,"column":54},"end":{"line":17,"column":88}}],"line":17},"2":{"loc":{"start":{"line":42,"column":43},"end":{"line":42,"column":87}},"type":"binary-expr","locations":[{"start":{"line":42,"column":43},"end":{"line":42,"column":51}},{"start":{"line":42,"column":55},"end":{"line":42,"column":87}}],"line":42}},"s":{"0":0,"1":0,"2":0,"3":0,"4":0},"f":{"0":0},"b":{"0":[0,0],"1":[0,0],"2":[0,0]}}
,"C:\\Users\\srika\\development\\my-new-app\\src\\components\\FilterModal.tsx": {"path":"C:\\Users\\srika\\development\\my-new-app\\src\\components\\FilterModal.tsx","statementMap":{"0":{"start":{"line":24,"column":17},"end":{"line":24,"column":44}},"1":{"start":{"line":25,"column":15},"end":{"line":25,"column":57}},"2":{"start":{"line":27,"column":48},"end":{"line":146,"column":1}},"3":{"start":{"line":34,"column":42},"end":{"line":34,"column":75}},"4":{"start":{"line":36,"column":26},"end":{"line":44,"column":3}},"5":{"start":{"line":37,"column":4},"end":{"line":43,"column":7}},"6":{"start":{"line":38,"column":22},"end":{"line":38,"column":51}},"7":{"start":{"line":39,"column":22},"end":{"line":41,"column":29}},"8":{"start":{"line":40,"column":30},"end":{"line":40,"column":41}},"9":{"start":{"line":42,"column":6},"end":{"line":42,"column":41}},"10":{"start":{"line":46,"column":22},"end":{"line":52,"column":3}},"11":{"start":{"line":47,"column":16},"end":{"line":47,"column":33}},"12":{"start":{"line":48,"column":4},"end":{"line":51,"column":8}},"13":{"start":{"line":48,"column":29},"end":{"line":51,"column":5}},"14":{"start":{"line":54,"column":2},"end":{"line":145,"column":4}},"15":{"start":{"line":81,"column":41},"end":{"line":81,"column":69}},"16":{"start":{"line":90,"column":41},"end":{"line":90,"column":69}},"17":{"start":{"line":100,"column":37},"end":{"line":100,"column":69}},"18":{"start":{"line":101,"column":18},"end":{"line":109,"column":20}},"19":{"start":{"line":105,"column":37},"end":{"line":105,"column":65}},"20":{"start":{"line":119,"column":37},"end":{"line":119,"column":73}},"21":{"start":{"line":120,"column":18},"end":{"line":128,"column":20}},"22":{"start":{"line":124,"column":37},"end":{"line":124,"column":69}},"23":{"start":{"line":135,"column":71},"end":{"line":135,"column":91}},"24":{"start":{"line":135,"column":92},"end":{"line":135,"column":102}},"25":{"start":{"line":138,"column":69},"end":{"line":138,"column":90}},"26":{"start":{"line":148,"column":15},"end":{"line":269,"column":2}}},"fnMap":{"0":{"name":"(anonymous_0)","decl":{"start":{"line":27,"column":48},"end":{"line":27,"column":49}},"loc":{"start":{"line":33,"column":6},"end":{"line":146,"column":1}},"line":33},"1":{"name":"(anonymous_1)","decl":{"start":{"line":36,"column":26},"end":{"line":36,"column":27}},"loc":{"start":{"line":36,"column":72},"end":{"line":44,"column":3}},"line":36},"2":{"name":"(anonymous_2)","decl":{"start":{"line":37,"column":20},"end":{"line":37,"column":21}},"loc":{"start":{"line":37,"column":28},"end":{"line":43,"column":5}},"line":37},"3":{"name":"(anonymous_3)","decl":{"start":{"line":40,"column":25},"end":{"line":40,"column":26}},"loc":{"start":{"line":40,"column":30},"end":{"line":40,"column":41}},"line":40},"4":{"name":"(anonymous_4)","decl":{"start":{"line":46,"column":22},"end":{"line":46,"column":23}},"loc":{"start":{"line":46,"column":71},"end":{"line":52,"column":3}},"line":46},"5":{"name":"(anonymous_5)","decl":{"start":{"line":48,"column":20},"end":{"line":48,"column":21}},"loc":{"start":{"line":48,"column":29},"end":{"line":51,"column":5}},"line":48},"6":{"name":"(anonymous_6)","decl":{"start":{"line":81,"column":32},"end":{"line":81,"column":33}},"loc":{"start":{"line":81,"column":41},"end":{"line":81,"column":69}},"line":81},"7":{"name":"(anonymous_7)","decl":{"start":{"line":90,"column":32},"end":{"line":90,"column":33}},"loc":{"start":{"line":90,"column":41},"end":{"line":90,"column":69}},"line":90},"8":{"name":"(anonymous_8)","decl":{"start":{"line":99,"column":30},"end":{"line":99,"column":31}},"loc":{"start":{"line":99,"column":35},"end":{"line":110,"column":17}},"line":99},"9":{"name":"(anonymous_9)","decl":{"start":{"line":105,"column":31},"end":{"line":105,"column":32}},"loc":{"start":{"line":105,"column":37},"end":{"line":105,"column":65}},"line":105},"10":{"name":"(anonymous_10)","decl":{"start":{"line":118,"column":28},"end":{"line":118,"column":29}},"loc":{"start":{"line":118,"column":33},"end":{"line":129,"column":17}},"line":118},"11":{"name":"(anonymous_11)","decl":{"start":{"line":124,"column":31},"end":{"line":124,"column":32}},"loc":{"start":{"line":124,"column":37},"end":{"line":124,"column":69}},"line":124},"12":{"name":"(anonymous_12)","decl":{"start":{"line":135,"column":63},"end":{"line":135,"column":64}},"loc":{"start":{"line":135,"column":69},"end":{"line":135,"column":104}},"line":135},"13":{"name":"(anonymous_13)","decl":{"start":{"line":138,"column":63},"end":{"line":138,"column":64}},"loc":{"start":{"line":138,"column":69},"end":{"line":138,"column":90}},"line":138}},"branchMap":{"0":{"loc":{"start":{"line":38,"column":22},"end":{"line":38,"column":51}},"type":"binary-expr","locations":[{"start":{"line":38,"column":23},"end":{"line":38,"column":44}},{"start":{"line":38,"column":49},"end":{"line":38,"column":51}}],"line":38},"1":{"loc":{"start":{"line":39,"column":22},"end":{"line":41,"column":29}},"type":"cond-expr","locations":[{"start":{"line":40,"column":10},"end":{"line":40,"column":42}},{"start":{"line":41,"column":10},"end":{"line":41,"column":29}}],"line":39},"2":{"loc":{"start":{"line":50,"column":13},"end":{"line":50,"column":41}},"type":"cond-expr","locations":[{"start":{"line":50,"column":26},"end":{"line":50,"column":35}},{"start":{"line":50,"column":38},"end":{"line":50,"column":41}}],"line":50},"3":{"loc":{"start":{"line":104,"column":43},"end":{"line":104,"column":74}},"type":"binary-expr","locations":[{"start":{"line":104,"column":43},"end":{"line":104,"column":53}},{"start":{"line":104,"column":57},"end":{"line":104,"column":74}}],"line":104},"4":{"loc":{"start":{"line":107,"column":53},"end":{"line":107,"column":88}},"type":"binary-expr","locations":[{"start":{"line":107,"column":53},"end":{"line":107,"column":63}},{"start":{"line":107,"column":67},"end":{"line":107,"column":88}}],"line":107},"5":{"loc":{"start":{"line":123,"column":43},"end":{"line":123,"column":74}},"type":"binary-expr","locations":[{"start":{"line":123,"column":43},"end":{"line":123,"column":53}},{"start":{"line":123,"column":57},"end":{"line":123,"column":74}}],"line":123},"6":{"loc":{"start":{"line":126,"column":53},"end":{"line":126,"column":88}},"type":"binary-expr","locations":[{"start":{"line":126,"column":53},"end":{"line":126,"column":63}},{"start":{"line":126,"column":67},"end":{"line":126,"column":88}}],"line":126},"7":{"loc":{"start":{"line":161,"column":19},"end":{"line":161,"column":50}},"type":"cond-expr","locations":[{"start":{"line":161,"column":43},"end":{"line":161,"column":45}},{"start":{"line":161,"column":48},"end":{"line":161,"column":50}}],"line":161}},"s":{"0":0,"1":0,"2":0,"3":0,"4":0,"5":0,"6":0,"7":0,"8":0,"9":0,"10":0,"11":0,"12":0,"13":0,"14":0,"15":0,"16":0,"17":0,"18":0,"19":0,"20":0,"21":0,"22":0,"23":0,"24":0,"25":0,"26":0},"f":{"0":0,"1":0,"2":0,"3":0,"4":0,"5":0,"6":0,"7":0,"8":0,"9":0,"10":0,"11":0,"12":0,"13":0},"b":{"0":[0,0],"1":[0,0],"2":[0,0],"3":[0,0],"4":[0,0],"5":[0,0],"6":[0,0],"7":[0,0]}}
,"C:\\Users\\srika\\development\\my-new-app\\src\\components\\Footer.tsx": {"path":"C:\\Users\\srika\\development\\my-new-app\\src\\components\\Footer.tsx","statementMap":{"0":{"start":{"line":5,"column":15},"end":{"line":64,"column":1}},"1":{"start":{"line":6,"column":20},"end":{"line":6,"column":41}},"2":{"start":{"line":7,"column":17},"end":{"line":7,"column":36}},"3":{"start":{"line":9,"column":22},"end":{"line":9,"column":53}},"4":{"start":{"line":10,"column":22},"end":{"line":10,"column":43}},"5":{"start":{"line":11,"column":23},"end":{"line":11,"column":44}},"6":{"start":{"line":12,"column":25},"end":{"line":12,"column":46}},"7":{"start":{"line":14,"column":2},"end":{"line":63,"column":4}},"8":{"start":{"line":50,"column":24},"end":{"line":50,"column":170}},"9":{"start":{"line":51,"column":12},"end":{"line":52,"column":66}},"10":{"start":{"line":51,"column":39},"end":{"line":51,"column":66}},"11":{"start":{"line":52,"column":17},"end":{"line":52,"column":66}},"12":{"start":{"line":52,"column":50},"end":{"line":52,"column":64}},"13":{"start":{"line":66,"column":15},"end":{"line":142,"column":2}}},"fnMap":{"0":{"name":"(anonymous_0)","decl":{"start":{"line":5,"column":15},"end":{"line":5,"column":16}},"loc":{"start":{"line":5,"column":21},"end":{"line":64,"column":1}},"line":5},"1":{"name":"(anonymous_1)","decl":{"start":{"line":49,"column":19},"end":{"line":49,"column":20}},"loc":{"start":{"line":49,"column":25},"end":{"line":53,"column":11}},"line":49},"2":{"name":"(anonymous_2)","decl":{"start":{"line":52,"column":45},"end":{"line":52,"column":46}},"loc":{"start":{"line":52,"column":50},"end":{"line":52,"column":64}},"line":52}},"branchMap":{"0":{"loc":{"start":{"line":9,"column":22},"end":{"line":9,"column":53}},"type":"cond-expr","locations":[{"start":{"line":9,"column":37},"end":{"line":9,"column":48}},{"start":{"line":9,"column":51},"end":{"line":9,"column":53}}],"line":9},"1":{"loc":{"start":{"line":10,"column":22},"end":{"line":10,"column":43}},"type":"cond-expr","locations":[{"start":{"line":10,"column":36},"end":{"line":10,"column":38}},{"start":{"line":10,"column":41},"end":{"line":10,"column":43}}],"line":10},"2":{"loc":{"start":{"line":11,"column":23},"end":{"line":11,"column":44}},"type":"cond-expr","locations":[{"start":{"line":11,"column":37},"end":{"line":11,"column":39}},{"start":{"line":11,"column":42},"end":{"line":11,"column":44}}],"line":11},"3":{"loc":{"start":{"line":12,"column":25},"end":{"line":12,"column":46}},"type":"cond-expr","locations":[{"start":{"line":12,"column":39},"end":{"line":12,"column":41}},{"start":{"line":12,"column":44},"end":{"line":12,"column":46}}],"line":12},"4":{"loc":{"start":{"line":51,"column":12},"end":{"line":52,"column":66}},"type":"if","locations":[{"start":{"line":51,"column":12},"end":{"line":52,"column":66}},{"start":{"line":52,"column":17},"end":{"line":52,"column":66}}],"line":51}},"s":{"0":0,"1":0,"2":0,"3":0,"4":0,"5":0,"6":0,"7":0,"8":0,"9":0,"10":0,"11":0,"12":0,"13":0},"f":{"0":0,"1":0,"2":0},"b":{"0":[0,0],"1":[0,0],"2":[0,0],"3":[0,0],"4":[0,0]}}
,"C:\\Users\\srika\\development\\my-new-app\\src\\components\\GoldRateBanner.tsx": {"path":"C:\\Users\\srika\\development\\my-new-app\\src\\components\\GoldRateBanner.tsx","statementMap":{"0":{"start":{"line":5,"column":33},"end":{"line":73,"column":1}},"1":{"start":{"line":6,"column":49},"end":{"line":6,"column":62}},"2":{"start":{"line":7,"column":20},"end":{"line":7,"column":41}},"3":{"start":{"line":8,"column":21},"end":{"line":8,"column":58}},"4":{"start":{"line":10,"column":20},"end":{"line":12,"column":13}},"5":{"start":{"line":11,"column":4},"end":{"line":11,"column":42}},"6":{"start":{"line":14,"column":2},"end":{"line":39,"column":43}},"7":{"start":{"line":17,"column":4},"end":{"line":34,"column":5}},"8":{"start":{"line":18,"column":29},"end":{"line":31,"column":7}},"9":{"start":{"line":20,"column":8},"end":{"line":20,"column":31}},"10":{"start":{"line":21,"column":8},"end":{"line":26,"column":11}},"11":{"start":{"line":28,"column":8},"end":{"line":30,"column":11}},"12":{"start":{"line":29,"column":10},"end":{"line":29,"column":41}},"13":{"start":{"line":29,"column":24},"end":{"line":29,"column":41}},"14":{"start":{"line":33,"column":6},"end":{"line":33,"column":23}},"15":{"start":{"line":36,"column":4},"end":{"line":38,"column":6}},"16":{"start":{"line":37,"column":6},"end":{"line":37,"column":38}},"17":{"start":{"line":37,"column":21},"end":{"line":37,"column":38}},"18":{"start":{"line":41,"column":2},"end":{"line":47,"column":3}},"19":{"start":{"line":42,"column":4},"end":{"line":46,"column":6}},"20":{"start":{"line":49,"column":24},"end":{"line":58,"column":3}},"21":{"start":{"line":60,"column":2},"end":{"line":72,"column":4}},"22":{"start":{"line":64,"column":10},"end":{"line":68,"column":17}},"23":{"start":{"line":75,"column":15},"end":{"line":112,"column":2}}},"fnMap":{"0":{"name":"(anonymous_0)","decl":{"start":{"line":5,"column":33},"end":{"line":5,"column":34}},"loc":{"start":{"line":5,"column":39},"end":{"line":73,"column":1}},"line":5},"1":{"name":"(anonymous_1)","decl":{"start":{"line":10,"column":28},"end":{"line":10,"column":29}},"loc":{"start":{"line":10,"column":34},"end":{"line":12,"column":3}},"line":10},"2":{"name":"(anonymous_2)","decl":{"start":{"line":14,"column":12},"end":{"line":14,"column":13}},"loc":{"start":{"line":14,"column":18},"end":{"line":39,"column":3}},"line":14},"3":{"name":"(anonymous_3)","decl":{"start":{"line":18,"column":29},"end":{"line":18,"column":30}},"loc":{"start":{"line":18,"column":35},"end":{"line":31,"column":7}},"line":18},"4":{"name":"(anonymous_4)","decl":{"start":{"line":28,"column":24},"end":{"line":28,"column":25}},"loc":{"start":{"line":28,"column":42},"end":{"line":30,"column":9}},"line":28},"5":{"name":"(anonymous_5)","decl":{"start":{"line":36,"column":11},"end":{"line":36,"column":12}},"loc":{"start":{"line":36,"column":17},"end":{"line":38,"column":5}},"line":36},"6":{"name":"(anonymous_6)","decl":{"start":{"line":63,"column":23},"end":{"line":63,"column":24}},"loc":{"start":{"line":64,"column":10},"end":{"line":68,"column":17}},"line":64}},"branchMap":{"0":{"loc":{"start":{"line":17,"column":4},"end":{"line":34,"column":5}},"type":"if","locations":[{"start":{"line":17,"column":4},"end":{"line":34,"column":5}},{"start":{},"end":{}}],"line":17},"1":{"loc":{"start":{"line":17,"column":8},"end":{"line":17,"column":42}},"type":"binary-expr","locations":[{"start":{"line":17,"column":8},"end":{"line":17,"column":18}},{"start":{"line":17,"column":22},"end":{"line":17,"column":42}}],"line":17},"2":{"loc":{"start":{"line":29,"column":10},"end":{"line":29,"column":41}},"type":"if","locations":[{"start":{"line":29,"column":10},"end":{"line":29,"column":41}},{"start":{},"end":{}}],"line":29},"3":{"loc":{"start":{"line":37,"column":6},"end":{"line":37,"column":38}},"type":"if","locations":[{"start":{"line":37,"column":6},"end":{"line":37,"column":38}},{"start":{},"end":{}}],"line":37},"4":{"loc":{"start":{"line":41,"column":2},"end":{"line":47,"column":3}},"type":"if","locations":[{"start":{"line":41,"column":2},"end":{"line":47,"column":3}},{"start":{},"end":{}}],"line":41}},"s":{"0":0,"1":0,"2":0,"3":0,"4":0,"5":0,"6":0,"7":0,"8":0,"9":0,"10":0,"11":0,"12":0,"13":0,"14":0,"15":0,"16":0,"17":0,"18":0,"19":0,"20":0,"21":0,"22":0,"23":0},"f":{"0":0,"1":0,"2":0,"3":0,"4":0,"5":0,"6":0},"b":{"0":[0,0],"1":[0,0],"2":[0,0],"3":[0,0],"4":[0,0]}}
,"C:\\Users\\srika\\development\\my-new-app\\src\\components\\Header.tsx": {"path":"C:\\Users\\srika\\development\\my-new-app\\src\\components\\Header.tsx","statementMap":{"0":{"start":{"line":15,"column":26},"end":{"line":15,"column":62}},"1":{"start":{"line":16,"column":21},"end":{"line":16,"column":25}},"2":{"start":{"line":26,"column":38},"end":{"line":273,"column":1}},"3":{"start":{"line":33,"column":17},"end":{"line":33,"column":36}},"4":{"start":{"line":34,"column":20},"end":{"line":34,"column":41}},"5":{"start":{"line":35,"column":38},"end":{"line":35,"column":47}},"6":{"start":{"line":36,"column":24},"end":{"line":36,"column":33}},"7":{"start":{"line":37,"column":26},"end":{"line":37,"column":38}},"8":{"start":{"line":38,"column":30},"end":{"line":38,"column":37}},"9":{"start":{"line":39,"column":44},"end":{"line":39,"column":59}},"10":{"start":{"line":40,"column":21},"end":{"line":40,"column":64}},"11":{"start":{"line":41,"column":21},"end":{"line":41,"column":72}},"12":{"start":{"line":43,"column":17},"end":{"line":43,"column":29}},"13":{"start":{"line":45,"column":16},"end":{"line":45,"column":37}},"14":{"start":{"line":46,"column":16},"end":{"line":46,"column":37}},"15":{"start":{"line":47,"column":19},"end":{"line":47,"column":30}},"16":{"start":{"line":49,"column":25},"end":{"line":49,"column":58}},"17":{"start":{"line":49,"column":31},"end":{"line":49,"column":58}},"18":{"start":{"line":50,"column":26},"end":{"line":50,"column":53}},"19":{"start":{"line":50,"column":32},"end":{"line":50,"column":53}},"20":{"start":{"line":51,"column":25},"end":{"line":51,"column":58}},"21":{"start":{"line":51,"column":31},"end":{"line":51,"column":58}},"22":{"start":{"line":53,"column":27},"end":{"line":56,"column":3}},"23":{"start":{"line":54,"column":4},"end":{"line":55,"column":31}},"24":{"start":{"line":54,"column":14},"end":{"line":54,"column":44}},"25":{"start":{"line":55,"column":9},"end":{"line":55,"column":31}},"26":{"start":{"line":58,"column":29},"end":{"line":61,"column":3}},"27":{"start":{"line":59,"column":4},"end":{"line":60,"column":31}},"28":{"start":{"line":59,"column":14},"end":{"line":59,"column":46}},"29":{"start":{"line":60,"column":9},"end":{"line":60,"column":31}},"30":{"start":{"line":63,"column":28},"end":{"line":66,"column":3}},"31":{"start":{"line":64,"column":4},"end":{"line":65,"column":31}},"32":{"start":{"line":64,"column":14},"end":{"line":64,"column":45}},"33":{"start":{"line":65,"column":9},"end":{"line":65,"column":31}},"34":{"start":{"line":68,"column":26},"end":{"line":68,"column":86}},"35":{"start":{"line":68,"column":32},"end":{"line":68,"column":86}},"36":{"start":{"line":69,"column":27},"end":{"line":69,"column":89}},"37":{"start":{"line":69,"column":33},"end":{"line":69,"column":89}},"38":{"start":{"line":71,"column":23},"end":{"line":80,"column":3}},"39":{"start":{"line":72,"column":20},"end":{"line":72,"column":41}},"40":{"start":{"line":73,"column":4},"end":{"line":78,"column":15}},"41":{"start":{"line":79,"column":4},"end":{"line":79,"column":37}},"42":{"start":{"line":82,"column":23},"end":{"line":85,"column":4}},"43":{"start":{"line":87,"column":24},"end":{"line":90,"column":4}},"44":{"start":{"line":93,"column":23},"end":{"line":93,"column":59}},"45":{"start":{"line":94,"column":24},"end":{"line":94,"column":66}},"46":{"start":{"line":95,"column":24},"end":{"line":95,"column":45}},"47":{"start":{"line":96,"column":19},"end":{"line":96,"column":40}},"48":{"start":{"line":97,"column":22},"end":{"line":97,"column":43}},"49":{"start":{"line":99,"column":22},"end":{"line":101,"column":28}},"50":{"start":{"line":103,"column":21},"end":{"line":103,"column":61}},"51":{"start":{"line":106,"column":23},"end":{"line":106,"column":55}},"52":{"start":{"line":109,"column":20},"end":{"line":109,"column":24}},"53":{"start":{"line":112,"column":27},"end":{"line":112,"column":45}},"54":{"start":{"line":114,"column":23},"end":{"line":114,"column":81}},"55":{"start":{"line":116,"column":24},"end":{"line":120,"column":4}},"56":{"start":{"line":122,"column":24},"end":{"line":126,"column":4}},"57":{"start":{"line":128,"column":23},"end":{"line":132,"column":4}},"58":{"start":{"line":134,"column":2},"end":{"line":272,"column":4}},"59":{"start":{"line":258,"column":47},"end":{"line":258,"column":59}},"60":{"start":{"line":275,"column":15},"end":{"line":389,"column":2}}},"fnMap":{"0":{"name":"(anonymous_0)","decl":{"start":{"line":26,"column":38},"end":{"line":26,"column":39}},"loc":{"start":{"line":32,"column":6},"end":{"line":273,"column":1}},"line":32},"1":{"name":"(anonymous_1)","decl":{"start":{"line":49,"column":25},"end":{"line":49,"column":26}},"loc":{"start":{"line":49,"column":31},"end":{"line":49,"column":58}},"line":49},"2":{"name":"(anonymous_2)","decl":{"start":{"line":50,"column":26},"end":{"line":50,"column":27}},"loc":{"start":{"line":50,"column":32},"end":{"line":50,"column":53}},"line":50},"3":{"name":"(anonymous_3)","decl":{"start":{"line":51,"column":25},"end":{"line":51,"column":26}},"loc":{"start":{"line":51,"column":31},"end":{"line":51,"column":58}},"line":51},"4":{"name":"(anonymous_4)","decl":{"start":{"line":53,"column":27},"end":{"line":53,"column":28}},"loc":{"start":{"line":53,"column":33},"end":{"line":56,"column":3}},"line":53},"5":{"name":"(anonymous_5)","decl":{"start":{"line":58,"column":29},"end":{"line":58,"column":30}},"loc":{"start":{"line":58,"column":35},"end":{"line":61,"column":3}},"line":58},"6":{"name":"(anonymous_6)","decl":{"start":{"line":63,"column":28},"end":{"line":63,"column":29}},"loc":{"start":{"line":63,"column":34},"end":{"line":66,"column":3}},"line":63},"7":{"name":"(anonymous_7)","decl":{"start":{"line":68,"column":26},"end":{"line":68,"column":27}},"loc":{"start":{"line":68,"column":32},"end":{"line":68,"column":86}},"line":68},"8":{"name":"(anonymous_8)","decl":{"start":{"line":69,"column":27},"end":{"line":69,"column":28}},"loc":{"start":{"line":69,"column":33},"end":{"line":69,"column":89}},"line":69},"9":{"name":"(anonymous_9)","decl":{"start":{"line":71,"column":23},"end":{"line":71,"column":24}},"loc":{"start":{"line":71,"column":29},"end":{"line":80,"column":3}},"line":71},"10":{"name":"(anonymous_10)","decl":{"start":{"line":258,"column":41},"end":{"line":258,"column":42}},"loc":{"start":{"line":258,"column":47},"end":{"line":258,"column":59}},"line":258}},"branchMap":{"0":{"loc":{"start":{"line":15,"column":26},"end":{"line":15,"column":62}},"type":"cond-expr","locations":[{"start":{"line":15,"column":50},"end":{"line":15,"column":55}},{"start":{"line":15,"column":58},"end":{"line":15,"column":62}}],"line":15},"1":{"loc":{"start":{"line":54,"column":4},"end":{"line":55,"column":31}},"type":"if","locations":[{"start":{"line":54,"column":4},"end":{"line":55,"column":31}},{"start":{"line":55,"column":9},"end":{"line":55,"column":31}}],"line":54},"2":{"loc":{"start":{"line":59,"column":4},"end":{"line":60,"column":31}},"type":"if","locations":[{"start":{"line":59,"column":4},"end":{"line":60,"column":31}},{"start":{"line":60,"column":9},"end":{"line":60,"column":31}}],"line":59},"3":{"loc":{"start":{"line":64,"column":4},"end":{"line":65,"column":31}},"type":"if","locations":[{"start":{"line":64,"column":4},"end":{"line":65,"column":31}},{"start":{"line":65,"column":9},"end":{"line":65,"column":31}}],"line":64},"4":{"loc":{"start":{"line":68,"column":32},"end":{"line":68,"column":86}},"type":"cond-expr","locations":[{"start":{"line":68,"column":42},"end":{"line":68,"column":79}},{"start":{"line":68,"column":82},"end":{"line":68,"column":86}}],"line":68},"5":{"loc":{"start":{"line":69,"column":33},"end":{"line":69,"column":89}},"type":"cond-expr","locations":[{"start":{"line":69,"column":44},"end":{"line":69,"column":82}},{"start":{"line":69,"column":85},"end":{"line":69,"column":89}}],"line":69},"6":{"loc":{"start":{"line":72,"column":20},"end":{"line":72,"column":41}},"type":"cond-expr","locations":[{"start":{"line":72,"column":36},"end":{"line":72,"column":37}},{"start":{"line":72,"column":40},"end":{"line":72,"column":41}}],"line":72},"7":{"loc":{"start":{"line":93,"column":23},"end":{"line":93,"column":59}},"type":"cond-expr","locations":[{"start":{"line":93,"column":37},"end":{"line":93,"column":39}},{"start":{"line":93,"column":43},"end":{"line":93,"column":58}}],"line":93},"8":{"loc":{"start":{"line":93,"column":43},"end":{"line":93,"column":58}},"type":"cond-expr","locations":[{"start":{"line":93,"column":51},"end":{"line":93,"column":53}},{"start":{"line":93,"column":56},"end":{"line":93,"column":58}}],"line":93},"9":{"loc":{"start":{"line":94,"column":24},"end":{"line":94,"column":66}},"type":"cond-expr","locations":[{"start":{"line":94,"column":38},"end":{"line":94,"column":40}},{"start":{"line":94,"column":44},"end":{"line":94,"column":65}}],"line":94},"10":{"loc":{"start":{"line":94,"column":44},"end":{"line":94,"column":65}},"type":"cond-expr","locations":[{"start":{"line":94,"column":58},"end":{"line":94,"column":60}},{"start":{"line":94,"column":63},"end":{"line":94,"column":65}}],"line":94},"11":{"loc":{"start":{"line":95,"column":24},"end":{"line":95,"column":45}},"type":"cond-expr","locations":[{"start":{"line":95,"column":38},"end":{"line":95,"column":41}},{"start":{"line":95,"column":44},"end":{"line":95,"column":45}}],"line":95},"12":{"loc":{"start":{"line":96,"column":19},"end":{"line":96,"column":40}},"type":"cond-expr","locations":[{"start":{"line":96,"column":33},"end":{"line":96,"column":35}},{"start":{"line":96,"column":38},"end":{"line":96,"column":40}}],"line":96},"13":{"loc":{"start":{"line":97,"column":22},"end":{"line":97,"column":43}},"type":"cond-expr","locations":[{"start":{"line":97,"column":36},"end":{"line":97,"column":38}},{"start":{"line":97,"column":41},"end":{"line":97,"column":43}}],"line":97},"14":{"loc":{"start":{"line":99,"column":22},"end":{"line":101,"column":28}},"type":"cond-expr","locations":[{"start":{"line":100,"column":7},"end":{"line":100,"column":29}},{"start":{"line":101,"column":7},"end":{"line":101,"column":27}}],"line":99},"15":{"loc":{"start":{"line":100,"column":7},"end":{"line":100,"column":29}},"type":"cond-expr","locations":[{"start":{"line":100,"column":22},"end":{"line":100,"column":24}},{"start":{"line":100,"column":27},"end":{"line":100,"column":29}}],"line":100},"16":{"loc":{"start":{"line":101,"column":7},"end":{"line":101,"column":27}},"type":"cond-expr","locations":[{"start":{"line":101,"column":21},"end":{"line":101,"column":22}},{"start":{"line":101,"column":25},"end":{"line":101,"column":27}}],"line":101},"17":{"loc":{"start":{"line":103,"column":21},"end":{"line":103,"column":61}},"type":"cond-expr","locations":[{"start":{"line":103,"column":35},"end":{"line":103,"column":37}},{"start":{"line":103,"column":41},"end":{"line":103,"column":60}}],"line":103},"18":{"loc":{"start":{"line":103,"column":41},"end":{"line":103,"column":60}},"type":"cond-expr","locations":[{"start":{"line":103,"column":55},"end":{"line":103,"column":56}},{"start":{"line":103,"column":59},"end":{"line":103,"column":60}}],"line":103},"19":{"loc":{"start":{"line":106,"column":23},"end":{"line":106,"column":55}},"type":"binary-expr","locations":[{"start":{"line":106,"column":23},"end":{"line":106,"column":30}},{"start":{"line":106,"column":34},"end":{"line":106,"column":55}}],"line":106},"20":{"loc":{"start":{"line":112,"column":27},"end":{"line":112,"column":45}},"type":"cond-expr","locations":[{"start":{"line":112,"column":38},"end":{"line":112,"column":40}},{"start":{"line":112,"column":43},"end":{"line":112,"column":45}}],"line":112},"21":{"loc":{"start":{"line":114,"column":23},"end":{"line":114,"column":81}},"type":"cond-expr","locations":[{"start":{"line":114,"column":31},"end":{"line":114,"column":47}},{"start":{"line":114,"column":51},"end":{"line":114,"column":80}}],"line":114},"22":{"loc":{"start":{"line":118,"column":18},"end":{"line":118,"column":32}},"type":"cond-expr","locations":[{"start":{"line":118,"column":26},"end":{"line":118,"column":27}},{"start":{"line":118,"column":30},"end":{"line":118,"column":32}}],"line":118},"23":{"loc":{"start":{"line":140,"column":22},"end":{"line":140,"column":69}},"type":"cond-expr","locations":[{"start":{"line":140,"column":30},"end":{"line":140,"column":43}},{"start":{"line":140,"column":46},"end":{"line":140,"column":69}}],"line":140},"24":{"loc":{"start":{"line":176,"column":65},"end":{"line":176,"column":99}},"type":"cond-expr","locations":[{"start":{"line":176,"column":81},"end":{"line":176,"column":87}},{"start":{"line":176,"column":90},"end":{"line":176,"column":99}}],"line":176},"25":{"loc":{"start":{"line":179,"column":13},"end":{"line":239,"column":13}},"type":"cond-expr","locations":[{"start":{"line":180,"column":14},"end":{"line":191,"column":17}},{"start":{"line":193,"column":14},"end":{"line":238,"column":17}}],"line":179},"26":{"loc":{"start":{"line":198,"column":17},"end":{"line":202,"column":24}},"type":"cond-expr","locations":[{"start":{"line":199,"column":18},"end":{"line":201,"column":37}},{"start":{"line":202,"column":20},"end":{"line":202,"column":24}}],"line":198},"27":{"loc":{"start":{"line":207,"column":21},"end":{"line":211,"column":28}},"type":"cond-expr","locations":[{"start":{"line":208,"column":22},"end":{"line":210,"column":29}},{"start":{"line":211,"column":24},"end":{"line":211,"column":28}}],"line":207},"28":{"loc":{"start":{"line":215,"column":17},"end":{"line":219,"column":24}},"type":"cond-expr","locations":[{"start":{"line":216,"column":18},"end":{"line":218,"column":37}},{"start":{"line":219,"column":20},"end":{"line":219,"column":24}}],"line":215},"29":{"loc":{"start":{"line":221,"column":17},"end":{"line":225,"column":24}},"type":"cond-expr","locations":[{"start":{"line":222,"column":18},"end":{"line":224,"column":37}},{"start":{"line":225,"column":20},"end":{"line":225,"column":24}}],"line":221},"30":{"loc":{"start":{"line":228,"column":19},"end":{"line":236,"column":19}},"type":"cond-expr","locations":[{"start":{"line":229,"column":20},"end":{"line":231,"column":39}},{"start":{"line":233,"column":20},"end":{"line":235,"column":39}}],"line":228},"31":{"loc":{"start":{"line":244,"column":143},"end":{"line":244,"column":164}},"type":"cond-expr","locations":[{"start":{"line":244,"column":159},"end":{"line":244,"column":160}},{"start":{"line":244,"column":163},"end":{"line":244,"column":164}}],"line":244},"32":{"loc":{"start":{"line":257,"column":13},"end":{"line":261,"column":20}},"type":"cond-expr","locations":[{"start":{"line":258,"column":14},"end":{"line":260,"column":33}},{"start":{"line":261,"column":16},"end":{"line":261,"column":20}}],"line":257},"33":{"loc":{"start":{"line":266,"column":7},"end":{"line":270,"column":7}},"type":"binary-expr","locations":[{"start":{"line":266,"column":7},"end":{"line":266,"column":13}},{"start":{"line":267,"column":8},"end":{"line":269,"column":24}}],"line":266},"34":{"loc":{"start":{"line":309,"column":16},"end":{"line":309,"column":66}},"type":"cond-expr","locations":[{"start":{"line":309,"column":40},"end":{"line":309,"column":52}},{"start":{"line":309,"column":55},"end":{"line":309,"column":66}}],"line":309}},"s":{"0":0,"1":0,"2":0,"3":0,"4":0,"5":0,"6":0,"7":0,"8":0,"9":0,"10":0,"11":0,"12":0,"13":0,"14":0,"15":0,"16":0,"17":0,"18":0,"19":0,"20":0,"21":0,"22":0,"23":0,"24":0,"25":0,"26":0,"27":0,"28":0,"29":0,"30":0,"31":0,"32":0,"33":0,"34":0,"35":0,"36":0,"37":0,"38":0,"39":0,"40":0,"41":0,"42":0,"43":0,"44":0,"45":0,"46":0,"47":0,"48":0,"49":0,"50":0,"51":0,"52":0,"53":0,"54":0,"55":0,"56":0,"57":0,"58":0,"59":0,"60":0},"f":{"0":0,"1":0,"2":0,"3":0,"4":0,"5":0,"6":0,"7":0,"8":0,"9":0,"10":0},"b":{"0":[0,0],"1":[0,0],"2":[0,0],"3":[0,0],"4":[0,0],"5":[0,0],"6":[0,0],"7":[0,0],"8":[0,0],"9":[0,0],"10":[0,0],"11":[0,0],"12":[0,0],"13":[0,0],"14":[0,0],"15":[0,0],"16":[0,0],"17":[0,0],"18":[0,0],"19":[0,0],"20":[0,0],"21":[0,0],"22":[0,0],"23":[0,0],"24":[0,0],"25":[0,0],"26":[0,0],"27":[0,0],"28":[0,0],"29":[0,0],"30":[0,0],"31":[0,0],"32":[0,0],"33":[0,0],"34":[0,0]}}
,"C:\\Users\\srika\\development\\my-new-app\\src\\components\\ImageScroller.tsx": {"path":"C:\\Users\\srika\\development\\my-new-app\\src\\components\\ImageScroller.tsx","statementMap":{"0":{"start":{"line":5,"column":22},"end":{"line":10,"column":1}},"1":{"start":{"line":12,"column":22},"end":{"line":80,"column":1}},"2":{"start":{"line":13,"column":20},"end":{"line":13,"column":41}},"3":{"start":{"line":14,"column":40},"end":{"line":14,"column":51}},"4":{"start":{"line":15,"column":24},"end":{"line":15,"column":48}},"5":{"start":{"line":17,"column":25},"end":{"line":17,"column":71}},"6":{"start":{"line":19,"column":2},"end":{"line":34,"column":27}},"7":{"start":{"line":20,"column":21},"end":{"line":31,"column":12}},"8":{"start":{"line":21,"column":22},"end":{"line":21,"column":37}},"9":{"start":{"line":22,"column":6},"end":{"line":24,"column":7}},"10":{"start":{"line":23,"column":8},"end":{"line":23,"column":22}},"11":{"start":{"line":26,"column":6},"end":{"line":26,"column":32}},"12":{"start":{"line":27,"column":6},"end":{"line":30,"column":9}},"13":{"start":{"line":33,"column":4},"end":{"line":33,"column":41}},"14":{"start":{"line":33,"column":17},"end":{"line":33,"column":40}},"15":{"start":{"line":36,"column":29},"end":{"line":42,"column":3}},"16":{"start":{"line":37,"column":27},"end":{"line":37,"column":60}},"17":{"start":{"line":38,"column":25},"end":{"line":38,"column":59}},"18":{"start":{"line":39,"column":4},"end":{"line":41,"column":5}},"19":{"start":{"line":40,"column":6},"end":{"line":40,"column":35}},"20":{"start":{"line":44,"column":2},"end":{"line":79,"column":4}},"21":{"start":{"line":55,"column":10},"end":{"line":63,"column":17}},"22":{"start":{"line":69,"column":10},"end":{"line":75,"column":12}},"23":{"start":{"line":82,"column":15},"end":{"line":121,"column":2}}},"fnMap":{"0":{"name":"(anonymous_0)","decl":{"start":{"line":12,"column":22},"end":{"line":12,"column":23}},"loc":{"start":{"line":12,"column":28},"end":{"line":80,"column":1}},"line":12},"1":{"name":"(anonymous_1)","decl":{"start":{"line":19,"column":12},"end":{"line":19,"column":13}},"loc":{"start":{"line":19,"column":18},"end":{"line":34,"column":3}},"line":19},"2":{"name":"(anonymous_2)","decl":{"start":{"line":20,"column":33},"end":{"line":20,"column":34}},"loc":{"start":{"line":20,"column":39},"end":{"line":31,"column":5}},"line":20},"3":{"name":"(anonymous_3)","decl":{"start":{"line":33,"column":11},"end":{"line":33,"column":12}},"loc":{"start":{"line":33,"column":17},"end":{"line":33,"column":40}},"line":33},"4":{"name":"(anonymous_4)","decl":{"start":{"line":36,"column":29},"end":{"line":36,"column":30}},"loc":{"start":{"line":36,"column":81},"end":{"line":42,"column":3}},"line":36},"5":{"name":"(anonymous_5)","decl":{"start":{"line":54,"column":27},"end":{"line":54,"column":28}},"loc":{"start":{"line":55,"column":10},"end":{"line":63,"column":17}},"line":55},"6":{"name":"(anonymous_6)","decl":{"start":{"line":68,"column":27},"end":{"line":68,"column":28}},"loc":{"start":{"line":69,"column":10},"end":{"line":75,"column":12}},"line":69}},"branchMap":{"0":{"loc":{"start":{"line":17,"column":25},"end":{"line":17,"column":71}},"type":"cond-expr","locations":[{"start":{"line":17,"column":40},"end":{"line":17,"column":43}},{"start":{"line":17,"column":47},"end":{"line":17,"column":70}}],"line":17},"1":{"loc":{"start":{"line":17,"column":47},"end":{"line":17,"column":70}},"type":"cond-expr","locations":[{"start":{"line":17,"column":61},"end":{"line":17,"column":64}},{"start":{"line":17,"column":67},"end":{"line":17,"column":70}}],"line":17},"2":{"loc":{"start":{"line":22,"column":6},"end":{"line":24,"column":7}},"type":"if","locations":[{"start":{"line":22,"column":6},"end":{"line":24,"column":7}},{"start":{},"end":{}}],"line":22},"3":{"loc":{"start":{"line":39,"column":4},"end":{"line":41,"column":5}},"type":"if","locations":[{"start":{"line":39,"column":4},"end":{"line":41,"column":5}},{"start":{},"end":{}}],"line":39},"4":{"loc":{"start":{"line":73,"column":33},"end":{"line":73,"column":92}},"type":"cond-expr","locations":[{"start":{"line":73,"column":57},"end":{"line":73,"column":66}},{"start":{"line":73,"column":69},"end":{"line":73,"column":92}}],"line":73}},"s":{"0":0,"1":0,"2":0,"3":0,"4":0,"5":0,"6":0,"7":0,"8":0,"9":0,"10":0,"11":0,"12":0,"13":0,"14":0,"15":0,"16":0,"17":0,"18":0,"19":0,"20":0,"21":0,"22":0,"23":0},"f":{"0":0,"1":0,"2":0,"3":0,"4":0,"5":0,"6":0},"b":{"0":[0,0],"1":[0,0],"2":[0,0],"3":[0,0],"4":[0,0]}}
,"C:\\Users\\srika\\development\\my-new-app\\src\\components\\JewelryModel.tsx": {"path":"C:\\Users\\srika\\development\\my-new-app\\src\\components\\JewelryModel.tsx","statementMap":{"0":{"start":{"line":11,"column":24},"end":{"line":11,"column":65}},"1":{"start":{"line":13,"column":32},"end":{"line":31,"column":1}},"2":{"start":{"line":14,"column":20},"end":{"line":14,"column":44}},"3":{"start":{"line":18,"column":2},"end":{"line":28,"column":14}},"4":{"start":{"line":19,"column":4},"end":{"line":27,"column":7}},"5":{"start":{"line":20,"column":6},"end":{"line":26,"column":7}},"6":{"start":{"line":21,"column":21},"end":{"line":21,"column":40}},"7":{"start":{"line":22,"column":8},"end":{"line":25,"column":9}},"8":{"start":{"line":23,"column":10},"end":{"line":23,"column":70}},"9":{"start":{"line":24,"column":10},"end":{"line":24,"column":72}},"10":{"start":{"line":30,"column":2},"end":{"line":30,"column":81}},"11":{"start":{"line":33,"column":53},"end":{"line":138,"column":1}},"12":{"start":{"line":35,"column":4},"end":{"line":41,"column":6}},"13":{"start":{"line":44,"column":2},"end":{"line":51,"column":3}},"14":{"start":{"line":45,"column":4},"end":{"line":50,"column":6}},"15":{"start":{"line":53,"column":2},"end":{"line":83,"column":3}},"16":{"start":{"line":54,"column":4},"end":{"line":61,"column":5}},"17":{"start":{"line":55,"column":6},"end":{"line":60,"column":8}},"18":{"start":{"line":62,"column":4},"end":{"line":69,"column":5}},"19":{"start":{"line":63,"column":6},"end":{"line":68,"column":8}},"20":{"start":{"line":71,"column":4},"end":{"line":82,"column":6}},"21":{"start":{"line":85,"column":2},"end":{"line":123,"column":3}},"22":{"start":{"line":86,"column":4},"end":{"line":93,"column":5}},"23":{"start":{"line":87,"column":6},"end":{"line":92,"column":8}},"24":{"start":{"line":94,"column":4},"end":{"line":107,"column":5}},"25":{"start":{"line":95,"column":6},"end":{"line":106,"column":8}},"26":{"start":{"line":109,"column":4},"end":{"line":122,"column":6}},"27":{"start":{"line":126,"column":2},"end":{"line":137,"column":4}},"28":{"start":{"line":140,"column":50},"end":{"line":152,"column":1}},"29":{"start":{"line":141,"column":17},"end":{"line":141,"column":52}},"30":{"start":{"line":143,"column":2},"end":{"line":149,"column":3}},"31":{"start":{"line":144,"column":4},"end":{"line":148,"column":6}},"32":{"start":{"line":151,"column":2},"end":{"line":151,"column":42}}},"fnMap":{"0":{"name":"(anonymous_0)","decl":{"start":{"line":13,"column":32},"end":{"line":13,"column":33}},"loc":{"start":{"line":13,"column":38},"end":{"line":31,"column":1}},"line":13},"1":{"name":"(anonymous_1)","decl":{"start":{"line":18,"column":18},"end":{"line":18,"column":19}},"loc":{"start":{"line":18,"column":24},"end":{"line":28,"column":3}},"line":18},"2":{"name":"(anonymous_2)","decl":{"start":{"line":19,"column":19},"end":{"line":19,"column":20}},"loc":{"start":{"line":19,"column":30},"end":{"line":27,"column":5}},"line":19},"3":{"name":"(anonymous_3)","decl":{"start":{"line":33,"column":53},"end":{"line":33,"column":54}},"loc":{"start":{"line":33,"column":67},"end":{"line":138,"column":1}},"line":33},"4":{"name":"(anonymous_4)","decl":{"start":{"line":140,"column":50},"end":{"line":140,"column":51}},"loc":{"start":{"line":140,"column":64},"end":{"line":152,"column":1}},"line":140}},"branchMap":{"0":{"loc":{"start":{"line":20,"column":6},"end":{"line":26,"column":7}},"type":"if","locations":[{"start":{"line":20,"column":6},"end":{"line":26,"column":7}},{"start":{},"end":{}}],"line":20},"1":{"loc":{"start":{"line":22,"column":8},"end":{"line":25,"column":9}},"type":"if","locations":[{"start":{"line":22,"column":8},"end":{"line":25,"column":9}},{"start":{},"end":{}}],"line":22},"2":{"loc":{"start":{"line":44,"column":2},"end":{"line":51,"column":3}},"type":"if","locations":[{"start":{"line":44,"column":2},"end":{"line":51,"column":3}},{"start":{},"end":{}}],"line":44},"3":{"loc":{"start":{"line":53,"column":2},"end":{"line":83,"column":3}},"type":"if","locations":[{"start":{"line":53,"column":2},"end":{"line":83,"column":3}},{"start":{},"end":{}}],"line":53},"4":{"loc":{"start":{"line":54,"column":4},"end":{"line":61,"column":5}},"type":"if","locations":[{"start":{"line":54,"column":4},"end":{"line":61,"column":5}},{"start":{},"end":{}}],"line":54},"5":{"loc":{"start":{"line":62,"column":4},"end":{"line":69,"column":5}},"type":"if","locations":[{"start":{"line":62,"column":4},"end":{"line":69,"column":5}},{"start":{},"end":{}}],"line":62},"6":{"loc":{"start":{"line":85,"column":2},"end":{"line":123,"column":3}},"type":"if","locations":[{"start":{"line":85,"column":2},"end":{"line":123,"column":3}},{"start":{},"end":{}}],"line":85},"7":{"loc":{"start":{"line":86,"column":4},"end":{"line":93,"column":5}},"type":"if","locations":[{"start":{"line":86,"column":4},"end":{"line":93,"column":5}},{"start":{},"end":{}}],"line":86},"8":{"loc":{"start":{"line":94,"column":4},"end":{"line":107,"column":5}},"type":"if","locations":[{"start":{"line":94,"column":4},"end":{"line":107,"column":5}},{"start":{},"end":{}}],"line":94},"9":{"loc":{"start":{"line":143,"column":2},"end":{"line":149,"column":3}},"type":"if","locations":[{"start":{"line":143,"column":2},"end":{"line":149,"column":3}},{"start":{},"end":{}}],"line":143}},"s":{"0":0,"1":0,"2":0,"3":0,"4":0,"5":0,"6":0,"7":0,"8":0,"9":0,"10":0,"11":0,"12":0,"13":0,"14":0,"15":0,"16":0,"17":0,"18":0,"19":0,"20":0,"21":0,"22":0,"23":0,"24":0,"25":0,"26":0,"27":0,"28":0,"29":0,"30":0,"31":0,"32":0},"f":{"0":0,"1":0,"2":0,"3":0,"4":0},"b":{"0":[0,0],"1":[0,0],"2":[0,0],"3":[0,0],"4":[0,0],"5":[0,0],"6":[0,0],"7":[0,0],"8":[0,0],"9":[0,0]}}
,"C:\\Users\\srika\\development\\my-new-app\\src\\components\\ProductHorizontalScroll.tsx": {"path":"C:\\Users\\srika\\development\\my-new-app\\src\\components\\ProductHorizontalScroll.tsx","statementMap":{"0":{"start":{"line":22,"column":18},"end":{"line":22,"column":42}},"1":{"start":{"line":23,"column":19},"end":{"line":23,"column":42}},"2":{"start":{"line":25,"column":72},"end":{"line":68,"column":1}},"3":{"start":{"line":30,"column":26},"end":{"line":30,"column":38}},"4":{"start":{"line":32,"column":2},"end":{"line":32,"column":41}},"5":{"start":{"line":32,"column":29},"end":{"line":32,"column":41}},"6":{"start":{"line":34,"column":2},"end":{"line":67,"column":4}},"7":{"start":{"line":47,"column":10},"end":{"line":63,"column":29}},"8":{"start":{"line":51,"column":27},"end":{"line":51,"column":48}},"9":{"start":{"line":70,"column":15},"end":{"line":159,"column":2}}},"fnMap":{"0":{"name":"(anonymous_0)","decl":{"start":{"line":25,"column":72},"end":{"line":25,"column":73}},"loc":{"start":{"line":29,"column":6},"end":{"line":68,"column":1}},"line":29},"1":{"name":"(anonymous_1)","decl":{"start":{"line":46,"column":22},"end":{"line":46,"column":23}},"loc":{"start":{"line":47,"column":10},"end":{"line":63,"column":29}},"line":47},"2":{"name":"(anonymous_2)","decl":{"start":{"line":51,"column":21},"end":{"line":51,"column":22}},"loc":{"start":{"line":51,"column":27},"end":{"line":51,"column":48}},"line":51}},"branchMap":{"0":{"loc":{"start":{"line":23,"column":19},"end":{"line":23,"column":42}},"type":"cond-expr","locations":[{"start":{"line":23,"column":33},"end":{"line":23,"column":36}},{"start":{"line":23,"column":39},"end":{"line":23,"column":42}}],"line":23},"1":{"loc":{"start":{"line":32,"column":2},"end":{"line":32,"column":41}},"type":"if","locations":[{"start":{"line":32,"column":2},"end":{"line":32,"column":41}},{"start":{},"end":{}}],"line":32}},"s":{"0":0,"1":0,"2":0,"3":0,"4":0,"5":0,"6":0,"7":0,"8":0,"9":0},"f":{"0":0,"1":0,"2":0},"b":{"0":[0,0],"1":[0,0]}}
,"C:\\Users\\srika\\development\\my-new-app\\src\\components\\ProductList.tsx": {"path":"C:\\Users\\srika\\development\\my-new-app\\src\\components\\ProductList.tsx","statementMap":{"0":{"start":{"line":21,"column":28},"end":{"line":89,"column":1}},"1":{"start":{"line":22,"column":19},"end":{"line":22,"column":56}},"2":{"start":{"line":23,"column":21},"end":{"line":23,"column":59}},"3":{"start":{"line":25,"column":2},"end":{"line":40,"column":36}},"4":{"start":{"line":26,"column":4},"end":{"line":39,"column":15}},"5":{"start":{"line":43,"column":20},"end":{"line":43,"column":57}},"6":{"start":{"line":45,"column":27},"end":{"line":51,"column":3}},"7":{"start":{"line":46,"column":4},"end":{"line":49,"column":15}},"8":{"start":{"line":50,"column":4},"end":{"line":50,"column":26}},"9":{"start":{"line":53,"column":2},"end":{"line":88,"column":4}},"10":{"start":{"line":58,"column":23},"end":{"line":58,"column":44}},"11":{"start":{"line":64,"column":27},"end":{"line":64,"column":56}},"12":{"start":{"line":91,"column":48},"end":{"line":288,"column":1}},"13":{"start":{"line":99,"column":20},"end":{"line":99,"column":41}},"14":{"start":{"line":100,"column":26},"end":{"line":100,"column":38}},"15":{"start":{"line":101,"column":19},"end":{"line":101,"column":28}},"16":{"start":{"line":102,"column":72},"end":{"line":102,"column":85}},"17":{"start":{"line":103,"column":24},"end":{"line":103,"column":33}},"18":{"start":{"line":104,"column":34},"end":{"line":104,"column":57}},"19":{"start":{"line":105,"column":32},"end":{"line":105,"column":46}},"20":{"start":{"line":106,"column":28},"end":{"line":106,"column":57}},"21":{"start":{"line":107,"column":44},"end":{"line":107,"column":73}},"22":{"start":{"line":109,"column":26},"end":{"line":115,"column":3}},"23":{"start":{"line":110,"column":4},"end":{"line":110,"column":23}},"24":{"start":{"line":111,"column":4},"end":{"line":111,"column":33}},"25":{"start":{"line":112,"column":4},"end":{"line":114,"column":13}},"26":{"start":{"line":113,"column":6},"end":{"line":113,"column":29}},"27":{"start":{"line":117,"column":2},"end":{"line":141,"column":27}},"28":{"start":{"line":118,"column":25},"end":{"line":138,"column":5}},"29":{"start":{"line":119,"column":6},"end":{"line":119,"column":23}},"30":{"start":{"line":120,"column":6},"end":{"line":120,"column":21}},"31":{"start":{"line":121,"column":6},"end":{"line":137,"column":7}},"32":{"start":{"line":122,"column":30},"end":{"line":122,"column":32}},"33":{"start":{"line":123,"column":8},"end":{"line":130,"column":9}},"34":{"start":{"line":125,"column":22},"end":{"line":125,"column":60}},"35":{"start":{"line":127,"column":10},"end":{"line":127,"column":58}},"36":{"start":{"line":127,"column":33},"end":{"line":127,"column":56}},"37":{"start":{"line":129,"column":10},"end":{"line":129,"column":59}},"38":{"start":{"line":131,"column":8},"end":{"line":131,"column":26}},"39":{"start":{"line":133,"column":8},"end":{"line":133,"column":54}},"40":{"start":{"line":134,"column":8},"end":{"line":134,"column":54}},"41":{"start":{"line":136,"column":8},"end":{"line":136,"column":26}},"42":{"start":{"line":140,"column":4},"end":{"line":140,"column":19}},"43":{"start":{"line":143,"column":36},"end":{"line":205,"column":46}},"44":{"start":{"line":144,"column":17},"end":{"line":144,"column":30}},"45":{"start":{"line":147,"column":4},"end":{"line":153,"column":5}},"46":{"start":{"line":148,"column":20},"end":{"line":148,"column":45}},"47":{"start":{"line":149,"column":6},"end":{"line":152,"column":8}},"48":{"start":{"line":150,"column":8},"end":{"line":151,"column":51}},"49":{"start":{"line":156,"column":4},"end":{"line":164,"column":5}},"50":{"start":{"line":157,"column":18},"end":{"line":157,"column":51}},"51":{"start":{"line":158,"column":6},"end":{"line":163,"column":9}},"52":{"start":{"line":160,"column":8},"end":{"line":162,"column":53}},"53":{"start":{"line":167,"column":4},"end":{"line":169,"column":5}},"54":{"start":{"line":168,"column":6},"end":{"line":168,"column":70}},"55":{"start":{"line":168,"column":34},"end":{"line":168,"column":68}},"56":{"start":{"line":170,"column":4},"end":{"line":172,"column":5}},"57":{"start":{"line":171,"column":6},"end":{"line":171,"column":77}},"58":{"start":{"line":171,"column":34},"end":{"line":171,"column":75}},"59":{"start":{"line":173,"column":4},"end":{"line":175,"column":5}},"60":{"start":{"line":174,"column":6},"end":{"line":174,"column":70}},"61":{"start":{"line":174,"column":34},"end":{"line":174,"column":68}},"62":{"start":{"line":176,"column":4},"end":{"line":178,"column":5}},"63":{"start":{"line":177,"column":6},"end":{"line":177,"column":78}},"64":{"start":{"line":177,"column":34},"end":{"line":177,"column":76}},"65":{"start":{"line":181,"column":4},"end":{"line":203,"column":5}},"66":{"start":{"line":183,"column":8},"end":{"line":183,"column":59}},"67":{"start":{"line":183,"column":30},"end":{"line":183,"column":57}},"68":{"start":{"line":184,"column":8},"end":{"line":184,"column":14}},"69":{"start":{"line":186,"column":8},"end":{"line":186,"column":51}},"70":{"start":{"line":186,"column":30},"end":{"line":186,"column":49}},"71":{"start":{"line":187,"column":8},"end":{"line":187,"column":14}},"72":{"start":{"line":189,"column":8},"end":{"line":189,"column":97}},"73":{"start":{"line":189,"column":30},"end":{"line":189,"column":95}},"74":{"start":{"line":190,"column":8},"end":{"line":190,"column":14}},"75":{"start":{"line":192,"column":8},"end":{"line":192,"column":49}},"76":{"start":{"line":192,"column":30},"end":{"line":192,"column":47}},"77":{"start":{"line":193,"column":8},"end":{"line":193,"column":14}},"78":{"start":{"line":195,"column":8},"end":{"line":195,"column":49}},"79":{"start":{"line":195,"column":30},"end":{"line":195,"column":47}},"80":{"start":{"line":196,"column":8},"end":{"line":196,"column":14}},"81":{"start":{"line":198,"column":8},"end":{"line":198,"column":61}},"82":{"start":{"line":198,"column":30},"end":{"line":198,"column":59}},"83":{"start":{"line":199,"column":8},"end":{"line":199,"column":14}},"84":{"start":{"line":201,"column":8},"end":{"line":201,"column":61}},"85":{"start":{"line":201,"column":30},"end":{"line":201,"column":59}},"86":{"start":{"line":202,"column":8},"end":{"line":202,"column":14}},"87":{"start":{"line":204,"column":4},"end":{"line":204,"column":18}},"88":{"start":{"line":207,"column":31},"end":{"line":217,"column":3}},"89":{"start":{"line":208,"column":4},"end":{"line":211,"column":5}},"90":{"start":{"line":209,"column":6},"end":{"line":209,"column":23}},"91":{"start":{"line":210,"column":6},"end":{"line":210,"column":13}},"92":{"start":{"line":212,"column":4},"end":{"line":216,"column":5}},"93":{"start":{"line":213,"column":6},"end":{"line":213,"column":42}},"94":{"start":{"line":215,"column":6},"end":{"line":215,"column":37}},"95":{"start":{"line":219,"column":19},"end":{"line":219,"column":20}},"96":{"start":{"line":220,"column":2},"end":{"line":225,"column":39}},"97":{"start":{"line":220,"column":20},"end":{"line":220,"column":35}},"98":{"start":{"line":221,"column":7},"end":{"line":225,"column":39}},"99":{"start":{"line":221,"column":25},"end":{"line":221,"column":40}},"100":{"start":{"line":222,"column":7},"end":{"line":225,"column":39}},"101":{"start":{"line":222,"column":25},"end":{"line":222,"column":40}},"102":{"start":{"line":223,"column":7},"end":{"line":225,"column":39}},"103":{"start":{"line":223,"column":25},"end":{"line":223,"column":40}},"104":{"start":{"line":224,"column":7},"end":{"line":225,"column":39}},"105":{"start":{"line":224,"column":24},"end":{"line":224,"column":39}},"106":{"start":{"line":225,"column":7},"end":{"line":225,"column":39}},"107":{"start":{"line":225,"column":24},"end":{"line":225,"column":39}},"108":{"start":{"line":227,"column":18},"end":{"line":227,"column":20}},"109":{"start":{"line":228,"column":18},"end":{"line":228,"column":51}},"110":{"start":{"line":229,"column":25},"end":{"line":229,"column":78}},"111":{"start":{"line":230,"column":25},"end":{"line":230,"column":55}},"112":{"start":{"line":231,"column":20},"end":{"line":231,"column":80}},"113":{"start":{"line":232,"column":2},"end":{"line":287,"column":4}},"114":{"start":{"line":252,"column":16},"end":{"line":252,"column":32}},"115":{"start":{"line":253,"column":16},"end":{"line":253,"column":33}},"116":{"start":{"line":263,"column":14},"end":{"line":275,"column":16}},"117":{"start":{"line":290,"column":15},"end":{"line":434,"column":2}}},"fnMap":{"0":{"name":"(anonymous_0)","decl":{"start":{"line":21,"column":28},"end":{"line":21,"column":29}},"loc":{"start":{"line":21,"column":176},"end":{"line":89,"column":1}},"line":21},"1":{"name":"(anonymous_1)","decl":{"start":{"line":25,"column":12},"end":{"line":25,"column":13}},"loc":{"start":{"line":25,"column":18},"end":{"line":40,"column":3}},"line":25},"2":{"name":"(anonymous_2)","decl":{"start":{"line":45,"column":27},"end":{"line":45,"column":28}},"loc":{"start":{"line":45,"column":33},"end":{"line":51,"column":3}},"line":45},"3":{"name":"(anonymous_3)","decl":{"start":{"line":58,"column":17},"end":{"line":58,"column":18}},"loc":{"start":{"line":58,"column":23},"end":{"line":58,"column":44}},"line":58},"4":{"name":"(anonymous_4)","decl":{"start":{"line":64,"column":21},"end":{"line":64,"column":22}},"loc":{"start":{"line":64,"column":27},"end":{"line":64,"column":56}},"line":64},"5":{"name":"(anonymous_5)","decl":{"start":{"line":91,"column":48},"end":{"line":91,"column":49}},"loc":{"start":{"line":98,"column":6},"end":{"line":288,"column":1}},"line":98},"6":{"name":"(anonymous_6)","decl":{"start":{"line":109,"column":26},"end":{"line":109,"column":27}},"loc":{"start":{"line":109,"column":48},"end":{"line":115,"column":3}},"line":109},"7":{"name":"(anonymous_7)","decl":{"start":{"line":112,"column":15},"end":{"line":112,"column":16}},"loc":{"start":{"line":112,"column":21},"end":{"line":114,"column":5}},"line":112},"8":{"name":"(anonymous_8)","decl":{"start":{"line":117,"column":12},"end":{"line":117,"column":13}},"loc":{"start":{"line":117,"column":18},"end":{"line":141,"column":3}},"line":117},"9":{"name":"(anonymous_9)","decl":{"start":{"line":118,"column":25},"end":{"line":118,"column":26}},"loc":{"start":{"line":118,"column":37},"end":{"line":138,"column":5}},"line":118},"10":{"name":"(anonymous_10)","decl":{"start":{"line":127,"column":28},"end":{"line":127,"column":29}},"loc":{"start":{"line":127,"column":33},"end":{"line":127,"column":56}},"line":127},"11":{"name":"(anonymous_11)","decl":{"start":{"line":143,"column":44},"end":{"line":143,"column":45}},"loc":{"start":{"line":143,"column":50},"end":{"line":205,"column":3}},"line":143},"12":{"name":"(anonymous_12)","decl":{"start":{"line":149,"column":29},"end":{"line":149,"column":30}},"loc":{"start":{"line":150,"column":8},"end":{"line":151,"column":51}},"line":150},"13":{"name":"(anonymous_13)","decl":{"start":{"line":158,"column":29},"end":{"line":158,"column":30}},"loc":{"start":{"line":158,"column":34},"end":{"line":163,"column":7}},"line":158},"14":{"name":"(anonymous_14)","decl":{"start":{"line":168,"column":29},"end":{"line":168,"column":30}},"loc":{"start":{"line":168,"column":34},"end":{"line":168,"column":68}},"line":168},"15":{"name":"(anonymous_15)","decl":{"start":{"line":171,"column":29},"end":{"line":171,"column":30}},"loc":{"start":{"line":171,"column":34},"end":{"line":171,"column":75}},"line":171},"16":{"name":"(anonymous_16)","decl":{"start":{"line":174,"column":29},"end":{"line":174,"column":30}},"loc":{"start":{"line":174,"column":34},"end":{"line":174,"column":68}},"line":174},"17":{"name":"(anonymous_17)","decl":{"start":{"line":177,"column":29},"end":{"line":177,"column":30}},"loc":{"start":{"line":177,"column":34},"end":{"line":177,"column":76}},"line":177},"18":{"name":"(anonymous_18)","decl":{"start":{"line":183,"column":20},"end":{"line":183,"column":21}},"loc":{"start":{"line":183,"column":30},"end":{"line":183,"column":57}},"line":183},"19":{"name":"(anonymous_19)","decl":{"start":{"line":186,"column":20},"end":{"line":186,"column":21}},"loc":{"start":{"line":186,"column":30},"end":{"line":186,"column":49}},"line":186},"20":{"name":"(anonymous_20)","decl":{"start":{"line":189,"column":20},"end":{"line":189,"column":21}},"loc":{"start":{"line":189,"column":30},"end":{"line":189,"column":95}},"line":189},"21":{"name":"(anonymous_21)","decl":{"start":{"line":192,"column":20},"end":{"line":192,"column":21}},"loc":{"start":{"line":192,"column":30},"end":{"line":192,"column":47}},"line":192},"22":{"name":"(anonymous_22)","decl":{"start":{"line":195,"column":20},"end":{"line":195,"column":21}},"loc":{"start":{"line":195,"column":30},"end":{"line":195,"column":47}},"line":195},"23":{"name":"(anonymous_23)","decl":{"start":{"line":198,"column":20},"end":{"line":198,"column":21}},"loc":{"start":{"line":198,"column":30},"end":{"line":198,"column":59}},"line":198},"24":{"name":"(anonymous_24)","decl":{"start":{"line":201,"column":20},"end":{"line":201,"column":21}},"loc":{"start":{"line":201,"column":30},"end":{"line":201,"column":59}},"line":201},"25":{"name":"(anonymous_25)","decl":{"start":{"line":207,"column":31},"end":{"line":207,"column":32}},"loc":{"start":{"line":207,"column":60},"end":{"line":217,"column":3}},"line":207},"26":{"name":"(anonymous_26)","decl":{"start":{"line":251,"column":21},"end":{"line":251,"column":22}},"loc":{"start":{"line":251,"column":27},"end":{"line":254,"column":13}},"line":251},"27":{"name":"(anonymous_27)","decl":{"start":{"line":262,"column":43},"end":{"line":262,"column":44}},"loc":{"start":{"line":263,"column":14},"end":{"line":275,"column":16}},"line":263}},"branchMap":{"0":{"loc":{"start":{"line":66,"column":40},"end":{"line":66,"column":83}},"type":"binary-expr","locations":[{"start":{"line":66,"column":40},"end":{"line":66,"column":61}},{"start":{"line":66,"column":65},"end":{"line":66,"column":83}}],"line":66},"1":{"loc":{"start":{"line":67,"column":15},"end":{"line":67,"column":48}},"type":"cond-expr","locations":[{"start":{"line":67,"column":39},"end":{"line":67,"column":42}},{"start":{"line":67,"column":45},"end":{"line":67,"column":48}}],"line":67},"2":{"loc":{"start":{"line":77,"column":43},"end":{"line":77,"column":98}},"type":"binary-expr","locations":[{"start":{"line":77,"column":43},"end":{"line":77,"column":68}},{"start":{"line":77,"column":72},"end":{"line":77,"column":98}}],"line":77},"3":{"loc":{"start":{"line":80,"column":53},"end":{"line":80,"column":112}},"type":"binary-expr","locations":[{"start":{"line":80,"column":53},"end":{"line":80,"column":78}},{"start":{"line":80,"column":82},"end":{"line":80,"column":112}}],"line":80},"4":{"loc":{"start":{"line":81,"column":17},"end":{"line":81,"column":69}},"type":"cond-expr","locations":[{"start":{"line":81,"column":45},"end":{"line":81,"column":54}},{"start":{"line":81,"column":57},"end":{"line":81,"column":69}}],"line":81},"5":{"loc":{"start":{"line":95,"column":2},"end":{"line":95,"column":18}},"type":"default-arg","locations":[{"start":{"line":95,"column":16},"end":{"line":95,"column":18}}],"line":95},"6":{"loc":{"start":{"line":97,"column":2},"end":{"line":97,"column":14}},"type":"default-arg","locations":[{"start":{"line":97,"column":12},"end":{"line":97,"column":14}}],"line":97},"7":{"loc":{"start":{"line":123,"column":8},"end":{"line":130,"column":9}},"type":"if","locations":[{"start":{"line":123,"column":8},"end":{"line":130,"column":9}},{"start":{"line":128,"column":15},"end":{"line":130,"column":9}}],"line":123},"8":{"loc":{"start":{"line":147,"column":4},"end":{"line":153,"column":5}},"type":"if","locations":[{"start":{"line":147,"column":4},"end":{"line":153,"column":5}},{"start":{},"end":{}}],"line":147},"9":{"loc":{"start":{"line":150,"column":8},"end":{"line":151,"column":51}},"type":"binary-expr","locations":[{"start":{"line":150,"column":8},"end":{"line":150,"column":44}},{"start":{"line":151,"column":8},"end":{"line":151,"column":51}}],"line":150},"10":{"loc":{"start":{"line":156,"column":4},"end":{"line":164,"column":5}},"type":"if","locations":[{"start":{"line":156,"column":4},"end":{"line":164,"column":5}},{"start":{},"end":{}}],"line":156},"11":{"loc":{"start":{"line":160,"column":15},"end":{"line":162,"column":52}},"type":"binary-expr","locations":[{"start":{"line":160,"column":16},"end":{"line":160,"column":45}},{"start":{"line":161,"column":16},"end":{"line":161,"column":49}},{"start":{"line":162,"column":16},"end":{"line":162,"column":51}}],"line":160},"12":{"loc":{"start":{"line":167,"column":4},"end":{"line":169,"column":5}},"type":"if","locations":[{"start":{"line":167,"column":4},"end":{"line":169,"column":5}},{"start":{},"end":{}}],"line":167},"13":{"loc":{"start":{"line":168,"column":46},"end":{"line":168,"column":67}},"type":"binary-expr","locations":[{"start":{"line":168,"column":46},"end":{"line":168,"column":62}},{"start":{"line":168,"column":66},"end":{"line":168,"column":67}}],"line":168},"14":{"loc":{"start":{"line":170,"column":4},"end":{"line":172,"column":5}},"type":"if","locations":[{"start":{"line":170,"column":4},"end":{"line":172,"column":5}},{"start":{},"end":{}}],"line":170},"15":{"loc":{"start":{"line":171,"column":46},"end":{"line":171,"column":74}},"type":"binary-expr","locations":[{"start":{"line":171,"column":46},"end":{"line":171,"column":62}},{"start":{"line":171,"column":66},"end":{"line":171,"column":74}}],"line":171},"16":{"loc":{"start":{"line":173,"column":4},"end":{"line":175,"column":5}},"type":"if","locations":[{"start":{"line":173,"column":4},"end":{"line":175,"column":5}},{"start":{},"end":{}}],"line":173},"17":{"loc":{"start":{"line":173,"column":8},"end":{"line":173,"column":51}},"type":"binary-expr","locations":[{"start":{"line":173,"column":8},"end":{"line":173,"column":22}},{"start":{"line":173,"column":26},"end":{"line":173,"column":51}}],"line":173},"18":{"loc":{"start":{"line":176,"column":4},"end":{"line":178,"column":5}},"type":"if","locations":[{"start":{"line":176,"column":4},"end":{"line":178,"column":5}},{"start":{},"end":{}}],"line":176},"19":{"loc":{"start":{"line":176,"column":8},"end":{"line":176,"column":59}},"type":"binary-expr","locations":[{"start":{"line":176,"column":8},"end":{"line":176,"column":26}},{"start":{"line":176,"column":30},"end":{"line":176,"column":59}}],"line":176},"20":{"loc":{"start":{"line":181,"column":4},"end":{"line":203,"column":5}},"type":"switch","locations":[{"start":{"line":182,"column":6},"end":{"line":184,"column":14}},{"start":{"line":185,"column":6},"end":{"line":187,"column":14}},{"start":{"line":188,"column":6},"end":{"line":190,"column":14}},{"start":{"line":191,"column":6},"end":{"line":193,"column":14}},{"start":{"line":194,"column":6},"end":{"line":196,"column":14}},{"start":{"line":197,"column":6},"end":{"line":199,"column":14}},{"start":{"line":200,"column":6},"end":{"line":202,"column":14}}],"line":181},"21":{"loc":{"start":{"line":208,"column":4},"end":{"line":211,"column":5}},"type":"if","locations":[{"start":{"line":208,"column":4},"end":{"line":211,"column":5}},{"start":{},"end":{}}],"line":208},"22":{"loc":{"start":{"line":212,"column":4},"end":{"line":216,"column":5}},"type":"if","locations":[{"start":{"line":212,"column":4},"end":{"line":216,"column":5}},{"start":{"line":214,"column":11},"end":{"line":216,"column":5}}],"line":212},"23":{"loc":{"start":{"line":220,"column":2},"end":{"line":225,"column":39}},"type":"if","locations":[{"start":{"line":220,"column":2},"end":{"line":225,"column":39}},{"start":{"line":221,"column":7},"end":{"line":225,"column":39}}],"line":220},"24":{"loc":{"start":{"line":221,"column":7},"end":{"line":225,"column":39}},"type":"if","locations":[{"start":{"line":221,"column":7},"end":{"line":225,"column":39}},{"start":{"line":222,"column":7},"end":{"line":225,"column":39}}],"line":221},"25":{"loc":{"start":{"line":222,"column":7},"end":{"line":225,"column":39}},"type":"if","locations":[{"start":{"line":222,"column":7},"end":{"line":225,"column":39}},{"start":{"line":223,"column":7},"end":{"line":225,"column":39}}],"line":222},"26":{"loc":{"start":{"line":223,"column":7},"end":{"line":225,"column":39}},"type":"if","locations":[{"start":{"line":223,"column":7},"end":{"line":225,"column":39}},{"start":{"line":224,"column":7},"end":{"line":225,"column":39}}],"line":223},"27":{"loc":{"start":{"line":224,"column":7},"end":{"line":225,"column":39}},"type":"if","locations":[{"start":{"line":224,"column":7},"end":{"line":225,"column":39}},{"start":{"line":225,"column":7},"end":{"line":225,"column":39}}],"line":224},"28":{"loc":{"start":{"line":225,"column":7},"end"
[...]
n":82}},{"start":{"line":475,"column":22},"end":{"line":477,"column":29}}],"line":472},"83":{"loc":{"start":{"line":482,"column":17},"end":{"line":493,"column":24}},"type":"cond-expr","locations":[{"start":{"line":483,"column":18},"end":{"line":492,"column":25}},{"start":{"line":493,"column":20},"end":{"line":493,"column":24}}],"line":482},"84":{"loc":{"start":{"line":501,"column":7},"end":{"line":525,"column":14}},"type":"cond-expr","locations":[{"start":{"line":502,"column":8},"end":{"line":524,"column":15}},{"start":{"line":525,"column":10},"end":{"line":525,"column":14}}],"line":501},"85":{"loc":{"start":{"line":557,"column":24},"end":{"line":557,"column":61}},"type":"cond-expr","locations":[{"start":{"line":557,"column":48},"end":{"line":557,"column":53}},{"start":{"line":557,"column":56},"end":{"line":557,"column":61}}],"line":557},"86":{"loc":{"start":{"line":574,"column":44},"end":{"line":574,"column":91}},"type":"cond-expr","locations":[{"start":{"line":574,"column":68},"end":{"line":574,"column":77}},{"start":{"line":574,"column":80},"end":{"line":574,"column":91}}],"line":574}},"s":{"0":0,"1":0,"2":0,"3":0,"4":0,"5":0,"6":0,"7":0,"8":0,"9":0,"10":0,"11":0,"12":0,"13":0,"14":0,"15":0,"16":0,"17":0,"18":0,"19":0,"20":0,"21":0,"22":0,"23":0,"24":0,"25":0,"26":0,"27":0,"28":0,"29":0,"30":0,"31":0,"32":0,"33":0,"34":0,"35":0,"36":0,"37":0,"38":0,"39":0,"40":0,"41":0,"42":0,"43":0,"44":0,"45":0,"46":0,"47":0,"48":0,"49":0,"50":0,"51":0,"52":0,"53":0,"54":0,"55":0,"56":0,"57":0,"58":0,"59":0,"60":0,"61":0,"62":0,"63":0,"64":0,"65":0,"66":0,"67":0,"68":0,"69":0,"70":0,"71":0,"72":0,"73":0,"74":0,"75":0,"76":0,"77":0,"78":0,"79":0,"80":0,"81":0,"82":0,"83":0,"84":0,"85":0,"86":0,"87":0,"88":0,"89":0,"90":0,"91":0,"92":0,"93":0,"94":0,"95":0,"96":0,"97":0,"98":0,"99":0,"100":0,"101":0,"102":0,"103":0,"104":0,"105":0,"106":0,"107":0,"108":0,"109":0,"110":0,"111":0,"112":0,"113":0,"114":0,"115":0,"116":0,"117":0,"118":0,"119":0,"120":0,"121":0,"122":0,"123":0,"124":0,"125":0,"126":0,"127":0,"128":0,"129":0,"130":0,"131":0,"132":0,"133":0,"134":0,"135":0,"136":0,"137":0,"138":0,"139":0,"140":0,"141":0,"142":0,"143":0,"144":0,"145":0,"146":0,"147":0,"148":0,"149":0,"150":0,"151":0,"152":0,"153":0,"154":0,"155":0,"156":0,"157":0,"158":0,"159":0,"160":0,"161":0},"f":{"0":0,"1":0,"2":0,"3":0,"4":0,"5":0,"6":0,"7":0,"8":0,"9":0,"10":0,"11":0,"12":0,"13":0,"14":0,"15":0,"16":0,"17":0,"18":0,"19":0,"20":0,"21":0,"22":0,"23":0,"24":0,"25":0,"26":0,"27":0,"28":0,"29":0,"30":0,"31":0,"32":0,"33":0,"34":0,"35":0,"36":0,"37":0},"b":{"0":[0,0],"1":[0,0],"2":[0,0],"3":[0,0],"4":[0,0],"5":[0,0],"6":[0,0],"7":[0,0],"8":[0,0],"9":[0,0],"10":[0,0],"11":[0,0],"12":[0,0],"13":[0,0],"14":[0,0],"15":[0,0],"16":[0,0],"17":[0,0],"18":[0,0],"19":[0,0],"20":[0,0],"21":[0,0],"22":[0,0],"23":[0,0],"24":[0,0,0],"25":[0,0,0],"26":[0,0,0],"27":[0,0,0],"28":[0,0,0],"29":[0,0,0],"30":[0,0,0],"31":[0,0,0],"32":[0,0,0],"33":[0,0,0],"34":[0,0,0],"35":[0,0,0],"36":[0,0,0],"37":[0,0,0],"38":[0,0,0],"39":[0,0],"40":[0,0],"41":[0,0],"42":[0,0],"43":[0,0],"44":[0,0],"45":[0,0],"46":[0,0],"47":[0,0],"48":[0,0],"49":[0,0],"50":[0,0],"51":[0,0],"52":[0,0],"53":[0,0],"54":[0,0],"55":[0,0],"56":[0,0],"57":[0,0],"58":[0,0,0],"59":[0,0],"60":[0,0],"61":[0,0],"62":[0,0],"63":[0,0],"64":[0,0],"65":[0,0],"66":[0,0],"67":[0,0],"68":[0,0],"69":[0,0],"70":[0,0],"71":[0,0],"72":[0,0],"73":[0,0],"74":[0,0],"75":[0,0],"76":[0,0],"77":[0,0],"78":[0,0],"79":[0,0],"80":[0,0],"81":[0,0],"82":[0,0],"83":[0,0],"84":[0,0],"85":[0,0],"86":[0,0]}}
,"C:\\Users\\srika\\development\\my-new-app\\src\\screens\\WishlistScreen.tsx": {"path":"C:\\Users\\srika\\development\\my-new-app\\src\\screens\\WishlistScreen.tsx","statementMap":{"0":{"start":{"line":18,"column":54},"end":{"line":94,"column":1}},"1":{"start":{"line":19,"column":21},"end":{"line":19,"column":72}},"2":{"start":{"line":20,"column":54},"end":{"line":20,"column":61}},"3":{"start":{"line":21,"column":51},"end":{"line":21,"column":64}},"4":{"start":{"line":22,"column":34},"end":{"line":22,"column":57}},"5":{"start":{"line":23,"column":32},"end":{"line":23,"column":46}},"6":{"start":{"line":25,"column":23},"end":{"line":25,"column":60}},"7":{"start":{"line":26,"column":18},"end":{"line":26,"column":62}},"8":{"start":{"line":28,"column":2},"end":{"line":49,"column":17}},"9":{"start":{"line":29,"column":33},"end":{"line":46,"column":5}},"10":{"start":{"line":30,"column":6},"end":{"line":34,"column":7}},"11":{"start":{"line":31,"column":8},"end":{"line":31,"column":24}},"12":{"start":{"line":32,"column":8},"end":{"line":32,"column":26}},"13":{"start":{"line":33,"column":8},"end":{"line":33,"column":15}},"14":{"start":{"line":35,"column":6},"end":{"line":35,"column":23}},"15":{"start":{"line":36,"column":6},"end":{"line":45,"column":7}},"16":{"start":{"line":39,"column":28},"end":{"line":39,"column":66}},"17":{"start":{"line":40,"column":8},"end":{"line":40,"column":70}},"18":{"start":{"line":40,"column":44},"end":{"line":40,"column":67}},"19":{"start":{"line":42,"column":8},"end":{"line":42,"column":65}},"20":{"start":{"line":44,"column":8},"end":{"line":44,"column":26}},"21":{"start":{"line":48,"column":4},"end":{"line":48,"column":27}},"22":{"start":{"line":51,"column":2},"end":{"line":93,"column":4}},"23":{"start":{"line":75,"column":76},"end":{"line":75,"column":103}},"24":{"start":{"line":82,"column":44},"end":{"line":82,"column":101}},"25":{"start":{"line":85,"column":34},"end":{"line":85,"column":55}},"26":{"start":{"line":96,"column":15},"end":{"line":153,"column":2}}},"fnMap":{"0":{"name":"(anonymous_0)","decl":{"start":{"line":18,"column":54},"end":{"line":18,"column":55}},"loc":{"start":{"line":18,"column":97},"end":{"line":94,"column":1}},"line":18},"1":{"name":"(anonymous_1)","decl":{"start":{"line":28,"column":12},"end":{"line":28,"column":13}},"loc":{"start":{"line":28,"column":18},"end":{"line":49,"column":3}},"line":28},"2":{"name":"(anonymous_2)","decl":{"start":{"line":29,"column":33},"end":{"line":29,"column":34}},"loc":{"start":{"line":29,"column":45},"end":{"line":46,"column":5}},"line":29},"3":{"name":"(anonymous_3)","decl":{"start":{"line":40,"column":39},"end":{"line":40,"column":40}},"loc":{"start":{"line":40,"column":44},"end":{"line":40,"column":67}},"line":40},"4":{"name":"(anonymous_4)","decl":{"start":{"line":75,"column":70},"end":{"line":75,"column":71}},"loc":{"start":{"line":75,"column":76},"end":{"line":75,"column":103}},"line":75},"5":{"name":"(anonymous_5)","decl":{"start":{"line":82,"column":31},"end":{"line":82,"column":32}},"loc":{"start":{"line":82,"column":44},"end":{"line":82,"column":101}},"line":82},"6":{"name":"(anonymous_6)","decl":{"start":{"line":85,"column":28},"end":{"line":85,"column":29}},"loc":{"start":{"line":85,"column":34},"end":{"line":85,"column":55}},"line":85}},"branchMap":{"0":{"loc":{"start":{"line":26,"column":18},"end":{"line":26,"column":62}},"type":"binary-expr","locations":[{"start":{"line":26,"column":18},"end":{"line":26,"column":29}},{"start":{"line":26,"column":33},"end":{"line":26,"column":46}},{"start":{"line":26,"column":50},"end":{"line":26,"column":62}}],"line":26},"1":{"loc":{"start":{"line":30,"column":6},"end":{"line":34,"column":7}},"type":"if","locations":[{"start":{"line":30,"column":6},"end":{"line":34,"column":7}},{"start":{},"end":{}}],"line":30},"2":{"loc":{"start":{"line":68,"column":11},"end":{"line":87,"column":11}},"type":"cond-expr","locations":[{"start":{"line":69,"column":12},"end":{"line":71,"column":19}},{"start":{"line":72,"column":14},"end":{"line":87,"column":11}}],"line":68},"3":{"loc":{"start":{"line":68,"column":11},"end":{"line":68,"column":37}},"type":"binary-expr","locations":[{"start":{"line":68,"column":11},"end":{"line":68,"column":18}},{"start":{"line":68,"column":22},"end":{"line":68,"column":37}}],"line":68},"4":{"loc":{"start":{"line":72,"column":14},"end":{"line":87,"column":11}},"type":"cond-expr","locations":[{"start":{"line":73,"column":12},"end":{"line":78,"column":19}},{"start":{"line":80,"column":12},"end":{"line":86,"column":14}}],"line":72}},"s":{"0":0,"1":0,"2":0,"3":0,"4":0,"5":0,"6":0,"7":0,"8":0,"9":0,"10":0,"11":0,"12":0,"13":0,"14":0,"15":0,"16":0,"17":0,"18":0,"19":0,"20":0,"21":0,"22":0,"23":0,"24":0,"25":0,"26":0},"f":{"0":0,"1":0,"2":0,"3":0,"4":0,"5":0,"6":0},"b":{"0":[0,0,0],"1":[0,0],"2":[0,0],"3":[0,0],"4":[0,0]}}
,"C:\\Users\\srika\\development\\my-new-app\\src\\utils\\currency.ts": {"path":"C:\\Users\\srika\\development\\my-new-app\\src\\utils\\currency.ts","statementMap":{"0":{"start":{"line":5,"column":27},"end":{"line":23,"column":1}},"1":{"start":{"line":6,"column":23},"end":{"line":6,"column":25}},"2":{"start":{"line":8,"column":2},"end":{"line":15,"column":3}},"3":{"start":{"line":9,"column":21},"end":{"line":9,"column":41}},"4":{"start":{"line":10,"column":4},"end":{"line":14,"column":24}},"5":{"start":{"line":18,"column":2},"end":{"line":22,"column":19}}},"fnMap":{"0":{"name":"(anonymous_0)","decl":{"start":{"line":5,"column":27},"end":{"line":5,"column":28}},"loc":{"start":{"line":5,"column":75},"end":{"line":23,"column":1}},"line":5}},"branchMap":{"0":{"loc":{"start":{"line":8,"column":2},"end":{"line":15,"column":3}},"type":"if","locations":[{"start":{"line":8,"column":2},"end":{"line":15,"column":3}},{"start":{},"end":{}}],"line":8}},"s":{"0":1,"1":3,"2":3,"3":1,"4":1,"5":2},"f":{"0":3},"b":{"0":[1,2]},"_coverageSchema":"1a1c01bbd47fc00a2c39e90264f33305004495a9","hash":"93e8b72cc3298be265874719f4513374e9d9148a"}
,"C:\\Users\\srika\\development\\my-new-app\\src\\utils\\paymentHooks.ts": {"path":"C:\\Users\\srika\\development\\my-new-app\\src\\utils\\paymentHooks.ts","statementMap":{"0":{"start":{"line":4,"column":21},"end":{"line":4,"column":90}},"1":{"start":{"line":4,"column":28},"end":{"line":4,"column":89}},"2":{"start":{"line":5,"column":28},"end":{"line":5,"column":32}},"3":{"start":{"line":7,"column":0},"end":{"line":17,"column":1}},"4":{"start":{"line":8,"column":2},"end":{"line":16,"column":3}},"5":{"start":{"line":10,"column":25},"end":{"line":10,"column":63}},"6":{"start":{"line":11,"column":4},"end":{"line":11,"column":39}},"7":{"start":{"line":13,"column":4},"end":{"line":13,"column":64}},"8":{"start":{"line":15,"column":4},"end":{"line":15,"column":102}},"9":{"start":{"line":19,"column":33},"end":{"line":72,"column":1}},"10":{"start":{"line":20,"column":18},"end":{"line":20,"column":38}},"11":{"start":{"line":23,"column":24},"end":{"line":23,"column":97}},"12":{"start":{"line":24,"column":2},"end":{"line":26,"column":16}},"13":{"start":{"line":25,"column":4},"end":{"line":25,"column":29}},"14":{"start":{"line":29,"column":30},"end":{"line":36,"column":3}},"15":{"start":{"line":30,"column":4},"end":{"line":33,"column":5}},"16":{"start":{"line":31,"column":6},"end":{"line":31,"column":119}},"17":{"start":{"line":32,"column":6},"end":{"line":32,"column":77}},"18":{"start":{"line":34,"column":22},"end":{"line":34,"column":60}},"19":{"start":{"line":35,"column":4},"end":{"line":35,"column":21}},"20":{"start":{"line":39,"column":32},"end":{"line":64,"column":3}},"21":{"start":{"line":44,"column":4},"end":{"line":47,"column":5}},"22":{"start":{"line":45,"column":6},"end":{"line":45,"column":121}},"23":{"start":{"line":46,"column":6},"end":{"line":46,"column":77}},"24":{"start":{"line":48,"column":4},"end":{"line":63,"column":5}},"25":{"start":{"line":49,"column":22},"end":{"line":58,"column":7}},"26":{"start":{"line":59,"column":19},"end":{"line":59,"column":55}},"27":{"start":{"line":60,"column":6},"end":{"line":60,"column":67}},"28":{"start":{"line":62,"column":6},"end":{"line":62,"column":91}},"29":{"start":{"line":66,"column":2},"end":{"line":71,"column":4}},"30":{"start":{"line":67,"column":45},"end":{"line":67,"column":60}}},"fnMap":{"0":{"name":"(anonymous_0)","decl":{"start":{"line":4,"column":21},"end":{"line":4,"column":22}},"loc":{"start":{"line":4,"column":28},"end":{"line":4,"column":89}},"line":4},"1":{"name":"(anonymous_1)","decl":{"start":{"line":4,"column":48},"end":{"line":4,"column":49}},"loc":{"start":{"line":4,"column":54},"end":{"line":4,"column":56}},"line":4},"2":{"name":"(anonymous_2)","decl":{"start":{"line":4,"column":79},"end":{"line":4,"column":80}},"loc":{"start":{"line":4,"column":85},"end":{"line":4,"column":87}},"line":4},"3":{"name":"(anonymous_3)","decl":{"start":{"line":19,"column":33},"end":{"line":19,"column":34}},"loc":{"start":{"line":19,"column":58},"end":{"line":72,"column":1}},"line":19},"4":{"name":"(anonymous_4)","decl":{"start":{"line":23,"column":44},"end":{"line":23,"column":45}},"loc":{"start":{"line":23,"column":56},"end":{"line":23,"column":58}},"line":23},"5":{"name":"(anonymous_5)","decl":{"start":{"line":23,"column":81},"end":{"line":23,"column":82}},"loc":{"start":{"line":23,"column":93},"end":{"line":23,"column":95}},"line":23},"6":{"name":"(anonymous_6)","decl":{"start":{"line":29,"column":30},"end":{"line":29,"column":31}},"loc":{"start":{"line":29,"column":42},"end":{"line":36,"column":3}},"line":29},"7":{"name":"(anonymous_7)","decl":{"start":{"line":39,"column":32},"end":{"line":39,"column":33}},"loc":{"start":{"line":43,"column":8},"end":{"line":64,"column":3}},"line":43},"8":{"name":"(anonymous_8)","decl":{"start":{"line":67,"column":32},"end":{"line":67,"column":33}},"loc":{"start":{"line":67,"column":45},"end":{"line":67,"column":60}},"line":67}},"branchMap":{"0":{"loc":{"start":{"line":7,"column":0},"end":{"line":17,"column":1}},"type":"if","locations":[{"start":{"line":7,"column":0},"end":{"line":17,"column":1}},{"start":{},"end":{}}],"line":7},"1":{"loc":{"start":{"line":30,"column":4},"end":{"line":33,"column":5}},"type":"if","locations":[{"start":{"line":30,"column":4},"end":{"line":33,"column":5}},{"start":{},"end":{}}],"line":30},"2":{"loc":{"start":{"line":44,"column":4},"end":{"line":47,"column":5}},"type":"if","locations":[{"start":{"line":44,"column":4},"end":{"line":47,"column":5}},{"start":{},"end":{}}],"line":44},"3":{"loc":{"start":{"line":52,"column":18},"end":{"line":52,"column":42}},"type":"binary-expr","locations":[{"start":{"line":52,"column":18},"end":{"line":52,"column":33}},{"start":{"line":52,"column":37},"end":{"line":52,"column":42}}],"line":52},"4":{"loc":{"start":{"line":53,"column":13},"end":{"line":53,"column":75}},"type":"binary-expr","locations":[{"start":{"line":53,"column":13},"end":{"line":53,"column":49}},{"start":{"line":53,"column":53},"end":{"line":53,"column":75}}],"line":53},"5":{"loc":{"start":{"line":62,"column":49},"end":{"line":62,"column":86}},"type":"binary-expr","locations":[{"start":{"line":62,"column":49},"end":{"line":62,"column":66}},{"start":{"line":62,"column":70},"end":{"line":62,"column":86}}],"line":62},"6":{"loc":{"start":{"line":67,"column":22},"end":{"line":67,"column":91}},"type":"cond-expr","locations":[{"start":{"line":67,"column":32},"end":{"line":67,"column":61}},{"start":{"line":67,"column":64},"end":{"line":67,"column":91}}],"line":67},"7":{"loc":{"start":{"line":68,"column":25},"end":{"line":68,"column":78}},"type":"cond-expr","locations":[{"start":{"line":68,"column":35},"end":{"line":68,"column":56}},{"start":{"line":68,"column":59},"end":{"line":68,"column":78}}],"line":68},"8":{"loc":{"start":{"line":69,"column":17},"end":{"line":69,"column":105}},"type":"cond-expr","locations":[{"start":{"line":69,"column":41},"end":{"line":69,"column":46}},{"start":{"line":69,"column":50},"end":{"line":69,"column":104}}],"line":69},"9":{"loc":{"start":{"line":69,"column":50},"end":{"line":69,"column":104}},"type":"binary-expr","locations":[{"start":{"line":69,"column":50},"end":{"line":69,"column":68}},{"start":{"line":69,"column":72},"end":{"line":69,"column":104}}],"line":69},"10":{"loc":{"start":{"line":70,"column":14},"end":{"line":70,"column":45}},"type":"cond-expr","locations":[{"start":{"line":70,"column":24},"end":{"line":70,"column":34}},{"start":{"line":70,"column":37},"end":{"line":70,"column":45}}],"line":70}},"s":{"0":0,"1":0,"2":0,"3":0,"4":0,"5":0,"6":0,"7":0,"8":0,"9":0,"10":0,"11":0,"12":0,"13":0,"14":0,"15":0,"16":0,"17":0,"18":0,"19":0,"20":0,"21":0,"22":0,"23":0,"24":0,"25":0,"26":0,"27":0,"28":0,"29":0,"30":0},"f":{"0":0,"1":0,"2":0,"3":0,"4":0,"5":0,"6":0,"7":0,"8":0},"b":{"0":[0,0],"1":[0,0],"2":[0,0],"3":[0,0],"4":[0,0],"5":[0,0],"6":[0,0],"7":[0,0],"8":[0,0],"9":[0,0],"10":[0,0]}}
,"C:\\Users\\srika\\development\\my-new-app\\src\\utils\\paymentHooks.web.ts": {"path":"C:\\Users\\srika\\development\\my-new-app\\src\\utils\\paymentHooks.web.ts","statementMap":{"0":{"start":{"line":3,"column":33},"end":{"line":36,"column":1}},"1":{"start":{"line":4,"column":18},"end":{"line":4,"column":38}},"2":{"start":{"line":6,"column":2},"end":{"line":35,"column":4}},"3":{"start":{"line":8,"column":6},"end":{"line":8,"column":97}},"4":{"start":{"line":9,"column":6},"end":{"line":9,"column":29}},"5":{"start":{"line":13,"column":6},"end":{"line":30,"column":9}},"6":{"start":{"line":14,"column":29},"end":{"line":14,"column":84}},"7":{"start":{"line":15,"column":26},"end":{"line":15,"column":81}},"8":{"start":{"line":18,"column":26},"end":{"line":20,"column":9}},"9":{"start":{"line":22,"column":8},"end":{"line":29,"column":9}},"10":{"start":{"line":24,"column":10},"end":{"line":26,"column":19}},"11":{"start":{"line":25,"column":12},"end":{"line":25,"column":37}},"12":{"start":{"line":28,"column":10},"end":{"line":28,"column":77}}},"fnMap":{"0":{"name":"(anonymous_0)","decl":{"start":{"line":3,"column":33},"end":{"line":3,"column":34}},"loc":{"start":{"line":3,"column":58},"end":{"line":36,"column":1}},"line":3},"1":{"name":"(anonymous_1)","decl":{"start":{"line":7,"column":22},"end":{"line":7,"column":23}},"loc":{"start":{"line":7,"column":34},"end":{"line":10,"column":5}},"line":7},"2":{"name":"(anonymous_2)","decl":{"start":{"line":12,"column":25},"end":{"line":12,"column":26}},"loc":{"start":{"line":12,"column":48},"end":{"line":31,"column":5}},"line":12},"3":{"name":"(anonymous_3)","decl":{"start":{"line":13,"column":25},"end":{"line":13,"column":26}},"loc":{"start":{"line":13,"column":38},"end":{"line":30,"column":7}},"line":13},"4":{"name":"(anonymous_4)","decl":{"start":{"line":24,"column":21},"end":{"line":24,"column":22}},"loc":{"start":{"line":24,"column":27},"end":{"line":26,"column":11}},"line":24}},"branchMap":{"0":{"loc":{"start":{"line":8,"column":62},"end":{"line":8,"column":93}},"type":"cond-expr","locations":[{"start":{"line":8,"column":72},"end":{"line":8,"column":82}},{"start":{"line":8,"column":85},"end":{"line":8,"column":93}}],"line":8},"1":{"loc":{"start":{"line":14,"column":29},"end":{"line":14,"column":84}},"type":"cond-expr","locations":[{"start":{"line":14,"column":39},"end":{"line":14,"column":57}},{"start":{"line":14,"column":60},"end":{"line":14,"column":84}}],"line":14},"2":{"loc":{"start":{"line":15,"column":29},"end":{"line":15,"column":50}},"type":"binary-expr","locations":[{"start":{"line":15,"column":29},"end":{"line":15,"column":43}},{"start":{"line":15,"column":47},"end":{"line":15,"column":50}}],"line":15},"3":{"loc":{"start":{"line":15,"column":54},"end":{"line":15,"column":79}},"type":"binary-expr","locations":[{"start":{"line":15,"column":54},"end":{"line":15,"column":70}},{"start":{"line":15,"column":74},"end":{"line":15,"column":79}}],"line":15},"4":{"loc":{"start":{"line":22,"column":8},"end":{"line":29,"column":9}},"type":"if","locations":[{"start":{"line":22,"column":8},"end":{"line":29,"column":9}},{"start":{"line":27,"column":15},"end":{"line":29,"column":9}}],"line":22},"5":{"loc":{"start":{"line":34,"column":14},"end":{"line":34,"column":45}},"type":"cond-expr","locations":[{"start":{"line":34,"column":24},"end":{"line":34,"column":34}},{"start":{"line":34,"column":37},"end":{"line":34,"column":45}}],"line":34}},"s":{"0":0,"1":0,"2":0,"3":0,"4":0,"5":0,"6":0,"7":0,"8":0,"9":0,"10":0,"11":0,"12":0},"f":{"0":0,"1":0,"2":0,"3":0,"4":0},"b":{"0":[0,0],"1":[0,0],"2":[0,0],"3":[0,0],"4":[0,0],"5":[0,0]}}
}
