TN:
SF:src\components\CategoryBar.tsx
FN:40,(anonymous_0)
FN:59,(anonymous_1)
FN:71,(anonymous_2)
FN:75,(anonymous_3)
FN:91,(anonymous_4)
FN:110,(anonymous_5)
FN:114,(anonymous_6)
FN:145,(anonymous_7)
FN:152,(anonymous_8)
FN:164,(anonymous_9)
FN:168,(anonymous_10)
FN:192,(anonymous_11)
FN:196,(anonymous_12)
FNF:13
FNH:0
FNDA:0,(anonymous_0)
FNDA:0,(anonymous_1)
FNDA:0,(anonymous_2)
FNDA:0,(anonymous_3)
FNDA:0,(anonymous_4)
FNDA:0,(anonymous_5)
FNDA:0,(anonymous_6)
FNDA:0,(anonymous_7)
FNDA:0,(anonymous_8)
FNDA:0,(anonymous_9)
FNDA:0,(anonymous_10)
FNDA:0,(anonymous_11)
FNDA:0,(anonymous_12)
DA:5,0
DA:6,0
DA:17,0
DA:38,0
DA:40,0
DA:50,0
DA:51,0
DA:52,0
DA:53,0
DA:55,0
DA:59,0
DA:60,0
DA:61,0
DA:64,0
DA:72,0
DA:76,0
DA:77,0
DA:92,0
DA:93,0
DA:94,0
DA:111,0
DA:115,0
DA:116,0
DA:146,0
DA:147,0
DA:148,0
DA:152,0
DA:165,0
DA:169,0
DA:170,0
DA:193,0
DA:196,0
DA:210,0
LF:33
LH:0
BRDA:38,0,0,0
BRDA:38,0,1,0
BRDA:43,1,0,0
BRDA:55,2,0,0
BRDA:55,2,1,0
BRDA:56,3,0,0
BRDA:56,3,1,0
BRDA:57,4,0,0
BRDA:57,4,1,0
BRDA:69,5,0,0
BRDA:69,5,1,0
BRDA:74,6,0,0
BRDA:74,6,1,0
BRDA:81,7,0,0
BRDA:81,7,1,0
BRDA:102,8,0,0
BRDA:102,8,1,0
BRDA:113,9,0,0
BRDA:113,9,1,0
BRDA:119,10,0,0
BRDA:119,10,1,0
BRDA:133,11,0,0
BRDA:133,11,1,0
BRDA:136,12,0,0
BRDA:136,12,1,0
BRDA:136,13,0,0
BRDA:136,13,1,0
BRDA:137,14,0,0
BRDA:137,14,1,0
BRDA:138,15,0,0
BRDA:138,15,1,0
BRDA:152,16,0,0
BRDA:152,16,1,0
BRDA:156,17,0,0
BRDA:156,17,1,0
BRDA:167,18,0,0
BRDA:167,18,1,0
BRDA:173,19,0,0
BRDA:173,19,1,0
BRDA:195,20,0,0
BRDA:195,20,1,0
BRDA:198,21,0,0
BRDA:198,21,1,0
BRDA:293,22,0,0
BRDA:293,22,1,0
BRF:45
BRH:0
end_of_record
TN:
SF:src\components\CollectionShowcase.tsx
FN:42,(anonymous_0)
FN:51,(anonymous_1)
FN:56,(anonymous_2)
FNF:3
FNH:0
FNDA:0,(anonymous_0)
FNDA:0,(anonymous_1)
FNDA:0,(anonymous_2)
DA:11,0
DA:12,0
DA:14,0
DA:42,0
DA:43,0
DA:52,0
DA:56,0
DA:78,0
LF:8
LH:0
BRDA:12,0,0,0
BRDA:12,0,1,0
BRF:2
BRH:0
end_of_record
TN:
SF:src\components\ConfirmationModal.tsx
FN:25,(anonymous_0)
FNF:1
FNH:0
FNDA:0,(anonymous_0)
DA:25,0
DA:36,0
DA:38,0
DA:83,0
LF:4
LH:0
BRDA:29,0,0,0
BRDA:30,1,0,0
BRDA:33,2,0,0
BRDA:36,3,0,0
BRDA:36,3,1,0
BRDA:36,4,0,0
BRDA:36,4,1,0
BRDA:48,5,0,0
BRDA:48,5,1,0
BRDA:64,6,0,0
BRDA:64,6,1,0
BRDA:71,7,0,0
BRDA:71,7,1,0
BRF:13
BRH:0
end_of_record
TN:
SF:src\components\CraftsmanshipStory.tsx
FN:10,(anonymous_0)
FNF:1
FNH:0
FNDA:0,(anonymous_0)
DA:10,0
DA:11,0
DA:12,0
DA:14,0
DA:54,0
LF:5
LH:0
BRDA:16,0,0,0
BRDA:16,0,1,0
BRDA:17,1,0,0
BRDA:17,1,1,0
BRDA:42,2,0,0
BRDA:42,2,1,0
BRF:6
BRH:0
end_of_record
TN:
SF:src\components\FilterModal.tsx
FN:28,(anonymous_0)
FN:42,(anonymous_1)
FN:46,(anonymous_2)
FN:47,(anonymous_3)
FN:50,(anonymous_4)
FN:56,(anonymous_5)
FN:60,(anonymous_6)
FN:67,(anonymous_7)
FN:81,(anonymous_8)
FN:91,(anonymous_9)
FN:94,(anonymous_10)
FN:100,(anonymous_11)
FN:138,(anonymous_12)
FN:144,(anonymous_13)
FN:167,(anonymous_14)
FN:176,(anonymous_15)
FN:185,(anonymous_16)
FN:191,(anonymous_17)
FN:204,(anonymous_18)
FN:210,(anonymous_19)
FN:221,(anonymous_20)
FN:224,(anonymous_21)
FNF:22
FNH:0
FNDA:0,(anonymous_0)
FNDA:0,(anonymous_1)
FNDA:0,(anonymous_2)
FNDA:0,(anonymous_3)
FNDA:0,(anonymous_4)
FNDA:0,(anonymous_5)
FNDA:0,(anonymous_6)
FNDA:0,(anonymous_7)
FNDA:0,(anonymous_8)
FNDA:0,(anonymous_9)
FNDA:0,(anonymous_10)
FNDA:0,(anonymous_11)
FNDA:0,(anonymous_12)
FNDA:0,(anonymous_13)
FNDA:0,(anonymous_14)
FNDA:0,(anonymous_15)
FNDA:0,(anonymous_16)
FNDA:0,(anonymous_17)
FNDA:0,(anonymous_18)
FNDA:0,(anonymous_19)
FNDA:0,(anonymous_20)
FNDA:0,(anonymous_21)
DA:25,0
DA:26,0
DA:28,0
DA:35,0
DA:36,0
DA:37,0
DA:38,0
DA:39,0
DA:42,0
DA:43,0
DA:46,0
DA:47,0
DA:48,0
DA:49,0
DA:50,0
DA:52,0
DA:56,0
DA:57,0
DA:58,0
DA:59,0
DA:60,0
DA:67,0
DA:68,0
DA:81,0
DA:82,0
DA:85,0
DA:88,0
DA:91,0
DA:92,0
DA:94,0
DA:100,0
DA:109,0
DA:113,0
DA:117,0
DA:139,0
DA:140,0
DA:144,0
DA:167,0
DA:176,0
DA:186,0
DA:187,0
DA:191,0
DA:205,0
DA:206,0
DA:210,0
DA:221,0
DA:224,0
DA:234,0
LF:48
LH:0
BRDA:48,0,0,0
BRDA:48,0,1,0
BRDA:49,1,0,0
BRDA:49,1,1,0
BRDA:59,2,0,0
BRDA:59,2,1,0
BRDA:59,3,0,0
BRDA:59,3,1,0
BRDA:68,4,0,0
BRDA:68,4,1,0
BRDA:82,5,0,0
BRDA:82,5,1,0
BRDA:84,6,0,0
BRDA:84,6,1,0
BRDA:85,7,0,0
BRDA:85,7,1,0
BRDA:87,8,0,0
BRDA:87,8,1,0
BRDA:88,9,0,0
BRDA:88,9,1,0
BRDA:92,10,0,0
BRDA:92,10,1,0
BRDA:109,11,0,0
BRDA:109,11,1,0
BRDA:110,12,0,0
BRDA:110,12,1,0
BRDA:113,13,0,0
BRDA:113,13,1,0
BRDA:114,14,0,0
BRDA:114,14,1,0
BRDA:121,15,0,0
BRDA:121,15,1,0
BRDA:124,16,0,0
BRDA:124,16,1,0
BRDA:125,17,0,0
BRDA:125,17,1,0
BRDA:143,18,0,0
BRDA:143,18,1,0
BRDA:146,19,0,0
BRDA:146,19,1,0
BRDA:158,20,0,0
BRDA:158,20,1,0
BRDA:190,21,0,0
BRDA:190,21,1,0
BRDA:193,22,0,0
BRDA:193,22,1,0
BRDA:209,23,0,0
BRDA:209,23,1,0
BRDA:212,24,0,0
BRDA:212,24,1,0
BRDA:252,25,0,0
BRDA:252,25,1,0
BRF:52
BRH:0
end_of_record
TN:
SF:src\components\Footer.tsx
FN:5,(anonymous_0)
FN:49,(anonymous_1)
FN:52,(anonymous_2)
FNF:3
FNH:0
FNDA:0,(anonymous_0)
FNDA:0,(anonymous_1)
FNDA:0,(anonymous_2)
DA:5,0
DA:6,0
DA:7,0
DA:9,0
DA:10,0
DA:11,0
DA:12,0
DA:14,0
DA:50,0
DA:51,0
DA:52,0
DA:66,0
LF:12
LH:0
BRDA:9,0,0,0
BRDA:9,0,1,0
BRDA:10,1,0,0
BRDA:10,1,1,0
BRDA:11,2,0,0
BRDA:11,2,1,0
BRDA:12,3,0,0
BRDA:12,3,1,0
BRDA:51,4,0,0
BRDA:51,4,1,0
BRF:10
BRH:0
end_of_record
TN:
SF:src\components\GoldRateBanner.tsx
FN:5,(anonymous_0)
FN:19,(anonymous_1)
FNF:2
FNH:0
FNDA:0,(anonymous_0)
FNDA:0,(anonymous_1)
DA:5,0
DA:6,0
DA:8,0
DA:9,0
DA:16,0
DA:20,0
DA:31,0
LF:7
LH:0
BRDA:8,0,0,0
BRDA:8,0,1,0
BRDA:23,1,0,0
BRDA:23,1,1,0
BRF:4
BRH:0
end_of_record
TN:
SF:src\components\Header.tsx
FN:28,(anonymous_0)
FN:50,(anonymous_1)
FN:51,(anonymous_2)
FN:52,(anonymous_3)
FN:54,(anonymous_4)
FN:59,(anonymous_5)
FN:64,(anonymous_6)
FN:69,(anonymous_7)
FN:70,(anonymous_8)
FN:72,(anonymous_9)
FN:80,(anonymous_10)
FN:81,(anonymous_11)
FN:93,(anonymous_12)
FN:95,(anonymous_13)
FN:97,(anonymous_14)
FN:111,(anonymous_15)
FN:314,(anonymous_16)
FN:315,(anonymous_17)
FN:316,(anonymous_18)
FN:331,(anonymous_19)
FN:334,(anonymous_20)
FN:338,(anonymous_21)
FNF:22
FNH:0
FNDA:0,(anonymous_0)
FNDA:0,(anonymous_1)
FNDA:0,(anonymous_2)
FNDA:0,(anonymous_3)
FNDA:0,(anonymous_4)
FNDA:0,(anonymous_5)
FNDA:0,(anonymous_6)
FNDA:0,(anonymous_7)
FNDA:0,(anonymous_8)
FNDA:0,(anonymous_9)
FNDA:0,(anonymous_10)
FNDA:0,(anonymous_11)
FNDA:0,(anonymous_12)
FNDA:0,(anonymous_13)
FNDA:0,(anonymous_14)
FNDA:0,(anonymous_15)
FNDA:0,(anonymous_16)
FNDA:0,(anonymous_17)
FNDA:0,(anonymous_18)
FNDA:0,(anonymous_19)
FNDA:0,(anonymous_20)
FNDA:0,(anonymous_21)
DA:15,0
DA:16,0
DA:28,0
DA:35,0
DA:36,0
DA:37,0
DA:38,0
DA:39,0
DA:40,0
DA:41,0
DA:42,0
DA:43,0
DA:44,0
DA:46,0
DA:47,0
DA:48,0
DA:50,0
DA:51,0
DA:52,0
DA:54,0
DA:55,0
DA:56,0
DA:59,0
DA:60,0
DA:61,0
DA:64,0
DA:65,0
DA:66,0
DA:69,0
DA:70,0
DA:72,0
DA:73,0
DA:74,0
DA:76,0
DA:80,0
DA:81,0
DA:82,0
DA:83,0
DA:89,0
DA:93,0
DA:94,0
DA:95,0
DA:96,0
DA:97,0
DA:98,0
DA:99,0
DA:105,0
DA:107,0
DA:111,0
DA:112,0
DA:117,0
DA:122,0
DA:128,0
DA:129,0
DA:130,0
DA:131,0
DA:132,0
DA:134,0
DA:138,0
DA:141,0
DA:144,0
DA:147,0
DA:149,0
DA:151,0
DA:157,0
DA:163,0
DA:171,0
DA:315,0
DA:316,0
DA:317,0
DA:318,0
DA:324,0
DA:326,0
DA:331,0
DA:334,0
DA:338,0
DA:358,0
LF:77
LH:0
BRDA:15,0,0,0
BRDA:15,0,1,0
BRDA:55,1,0,0
BRDA:55,1,1,0
BRDA:60,2,0,0
BRDA:60,2,1,0
BRDA:65,3,0,0
BRDA:65,3,1,0
BRDA:69,4,0,0
BRDA:69,4,1,0
BRDA:70,5,0,0
BRDA:70,5,1,0
BRDA:73,6,0,0
BRDA:73,6,1,0
BRDA:84,7,0,0
BRDA:84,7,1,0
BRDA:94,8,0,0
BRDA:94,8,1,0
BRDA:96,9,0,0
BRDA:96,9,1,0
BRDA:98,10,0,0
BRDA:98,10,1,0
BRDA:128,11,0,0
BRDA:128,11,1,0
BRDA:128,12,0,0
BRDA:128,12,1,0
BRDA:129,13,0,0
BRDA:129,13,1,0
BRDA:129,14,0,0
BRDA:129,14,1,0
BRDA:130,15,0,0
BRDA:130,15,1,0
BRDA:131,16,0,0
BRDA:131,16,1,0
BRDA:132,17,0,0
BRDA:132,17,1,0
BRDA:134,18,0,0
BRDA:134,18,1,0
BRDA:135,19,0,0
BRDA:135,19,1,0
BRDA:136,20,0,0
BRDA:136,20,1,0
BRDA:138,21,0,0
BRDA:138,21,1,0
BRDA:138,22,0,0
BRDA:138,22,1,0
BRDA:141,23,0,0
BRDA:141,23,1,0
BRDA:147,24,0,0
BRDA:147,24,1,0
BRDA:149,25,0,0
BRDA:149,25,1,0
BRDA:153,26,0,0
BRDA:153,26,1,0
BRDA:177,27,0,0
BRDA:177,27,1,0
BRDA:186,28,0,0
BRDA:186,28,1,0
BRDA:226,29,0,0
BRDA:226,29,1,0
BRDA:229,30,0,0
BRDA:229,30,1,0
BRDA:238,31,0,0
BRDA:238,31,1,0
BRDA:256,32,0,0
BRDA:256,32,1,0
BRDA:265,33,0,0
BRDA:265,33,1,0
BRDA:273,34,0,0
BRDA:273,34,1,0
BRDA:279,35,0,0
BRDA:279,35,1,0
BRDA:286,36,0,0
BRDA:286,36,1,0
BRDA:302,37,0,0
BRDA:302,37,1,0
BRDA:317,38,0,0
BRDA:317,38,1,0
BRDA:337,39,0,0
BRDA:337,39,1,0
BRDA:349,40,0,0
BRDA:349,40,1,0
BRDA:395,41,0,0
BRDA:395,41,1,0
BRF:84
BRH:0
end_of_record
TN:
SF:src\components\ImageScroller.tsx
FN:13,(anonymous_0)
FN:22,(anonymous_1)
FN:23,(anonymous_2)
FN:30,(anonymous_3)
FN:38,(anonymous_4)
FN:47,(anonymous_5)
FN:61,(anonymous_6)
FN:64,(anonymous_7)
FN:77,(anonymous_8)
FN:80,(anonymous_9)
FN:102,(anonymous_10)
FN:116,(anonymous_11)
FNF:12
FNH:0
FNDA:0,(anonymous_0)
FNDA:0,(anonymous_1)
FNDA:0,(anonymous_2)
FNDA:0,(anonymous_3)
FNDA:0,(anonymous_4)
FNDA:0,(anonymous_5)
FNDA:0,(anonymous_6)
FNDA:0,(anonymous_7)
FNDA:0,(anonymous_8)
FNDA:0,(anonymous_9)
FNDA:0,(anonymous_10)
FNDA:0,(anonymous_11)
DA:6,0
DA:13,0
DA:14,0
DA:15,0
DA:16,0
DA:17,0
DA:18,0
DA:20,0
DA:22,0
DA:23,0
DA:24,0
DA:25,0
DA:29,0
DA:30,0
DA:38,0
DA:46,0
DA:47,0
DA:54,0
DA:58,0
DA:61,0
DA:62,0
DA:64,0
DA:65,0
DA:66,0
DA:67,0
DA:70,0
DA:71,0
DA:77,0
DA:80,0
DA:81,0
DA:82,0
DA:83,0
DA:84,0
DA:88,0
DA:89,0
DA:92,0
DA:103,0
DA:117,0
DA:130,0
LF:39
LH:0
BRDA:20,0,0,0
BRDA:20,0,1,0
BRDA:20,1,0,0
BRDA:20,1,1,0
BRDA:29,2,0,0
BRDA:29,2,1,0
BRDA:29,3,0,0
BRDA:29,3,1,0
BRDA:29,3,2,0
BRDA:33,4,0,0
BRDA:33,4,1,0
BRDA:62,5,0,0
BRDA:62,5,1,0
BRDA:66,6,0,0
BRDA:66,6,1,0
BRDA:83,7,0,0
BRDA:83,7,1,0
BRDA:88,8,0,0
BRDA:88,8,1,0
BRDA:88,9,0,0
BRDA:88,9,1,0
BRDA:105,10,0,0
BRDA:105,10,1,0
BRDA:121,11,0,0
BRDA:121,11,1,0
BRF:25
BRH:0
end_of_record
TN:
SF:src\components\JewelryModel.tsx
FN:13,(anonymous_0)
FN:18,(anonymous_1)
FN:19,(anonymous_2)
FN:33,(anonymous_3)
FN:140,(anonymous_4)
FNF:5
FNH:0
FNDA:0,(anonymous_0)
FNDA:0,(anonymous_1)
FNDA:0,(anonymous_2)
FNDA:0,(anonymous_3)
FNDA:0,(anonymous_4)
DA:11,0
DA:13,0
DA:14,0
DA:18,0
DA:19,0
DA:20,0
DA:21,0
DA:22,0
DA:23,0
DA:24,0
DA:30,0
DA:33,0
DA:35,0
DA:44,0
DA:45,0
DA:53,0
DA:54,0
DA:55,0
DA:62,0
DA:63,0
DA:71,0
DA:85,0
DA:86,0
DA:87,0
DA:94,0
DA:95,0
DA:109,0
DA:126,0
DA:140,0
DA:141,0
DA:143,0
DA:144,0
DA:151,0
LF:33
LH:0
BRDA:20,0,0,0
BRDA:20,0,1,0
BRDA:22,1,0,0
BRDA:22,1,1,0
BRDA:44,2,0,0
BRDA:44,2,1,0
BRDA:53,3,0,0
BRDA:53,3,1,0
BRDA:54,4,0,0
BRDA:54,4,1,0
BRDA:62,5,0,0
BRDA:62,5,1,0
BRDA:85,6,0,0
BRDA:85,6,1,0
BRDA:86,7,0,0
BRDA:86,7,1,0
BRDA:94,8,0,0
BRDA:94,8,1,0
BRDA:143,9,0,0
BRDA:143,9,1,0
BRF:20
BRH:0
end_of_record
TN:
SF:src\components\OptimizedImage.tsx
FN:18,(anonymous_0)
FN:33,(anonymous_1)
FN:40,(anonymous_2)
FN:46,(anonymous_3)
FN:66,(anonymous_4)
FN:67,(anonymous_5)
FNF:6
FNH:0
FNDA:0,(anonymous_0)
FNDA:0,(anonymous_1)
FNDA:0,(anonymous_2)
FNDA:0,(anonymous_3)
FNDA:0,(anonymous_4)
FNDA:0,(anonymous_5)
DA:18,0
DA:28,0
DA:29,0
DA:30,0
DA:33,0
DA:34,0
DA:35,0
DA:36,0
DA:40,0
DA:41,0
DA:42,0
DA:46,0
DA:47,0
DA:50,0
DA:51,0
DA:54,0
DA:66,0
DA:68,0
DA:69,0
DA:70,0
DA:83,0
LF:21
LH:0
BRDA:20,0,0,0
BRDA:21,1,0,0
BRDA:22,2,0,0
BRDA:25,3,0,0
BRDA:26,4,0,0
BRDA:36,5,0,0
BRDA:36,5,1,0
BRDA:41,6,0,0
BRDA:41,6,1,0
BRDA:41,7,0,0
BRDA:41,7,1,0
BRDA:50,8,0,0
BRDA:50,8,1,0
BRDA:56,9,0,0
BRDA:56,9,1,0
BRDA:74,10,0,0
BRDA:74,10,1,0
BRDA:74,10,2,0
BRF:18
BRH:0
end_of_record
TN:
SF:src\components\ProductHorizontalScroll.tsx
FN:26,(anonymous_0)
FN:47,(anonymous_1)
FN:52,(anonymous_2)
FNF:3
FNH:0
FNDA:0,(anonymous_0)
FNDA:0,(anonymous_1)
FNDA:0,(anonymous_2)
DA:23,0
DA:24,0
DA:26,0
DA:31,0
DA:33,0
DA:35,0
DA:48,0
DA:52,0
DA:75,0
LF:9
LH:0
BRDA:24,0,0,0
BRDA:24,0,1,0
BRDA:33,1,0,0
BRDA:33,1,1,0
BRF:4
BRH:0
end_of_record
TN:
SF:src\components\ProductImageGallery.tsx
FN:14,(anonymous_0)
FN:29,(anonymous_1)
FN:33,(anonymous_2)
FN:41,(anonymous_3)
FN:46,(anonymous_4)
FN:63,(anonymous_5)
FN:69,(anonymous_6)
FN:70,(anonymous_7)
FN:85,(anonymous_8)
FN:92,(anonymous_9)
FN:94,(anonymous_10)
FN:120,(anonymous_11)
FN:135,(anonymous_12)
FN:152,(anonymous_13)
FN:209,(anonymous_14)
FN:214,(anonymous_15)
FN:216,(anonymous_16)
FN:217,(anonymous_17)
FN:233,(anonymous_18)
FNF:19
FNH:0
FNDA:0,(anonymous_0)
FNDA:0,(anonymous_1)
FNDA:0,(anonymous_2)
FNDA:0,(anonymous_3)
FNDA:0,(anonymous_4)
FNDA:0,(anonymous_5)
FNDA:0,(anonymous_6)
FNDA:0,(anonymous_7)
FNDA:0,(anonymous_8)
FNDA:0,(anonymous_9)
FNDA:0,(anonymous_10)
FNDA:0,(anonymous_11)
FNDA:0,(anonymous_12)
FNDA:0,(anonymous_13)
FNDA:0,(anonymous_14)
FNDA:0,(anonymous_15)
FNDA:0,(anonymous_16)
FNDA:0,(anonymous_17)
FNDA:0,(anonymous_18)
DA:14,0
DA:21,0
DA:22,0
DA:23,0
DA:26,0
DA:27,0
DA:29,0
DA:30,0
DA:33,0
DA:34,0
DA:35,0
DA:36,0
DA:37,0
DA:41,0
DA:42,0
DA:43,0
DA:46,0
DA:47,0
DA:49,0
DA:50,0
DA:51,0
DA:54,0
DA:55,0
DA:57,0
DA:58,0
DA:59,0
DA:63,0
DA:64,0
DA:65,0
DA:69,0
DA:70,0
DA:73,0
DA:74,0
DA:76,0
DA:86,0
DA:92,0
DA:94,0
DA:121,0
DA:136,0
DA:137,0
DA:153,0
DA:209,0
DA:214,0
DA:216,0
DA:218,0
DA:233,0
DA:243,0
LF:47
LH:0
BRDA:36,0,0,0
BRDA:36,0,1,0
BRDA:36,1,0,0
BRDA:36,1,1,0
BRDA:36,1,2,0
BRDA:47,2,0,0
BRDA:47,2,1,0
BRDA:47,3,0,0
BRDA:47,3,1,0
BRDA:54,4,0,0
BRDA:54,4,1,0
BRDA:57,5,0,0
BRDA:57,5,1,0
BRDA:64,6,0,0
BRDA:64,6,1,0
BRDA:64,7,0,0
BRDA:64,7,1,0
BRDA:78,8,0,0
BRDA:78,8,1,0
BRDA:79,9,0,0
BRDA:79,9,1,0
BRDA:79,9,2,0
BRDA:90,10,0,0
BRDA:90,10,1,0
BRDA:150,11,0,0
BRDA:150,11,1,0
BRDA:157,12,0,0
BRDA:157,12,1,0
BRDA:168,13,0,0
BRDA:168,13,1,0
BRDA:169,14,0,0
BRDA:169,14,1,0
BRDA:176,15,0,0
BRDA:176,15,1,0
BRDA:176,15,2,0
BRDA:182,16,0,0
BRDA:182,16,1,0
BRDA:226,17,0,0
BRDA:226,17,1,0
BRF:39
BRH:0
end_of_record
TN:
SF:src\components\ProductList.tsx
FN:28,(anonymous_0)
FN:35,(anonymous_1)
FN:39,(anonymous_2)
FN:58,(anonymous_3)
FN:75,(anonymous_4)
FN:77,(anonymous_5)
FN:79,(anonymous_6)
FN:109,(anonymous_7)
FN:128,(anonymous_8)
FN:152,(anonymous_9)
FN:161,(anonymous_10)
FN:188,(anonymous_11)
FN:191,(anonymous_12)
FN:196,(anonymous_13)
FN:197,(anonymous_14)
FN:204,(anonymous_15)
FN:220,(anonymous_16)
FN:225,(anonymous_17)
FN:233,(anonymous_18)
FN:242,(anonymous_19)
FN:245,(anonymous_20)
FN:248,(anonymous_21)
FN:251,(anonymous_22)
FN:255,(anonymous_23)
FN:256,(anonymous_24)
FN:257,(anonymous_25)
FN:258,(anonymous_26)
FN:259,(anonymous_27)
FN:260,(anonymous_28)
FN:261,(anonymous_29)
FN:266,(anonymous_30)
FN:286,(anonymous_31)
FN:306,(anonymous_32)
FN:317,(anonymous_33)
FNF:34
FNH:0
FNDA:0,(anonymous_0)
FNDA:0,(anonymous_1)
FNDA:0,(anonymous_2)
FNDA:0,(anonymous_3)
FNDA:0,(anonymous_4)
FNDA:0,(anonymous_5)
FNDA:0,(anonymous_6)
FNDA:0,(anonymous_7)
FNDA:0,(anonymous_8)
FNDA:0,(anonymous_9)
FNDA:0,(anonymous_10)
FNDA:0,(anonymous_11)
FNDA:0,(anonymous_12)
FNDA:0,(anonymous_13)
FNDA:0,(anonymous_14)
FNDA:0,(anonymous_15)
FNDA:0,(anonymous_16)
FNDA:0,(anonymous_17)
FNDA:0,(anonymous_18)
FNDA:0,(anonymous_19)
FNDA:0,(anonymous_20)
FNDA:0,(anonymous_21)
FNDA:0,(anonymous_22)
FNDA:0,(anonymous_23)
FNDA:0,(anonymous_24)
FNDA:0,(anonymous_25)
FNDA:0,(anonymous_26)
FNDA:0,(anonymous_27)
FNDA:0,(anonymous_28)
FNDA:0,(anonymous_29)
FNDA:0,(anonymous_30)
FNDA:0,(anonymous_31)
FNDA:0,(anonymous_32)
FNDA:0,(anonymous_33)
DA:28,0
DA:29,0
DA:30,0
DA:31,0
DA:32,0
DA:33,0
DA:35,0
DA:36,0
DA:39,0
DA:40,0
DA:56,0
DA:58,0
DA:59,0
DA:63,0
DA:66,0
DA:75,0
DA:77,0
DA:79,0
DA:110,0
DA:111,0
DA:129,0
DA:130,0
DA:153,0
DA:161,0
DA:174,0
DA:175,0
DA:176,0
DA:177,0
DA:178,0
DA:180,0
DA:181,0
DA:182,0
DA:183,0
DA:188,0
DA:189,0
DA:190,0
DA:191,0
DA:192,0
DA:196,0
DA:197,0
DA:198,0
DA:199,0
DA:200,0
DA:201,0
DA:202,0
DA:203,0
DA:204,0
DA:206,0
DA:208,0
DA:210,0
DA:211,0
DA:213,0
DA:217,0
DA:220,0
DA:221,0
DA:223,0
DA:224,0
DA:225,0
DA:226,0
DA:231,0
DA:232,0
DA:233,0
DA:234,0
DA:241,0
DA:242,0
DA:244,0
DA:245,0
DA:247,0
DA:248,0
DA:250,0
DA:251,0
DA:254,0
DA:255,0
DA:256,0
DA:257,0
DA:258,0
DA:259,0
DA:260,0
DA:261,0
DA:263,0
DA:266,0
DA:267,0
DA:268,0
DA:269,0
DA:272,0
DA:274,0
DA:275,0
DA:276,0
DA:277,0
DA:280,0
DA:281,0
DA:282,0
DA:284,0
DA:286,0
DA:287,0
DA:302,0
DA:306,0
DA:318,0
DA:364,0
LF:99
LH:0
BRDA:36,0,0,0
BRDA:36,0,1,0
BRDA:72,1,0,0
BRDA:72,1,1,0
BRDA:72,1,2,0
BRDA:87,2,0,0
BRDA:87,2,1,0
BRDA:91,3,0,0
BRDA:91,3,1,0
BRDA:104,4,0,0
BRDA:104,4,1,0
BRDA:114,5,0,0
BRDA:114,5,1,0
BRDA:115,6,0,0
BRDA:115,6,1,0
BRDA:126,7,0,0
BRDA:126,7,1,0
BRDA:135,8,0,0
BRDA:135,8,1,0
BRDA:137,9,0,0
BRDA:137,9,1,0
BRDA:142,10,0,0
BRDA:142,10,1,0
BRDA:145,11,0,0
BRDA:145,11,1,0
BRDA:153,12,0,0
BRDA:153,12,1,0
BRDA:153,12,2,0
BRDA:153,12,3,0
BRDA:153,12,4,0
BRDA:153,12,5,0
BRDA:165,13,0,0
BRDA:167,14,0,0
BRDA:172,15,0,0
BRDA:202,16,0,0
BRDA:202,16,1,0
BRDA:223,17,0,0
BRDA:223,17,1,0
BRDA:226,18,0,0
BRDA:226,18,1,0
BRDA:231,19,0,0
BRDA:231,19,1,0
BRDA:234,20,0,0
BRDA:234,20,1,0
BRDA:234,20,2,0
BRDA:234,20,3,0
BRDA:241,21,0,0
BRDA:241,21,1,0
BRDA:242,22,0,0
BRDA:242,22,1,0
BRDA:244,23,0,0
BRDA:244,23,1,0
BRDA:245,24,0,0
BRDA:245,24,1,0
BRDA:247,25,0,0
BRDA:247,25,1,0
BRDA:247,26,0,0
BRDA:247,26,1,0
BRDA:250,27,0,0
BRDA:250,27,1,0
BRDA:250,28,0,0
BRDA:250,28,1,0
BRDA:254,29,0,0
BRDA:254,29,1,0
BRDA:254,29,2,0
BRDA:254,29,3,0
BRDA:254,29,4,0
BRDA:254,29,5,0
BRDA:254,29,6,0
BRDA:267,30,0,0
BRDA:267,30,1,0
BRDA:268,31,0,0
BRDA:268,31,1,0
BRDA:272,32,0,0
BRDA:272,32,1,0
BRDA:274,33,0,0
BRDA:274,33,1,0
BRDA:275,34,0,0
BRDA:275,34,1,0
BRDA:276,35,0,0
BRDA:276,35,1,0
BRDA:280,36,0,0
BRDA:280,36,1,0
BRDA:314,37,0,0
BRDA:314,37,1,0
BRDA:316,38,0,0
BRDA:316,38,1,0
BRDA:322,39,0,0
BRDA:322,39,1,0
BRDA:326,40,0,0
BRDA:326,40,1,0
BRDA:332,41,0,0
BRDA:332,41,1,0
BRDA:339,42,0,0
BRDA:339,42,1,0
BRDA:342,43,0,0
BRDA:342,43,1,0
BRDA:475,44,0,0
BRDA:475,44,1,0
BRDA:574,45,0,0
BRDA:574,45,1,0
BRDA:601,46,0,0
BRDA:601,46,1,0
BRDA:644,47,0,0
BRDA:644,47,1,0
BRDA:669,48,0,0
BRDA:669,48,1,0
BRF:107
BRH:0
end_of_record
TN:
SF:src\components\SideDrawer.tsx
FN:31,(anonymous_0)
FN:39,(anonymous_1)
FN:69,(anonymous_2)
FN:74,(anonymous_3)
FN:78,(anonymous_4)
FN:83,(anonymous_5)
FN:88,(anonymous_6)
FN:103,(anonymous_7)
FN:111,(anonymous_8)
FN:131,(anonymous_9)
FN:135,(anonymous_10)
FN:244,(anonymous_11)
FNF:12
FNH:0
FNDA:0,(anonymous_0)
FNDA:0,(anonymous_1)
FNDA:0,(anonymous_2)
FNDA:0,(anonymous_3)
FNDA:0,(anonymous_4)
FNDA:0,(anonymous_5)
FNDA:0,(anonymous_6)
FNDA:0,(anonymous_7)
FNDA:0,(anonymous_8)
FNDA:0,(anonymous_9)
FNDA:0,(anonymous_10)
FNDA:0,(anonymous_11)
DA:28,0
DA:29,0
DA:31,0
DA:32,0
DA:33,0
DA:34,0
DA:35,0
DA:36,0
DA:37,0
DA:39,0
DA:40,0
DA:41,0
DA:54,0
DA:69,0
DA:70,0
DA:71,0
DA:74,0
DA:75,0
DA:78,0
DA:79,0
DA:80,0
DA:83,0
DA:84,0
DA:85,0
DA:88,0
DA:103,0
DA:104,0
DA:105,0
DA:107,0
DA:112,0
DA:113,0
DA:115,0
DA:132,0
DA:135,0
DA:147,0
DA:149,0
DA:244,0
DA:254,0
LF:38
LH:0
BRDA:29,0,0,0
BRDA:29,0,1,0
BRDA:40,1,0,0
BRDA:40,1,1,0
BRDA:75,2,0,0
BRDA:75,2,1,0
BRDA:87,3,0,0
BRDA:87,3,1,0
BRDA:91,4,0,0
BRDA:91,4,1,0
BRDA:93,5,0,0
BRDA:93,5,1,0
BRDA:94,6,0,0
BRDA:94,6,1,0
BRDA:95,7,0,0
BRDA:95,7,1,0
BRDA:105,8,0,0
BRDA:105,8,1,0
BRDA:112,9,0,0
BRDA:112,9,1,0
BRDA:124,10,0,0
BRDA:124,10,1,0
BRDA:125,11,0,0
BRDA:125,11,1,0
BRDA:129,12,0,0
BRDA:129,12,1,0
BRDA:129,12,2,0
BRDA:147,13,0,0
BRDA:147,13,1,0
BRDA:147,14,0,0
BRDA:147,14,1,0
BRDA:155,15,0,0
BRDA:155,15,1,0
BRDA:188,16,0,0
BRDA:188,16,1,0
BRDA:230,17,0,0
BRDA:230,17,1,0
BRDA:234,18,0,0
BRDA:234,18,1,0
BRDA:238,19,0,0
BRDA:238,19,1,0
BRDA:243,20,0,0
BRDA:243,20,1,0
BRDA:289,21,0,0
BRDA:289,21,1,0
BRF:45
BRH:0
end_of_record
TN:
SF:src\components\StoreAvailabilityModal.tsx
FN:53,(anonymous_0)
FN:82,(anonymous_1)
FN:88,(anonymous_2)
FN:103,(anonymous_3)
FN:112,(anonymous_4)
FN:117,(anonymous_5)
FN:126,(anonymous_6)
FN:137,(anonymous_7)
FN:152,(anonymous_8)
FN:171,(anonymous_9)
FN:175,(anonymous_10)
FN:236,(anonymous_11)
FN:255,(anonymous_12)
FN:327,(anonymous_13)
FN:357,(anonymous_14)
FN:361,(anonymous_15)
FNF:16
FNH:0
FNDA:0,(anonymous_0)
FNDA:0,(anonymous_1)
FNDA:0,(anonymous_2)
FNDA:0,(anonymous_3)
FNDA:0,(anonymous_4)
FNDA:0,(anonymous_5)
FNDA:0,(anonymous_6)
FNDA:0,(anonymous_7)
FNDA:0,(anonymous_8)
FNDA:0,(anonymous_9)
FNDA:0,(anonymous_10)
FNDA:0,(anonymous_11)
FNDA:0,(anonymous_12)
FNDA:0,(anonymous_13)
FNDA:0,(anonymous_14)
FNDA:0,(anonymous_15)
DA:27,0
DA:34,0
DA:53,0
DA:61,0
DA:62,0
DA:63,0
DA:66,0
DA:67,0
DA:68,0
DA:71,0
DA:72,0
DA:75,0
DA:76,0
DA:79,0
DA:82,0
DA:83,0
DA:84,0
DA:88,0
DA:89,0
DA:90,0
DA:91,0
DA:92,0
DA:93,0
DA:94,0
DA:95,0
DA:96,0
DA:97,0
DA:98,0
DA:99,0
DA:103,0
DA:104,0
DA:105,0
DA:106,0
DA:112,0
DA:113,0
DA:114,0
DA:117,0
DA:118,0
DA:119,0
DA:120,0
DA:122,0
DA:126,0
DA:127,0
DA:128,0
DA:129,0
DA:130,0
DA:132,0
DA:137,0
DA:138,0
DA:140,0
DA:142,0
DA:144,0
DA:145,0
DA:148,0
DA:152,0
DA:153,0
DA:154,0
DA:156,0
DA:157,0
DA:159,0
DA:162,0
DA:163,0
DA:167,0
DA:168,0
DA:171,0
DA:172,0
DA:175,0
DA:176,0
DA:184,0
DA:185,0
DA:188,0
DA:194,0
DA:198,0
DA:237,0
DA:238,0
DA:255,0
DA:328,0
DA:358,0
DA:362,0
DA:363,0
DA:365,0
DA:428,0
LF:82
LH:0
BRDA:83,0,0,0
BRDA:83,0,1,0
BRDA:105,1,0,0
BRDA:105,1,1,0
BRDA:106,2,0,0
BRDA:106,2,1,0
BRDA:119,3,0,0
BRDA:119,3,1,0
BRDA:119,4,0,0
BRDA:119,4,1,0
BRDA:129,5,0,0
BRDA:129,5,1,0
BRDA:129,6,0,0
BRDA:129,6,1,0
BRDA:138,7,0,0
BRDA:138,7,1,0
BRDA:142,8,0,0
BRDA:142,8,1,0
BRDA:159,9,0,0
BRDA:159,9,1,0
BRDA:159,10,0,0
BRDA:159,10,1,0
BRDA:163,11,0,0
BRDA:163,11,1,0
BRDA:184,12,0,0
BRDA:184,12,1,0
BRDA:190,13,0,0
BRDA:190,13,1,0
BRDA:190,14,0,0
BRDA:190,14,1,0
BRDA:194,15,0,0
BRDA:194,15,1,0
BRDA:194,16,0,0
BRDA:194,16,1,0
BRDA:212,17,0,0
BRDA:212,17,1,0
BRDA:239,18,0,0
BRDA:239,18,1,0
BRDA:251,19,0,0
BRDA:251,19,1,0
BRDA:252,20,0,0
BRDA:252,20,1,0
BRDA:252,20,2,0
BRDA:260,21,0,0
BRDA:260,21,1,0
BRDA:271,22,0,0
BRDA:271,22,1,0
BRDA:283,23,0,0
BRDA:283,23,1,0
BRDA:297,24,0,0
BRDA:297,24,1,0
BRDA:304,25,0,0
BRDA:304,25,1,0
BRDA:312,26,0,0
BRDA:312,26,1,0
BRDA:322,27,0,0
BRDA:322,27,1,0
BRDA:355,28,0,0
BRDA:355,28,1,0
BRDA:359,29,0,0
BRDA:359,29,1,0
BRDA:362,30,0,0
BRDA:362,30,1,0
BRDA:399,31,0,0
BRDA:399,31,1,0
BRDA:405,32,0,0
BRDA:405,32,1,0
BRDA:473,33,0,0
BRDA:473,33,1,0
BRDA:537,34,0,0
BRDA:537,34,1,0
BRDA:632,35,0,0
BRDA:632,35,1,0
BRDA:698,36,0,0
BRDA:698,36,1,0
BRF:75
BRH:0
end_of_record
TN:
SF:src\components\StripeWrapper.tsx
FN:6,(anonymous_0)
FNF:1
FNH:0
FNDA:0,(anonymous_0)
DA:4,0
DA:6,0
DA:7,0
LF:3
LH:0
BRDA:4,0,0,0
BRDA:4,0,1,0
BRF:2
BRH:0
end_of_record
TN:
SF:src\components\StripeWrapper.web.tsx
FN:3,(anonymous_0)
FNF:1
FNH:0
FNDA:0,(anonymous_0)
DA:3,0
DA:4,0
LF:2
LH:0
BRF:0
BRH:0
end_of_record
TN:
SF:src\components\SwipeBackView.tsx
FN:11,(anonymous_0)
FN:18,(anonymous_1)
FNF:2
FNH:0
FNDA:0,(anonymous_0)
FNDA:0,(anonymous_1)
DA:11,0
DA:12,0
DA:15,0
DA:16,0
DA:18,0
DA:20,0
DA:22,0
DA:25,0
DA:26,0
DA:27,0
DA:32,0
DA:33,0
DA:36,0
DA:49,0
LF:14
LH:0
BRDA:11,0,0,0
BRDA:20,1,0,0
BRDA:20,1,1,0
BRDA:20,2,0,0
BRDA:20,2,1,0
BRDA:25,3,0,0
BRDA:25,3,1,0
BRDA:26,4,0,0
BRDA:26,4,1,0
BRDA:26,5,0,0
BRDA:26,5,1,0
BRDA:26,5,2,0
BRDA:32,6,0,0
BRDA:32,6,1,0
BRDA:32,7,0,0
BRDA:32,7,1,0
BRF:16
BRH:0
end_of_record
TN:
SF:src\contexts\AuthContext.tsx
FN:24,(anonymous_0)
FN:31,(anonymous_1)
FN:56,(anonymous_2)
FN:61,(anonymous_3)
FN:65,(anonymous_4)
FN:79,(anonymous_5)
FN:86,(anonymous_6)
FN:87,(anonymous_7)
FN:101,(anonymous_8)
FN:102,(anonymous_9)
FN:103,(anonymous_10)
FN:106,(anonymous_11)
FN:108,(anonymous_12)
FN:116,(anonymous_13)
FN:130,(anonymous_14)
FN:136,(anonymous_15)
FN:158,(anonymous_16)
FNF:17
FNH:0
FNDA:0,(anonymous_0)
FNDA:0,(anonymous_1)
FNDA:0,(anonymous_2)
FNDA:0,(anonymous_3)
FNDA:0,(anonymous_4)
FNDA:0,(anonymous_5)
FNDA:0,(anonymous_6)
FNDA:0,(anonymous_7)
FNDA:0,(anonymous_8)
FNDA:0,(anonymous_9)
FNDA:0,(anonymous_10)
FNDA:0,(anonymous_11)
FNDA:0,(anonymous_12)
FNDA:0,(anonymous_13)
FNDA:0,(anonymous_14)
FNDA:0,(anonymous_15)
FNDA:0,(anonymous_16)
DA:22,0
DA:24,0
DA:25,0
DA:26,0
DA:27,0
DA:28,0
DA:29,0
DA:31,0
DA:32,0
DA:33,0
DA:39,0
DA:40,0
DA:41,0
DA:44,0
DA:46,0
DA:48,0
DA:49,0
DA:52,0
DA:56,0
DA:57,0
DA:58,0
DA:61,0
DA:62,0
DA:65,0
DA:66,0
DA:70,0
DA:79,0
DA:80,0
DA:81,0
DA:82,0
DA:83,0
DA:86,0
DA:87,0
DA:88,0
DA:89,0
DA:90,0
DA:91,0
DA:92,0
DA:94,0
DA:95,0
DA:96,0
DA:97,0
DA:101,0
DA:102,0
DA:103,0
DA:106,0
DA:107,0
DA:108,0
DA:109,0
DA:110,0
DA:111,0
DA:112,0
DA:113,0
DA:116,0
DA:117,0
DA:118,0
DA:119,0
DA:120,0
DA:121,0
DA:122,0
DA:123,0
DA:124,0
DA:125,0
DA:127,0
DA:130,0
DA:131,0
DA:132,0
DA:136,0
DA:151,0
DA:158,0
DA:159,0
DA:160,0
DA:161,0
DA:163,0
LF:74
LH:0
BRDA:39,0,0,0
BRDA:39,0,1,0
BRDA:40,1,0,0
BRDA:40,1,1,0
BRDA:44,2,0,0
BRDA:44,2,1,0
BRDA:48,3,0,0
BRDA:48,3,1,0
BRDA:66,4,0,0
BRDA:66,4,1,0
BRDA:89,5,0,0
BRDA:89,5,1,0
BRDA:90,6,0,0
BRDA:90,6,1,0
BRDA:95,7,0,0
BRDA:95,7,1,0
BRDA:102,8,0,0
BRDA:102,8,1,0
BRDA:109,9,0,0
BRDA:109,9,1,0
BRDA:111,10,0,0
BRDA:111,10,1,0
BRDA:113,11,0,0
BRDA:113,11,1,0
BRDA:117,12,0,0
BRDA:117,12,1,0
BRDA:119,13,0,0
BRDA:119,13,1,0
BRDA:120,14,0,0
BRDA:120,14,1,0
BRDA:120,15,0,0
BRDA:120,15,1,0
BRDA:121,16,0,0
BRDA:121,16,1,0
BRDA:122,17,0,0
BRDA:122,17,1,0
BRDA:124,18,0,0
BRDA:124,18,1,0
BRDA:160,19,0,0
BRDA:160,19,1,0
BRF:40
BRH:0
end_of_record
TN:
SF:src\contexts\CartContext.tsx
FN:26,(anonymous_0)
FN:33,(anonymous_1)
FN:60,(anonymous_2)
FN:90,(anonymous_3)
FN:95,(anonymous_4)
FN:96,(anonymous_5)
FN:123,(anonymous_6)
FN:132,(anonymous_7)
FN:135,(anonymous_8)
FN:145,(anonymous_9)
FN:146,(anonymous_10)
FN:147,(anonymous_11)
FN:153,(anonymous_12)
FN:162,(anonymous_13)
FN:162,(anonymous_14)
FN:166,(anonymous_15)
FN:176,(anonymous_16)
FN:176,(anonymous_17)
FN:180,(anonymous_18)
FN:193,(anonymous_19)
FN:193,(anonymous_20)
FN:194,(anonymous_21)
FN:194,(anonymous_22)
FN:196,(anonymous_23)
FN:207,(anonymous_24)
FNF:25
FNH:23
FNDA:17,(anonymous_0)
FNDA:0,(anonymous_1)
FNDA:6,(anonymous_2)
FNDA:6,(anonymous_3)
FNDA:12,(anonymous_4)
FNDA:12,(anonymous_5)
FNDA:17,(anonymous_6)
FNDA:6,(anonymous_7)
FNDA:0,(anonymous_8)
FNDA:6,(anonymous_9)
FNDA:1,(anonymous_10)
FNDA:1,(anonymous_11)
FNDA:1,(anonymous_12)
FNDA:1,(anonymous_13)
FNDA:1,(anonymous_14)
FNDA:1,(anonymous_15)
FNDA:1,(anonymous_16)
FNDA:1,(anonymous_17)
FNDA:1,(anonymous_18)
FNDA:11,(anonymous_19)
FNDA:3,(anonymous_20)
FNDA:11,(anonymous_21)
FNDA:3,(anonymous_22)
FNDA:17,(anonymous_23)
FNDA:17,(anonymous_24)
DA:22,1
DA:24,1
DA:26,1
DA:27,17
DA:28,17
DA:29,17
DA:30,17
DA:33,17
DA:34,0
DA:35,0
DA:60,17
DA:61,6
DA:62,6
DA:63,6
DA:64,0
DA:65,0
DA:70,0
DA:71,0
DA:72,0
DA:75,6
DA:76,0
DA:77,0
DA:78,0
DA:82,0
DA:84,6
DA:85,6
DA:90,17
DA:91,6
DA:95,17
DA:96,12
DA:97,12
DA:98,0
DA:99,0
DA:100,0
DA:101,0
DA:102,0
DA:103,0
DA:104,0
DA:110,0
DA:111,0
DA:115,0
DA:119,12
DA:123,17
DA:124,17
DA:125,11
DA:126,0
DA:127,0
DA:132,17
DA:133,6
DA:134,0
DA:135,0
DA:136,0
DA:137,0
DA:140,0
DA:142,0
DA:145,6
DA:146,6
DA:147,6
DA:148,5
DA:153,17
DA:154,1
DA:155,0
DA:156,0
DA:157,0
DA:159,0
DA:162,1
DA:166,17
DA:167,1
DA:168,1
DA:169,0
DA:170,0
DA:171,0
DA:173,0
DA:176,1
DA:180,17
DA:181,1
DA:182,0
DA:183,0
DA:184,0
DA:186,0
DA:189,1
DA:193,17
DA:194,17
DA:196,17
DA:200,17
DA:207,1
DA:208,17
DA:209,17
DA:210,17
LF:89
LH:48
BRDA:38,0,0,0
BRDA:38,0,1,0
BRDA:41,1,0,0
BRDA:41,1,1,0
BRDA:42,2,0,0
BRDA:42,2,1,0
BRDA:45,3,0,0
BRDA:45,3,1,0
BRDA:47,4,0,0
BRDA:47,4,1,0
BRDA:48,5,0,0
BRDA:48,5,1,0
BRDA:49,6,0,0
BRDA:49,6,1,0
BRDA:50,7,0,0
BRDA:50,7,1,0
BRDA:52,8,0,0
BRDA:52,8,1,0
BRDA:53,9,0,0
BRDA:53,9,1,0
BRDA:63,10,0,0
BRDA:63,10,1,6
BRDA:70,11,0,0
BRDA:70,11,1,0
BRDA:71,12,0,0
BRDA:71,12,1,0
BRDA:75,13,0,0
BRDA:75,13,1,6
BRDA:77,14,0,0
BRDA:77,14,1,0
BRDA:97,15,0,0
BRDA:97,15,1,12
BRDA:97,16,0,12
BRDA:97,16,1,0
BRDA:97,16,2,0
BRDA:100,17,0,0
BRDA:100,17,1,0
BRDA:102,18,0,0
BRDA:102,18,1,0
BRDA:124,19,0,6
BRDA:124,19,1,11
BRDA:124,20,0,17
BRDA:124,20,1,11
BRDA:125,21,0,0
BRDA:125,21,1,11
BRDA:133,22,0,0
BRDA:133,22,1,6
BRDA:136,23,0,0
BRDA:136,23,1,0
BRDA:140,24,0,0
BRDA:140,24,1,0
BRDA:147,25,0,1
BRDA:147,25,1,5
BRDA:147,26,0,1
BRDA:147,26,1,0
BRDA:154,27,0,0
BRDA:154,27,1,1
BRDA:157,28,0,0
BRDA:157,28,1,0
BRDA:167,29,0,0
BRDA:167,29,1,1
BRDA:168,30,0,0
BRDA:168,30,1,1
BRDA:171,31,0,0
BRDA:171,31,1,0
BRDA:176,32,0,1
BRDA:176,32,1,0
BRDA:181,33,0,0
BRDA:181,33,1,1
BRDA:184,34,0,0
BRDA:184,34,1,0
BRDA:209,35,0,0
BRDA:209,35,1,17
BRF:73
BRH:19
end_of_record
TN:
SF:src\contexts\CountryContext.tsx
FN:16,(anonymous_0)
FN:20,(anonymous_1)
FN:51,(anonymous_2)
FN:52,(anonymous_3)
FN:92,(anonymous_4)
FN:106,(anonymous_5)
FN:119,(anonymous_6)
FNF:7
FNH:0
FNDA:0,(anonymous_0)
FNDA:0,(anonymous_1)
FNDA:0,(anonymous_2)
FNDA:0,(anonymous_3)
FNDA:0,(anonymous_4)
FNDA:0,(anonymous_5)
FNDA:0,(anonymous_6)
DA:12,0
DA:14,0
DA:16,0
DA:17,0
DA:18,0
DA:20,0
DA:21,0
DA:22,0
DA:24,0
DA:27,0
DA:28,0
DA:29,0
DA:30,0
DA:31,0
DA:36,0
DA:37,0
DA:38,0
DA:39,0
DA:40,0
DA:41,0
DA:46,0
DA:48,0
DA:51,0
DA:52,0
DA:53,0
DA:56,0
DA:57,0
DA:61,0
DA:62,0
DA:63,0
DA:64,0
DA:65,0
DA:68,0
DA:72,0
DA:73,0
DA:75,0
DA:76,0
DA:77,0
DA:81,0
DA:82,0
DA:83,0
DA:86,0
DA:89,0
DA:92,0
DA:93,0
DA:94,0
DA:95,0
DA:96,0
DA:98,0
DA:100,0
DA:102,0
DA:106,0
DA:112,0
DA:119,0
DA:120,0
DA:121,0
DA:122,0
DA:124,0
LF:58
LH:0
BRDA:27,0,0,0
BRDA:27,0,1,0
BRDA:29,1,0,0
BRDA:29,1,1,0
BRDA:37,2,0,0
BRDA:37,2,1,0
BRDA:39,3,0,0
BRDA:39,3,1,0
BRDA:57,4,0,0
BRDA:57,4,1,0
BRDA:61,5,0,0
BRDA:61,5,1,0
BRDA:75,6,0,0
BRDA:75,6,1,0
BRDA:82,7,0,0
BRDA:82,7,1,0
BRDA:95,8,0,0
BRDA:95,8,1,0
BRDA:121,9,0,0
BRDA:121,9,1,0
BRF:20
BRH:0
end_of_record
TN:
SF:src\contexts\GoldRateContext.tsx
FN:46,(anonymous_0)
FN:51,(anonymous_1)
FN:52,(anonymous_2)
FN:116,(anonymous_3)
FN:119,(anonymous_4)
FN:125,(anonymous_5)
FN:136,(anonymous_6)
FN:149,(anonymous_7)
FNF:8
FNH:0
FNDA:0,(anonymous_0)
FNDA:0,(anonymous_1)
FNDA:0,(anonymous_2)
FNDA:0,(anonymous_3)
FNDA:0,(anonymous_4)
FNDA:0,(anonymous_5)
FNDA:0,(anonymous_6)
FNDA:0,(anonymous_7)
DA:17,0
DA:27,0
DA:41,0
DA:44,0
DA:46,0
DA:47,0
DA:48,0
DA:49,0
DA:51,0
DA:52,0
DA:53,0
DA:54,0
DA:56,0
DA:57,0
DA:58,0
DA:59,0
DA:60,0
DA:61,0
DA:62,0
DA:63,0
DA:64,0
DA:70,0
DA:71,0
DA:72,0
DA:73,0
DA:74,0
DA:75,0
DA:76,0
DA:77,0
DA:82,0
DA:83,0
DA:90,0
DA:91,0
DA:92,0
DA:93,0
DA:94,0
DA:95,0
DA:101,0
DA:102,0
DA:103,0
DA:105,0
DA:106,0
DA:107,0
DA:109,0
DA:113,0
DA:115,0
DA:116,0
DA:119,0
DA:125,0
DA:126,0
DA:127,0
DA:129,0
DA:136,0
DA:142,0
DA:149,0
DA:150,0
DA:151,0
DA:152,0
DA:154,0
LF:59
LH:0
BRDA:44,0,0,0
BRDA:44,0,1,0
BRDA:57,1,0,0
BRDA:57,1,1,0
BRDA:59,2,0,0
BRDA:59,2,1,0
BRDA:59,3,0,0
BRDA:59,3,1,0
BRDA:61,4,0,0
BRDA:61,4,1,0
BRDA:71,5,0,0
BRDA:71,5,1,0
BRDA:73,6,0,0
BRDA:73,6,1,0
BRDA:82,7,0,0
BRDA:82,7,1,0
BRDA:82,8,0,0
BRDA:82,8,1,0
BRDA:90,9,0,0
BRDA:90,9,1,0
BRDA:92,10,0,0
BRDA:92,10,1,0
BRDA:126,11,0,0
BRDA:126,11,1,0
BRDA:132,12,0,0
BRDA:132,12,1,0
BRDA:151,13,0,0
BRDA:151,13,1,0
BRF:28
BRH:0
end_of_record
TN:
SF:src\contexts\UIContext.tsx
FN:14,(anonymous_0)
FN:26,(anonymous_1)
FNF:2
FNH:0
FNDA:0,(anonymous_0)
FNDA:0,(anonymous_1)
DA:12,0
DA:14,0
DA:15,0
DA:16,0
DA:17,0
DA:19,0
DA:26,0
DA:27,0
DA:28,0
DA:29,0
DA:31,0
LF:11
LH:0
BRDA:28,0,0,0
BRDA:28,0,1,0
BRF:2
BRH:0
end_of_record
TN:
SF:src\contexts\WishlistContext.tsx
FN:15,(anonymous_0)
FN:20,(anonymous_1)
FN:30,(anonymous_2)
FN:38,(anonymous_3)
FN:46,(anonymous_4)
FN:62,(anonymous_5)
FN:71,(anonymous_6)
FN:81,(anonymous_7)
FN:81,(anonymous_8)
FN:87,(anonymous_9)
FN:91,(anonymous_10)
FN:106,(anonymous_11)
FNF:12
FNH:0
FNDA:0,(anonymous_0)
FNDA:0,(anonymous_1)
FNDA:0,(anonymous_2)
FNDA:0,(anonymous_3)
FNDA:0,(anonymous_4)
FNDA:0,(anonymous_5)
FNDA:0,(anonymous_6)
FNDA:0,(anonymous_7)
FNDA:0,(anonymous_8)
FNDA:0,(anonymous_9)
FNDA:0,(anonymous_10)
FNDA:0,(anonymous_11)
DA:13,0
DA:15,0
DA:16,0
DA:17,0
DA:18,0
DA:20,0
DA:21,0
DA:22,0
DA:23,0
DA:24,0
DA:29,0
DA:30,0
DA:32,0
DA:34,0
DA:38,0
DA:39,0
DA:40,0
DA:42,0
DA:46,0
DA:47,0
DA:50,0
DA:52,0
DA:54,0
DA:59,0
DA:62,0
DA:63,0
DA:64,0
DA:67,0
DA:71,0
DA:72,0
DA:73,0
DA:74,0
DA:80,0
DA:81,0
DA:83,0
DA:87,0
DA:88,0
DA:91,0
DA:99,0
DA:106,0
DA:107,0
DA:108,0
DA:109,0
DA:111,0
LF:44
LH:0
BRDA:21,0,0,0
BRDA:21,0,1,0
BRDA:29,1,0,0
BRDA:29,1,1,0
BRDA:39,2,0,0
BRDA:39,2,1,0
BRDA:47,3,0,0
BRDA:47,3,1,0
BRDA:50,4,0,0
BRDA:50,4,1,0
BRDA:59,5,0,0
BRDA:59,5,1,0
BRDA:59,6,0,0
BRDA:59,6,1,0
BRDA:63,7,0,0
BRDA:63,7,1,0
BRDA:72,8,0,0
BRDA:72,8,1,0
BRDA:80,9,0,0
BRDA:80,9,1,0
BRDA:108,10,0,0
BRDA:108,10,1,0
BRF:22
BRH:0
end_of_record
TN:
SF:src\data\products.ts
FN:51,(anonymous_0)
FN:71,(anonymous_1)
FN:92,(anonymous_2)
FN:108,(anonymous_3)
FN:118,(anonymous_4)
FN:125,(anonymous_5)
FN:135,(anonymous_6)
FN:140,(anonymous_7)
FNF:8
FNH:0
FNDA:0,(anonymous_0)
FNDA:0,(anonymous_1)
FNDA:0,(anonymous_2)
FNDA:0,(anonymous_3)
FNDA:0,(anonymous_4)
FNDA:0,(anonymous_5)
FNDA:0,(anonymous_6)
FNDA:0,(anonymous_7)
DA:51,0
DA:72,0
DA:73,0
DA:74,0
DA:76,0
DA:92,0
DA:93,0
DA:94,0
DA:97,0
DA:98,0
DA:101,0
DA:103,0
DA:104,0
DA:106,0
DA:108,0
DA:111,0
DA:112,0
DA:116,0
DA:118,0
DA:120,0
DA:121,0
DA:125,0
DA:126,0
DA:127,0
DA:133,0
DA:135,0
DA:138,0
DA:140,0
DA:145,0
LF:29
LH:0
BRDA:54,0,0,0
BRDA:54,0,1,0
BRDA:57,1,0,0
BRDA:57,1,1,0
BRDA:58,2,0,0
BRDA:58,2,1,0
BRDA:61,3,0,0
BRDA:61,3,1,0
BRDA:63,4,0,0
BRDA:63,4,1,0
BRDA:64,5,0,0
BRDA:64,5,1,0
BRDA:65,6,0,0
BRDA:65,6,1,0
BRDA:66,7,0,0
BRDA:66,7,1,0
BRDA:68,8,0,0
BRDA:68,8,1,0
BRDA:69,9,0,0
BRDA:69,9,1,0
BRDA:72,10,0,0
BRDA:72,10,1,0
BRDA:73,11,0,0
BRDA:73,11,1,0
BRDA:78,12,0,0
BRDA:78,12,1,0
BRDA:85,13,0,0
BRDA:85,13,1,0
BRDA:86,14,0,0
BRDA:86,14,1,0
BRDA:87,15,0,0
BRDA:87,15,1,0
BRDA:88,16,0,0
BRDA:88,16,1,0
BRDA:92,17,0,0
BRDA:97,18,0,0
BRDA:97,18,1,0
BRDA:97,19,0,0
BRDA:97,19,1,0
BRDA:103,20,0,0
BRDA:103,20,1,0
BRDA:106,21,0,0
BRDA:106,21,1,0
BRDA:111,22,0,0
BRDA:111,22,1,0
BRDA:111,23,0,0
BRDA:111,23,1,0
BRDA:116,24,0,0
BRDA:116,24,1,0
BRDA:133,25,0,0
BRDA:133,25,1,0
BRDA:133,26,0,0
BRDA:133,26,1,0
BRDA:135,27,0,0
BRDA:135,27,1,0
BRDA:140,28,0,0
BRDA:140,28,1,0
BRF:57
BRH:0
end_of_record
TN:
SF:src\navigation\AppNavigator.tsx
FN:22,(anonymous_0)
FNF:1
FNH:0
FNDA:0,(anonymous_0)
DA:20,0
DA:22,0
DA:23,0
LF:3
LH:0
BRF:0
BRH:0
end_of_record
TN:
SF:src\navigation\types.ts
FNF:0
FNH:0
LF:0
LH:0
BRF:0
BRH:0
end_of_record
TN:
SF:src\screens\ARTryOnScreen.tsx
FN:33,(anonymous_0)
FN:47,(anonymous_1)
FN:115,(anonymous_2)
FN:124,(anonymous_3)
FN:144,(anonymous_4)
FN:151,(anonymous_5)
FN:180,(anonymous_6)
FN:181,initTracking
FN:217,(anonymous_8)
FN:223,processFrame
FN:241,(anonymous_10)
FN:283,(anonymous_11)
FN:287,(anonymous_12)
FN:288,(anonymous_13)
FN:304,(anonymous_14)
FN:343,(anonymous_15)
FN:344,(anonymous_16)
FN:347,(anonymous_17)
FN:441,(anonymous_18)
FN:445,(anonymous_19)
FN:459,(anonymous_20)
FN:463,(anonymous_21)
FN:466,(anonymous_22)
FNF:23
FNH:0
FNDA:0,(anonymous_0)
FNDA:0,(anonymous_1)
FNDA:0,(anonymous_2)
FNDA:0,(anonymous_3)
FNDA:0,(anonymous_4)
FNDA:0,(anonymous_5)
FNDA:0,(anonymous_6)
FNDA:0,initTracking
FNDA:0,(anonymous_8)
FNDA:0,processFrame
FNDA:0,(anonymous_10)
FNDA:0,(anonymous_11)
FNDA:0,(anonymous_12)
FNDA:0,(anonymous_13)
FNDA:0,(anonymous_14)
FNDA:0,(anonymous_15)
FNDA:0,(anonymous_16)
FNDA:0,(anonymous_17)
FNDA:0,(anonymous_18)
FNDA:0,(anonymous_19)
FNDA:0,(anonymous_20)
FNDA:0,(anonymous_21)
FNDA:0,(anonymous_22)
DA:16,0
DA:33,0
DA:43,0
DA:44,0
DA:45,0
DA:47,0
DA:48,0
DA:50,0
DA:51,0
DA:52,0
DA:53,0
DA:54,0
DA:55,0
DA:56,0
DA:59,0
DA:60,0
DA:61,0
DA:62,0
DA:63,0
DA:64,0
DA:65,0
DA:68,0
DA:69,0
DA:70,0
DA:71,0
DA:72,0
DA:73,0
DA:74,0
DA:75,0
DA:78,0
DA:79,0
DA:80,0
DA:81,0
DA:82,0
DA:83,0
DA:84,0
DA:90,0
DA:115,0
DA:116,0
DA:117,0
DA:118,0
DA:120,0
DA:121,0
DA:122,0
DA:124,0
DA:125,0
DA:126,0
DA:127,0
DA:128,0
DA:131,0
DA:132,0
DA:133,0
DA:135,0
DA:136,0
DA:138,0
DA:139,0
DA:140,0
DA:141,0
DA:144,0
DA:145,0
DA:146,0
DA:147,0
DA:151,0
DA:152,0
DA:153,0
DA:154,0
DA:159,0
DA:161,0
DA:168,0
DA:175,0
DA:180,0
DA:182,0
DA:183,0
DA:184,0
DA:186,0
DA:187,0
DA:188,0
DA:193,0
DA:194,0
DA:195,0
DA:196,0
DA:201,0
DA:204,0
DA:205,0
DA:206,0
DA:208,0
DA:209,0
DA:213,0
DA:217,0
DA:218,0
DA:221,0
DA:224,0
DA:226,0
DA:227,0
DA:230,0
DA:231,0
DA:232,0
DA:233,0
DA:235,0
DA:236,0
DA:238,0
DA:239,0
DA:240,0
DA:241,0
DA:242,0
DA:243,0
DA:244,0
DA:245,0
DA:248,0
DA:250,0
DA:251,0
DA:252,0
DA:253,0
DA:254,0
DA:255,0
DA:256,0
DA:257,0
DA:258,0
DA:259,0
DA:260,0
DA:261,0
DA:262,0
DA:263,0
DA:265,0
DA:267,0
DA:271,0
DA:274,0
DA:276,0
DA:278,0
DA:282,0
DA:283,0
DA:287,0
DA:288,0
DA:289,0
DA:290,0
DA:291,0
DA:294,0
DA:295,0
DA:296,0
DA:297,0
DA:300,0
DA:301,0
DA:302,0
DA:303,0
DA:304,0
DA:305,0
DA:306,0
DA:307,0
DA:309,0
DA:311,0
DA:312,0
DA:313,0
DA:314,0
DA:315,0
DA:316,0
DA:317,0
DA:318,0
DA:319,0
DA:320,0
DA:321,0
DA:322,0
DA:323,0
DA:324,0
DA:326,0
DA:328,0
DA:332,0
DA:334,0
DA:337,0
DA:340,0
DA:343,0
DA:344,0
DA:347,0
DA:348,0
DA:351,0
DA:352,0
DA:365,0
DA:442,0
DA:445,0
DA:459,0
DA:463,0
DA:466,0
DA:480,0
LF:182
LH:0
BRDA:50,0,0,0
BRDA:50,0,1,0
BRDA:51,1,0,0
BRDA:51,1,1,0
BRDA:53,2,0,0
BRDA:53,2,1,0
BRDA:59,3,0,0
BRDA:59,3,1,0
BRDA:60,4,0,0
BRDA:60,4,1,0
BRDA:62,5,0,0
BRDA:62,5,1,0
BRDA:68,6,0,0
BRDA:68,6,1,0
BRDA:69,7,0,0
BRDA:69,7,1,0
BRDA:71,8,0,0
BRDA:71,8,1,0
BRDA:73,9,0,0
BRDA:73,9,1,0
BRDA:73,10,0,0
BRDA:73,10,1,0
BRDA:78,11,0,0
BRDA:78,11,1,0
BRDA:80,12,0,0
BRDA:80,12,1,0
BRDA:82,13,0,0
BRDA:82,13,1,0
BRDA:82,14,0,0
BRDA:82,14,1,0
BRDA:95,15,0,0
BRDA:95,15,1,0
BRDA:95,15,2,0
BRDA:101,16,0,0
BRDA:101,16,1,0
BRDA:120,17,0,0
BRDA:120,17,1,0
BRDA:120,17,2,0
BRDA:121,18,0,0
BRDA:121,18,1,0
BRDA:122,19,0,0
BRDA:122,19,1,0
BRDA:122,19,2,0
BRDA:145,20,0,0
BRDA:145,20,1,0
BRDA:152,21,0,0
BRDA:152,21,1,0
BRDA:175,22,0,0
BRDA:175,22,1,0
BRDA:176,23,0,0
BRDA:176,23,1,0
BRDA:186,24,0,0
BRDA:186,24,1,0
BRDA:194,25,0,0
BRDA:194,25,1,0
BRDA:218,26,0,0
BRDA:218,26,1,0
BRDA:218,27,0,0
BRDA:218,27,1,0
BRDA:224,28,0,0
BRDA:224,28,1,0
BRDA:233,29,0,0
BRDA:233,29,1,0
BRDA:235,30,0,0
BRDA:235,30,1,0
BRDA:235,31,0,0
BRDA:235,31,1,0
BRDA:235,31,2,0
BRDA:238,32,0,0
BRDA:238,32,1,0
BRDA:238,33,0,0
BRDA:238,33,1,0
BRDA:240,34,0,0
BRDA:240,34,1,0
BRDA:240,35,0,0
BRDA:240,35,1,0
BRDA:241,36,0,0
BRDA:241,36,1,0
BRDA:242,37,0,0
BRDA:242,37,1,0
BRDA:250,38,0,0
BRDA:250,38,1,0
BRDA:250,39,0,0
BRDA:250,39,1,0
BRDA:252,40,0,0
BRDA:252,40,1,0
BRDA:252,41,0,0
BRDA:252,41,1,0
BRDA:254,42,0,0
BRDA:254,42,1,0
BRDA:258,43,0,0
BRDA:258,43,1,0
BRDA:289,44,0,0
BRDA:289,44,1,0
BRDA:295,45,0,0
BRDA:295,45,1,0
BRDA:301,46,0,0
BRDA:301,46,1,0
BRDA:301,47,0,0
BRDA:301,47,1,0
BRDA:303,48,0,0
BRDA:303,48,1,0
BRDA:303,49,0,0
BRDA:303,49,1,0
BRDA:304,50,0,0
BRDA:304,50,1,0
BRDA:311,51,0,0
BRDA:311,51,1,0
BRDA:311,52,0,0
BRDA:311,52,1,0
BRDA:313,53,0,0
BRDA:313,53,1,0
BRDA:313,54,0,0
BRDA:313,54,1,0
BRDA:315,55,0,0
BRDA:315,55,1,0
BRDA:319,56,0,0
BRDA:319,56,1,0
BRDA:344,57,0,0
BRDA:344,57,1,0
BRDA:351,58,0,0
BRDA:351,58,1,0
BRDA:351,59,0,0
BRDA:351,59,1,0
BRDA:367,60,0,0
BRDA:367,60,1,0
BRDA:374,61,0,0
BRDA:374,61,1,0
BRDA:390,62,0,0
BRDA:390,62,1,0
BRDA:424,63,0,0
BRDA:424,63,1,0
BRDA:426,64,0,0
BRDA:426,64,1,0
BRDA:426,65,0,0
BRDA:426,65,1,0
BRDA:429,66,0,0
BRDA:429,66,1,0
BRDA:433,67,0,0
BRDA:433,67,1,0
BRDA:444,68,0,0
BRDA:444,68,1,0
BRDA:447,69,0,0
BRDA:447,69,1,0
BRDA:458,70,0,0
BRDA:458,70,1,0
BRDA:461,71,0,0
BRDA:461,71,1,0
BRF:148
BRH:0
end_of_record
TN:
SF:src\screens\AddProductScreen.tsx
FN:32,(anonymous_0)
FN:42,(anonymous_1)
FN:43,(anonymous_2)
FN:119,(anonymous_3)
FN:120,(anonymous_4)
FN:127,(anonymous_5)
FN:143,(anonymous_6)
FN:170,(anonymous_7)
FN:203,(anonymous_8)
FN:216,(anonymous_9)
FN:347,(anonymous_10)
FN:354,(anonymous_11)
FN:363,(anonymous_12)
FN:367,(anonymous_13)
FN:403,(anonymous_14)
FN:410,(anonymous_15)
FN:440,(anonymous_16)
FN:445,(anonymous_17)
FN:445,(anonymous_18)
FN:445,(anonymous_19)
FN:454,(anonymous_20)
FN:547,(anonymous_21)
FN:551,(anonymous_22)
FN:687,(anonymous_23)
FN:692,(anonymous_24)
FN:703,(anonymous_25)
FN:712,(anonymous_26)
FN:716,(anonymous_27)
FNF:28
FNH:0
FNDA:0,(anonymous_0)
FNDA:0,(anonymous_1)
FNDA:0,(anonymous_2)
FNDA:0,(anonymous_3)
FNDA:0,(anonymous_4)
FNDA:0,(anonymous_5)
FNDA:0,(anonymous_6)
FNDA:0,(anonymous_7)
FNDA:0,(anonymous_8)
FNDA:0,(anonymous_9)
FNDA:0,(anonymous_10)
FNDA:0,(anonymous_11)
FNDA:0,(anonymous_12)
FNDA:0,(anonymous_13)
FNDA:0,(anonymous_14)
FNDA:0,(anonymous_15)
FNDA:0,(anonymous_16)
FNDA:0,(anonymous_17)
FNDA:0,(anonymous_18)
FNDA:0,(anonymous_19)
FNDA:0,(anonymous_20)
FNDA:0,(anonymous_21)
FNDA:0,(anonymous_22)
FNDA:0,(anonymous_23)
FNDA:0,(anonymous_24)
FNDA:0,(anonymous_25)
FNDA:0,(anonymous_26)
FNDA:0,(anonymous_27)
DA:30,0
DA:32,0
DA:33,0
DA:34,0
DA:35,0
DA:36,0
DA:37,0
DA:38,0
DA:39,0
DA:40,0
DA:42,0
DA:43,0
DA:45,0
DA:46,0
DA:47,0
DA:48,0
DA:52,0
DA:54,0
DA:55,0
DA:56,0
DA:59,0
DA:60,0
DA:61,0
DA:63,0
DA:66,0
DA:67,0
DA:68,0
DA:71,0
DA:72,0
DA:73,0
DA:79,0
DA:80,0
DA:81,0
DA:82,0
DA:85,0
DA:87,0
DA:91,0
DA:95,0
DA:96,0
DA:97,0
DA:98,0
DA:99,0
DA:100,0
DA:101,0
DA:102,0
DA:103,0
DA:106,0
DA:107,0
DA:108,0
DA:109,0
DA:110,0
DA:111,0
DA:112,0
DA:113,0
DA:114,0
DA:115,0
DA:116,0
DA:117,0
DA:119,0
DA:120,0
DA:121,0
DA:122,0
DA:126,0
DA:127,0
DA:128,0
DA:131,0
DA:134,0
DA:138,0
DA:139,0
DA:140,0
DA:141,0
DA:143,0
DA:145,0
DA:146,0
DA:147,0
DA:148,0
DA:151,0
DA:159,0
DA:160,0
DA:161,0
DA:162,0
DA:165,0
DA:170,0
DA:171,0
DA:172,0
DA:173,0
DA:174,0
DA:177,0
DA:179,0
DA:180,0
DA:182,0
DA:189,0
DA:190,0
DA:191,0
DA:193,0
DA:196,0
DA:200,0
DA:202,0
DA:203,0
DA:205,0
DA:209,0
DA:210,0
DA:212,0
DA:216,0
DA:217,0
DA:219,0
DA:220,0
DA:221,0
DA:224,0
DA:225,0
DA:226,0
DA:227,0
DA:230,0
DA:231,0
DA:233,0
DA:234,0
DA:236,0
DA:237,0
DA:240,0
DA:241,0
DA:242,0
DA:243,0
DA:244,0
DA:246,0
DA:247,0
DA:250,0
DA:278,0
DA:279,0
DA:280,0
DA:283,0
DA:286,0
DA:287,0
DA:291,0
DA:293,0
DA:296,0
DA:299,0
DA:301,0
DA:302,0
DA:303,0
DA:304,0
DA:305,0
DA:306,0
DA:308,0
DA:311,0
DA:312,0
DA:314,0
DA:316,0
DA:317,0
DA:319,0
DA:320,0
DA:321,0
DA:324,0
DA:326,0
DA:330,0
DA:347,0
DA:354,0
DA:364,0
DA:367,0
DA:403,0
DA:410,0
DA:441,0
DA:445,0
DA:454,0
DA:548,0
DA:551,0
DA:687,0
DA:692,0
DA:704,0
DA:705,0
DA:713,0
DA:717,0
DA:718,0
DA:752,0
LF:173
LH:0
BRDA:35,0,0,0
BRDA:35,0,1,0
BRDA:39,1,0,0
BRDA:39,1,1,0
BRDA:39,1,2,0
BRDA:40,2,0,0
BRDA:40,2,1,0
BRDA:46,3,0,0
BRDA:46,3,1,0
BRDA:48,4,0,0
BRDA:48,4,1,0
BRDA:52,5,0,0
BRDA:52,5,1,0
BRDA:52,5,2,0
BRDA:54,6,0,0
BRDA:54,6,1,0
BRDA:60,7,0,0
BRDA:60,7,1,0
BRDA:60,8,0,0
BRDA:60,8,1,0
BRDA:66,9,0,0
BRDA:66,9,1,0
BRDA:79,10,0,0
BRDA:79,10,1,0
BRDA:80,11,0,0
BRDA:80,11,1,0
BRDA:95,12,0,0
BRDA:95,12,1,0
BRDA:96,13,0,0
BRDA:96,13,1,0
BRDA:97,14,0,0
BRDA:97,14,1,0
BRDA:98,15,0,0
BRDA:98,15,1,0
BRDA:99,16,0,0
BRDA:99,16,1,0
BRDA:100,17,0,0
BRDA:100,17,1,0
BRDA:101,18,0,0
BRDA:101,18,1,0
BRDA:102,19,0,0
BRDA:102,19,1,0
BRDA:103,20,0,0
BRDA:103,20,1,0
BRDA:106,21,0,0
BRDA:106,21,1,0
BRDA:107,22,0,0
BRDA:107,22,1,0
BRDA:108,23,0,0
BRDA:108,23,1,0
BRDA:109,24,0,0
BRDA:109,24,1,0
BRDA:110,25,0,0
BRDA:110,25,1,0
BRDA:111,26,0,0
BRDA:111,26,1,0
BRDA:112,27,0,0
BRDA:112,27,1,0
BRDA:113,28,0,0
BRDA:113,28,1,0
BRDA:114,29,0,0
BRDA:114,29,1,0
BRDA:115,30,0,0
BRDA:115,30,1,0
BRDA:126,31,0,0
BRDA:126,31,1,0
BRDA:126,32,0,0
BRDA:126,32,1,0
BRDA:127,33,0,0
BRDA:127,33,1,0
BRDA:138,34,0,0
BRDA:138,34,1,0
BRDA:139,35,0,0
BRDA:139,35,1,0
BRDA:140,36,0,0
BRDA:140,36,1,0
BRDA:141,37,0,0
BRDA:141,37,1,0
BRDA:143,38,0,0
BRDA:146,39,0,0
BRDA:146,39,1,0
BRDA:159,40,0,0
BRDA:159,40,1,0
BRDA:159,41,0,0
BRDA:159,41,1,0
BRDA:159,41,2,0
BRDA:160,42,0,0
BRDA:160,42,1,0
BRDA:173,43,0,0
BRDA:173,43,1,0
BRDA:189,44,0,0
BRDA:189,44,1,0
BRDA:190,45,0,0
BRDA:190,45,1,0
BRDA:202,46,0,0
BRDA:202,46,1,0
BRDA:210,47,0,0
BRDA:210,47,1,0
BRDA:219,48,0,0
BRDA:219,48,1,0
BRDA:219,49,0,0
BRDA:219,49,1,0
BRDA:219,49,2,0
BRDA:219,49,3,0
BRDA:219,49,4,0
BRDA:224,50,0,0
BRDA:224,50,1,0
BRDA:234,51,0,0
BRDA:234,51,1,0
BRDA:236,52,0,0
BRDA:236,52,1,0
BRDA:236,53,0,0
BRDA:236,53,1,0
BRDA:240,54,0,0
BRDA:240,54,1,0
BRDA:241,55,0,0
BRDA:241,55,1,0
BRDA:242,56,0,0
BRDA:242,56,1,0
BRDA:243,57,0,0
BRDA:243,57,1,0
BRDA:246,58,0,0
BRDA:246,58,1,0
BRDA:265,59,0,0
BRDA:265,59,1,0
BRDA:266,60,0,0
BRDA:266,60,1,0
BRDA:273,61,0,0
BRDA:273,61,1,0
BRDA:275,62,0,0
BRDA:275,62,1,0
BRDA:278,63,0,0
BRDA:278,63,1,0
BRDA:283,64,0,0
BRDA:283,64,1,0
BRDA:286,65,0,0
BRDA:286,65,1,0
BRDA:299,66,0,0
BRDA:299,66,1,0
BRDA:301,67,0,0
BRDA:301,67,1,0
BRDA:303,68,0,0
BRDA:303,68,1,0
BRDA:305,69,0,0
BRDA:305,69,1,0
BRDA:311,70,0,0
BRDA:311,70,1,0
BRDA:317,71,0,0
BRDA:317,71,1,0
BRDA:319,72,0,0
BRDA:319,72,1,0
BRDA:319,73,0,0
BRDA:319,73,1,0
BRDA:333,74,0,0
BRDA:333,74,1,0
BRDA:338,75,0,0
BRDA:338,75,1,0
BRDA:343,76,0,0
BRDA:343,76,1,0
BRDA:357,77,0,0
BRDA:357,77,1,0
BRDA:366,78,0,0
BRDA:366,78,1,0
BRDA:369,79,0,0
BRDA:369,79,1,0
BRDA:400,80,0,0
BRDA:400,80,1,0
BRDA:413,81,0,0
BRDA:413,81,1,0
BRDA:457,82,0,0
BRDA:457,82,1,0
BRDA:550,83,0,0
BRDA:550,83,1,0
BRDA:553,84,0,0
BRDA:553,84,1,0
BRDA:691,85,0,0
BRDA:691,85,1,0
BRDA:692,86,0,0
BRDA:692,86,1,0
BRDA:695,87,0,0
BRDA:695,87,1,0
BRDA:698,88,0,0
BRDA:698,88,1,0
BRDA:702,89,0,0
BRDA:702,89,1,0
BRDA:708,90,0,0
BRDA:708,90,1,0
BRDA:715,91,0,0
BRDA:715,91,1,0
BRDA:721,92,0,0
BRDA:721,92,1,0
BRDA:732,93,0,0
BRDA:732,93,1,0
BRDA:732,93,2,0
BRDA:734,94,0,0
BRDA:734,94,1,0
BRDA:736,95,0,0
BRDA:736,95,1,0
BRDA:739,96,0,0
BRDA:739,96,1,0
BRF:200
BRH:0
end_of_record
TN:
SF:src\screens\AdminDashboardScreen.tsx
FN:52,(anonymous_0)
FN:96,(anonymous_1)
FN:103,(anonymous_2)
FN:133,(anonymous_3)
FN:134,(anonymous_4)
FN:174,(anonymous_5)
FN:193,(anonymous_6)
FN:224,(anonymous_7)
FN:239,(anonymous_8)
FN:258,(anonymous_9)
FN:289,(anonymous_10)
FN:318,(anonymous_11)
FN:331,(anonymous_12)
FN:336,(anonymous_13)
FN:336,(anonymous_14)
FN:345,(anonymous_15)
FN:350,(anonymous_16)
FN:350,(anonymous_17)
FN:359,(anonymous_18)
FN:368,(anonymous_19)
FN:368,(anonymous_20)
FN:384,(anonymous_21)
FN:408,(anonymous_22)
FN:414,(anonymous_23)
FN:420,(anonymous_24)
FN:426,(anonymous_25)
FN:432,(anonymous_26)
FN:474,(anonymous_27)
FN:499,(anonymous_28)
FN:511,(anonymous_29)
FN:522,(anonymous_30)
FN:526,(anonymous_31)
FN:548,(anonymous_32)
FN:557,(anonymous_33)
FN:566,(anonymous_34)
FN:572,(anonymous_35)
FN:578,(anonymous_36)
FN:603,(anonymous_37)
FN:621,(anonymous_38)
FN:625,(anonymous_39)
FN:647,(anonymous_40)
FN:656,(anonymous_41)
FN:670,(anonymous_42)
FN:676,(anonymous_43)
FN:702,(anonymous_44)
FN:752,(anonymous_45)
FN:761,(anonymous_46)
FN:771,(anonymous_47)
FN:828,(anonymous_48)
FNF:49
FNH:0
FNDA:0,(anonymous_0)
FNDA:0,(anonymous_1)
FNDA:0,(anonymous_2)
FNDA:0,(anonymous_3)
FNDA:0,(anonymous_4)
FNDA:0,(anonymous_5)
FNDA:0,(anonymous_6)
FNDA:0,(anonymous_7)
FNDA:0,(anonymous_8)
FNDA:0,(anonymous_9)
FNDA:0,(anonymous_10)
FNDA:0,(anonymous_11)
FNDA:0,(anonymous_12)
FNDA:0,(anonymous_13)
FNDA:0,(anonymous_14)
FNDA:0,(anonymous_15)
FNDA:0,(anonymous_16)
FNDA:0,(anonymous_17)
FNDA:0,(anonymous_18)
FNDA:0,(anonymous_19)
FNDA:0,(anonymous_20)
FNDA:0,(anonymous_21)
FNDA:0,(anonymous_22)
FNDA:0,(anonymous_23)
FNDA:0,(anonymous_24)
FNDA:0,(anonymous_25)
FNDA:0,(anonymous_26)
FNDA:0,(anonymous_27)
FNDA:0,(anonymous_28)
FNDA:0,(anonymous_29)
FNDA:0,(anonymous_30)
FNDA:0,(anonymous_31)
FNDA:0,(anonymous_32)
FNDA:0,(anonymous_33)
FNDA:0,(anonymous_34)
FNDA:0,(anonymous_35)
FNDA:0,(anonymous_36)
FNDA:0,(anonymous_37)
FNDA:0,(anonymous_38)
FNDA:0,(anonymous_39)
FNDA:0,(anonymous_40)
FNDA:0,(anonymous_41)
FNDA:0,(anonymous_42)
FNDA:0,(anonymous_43)
FNDA:0,(anonymous_44)
FNDA:0,(anonymous_45)
FNDA:0,(anonymous_46)
FNDA:0,(anonymous_47)
FNDA:0,(anonymous_48)
DA:52,0
DA:53,0
DA:54,0
DA:55,0
DA:56,0
DA:57,0
DA:58,0
DA:60,0
DA:66,0
DA:67,0
DA:68,0
DA:71,0
DA:72,0
DA:73,0
DA:74,0
DA:77,0
DA:78,0
DA:79,0
DA:80,0
DA:81,0
DA:82,0
DA:83,0
DA:86,0
DA:87,0
DA:88,0
DA:89,0
DA:90,0
DA:91,0
DA:92,0
DA:93,0
DA:94,0
DA:96,0
DA:97,0
DA:98,0
DA:99,0
DA:103,0
DA:104,0
DA:105,0
DA:107,0
DA:108,0
DA:109,0
DA:114,0
DA:115,0
DA:116,0
DA:121,0
DA:122,0
DA:124,0
DA:127,0
DA:130,0
DA:131,0
DA:133,0
DA:134,0
DA:136,0
DA:144,0
DA:145,0
DA:146,0
DA:147,0
DA:149,0
DA:153,0
DA:154,0
DA:158,0
DA:159,0
DA:161,0
DA:165,0
DA:168,0
DA:170,0
DA:174,0
DA:175,0
DA:176,0
DA:177,0
DA:178,0
DA:179,0
DA:180,0
DA:181,0
DA:183,0
DA:184,0
DA:185,0
DA:186,0
DA:187,0
DA:188,0
DA:190,0
DA:193,0
DA:194,0
DA:195,0
DA:196,0
DA:199,0
DA:200,0
DA:208,0
DA:209,0
DA:210,0
DA:211,0
DA:213,0
DA:214,0
DA:215,0
DA:217,0
DA:218,0
DA:220,0
DA:224,0
DA:225,0
DA:226,0
DA:227,0
DA:228,0
DA:229,0
DA:231,0
DA:232,0
DA:233,0
DA:234,0
DA:236,0
DA:239,0
DA:240,0
DA:241,0
DA:242,0
DA:243,0
DA:246,0
DA:253,0
DA:254,0
DA:258,0
DA:259,0
DA:260,0
DA:261,0
DA:262,0
DA:263,0
DA:265,0
DA:272,0
DA:273,0
DA:276,0
DA:280,0
DA:282,0
DA:283,0
DA:285,0
DA:289,0
DA:290,0
DA:291,0
DA:292,0
DA:295,0
DA:296,0
DA:302,0
DA:303,0
DA:304,0
DA:305,0
DA:307,0
DA:308,0
DA:309,0
DA:311,0
DA:312,0
DA:314,0
DA:318,0
DA:319,0
DA:320,0
DA:321,0
DA:322,0
DA:323,0
DA:324,0
DA:325,0
DA:327,0
DA:331,0
DA:332,0
DA:333,0
DA:334,0
DA:335,0
DA:336,0
DA:337,0
DA:338,0
DA:339,0
DA:341,0
DA:345,0
DA:346,0
DA:347,0
DA:348,0
DA:349,0
DA:350,0
DA:351,0
DA:352,0
DA:353,0
DA:355,0
DA:359,0
DA:360,0
DA:361,0
DA:366,0
DA:368,0
DA:369,0
DA:371,0
DA:372,0
DA:376,0
DA:377,0
DA:384,0
DA:395,0
DA:408,0
DA:414,0
DA:420,0
DA:426,0
DA:432,0
DA:475,0
DA:500,0
DA:501,0
DA:503,0
DA:512,0
DA:522,0
DA:527,0
DA:528,0
DA:548,0
DA:558,0
DA:566,0
DA:572,0
DA:579,0
DA:580,0
DA:604,0
DA:622,0
DA:625,0
DA:647,0
DA:657,0
DA:670,0
DA:677,0
DA:678,0
DA:702,0
DA:752,0
DA:761,0
DA:771,0
DA:828,0
DA:835,0
LF:220
LH:0
BRDA:98,0,0,0
BRDA:98,0,1,0
BRDA:114,1,0,0
BRDA:114,1,1,0
BRDA:121,2,0,0
BRDA:121,2,1,0
BRDA:122,3,0,0
BRDA:122,3,1,0
BRDA:124,4,0,0
BRDA:124,4,1,0
BRDA:133,5,0,0
BRDA:133,5,1,0
BRDA:134,6,0,0
BRDA:134,6,1,0
BRDA:134,7,0,0
BRDA:134,7,1,0
BRDA:138,8,0,0
BRDA:138,8,1,0
BRDA:146,9,0,0
BRDA:146,9,1,0
BRDA:147,10,0,0
BRDA:147,10,1,0
BRDA:158,11,0,0
BRDA:158,11,1,0
BRDA:159,12,0,0
BRDA:159,12,1,0
BRDA:165,13,0,0
BRDA:165,13,1,0
BRDA:175,14,0,0
BRDA:175,14,1,0
BRDA:179,15,0,0
BRDA:179,15,1,0
BRDA:180,16,0,0
BRDA:180,16,1,0
BRDA:181,17,0,0
BRDA:181,17,1,0
BRDA:194,18,0,0
BRDA:194,18,1,0
BRDA:208,19,0,0
BRDA:208,19,1,0
BRDA:210,20,0,0
BRDA:210,20,1,0
BRDA:214,21,0,0
BRDA:214,21,1,0
BRDA:220,22,0,0
BRDA:220,22,1,0
BRDA:225,23,0,0
BRDA:225,23,1,0
BRDA:228,24,0,0
BRDA:228,24,1,0
BRDA:229,25,0,0
BRDA:229,25,1,0
BRDA:241,26,0,0
BRDA:241,26,1,0
BRDA:253,27,0,0
BRDA:253,27,1,0
BRDA:253,28,0,0
BRDA:253,28,1,0
BRDA:253,28,2,0
BRDA:272,29,0,0
BRDA:272,29,1,0
BRDA:283,30,0,0
BRDA:283,30,1,0
BRDA:290,31,0,0
BRDA:290,31,1,0
BRDA:299,32,0,0
BRDA:299,32,1,0
BRDA:302,33,0,0
BRDA:302,33,1,0
BRDA:304,34,0,0
BRDA:304,34,1,0
BRDA:308,35,0,0
BRDA:308,35,1,0
BRDA:314,36,0,0
BRDA:314,36,1,0
BRDA:319,37,0,0
BRDA:319,37,1,0
BRDA:322,38,0,0
BRDA:322,38,1,0
BRDA:327,39,0,0
BRDA:327,39,1,0
BRDA:332,40,0,0
BRDA:332,40,1,0
BRDA:335,41,0,0
BRDA:335,41,1,0
BRDA:341,42,0,0
BRDA:341,42,1,0
BRDA:346,43,0,0
BRDA:346,43,1,0
BRDA:349,44,0,0
BRDA:349,44,1,0
BRDA:355,45,0,0
BRDA:355,45,1,0
BRDA:366,46,0,0
BRDA:366,46,1,0
BRDA:368,47,0,0
BRDA:368,47,1,0
BRDA:372,48,0,0
BRDA:372,48,1,0
BRDA:376,49,0,0
BRDA:376,49,1,0
BRDA:407,50,0,0
BRDA:407,50,1,0
BRDA:410,51,0,0
BRDA:410,51,1,0
BRDA:413,52,0,0
BRDA:413,52,1,0
BRDA:416,53,0,0
BRDA:416,53,1,0
BRDA:419,54,0,0
BRDA:419,54,1,0
BRDA:422,55,0,0
BRDA:422,55,1,0
BRDA:425,56,0,0
BRDA:425,56,1,0
BRDA:428,57,0,0
BRDA:428,57,1,0
BRDA:431,58,0,0
BRDA:431,58,1,0
BRDA:434,59,0,0
BRDA:434,59,1,0
BRDA:438,60,0,0
BRDA:438,60,1,0
BRDA:443,61,0,0
BRDA:443,61,1,0
BRDA:459,62,0,0
BRDA:459,62,1,0
BRDA:461,63,0,0
BRDA:461,63,1,0
BRDA:470,64,0,0
BRDA:470,64,1,0
BRDA:478,65,0,0
BRDA:478,65,1,0
BRDA:493,66,0,0
BRDA:493,66,1,0
BRDA:500,67,0,0
BRDA:500,67,1,0
BRDA:519,68,0,0
BRDA:519,68,1,0
BRDA:520,69,0,0
BRDA:520,69,1,0
BRDA:522,70,0,0
BRDA:522,70,1,0
BRDA:542,71,0,0
BRDA:542,71,1,0
BRDA:554,72,0,0
BRDA:554,72,1,0
BRDA:596,73,0,0
BRDA:596,73,1,0
BRDA:599,74,0,0
BRDA:599,74,1,0
BRDA:608,75,0,0
BRDA:608,75,1,0
BRDA:624,76,0,0
BRDA:624,76,1,0
BRDA:627,77,0,0
BRDA:627,77,1,0
BRDA:641,78,0,0
BRDA:641,78,1,0
BRDA:653,79,0,0
BRDA:653,79,1,0
BRDA:664,80,0,0
BRDA:664,80,1,0
BRDA:699,81,0,0
BRDA:699,81,1,0
BRDA:768,82,0,0
BRDA:768,82,1,0
BRDA:775,83,0,0
BRDA:775,83,1,0
BRDA:788,84,0,0
BRDA:788,84,1,0
BRDA:792,85,0,0
BRDA:792,85,1,0
BRF:173
BRH:0
end_of_record
TN:
SF:src\screens\CartScreen.tsx
FN:31,(anonymous_0)
FN:43,(anonymous_1)
FN:45,(anonymous_2)
FN:60,(anonymous_3)
FN:66,(anonymous_4)
FN:77,(anonymous_5)
FN:84,(anonymous_6)
FN:91,(anonymous_7)
FN:125,(anonymous_8)
FN:132,(anonymous_9)
FN:145,(anonymous_10)
FNF:11
FNH:0
FNDA:0,(anonymous_0)
FNDA:0,(anonymous_1)
FNDA:0,(anonymous_2)
FNDA:0,(anonymous_3)
FNDA:0,(anonymous_4)
FNDA:0,(anonymous_5)
FNDA:0,(anonymous_6)
FNDA:0,(anonymous_7)
FNDA:0,(anonymous_8)
FNDA:0,(anonymous_9)
FNDA:0,(anonymous_10)
DA:31,0
DA:32,0
DA:33,0
DA:34,0
DA:35,0
DA:36,0
DA:38,0
DA:39,0
DA:41,0
DA:43,0
DA:44,0
DA:45,0
DA:47,0
DA:55,0
DA:57,0
DA:58,0
DA:60,0
DA:61,0
DA:66,0
DA:67,0
DA:77,0
DA:84,0
DA:91,0
DA:100,0
DA:125,0
DA:133,0
DA:145,0
DA:159,0
LF:28
LH:0
BRDA:39,0,0,0
BRDA:39,0,1,0
BRDA:39,0,2,0
BRDA:57,1,0,0
BRDA:57,1,1,0
BRDA:117,2,0,0
BRDA:117,2,1,0
BRDA:122,3,0,0
BRDA:122,3,1,0
BRF:9
BRH:0
end_of_record
TN:
SF:src\screens\CategoryScreen.tsx
FN:22,(anonymous_0)
FN:41,(anonymous_1)
FN:53,(anonymous_2)
FN:61,(anonymous_3)
FN:72,(anonymous_4)
FN:75,(anonymous_5)
FN:77,(anonymous_6)
FN:94,(anonymous_7)
FN:99,(anonymous_8)
FN:113,(anonymous_9)
FN:114,(anonymous_10)
FN:116,(anonymous_11)
FN:120,(anonymous_12)
FN:121,(anonymous_13)
FN:123,(anonymous_14)
FN:127,(anonymous_15)
FN:128,(anonymous_16)
FN:136,(anonymous_17)
FN:140,(anonymous_18)
FN:163,(anonymous_19)
FN:169,(anonymous_20)
FN:175,(anonymous_21)
FN:181,(anonymous_22)
FN:185,(anonymous_23)
FN:192,(anonymous_24)
FN:196,(anonymous_25)
FN:212,(anonymous_26)
FN:254,(anonymous_27)
FN:256,(anonymous_28)
FNF:29
FNH:0
FNDA:0,(anonymous_0)
FNDA:0,(anonymous_1)
FNDA:0,(anonymous_2)
FNDA:0,(anonymous_3)
FNDA:0,(anonymous_4)
FNDA:0,(anonymous_5)
FNDA:0,(anonymous_6)
FNDA:0,(anonymous_7)
FNDA:0,(anonymous_8)
FNDA:0,(anonymous_9)
FNDA:0,(anonymous_10)
FNDA:0,(anonymous_11)
FNDA:0,(anonymous_12)
FNDA:0,(anonymous_13)
FNDA:0,(anonymous_14)
FNDA:0,(anonymous_15)
FNDA:0,(anonymous_16)
FNDA:0,(anonymous_17)
FNDA:0,(anonymous_18)
FNDA:0,(anonymous_19)
FNDA:0,(anonymous_20)
FNDA:0,(anonymous_21)
FNDA:0,(anonymous_22)
FNDA:0,(anonymous_23)
FNDA:0,(anonymous_24)
FNDA:0,(anonymous_25)
FNDA:0,(anonymous_26)
FNDA:0,(anonymous_27)
FNDA:0,(anonymous_28)
DA:20,0
DA:22,0
DA:23,0
DA:24,0
DA:25,0
DA:26,0
DA:27,0
DA:28,0
DA:30,0
DA:31,0
DA:33,0
DA:34,0
DA:35,0
DA:39,0
DA:41,0
DA:42,0
DA:46,0
DA:49,0
DA:53,0
DA:54,0
DA:62,0
DA:63,0
DA:64,0
DA:72,0
DA:75,0
DA:77,0
DA:94,0
DA:95,0
DA:96,0
DA:99,0
DA:101,0
DA:107,0
DA:113,0
DA:114,0
DA:116,0
DA:120,0
DA:121,0
DA:123,0
DA:127,0
DA:128,0
DA:129,0
DA:130,0
DA:131,0
DA:132,0
DA:136,0
DA:137,0
DA:140,0
DA:141,0
DA:142,0
DA:145,0
DA:147,0
DA:150,0
DA:151,0
DA:159,0
DA:160,0
DA:163,0
DA:165,0
DA:166,0
DA:169,0
DA:171,0
DA:172,0
DA:175,0
DA:180,0
DA:181,0
DA:182,0
DA:185,0
DA:191,0
DA:192,0
DA:193,0
DA:196,0
DA:201,0
DA:213,0
DA:254,0
DA:257,0
DA:258,0
DA:266,0
LF:76
LH:0
BRDA:26,0,0,0
BRDA:26,0,1,0
BRDA:27,1,0,0
BRDA:27,1,1,0
BRDA:31,2,0,0
BRDA:31,2,1,0
BRDA:31,2,2,0
BRDA:46,3,0,0
BRDA:46,3,1,0
BRDA:49,4,0,0
BRDA:49,4,1,0
BRDA:50,5,0,0
BRDA:50,5,1,0
BRDA:51,6,0,0
BRDA:51,6,1,0
BRDA:69,7,0,0
BRDA:69,7,1,0
BRDA:70,8,0,0
BRDA:70,8,1,0
BRDA:70,8,2,0
BRDA:81,9,0,0
BRDA:81,9,1,0
BRDA:82,10,0,0
BRDA:82,10,1,0
BRDA:82,10,2,0
BRDA:103,11,0,0
BRDA:103,11,1,0
BRDA:107,12,0,0
BRDA:107,12,1,0
BRDA:108,13,0,0
BRDA:108,13,1,0
BRDA:109,14,0,0
BRDA:109,14,1,0
BRDA:110,15,0,0
BRDA:110,15,1,0
BRDA:130,16,0,0
BRDA:130,16,1,0
BRDA:130,17,0,0
BRDA:130,17,1,0
BRDA:131,18,0,0
BRDA:131,18,1,0
BRDA:131,19,0,0
BRDA:131,19,1,0
BRDA:145,20,0,0
BRDA:145,20,1,0
BRDA:150,21,0,0
BRDA:150,21,1,0
BRDA:159,22,0,0
BRDA:159,22,1,0
BRDA:159,23,0,0
BRDA:159,23,1,0
BRDA:165,24,0,0
BRDA:165,24,1,0
BRDA:171,25,0,0
BRDA:171,25,1,0
BRDA:180,26,0,0
BRDA:180,26,1,0
BRDA:180,27,0,0
BRDA:180,27,1,0
BRDA:191,28,0,0
BRDA:191,28,1,0
BRDA:191,29,0,0
BRDA:191,29,1,0
BRDA:204,30,0,0
BRDA:204,30,1,0
BRDA:366,31,0,0
BRDA:366,31,1,0
BRF:67
BRH:0
end_of_record
TN:
SF:src\screens\CheckoutScreen.tsx
FN:33,(anonymous_0)
FN:54,(anonymous_1)
FN:60,(anonymous_2)
FN:72,(anonymous_3)
FN:81,(anonymous_4)
FN:90,(anonymous_5)
FN:108,(anonymous_6)
FN:137,(anonymous_7)
FN:144,(anonymous_8)
FN:229,(anonymous_9)
FN:252,(anonymous_10)
FN:279,(anonymous_11)
FN:283,(anonymous_12)
FN:292,(anonymous_13)
FNF:14
FNH:0
FNDA:0,(anonymous_0)
FNDA:0,(anonymous_1)
FNDA:0,(anonymous_2)
FNDA:0,(anonymous_3)
FNDA:0,(anonymous_4)
FNDA:0,(anonymous_5)
FNDA:0,(anonymous_6)
FNDA:0,(anonymous_7)
FNDA:0,(anonymous_8)
FNDA:0,(anonymous_9)
FNDA:0,(anonymous_10)
FNDA:0,(anonymous_11)
FNDA:0,(anonymous_12)
FNDA:0,(anonymous_13)
DA:33,0
DA:34,0
DA:35,0
DA:36,0
DA:37,0
DA:38,0
DA:39,0
DA:41,0
DA:42,0
DA:43,0
DA:44,0
DA:47,0
DA:48,0
DA:49,0
DA:50,0
DA:51,0
DA:52,0
DA:54,0
DA:55,0
DA:56,0
DA:60,0
DA:61,0
DA:62,0
DA:68,0
DA:69,0
DA:72,0
DA:73,0
DA:74,0
DA:77,0
DA:81,0
DA:82,0
DA:83,0
DA:84,0
DA:85,0
DA:86,0
DA:87,0
DA:90,0
DA:92,0
DA:93,0
DA:96,0
DA:100,0
DA:101,0
DA:102,0
DA:105,0
DA:108,0
DA:109,0
DA:111,0
DA:116,0
DA:118,0
DA:129,0
DA:130,0
DA:133,0
DA:137,0
DA:139,0
DA:140,0
DA:144,0
DA:145,0
DA:146,0
DA:147,0
DA:148,0
DA:151,0
DA:152,0
DA:153,0
DA:156,0
DA:157,0
DA:158,0
DA:159,0
DA:162,0
DA:163,0
DA:164,0
DA:167,0
DA:169,0
DA:171,0
DA:177,0
DA:179,0
DA:180,0
DA:183,0
DA:185,0
DA:186,0
DA:190,0
DA:192,0
DA:203,0
DA:204,0
DA:207,0
DA:213,0
DA:214,0
DA:215,0
DA:216,0
DA:217,0
DA:218,0
DA:220,0
DA:223,0
DA:224,0
DA:228,0
DA:229,0
DA:236,0
DA:240,0
DA:241,0
DA:242,0
DA:246,0
DA:247,0
DA:249,0
DA:252,0
DA:255,0
DA:256,0
DA:257,0
DA:261,0
DA:280,0
DA:283,0
DA:293,0
DA:294,0
DA:295,0
DA:296,0
DA:297,0
DA:298,0
DA:429,0
LF:116
LH:0
BRDA:42,0,0,0
BRDA:42,0,1,0
BRDA:55,1,0,0
BRDA:55,1,1,0
BRDA:68,2,0,0
BRDA:68,2,1,0
BRDA:69,3,0,0
BRDA:69,3,1,0
BRDA:73,4,0,0
BRDA:73,4,1,0
BRDA:84,5,0,0
BRDA:84,5,1,0
BRDA:92,6,0,0
BRDA:92,6,1,0
BRDA:100,7,0,0
BRDA:100,7,1,0
BRDA:109,8,0,0
BRDA:109,8,1,0
BRDA:129,9,0,0
BRDA:129,9,1,0
BRDA:139,10,0,0
BRDA:139,10,1,0
BRDA:139,11,0,0
BRDA:139,11,1,0
BRDA:139,11,2,0
BRDA:145,12,0,0
BRDA:145,12,1,0
BRDA:151,13,0,0
BRDA:151,13,1,0
BRDA:151,14,0,0
BRDA:151,14,1,0
BRDA:151,14,2,0
BRDA:151,14,3,0
BRDA:151,14,4,0
BRDA:156,15,0,0
BRDA:156,15,1,0
BRDA:162,16,0,0
BRDA:162,16,1,0
BRDA:171,17,0,0
BRDA:171,17,1,0
BRDA:173,18,0,0
BRDA:173,18,1,0
BRDA:179,19,0,0
BRDA:179,19,1,0
BRDA:180,20,0,0
BRDA:180,20,1,0
BRDA:195,21,0,0
BRDA:195,21,1,0
BRDA:203,22,0,0
BRDA:203,22,1,0
BRDA:213,23,0,0
BRDA:213,23,1,0
BRDA:215,24,0,0
BRDA:215,24,1,0
BRDA:223,25,0,0
BRDA:223,25,1,0
BRDA:240,26,0,0
BRDA:240,26,1,0
BRDA:266,27,0,0
BRDA:266,27,1,0
BRDA:268,28,0,0
BRDA:268,28,1,0
BRDA:275,29,0,0
BRDA:275,29,1,0
BRDA:282,30,0,0
BRDA:282,30,1,0
BRDA:402,31,0,0
BRDA:402,31,1,0
BRDA:402,31,2,0
BRDA:405,32,0,0
BRDA:405,32,1,0
BRDA:407,33,0,0
BRDA:407,33,1,0
BRDA:414,34,0,0
BRDA:414,34,1,0
BRDA:420,35,0,0
BRDA:420,35,1,0
BRF:77
BRH:0
end_of_record
TN:
SF:src\screens\HomeScreen.tsx
FN:17,(anonymous_0)
FN:25,(anonymous_1)
FN:26,(anonymous_2)
FN:52,(anonymous_3)
FNF:4
FNH:0
FNDA:0,(anonymous_0)
FNDA:0,(anonymous_1)
FNDA:0,(anonymous_2)
FNDA:0,(anonymous_3)
DA:17,0
DA:18,0
DA:19,0
DA:20,0
DA:22,0
DA:23,0
DA:25,0
DA:26,0
DA:28,0
DA:30,0
DA:52,0
DA:98,0
LF:12
LH:0
BRDA:23,0,0,0
BRDA:23,0,1,0
BRDA:23,0,2,0
BRF:3
BRH:0
end_of_record
TN:
SF:src\screens\LoginScreen.tsx
FN:33,(anonymous_0)
FN:52,(anonymous_1)
FN:71,(anonymous_2)
FN:94,(anonymous_3)
FN:112,(anonymous_4)
FN:132,(anonymous_5)
FN:151,(anonymous_6)
FN:172,(anonymous_7)
FN:187,(anonymous_8)
FN:198,(anonymous_9)
FN:288,(anonymous_10)
FN:334,(anonymous_11)
FN:343,(anonymous_12)
FN:355,(anonymous_13)
FNF:14
FNH:0
FNDA:0,(anonymous_0)
FNDA:0,(anonymous_1)
FNDA:0,(anonymous_2)
FNDA:0,(anonymous_3)
FNDA:0,(anonymous_4)
FNDA:0,(anonymous_5)
FNDA:0,(anonymous_6)
FNDA:0,(anonymous_7)
FNDA:0,(anonymous_8)
FNDA:0,(anonymous_9)
FNDA:0,(anonymous_10)
FNDA:0,(anonymous_11)
FNDA:0,(anonymous_12)
FNDA:0,(anonymous_13)
DA:23,0
DA:33,0
DA:40,0
DA:41,0
DA:42,0
DA:43,0
DA:44,0
DA:45,0
DA:46,0
DA:47,0
DA:48,0
DA:49,0
DA:52,0
DA:53,0
DA:54,0
DA:55,0
DA:56,0
DA:57,0
DA:58,0
DA:61,0
DA:62,0
DA:63,0
DA:64,0
DA:66,0
DA:67,0
DA:71,0
DA:72,0
DA:73,0
DA:74,0
DA:77,0
DA:78,0
DA:79,0
DA:80,0
DA:81,0
DA:85,0
DA:86,0
DA:88,0
DA:92,0
DA:93,0
DA:94,0
DA:95,0
DA:99,0
DA:100,0
DA:101,0
DA:102,0
DA:103,0
DA:105,0
DA:108,0
DA:112,0
DA:113,0
DA:114,0
DA:115,0
DA:116,0
DA:117,0
DA:119,0
DA:120,0
DA:121,0
DA:126,0
DA:128,0
DA:132,0
DA:133,0
DA:134,0
DA:135,0
DA:138,0
DA:139,0
DA:140,0
DA:141,0
DA:142,0
DA:143,0
DA:145,0
DA:147,0
DA:151,0
DA:152,0
DA:153,0
DA:154,0
DA:157,0
DA:158,0
DA:159,0
DA:160,0
DA:161,0
DA:162,0
DA:163,0
DA:164,0
DA:166,0
DA:168,0
DA:172,0
DA:173,0
DA:174,0
DA:175,0
DA:178,0
DA:179,0
DA:180,0
DA:181,0
DA:182,0
DA:185,0
DA:187,0
DA:188,0
DA:189,0
DA:192,0
DA:194,0
DA:198,0
DA:199,0
DA:200,0
DA:202,0
DA:205,0
DA:288,0
DA:334,0
DA:343,0
DA:356,0
DA:357,0
DA:358,0
DA:360,0
DA:380,0
LF:113
LH:0
BRDA:38,0,0,0
BRDA:53,1,0,0
BRDA:53,1,1,0
BRDA:54,2,0,0
BRDA:54,2,1,0
BRDA:72,3,0,0
BRDA:72,3,1,0
BRDA:72,4,0,0
BRDA:72,4,1,0
BRDA:80,5,0,0
BRDA:80,5,1,0
BRDA:85,6,0,0
BRDA:85,6,1,0
BRDA:92,7,0,0
BRDA:92,7,1,0
BRDA:99,8,0,0
BRDA:99,8,1,0
BRDA:100,9,0,0
BRDA:100,9,1,0
BRDA:102,10,0,0
BRDA:102,10,1,0
BRDA:117,11,0,0
BRDA:117,11,1,0
BRDA:119,12,0,0
BRDA:119,12,1,0
BRDA:119,13,0,0
BRDA:119,13,1,0
BRDA:121,14,0,0
BRDA:121,14,1,0
BRDA:121,15,0,0
BRDA:121,15,1,0
BRDA:126,16,0,0
BRDA:126,16,1,0
BRDA:133,17,0,0
BRDA:133,17,1,0
BRDA:141,18,0,0
BRDA:141,18,1,0
BRDA:145,19,0,0
BRDA:145,19,1,0
BRDA:152,20,0,0
BRDA:152,20,1,0
BRDA:152,21,0,0
BRDA:152,21,1,0
BRDA:160,22,0,0
BRDA:160,22,1,0
BRDA:173,23,0,0
BRDA:173,23,1,0
BRDA:181,24,0,0
BRDA:181,24,1,0
BRDA:192,25,0,0
BRDA:192,25,1,0
BRDA:199,26,0,0
BRDA:199,26,1,0
BRDA:199,27,0,0
BRDA:199,27,1,0
BRDA:223,28,0,0
BRDA:223,28,1,0
BRDA:236,29,0,0
BRDA:236,29,1,0
BRDA:236,30,0,0
BRDA:236,30,1,0
BRDA:236,31,0,0
BRDA:236,31,1,0
BRDA:240,32,0,0
BRDA:240,32,1,0
BRDA:242,33,0,0
BRDA:242,33,1,0
BRDA:244,34,0,0
BRDA:244,34,1,0
BRDA:250,35,0,0
BRDA:250,35,1,0
BRDA:256,36,0,0
BRDA:256,36,1,0
BRDA:271,37,0,0
BRDA:271,37,1,0
BRDA:273,38,0,0
BRDA:273,38,1,0
BRDA:276,39,0,0
BRDA:276,39,1,0
BRDA:285,40,0,0
BRDA:285,40,1,0
BRDA:285,40,2,0
BRDA:285,40,3,0
BRDA:294,41,0,0
BRDA:294,41,1,0
BRDA:294,41,2,0
BRDA:311,42,0,0
BRDA:311,42,1,0
BRDA:311,43,0,0
BRDA:311,43,1,0
BRDA:311,44,0,0
BRDA:311,44,1,0
BRDA:314,45,0,0
BRDA:314,45,1,0
BRDA:318,46,0,0
BRDA:318,46,1,0
BRDA:318,47,0,0
BRDA:318,47,1,0
BRDA:318,48,0,0
BRDA:318,48,1,0
BRDA:318,49,0,0
BRDA:318,49,1,0
BRDA:323,50,0,0
BRDA:323,50,1,0
BRDA:323,50,2,0
BRDA:340,51,0,0
BRDA:340,51,1,0
BRDA:356,52,0,0
BRDA:356,52,1,0
BRDA:356,53,0,0
BRDA:356,53,1,0
BRDA:365,54,0,0
BRDA:365,54,1,0
BRDA:365,55,0,0
BRDA:365,55,1,0
BRDA:367,56,0,0
BRDA:367,56,1,0
BRF:117
BRH:0
end_of_record
TN:
SF:src\screens\OrdersScreen.tsx
FN:51,(anonymous_0)
FN:68,(anonymous_1)
FN:76,(anonymous_2)
FN:100,(anonymous_3)
FN:102,(anonymous_4)
FN:116,(anonymous_5)
FN:121,(anonymous_6)
FN:137,(anonymous_7)
FN:137,(anonymous_8)
FN:148,(anonymous_9)
FN:163,(anonymous_10)
FN:187,(anonymous_11)
FN:219,(anonymous_12)
FN:259,(anonymous_13)
FN:279,(anonymous_14)
FN:311,(anonymous_15)
FN:317,(anonymous_16)
FN:336,(anonymous_17)
FNF:18
FNH:0
FNDA:0,(anonymous_0)
FNDA:0,(anonymous_1)
FNDA:0,(anonymous_2)
FNDA:0,(anonymous_3)
FNDA:0,(anonymous_4)
FNDA:0,(anonymous_5)
FNDA:0,(anonymous_6)
FNDA:0,(anonymous_7)
FNDA:0,(anonymous_8)
FNDA:0,(anonymous_9)
FNDA:0,(anonymous_10)
FNDA:0,(anonymous_11)
FNDA:0,(anonymous_12)
FNDA:0,(anonymous_13)
FNDA:0,(anonymous_14)
FNDA:0,(anonymous_15)
FNDA:0,(anonymous_16)
FNDA:0,(anonymous_17)
DA:51,0
DA:52,0
DA:53,0
DA:54,0
DA:56,0
DA:57,0
DA:59,0
DA:60,0
DA:61,0
DA:62,0
DA:65,0
DA:66,0
DA:68,0
DA:69,0
DA:70,0
DA:72,0
DA:76,0
DA:77,0
DA:78,0
DA:98,0
DA:100,0
DA:102,0
DA:108,0
DA:110,0
DA:112,0
DA:116,0
DA:117,0
DA:118,0
DA:121,0
DA:122,0
DA:124,0
DA:125,0
DA:126,0
DA:128,0
DA:129,0
DA:130,0
DA:135,0
DA:137,0
DA:139,0
DA:140,0
DA:141,0
DA:144,0
DA:148,0
DA:149,0
DA:150,0
DA:152,0
DA:163,0
DA:164,0
DA:165,0
DA:166,0
DA:169,0
DA:170,0
DA:177,0
DA:178,0
DA:185,0
DA:188,0
DA:219,0
DA:220,0
DA:226,0
DA:259,0
DA:274,0
DA:275,0
DA:279,0
DA:287,0
DA:311,0
DA:318,0
DA:336,0
DA:343,0
LF:68
LH:0
BRDA:57,0,0,0
BRDA:57,0,1,0
BRDA:57,0,2,0
BRDA:69,1,0,0
BRDA:69,1,1,0
BRDA:98,2,0,0
BRDA:98,2,1,0
BRDA:100,3,0,0
BRDA:100,3,1,0
BRDA:104,4,0,0
BRDA:104,4,1,0
BRDA:122,5,0,0
BRDA:122,5,1,0
BRDA:135,6,0,0
BRDA:135,6,1,0
BRDA:140,7,0,0
BRDA:140,7,1,0
BRDA:149,8,0,0
BRDA:149,8,1,0
BRDA:150,9,0,0
BRDA:150,9,1,0
BRDA:169,10,0,0
BRDA:169,10,1,0
BRDA:169,11,0,0
BRDA:169,11,1,0
BRDA:177,12,0,0
BRDA:177,12,1,0
BRDA:192,13,0,0
BRDA:192,13,1,0
BRDA:194,14,0,0
BRDA:194,14,1,0
BRDA:197,15,0,0
BRDA:197,15,1,0
BRDA:202,16,0,0
BRDA:202,16,1,0
BRDA:207,17,0,0
BRDA:207,17,1,0
BRDA:210,18,0,0
BRDA:210,18,1,0
BRDA:256,19,0,0
BRDA:256,19,1,0
BRDA:256,20,0,0
BRDA:256,20,1,0
BRDA:256,20,2,0
BRDA:258,21,0,0
BRDA:258,21,1,0
BRDA:262,22,0,0
BRDA:262,22,1,0
BRDA:274,23,0,0
BRDA:274,23,1,0
BRDA:304,24,0,0
BRDA:304,24,1,0
BRDA:308,25,0,0
BRDA:308,25,1,0
BRF:54
BRH:0
end_of_record
TN:
SF:src\screens\ProductDetailsScreen.tsx
FN:31,(anonymous_0)
FN:41,(anonymous_1)
FN:46,(anonymous_2)
FN:47,(anonymous_3)
FN:64,(anonymous_4)
FN:65,(anonymous_5)
FN:96,(anonymous_6)
FN:101,(anonymous_7)
FN:140,(anonymous_8)
FN:149,(anonymous_9)
FN:153,(anonymous_10)
FN:177,(anonymous_11)
FN:178,(anonymous_12)
FN:187,(anonymous_13)
FN:194,(anonymous_14)
FN:201,(anonymous_15)
FN:207,(anonymous_16)
FN:218,(anonymous_17)
FN:233,(anonymous_18)
FN:234,(anonymous_19)
FN:237,(anonymous_20)
FN:241,(anonymous_21)
FN:247,(anonymous_22)
FN:257,(anonymous_23)
FN:261,(anonymous_24)
FN:262,(anonymous_25)
FN:279,(anonymous_26)
FN:282,(anonymous_27)
FN:298,(anonymous_28)
FN:326,(anonymous_29)
FN:332,(anonymous_30)
FN:334,(anonymous_31)
FN:337,(anonymous_32)
FN:341,(anonymous_33)
FN:382,(anonymous_34)
FN:391,(anonymous_35)
FN:394,(anonymous_36)
FN:397,(anonymous_37)
FN:412,(anonymous_38)
FN:415,(anonymous_39)
FN:417,(anonymous_40)
FN:431,(anonymous_41)
FN:509,(anonymous_42)
FN:572,(anonymous_43)
FN:576,(anonymous_44)
FN:591,(anonymous_45)
FN:596,(anonymous_46)
FN:600,(anonymous_47)
FN:778,(anonymous_48)
FN:794,(anonymous_49)
FN:810,(anonymous_50)
FN:855,(anonymous_51)
FN:856,(anonymous_52)
FN:873,(anonymous_53)
FN:889,(anonymous_54)
FN:894,(anonymous_55)
FN:920,(anonymous_56)
FN:930,(anonymous_57)
FN:934,(anonymous_58)
FN:948,(anonymous_59)
FN:972,(anonymous_60)
FN:978,(anonymous_61)
FN:1011,(anonymous_62)
FN:1011,(anonymous_63)
FN:1022,(anonymous_64)
FN:1022,(anonymous_65)
FN:1049,(anonymous_66)
FN:1075,(anonymous_67)
FN:1089,(anonymous_68)
FN:1103,(anonymous_69)
FN:1114,(anonymous_70)
FN:1133,(anonymous_71)
FN:1145,(anonymous_72)
FNF:73
FNH:0
FNDA:0,(anonymous_0)
FNDA:0,(anonymous_1)
FNDA:0,(anonymous_2)
FNDA:0,(anonymous_3)
FNDA:0,(anonymous_4)
FNDA:0,(anonymous_5)
FNDA:0,(anonymous_6)
FNDA:0,(anonymous_7)
FNDA:0,(anonymous_8)
FNDA:0,(anonymous_9)
FNDA:0,(anonymous_10)
FNDA:0,(anonymous_11)
FNDA:0,(anonymous_12)
FNDA:0,(anonymous_13)
FNDA:0,(anonymous_14)
FNDA:0,(anonymous_15)
FNDA:0,(anonymous_16)
FNDA:0,(anonymous_17)
FNDA:0,(anonymous_18)
FNDA:0,(anonymous_19)
FNDA:0,(anonymous_20)
FNDA:0,(anonymous_21)
FNDA:0,(anonymous_22)
FNDA:0,(anonymous_23)
FNDA:0,(anonymous_24)
FNDA:0,(anonymous_25)
FNDA:0,(anonymous_26)
FNDA:0,(anonymous_27)
FNDA:0,(anonymous_28)
FNDA:0,(anonymous_29)
FNDA:0,(anonymous_30)
FNDA:0,(anonymous_31)
FNDA:0,(anonymous_32)
FNDA:0,(anonymous_33)
FNDA:0,(anonymous_34)
FNDA:0,(anonymous_35)
FNDA:0,(anonymous_36)
FNDA:0,(anonymous_37)
FNDA:0,(anonymous_38)
FNDA:0,(anonymous_39)
FNDA:0,(anonymous_40)
FNDA:0,(anonymous_41)
FNDA:0,(anonymous_42)
FNDA:0,(anonymous_43)
FNDA:0,(anonymous_44)
FNDA:0,(anonymous_45)
FNDA:0,(anonymous_46)
FNDA:0,(anonymous_47)
FNDA:0,(anonymous_48)
FNDA:0,(anonymous_49)
FNDA:0,(anonymous_50)
FNDA:0,(anonymous_51)
FNDA:0,(anonymous_52)
FNDA:0,(anonymous_53)
FNDA:0,(anonymous_54)
FNDA:0,(anonymous_55)
FNDA:0,(anonymous_56)
FNDA:0,(anonymous_57)
FNDA:0,(anonymous_58)
FNDA:0,(anonymous_59)
FNDA:0,(anonymous_60)
FNDA:0,(anonymous_61)
FNDA:0,(anonymous_62)
FNDA:0,(anonymous_63)
FNDA:0,(anonymous_64)
FNDA:0,(anonymous_65)
FNDA:0,(anonymous_66)
FNDA:0,(anonymous_67)
FNDA:0,(anonymous_68)
FNDA:0,(anonymous_69)
FNDA:0,(anonymous_70)
FNDA:0,(anonymous_71)
FNDA:0,(anonymous_72)
DA:31,0
DA:32,0
DA:33,0
DA:34,0
DA:35,0
DA:36,0
DA:38,0
DA:39,0
DA:41,0
DA:43,0
DA:46,0
DA:47,0
DA:48,0
DA:49,0
DA:50,0
DA:51,0
DA:52,0
DA:53,0
DA:55,0
DA:57,0
DA:61,0
DA:64,0
DA:65,0
DA:67,0
DA:68,0
DA:69,0
DA:70,0
DA:71,0
DA:72,0
DA:73,0
DA:74,0
DA:75,0
DA:76,0
DA:77,0
DA:78,0
DA:79,0
DA:80,0
DA:83,0
DA:84,0
DA:85,0
DA:86,0
DA:87,0
DA:88,0
DA:89,0
DA:90,0
DA:91,0
DA:92,0
DA:93,0
DA:94,0
DA:96,0
DA:97,0
DA:98,0
DA:101,0
DA:102,0
DA:104,0
DA:105,0
DA:107,0
DA:108,0
DA:109,0
DA:110,0
DA:112,0
DA:113,0
DA:117,0
DA:118,0
DA:122,0
DA:123,0
DA:127,0
DA:128,0
DA:134,0
DA:140,0
DA:141,0
DA:142,0
DA:143,0
DA:144,0
DA:145,0
DA:149,0
DA:150,0
DA:152,0
DA:153,0
DA:156,0
DA:158,0
DA:159,0
DA:160,0
DA:161,0
DA:163,0
DA:164,0
DA:165,0
DA:168,0
DA:177,0
DA:178,0
DA:179,0
DA:187,0
DA:188,0
DA:194,0
DA:195,0
DA:201,0
DA:202,0
DA:203,0
DA:204,0
DA:205,0
DA:207,0
DA:210,0
DA:212,0
DA:213,0
DA:214,0
DA:218,0
DA:219,0
DA:220,0
DA:221,0
DA:228,0
DA:233,0
DA:234,0
DA:237,0
DA:239,0
DA:241,0
DA:242,0
DA:243,0
DA:244,0
DA:247,0
DA:248,0
DA:249,0
DA:250,0
DA:251,0
DA:254,0
DA:257,0
DA:260,0
DA:261,0
DA:262,0
DA:263,0
DA:267,0
DA:268,0
DA:270,0
DA:272,0
DA:276,0
DA:279,0
DA:280,0
DA:282,0
DA:283,0
DA:284,0
DA:290,0
DA:291,0
DA:294,0
DA:298,0
DA:299,0
DA:300,0
DA:301,0
DA:303,0
DA:304,0
DA:311,0
DA:312,0
DA:314,0
DA:317,0
DA:318,0
DA:322,0
DA:323,0
DA:326,0
DA:328,0
DA:329,0
DA:332,0
DA:333,0
DA:334,0
DA:335,0
DA:337,0
DA:341,0
DA:342,0
DA:343,0
DA:344,0
DA:346,0
DA:348,0
DA:349,0
DA:350,0
DA:353,0
DA:354,0
DA:355,0
DA:364,0
DA:366,0
DA:367,0
DA:369,0
DA:374,0
DA:376,0
DA:378,0
DA:382,0
DA:383,0
DA:384,0
DA:385,0
DA:387,0
DA:391,0
DA:392,0
DA:393,0
DA:394,0
DA:397,0
DA:398,0
DA:399,0
DA:400,0
DA:402,0
DA:404,0
DA:405,0
DA:407,0
DA:411,0
DA:412,0
DA:413,0
DA:415,0
DA:417,0
DA:426,0
DA:427,0
DA:431,0
DA:450,0
DA:451,0
DA:459,0
DA:460,0
DA:470,0
DA:509,0
DA:573,0
DA:576,0
DA:591,0
DA:597,0
DA:600,0
DA:778,0
DA:794,0
DA:810,0
DA:856,0
DA:873,0
DA:890,0
DA:895,0
DA:920,0
DA:931,0
DA:934,0
DA:948,0
DA:972,0
DA:978,0
DA:1011,0
DA:1022,0
DA:1050,0
DA:1051,0
DA:1052,0
DA:1053,0
DA:1054,0
DA:1055,0
DA:1056,0
DA:1057,0
DA:1058,0
DA:1059,0
DA:1060,0
DA:1061,0
DA:1075,0
DA:1089,0
DA:1103,0
DA:1114,0
DA:1134,0
DA:1135,0
DA:1136,0
DA:1146,0
DA:1147,0
DA:1164,0
LF:254
LH:0
BRDA:34,0,0,0
BRDA:34,0,1,0
BRDA:35,1,0,0
BRDA:35,1,1,0
BRDA:39,2,0,0
BRDA:39,2,1,0
BRDA:39,2,2,0
BRDA:49,3,0,0
BRDA:49,3,1,0
BRDA:49,4,0,0
BRDA:49,4,1,0
BRDA:49,4,2,0
BRDA:97,5,0,0
BRDA:97,5,1,0
BRDA:98,6,0,0
BRDA:98,6,1,0
BRDA:98,6,2,0
BRDA:102,7,0,0
BRDA:102,7,1,0
BRDA:105,8,0,0
BRDA:105,8,1,0
BRDA:107,9,0,0
BRDA:107,9,1,0
BRDA:107,9,2,0
BRDA:108,10,0,0
BRDA:108,10,1,0
BRDA:108,10,2,0
BRDA:108,10,3,0
BRDA:109,11,0,0
BRDA:109,11,1,0
BRDA:110,12,0,0
BRDA:110,12,1,0
BRDA:110,12,2,0
BRDA:110,12,3,0
BRDA:110,12,4,0
BRDA:112,13,0,0
BRDA:112,13,1,0
BRDA:117,14,0,0
BRDA:117,14,1,0
BRDA:122,15,0,0
BRDA:122,15,1,0
BRDA:127,16,0,0
BRDA:127,16,1,0
BRDA:141,17,0,0
BRDA:141,17,1,0
BRDA:142,18,0,0
BRDA:142,18,1,0
BRDA:144,19,0,0
BRDA:144,19,1,0
BRDA:150,20,0,0
BRDA:150,20,1,0
BRDA:150,21,0,0
BRDA:150,21,1,0
BRDA:153,22,0,0
BRDA:153,22,1,0
BRDA:156,23,0,0
BRDA:156,23,1,0
BRDA:156,24,0,0
BRDA:156,24,1,0
BRDA:159,25,0,0
BRDA:159,25,1,0
BRDA:160,26,0,0
BRDA:160,26,1,0
BRDA:161,27,0,0
BRDA:161,27,1,0
BRDA:164,28,0,0
BRDA:164,28,1,0
BRDA:180,29,0,0
BRDA:180,29,1,0
BRDA:181,30,0,0
BRDA:181,30,1,0
BRDA:202,31,0,0
BRDA:202,31,1,0
BRDA:204,32,0,0
BRDA:204,32,1,0
BRDA:204,33,0,0
BRDA:204,33,1,0
BRDA:214,34,0,0
BRDA:214,34,1,0
BRDA:215,35,0,0
BRDA:215,35,1,0
BRDA:219,36,0,0
BRDA:219,36,1,0
BRDA:220,37,0,0
BRDA:220,37,1,0
BRDA:220,37,2,0
BRDA:221,38,0,0
BRDA:221,38,1,0
BRDA:221,38,2,0
BRDA:221,38,3,0
BRDA:221,38,4,0
BRDA:228,39,0,0
BRDA:228,39,1,0
BRDA:239,40,0,0
BRDA:239,40,1,0
BRDA:239,41,0,0
BRDA:239,41,1,0
BRDA:239,41,2,0
BRDA:248,42,0,0
BRDA:248,42,1,0
BRDA:249,43,0,0
BRDA:249,43,1,0
BRDA:250,44,0,0
BRDA:250,44,1,0
BRDA:251,45,0,0
BRDA:251,45,1,0
BRDA:257,46,0,0
BRDA:257,46,1,0
BRDA:262,47,0,0
BRDA:262,47,1,0
BRDA:280,48,0,0
BRDA:280,48,1,0
BRDA:290,49,0,0
BRDA:290,49,1,0
BRDA:290,50,0,0
BRDA:290,50,1,0
BRDA:299,51,0,0
BRDA:299,51,1,0
BRDA:299,52,0,0
BRDA:299,52,1,0
BRDA:311,53,0,0
BRDA:311,53,1,0
BRDA:311,54,0,0
BRDA:311,54,1,0
BRDA:311,54,2,0
BRDA:333,55,0,0
BRDA:333,55,1,0
BRDA:333,56,0,0
BRDA:333,56,1,0
BRDA:342,57,0,0
BRDA:342,57,1,0
BRDA:346,58,0,0
BRDA:346,58,1,0
BRDA:348,59,0,0
BRDA:348,59,1,0
BRDA:364,60,0,0
BRDA:364,60,1,0
BRDA:374,61,0,0
BRDA:374,61,1,0
BRDA:376,62,0,0
BRDA:376,62,1,0
BRDA:383,63,0,0
BRDA:383,63,1,0
BRDA:384,64,0,0
BRDA:384,64,1,0
BRDA:392,65,0,0
BRDA:392,65,1,0
BRDA:398,66,0,0
BRDA:398,66,1,0
BRDA:402,67,0,0
BRDA:402,67,1,0
BRDA:404,68,0,0
BRDA:404,68,1,0
BRDA:413,69,0,0
BRDA:413,69,1,0
BRDA:436,70,0,0
BRDA:436,70,1,0
BRDA:441,71,0,0
BRDA:441,71,1,0
BRDA:450,72,0,0
BRDA:450,72,1,0
BRDA:459,73,0,0
BRDA:459,73,1,0
BRDA:472,74,0,0
BRDA:472,74,1,0
BRDA:492,75,0,0
BRDA:492,75,1,0
BRDA:503,76,0,0
BRDA:503,76,1,0
BRDA:503,77,0,0
BRDA:503,77,1,0
BRDA:506,78,0,0
BRDA:506,78,1,0
BRDA:528,79,0,0
BRDA:528,79,1,0
BRDA:537,80,0,0
BRDA:537,80,1,0
BRDA:542,81,0,0
BRDA:542,81,1,0
BRDA:548,82,0,0
BRDA:548,82,1,0
BRDA:554,83,0,0
BRDA:554,83,1,0
BRDA:558,84,0,0
BRDA:558,84,1,0
BRDA:559,85,0,0
BRDA:559,85,1,0
BRDA:575,86,0,0
BRDA:575,86,1,0
BRDA:578,87,0,0
BRDA:578,87,1,0
BRDA:587,88,0,0
BRDA:587,88,1,0
BRDA:599,89,0,0
BRDA:599,89,1,0
BRDA:602,90,0,0
BRDA:602,90,1,0
BRDA:612,91,0,0
BRDA:612,91,1,0
BRDA:612,91,2,0
BRDA:612,91,3,0
BRDA:623,92,0,0
BRDA:623,92,1,0
BRDA:644,93,0,0
BRDA:644,93,1,0
BRDA:650,94,0,0
BRDA:650,94,1,0
BRDA:656,95,0,0
BRDA:656,95,1,0
BRDA:662,96,0,0
BRDA:662,96,1,0
BRDA:668,97,0,0
BRDA:668,97,1,0
BRDA:681,98,0,0
BRDA:681,98,1,0
BRDA:694,99,0,0
BRDA:694,99,1,0
BRDA:694,100,0,0
BRDA:694,100,1,0
BRDA:697,101,0,0
BRDA:697,101,1,0
BRDA:703,102,0,0
BRDA:703,102,1,0
BRDA:706,103,0,0
BRDA:706,103,1,0
BRDA:717,104,0,0
BRDA:717,104,1,0
BRDA:718,105,0,0
BRDA:718,105,1,0
BRDA:719,106,0,0
BRDA:719,106,1,0
BRDA:720,107,0,0
BRDA:720,107,1,0
BRDA:725,108,0,0
BRDA:725,108,1,0
BRDA:729,109,0,0
BRDA:729,109,1,0
BRDA:733,110,0,0
BRDA:733,110,1,0
BRDA:737,111,0,0
BRDA:737,111,1,0
BRDA:746,112,0,0
BRDA:746,112,1,0
BRDA:750,113,0,0
BRDA:750,113,1,0
BRDA:754,114,0,0
BRDA:754,114,1,0
BRDA:758,115,0,0
BRDA:758,115,1,0
BRDA:760,116,0,0
BRDA:760,116,1,0
BRDA:768,117,0,0
BRDA:768,117,1,0
BRDA:786,118,0,0
BRDA:786,118,1,0
BRDA:801,119,0,0
BRDA:801,119,1,0
BRDA:806,120,0,0
BRDA:806,120,1,0
BRDA:812,121,0,0
BRDA:812,121,1,0
BRDA:813,122,0,0
BRDA:813,122,1,0
BRDA:851,123,0,0
BRDA:851,123,1,0
BRDA:861,124,0,0
BRDA:861,124,1,0
BRDA:876,125,0,0
BRDA:876,125,1,0
BRDA:880,126,0,0
BRDA:880,126,1,0
BRDA:886,127,0,0
BRDA:886,127,1,0
BRDA:892,128,0,0
BRDA:892,128,1,0
BRDA:900,129,0,0
BRDA:900,129,1,0
BRDA:916,130,0,0
BRDA:916,130,1,0
BRDA:1035,131,0,0
BRDA:1035,131,1,0
BRDA:1036,132,0,0
BRDA:1036,132,1,0
BRDA:1037,133,0,0
BRDA:1037,133,1,0
BRDA:1038,134,0,0
BRDA:1038,134,1,0
BRDA:1039,135,0,0
BRDA:1039,135,1,0
BRDA:1040,136,0,0
BRDA:1040,136,1,0
BRDA:1041,137,0,0
BRDA:1041,137,1,0
BRDA:1042,138,0,0
BRDA:1042,138,1,0
BRDA:1051,139,0,0
BRDA:1051,139,1,0
BRDA:1052,140,0,0
BRDA:1052,140,1,0
BRDA:1053,141,0,0
BRDA:1053,141,1,0
BRDA:1054,142,0,0
BRDA:1054,142,1,0
BRDA:1055,143,0,0
BRDA:1055,143,1,0
BRDA:1056,144,0,0
BRDA:1056,144,1,0
BRDA:1057,145,0,0
BRDA:1057,145,1,0
BRDA:1058,146,0,0
BRDA:1058,146,1,0
BRDA:1072,147,0,0
BRDA:1072,147,1,0
BRDA:1084,148,0,0
BRDA:1084,148,1,0
BRDA:1084,148,2,0
BRDA:1093,149,0,0
BRDA:1093,149,1,0
BRDA:1211,150,0,0
BRDA:1211,150,1,0
BRDA:1562,151,0,0
BRDA:1562,151,1,0
BRDA:2258,152,0,0
BRDA:2258,152,1,0
BRDA:2261,153,0,0
BRDA:2261,153,1,0
BRDA:2287,154,0,0
BRDA:2287,154,1,0
BRDA:2312,155,0,0
BRDA:2312,155,1,0
BRF:330
BRH:0
end_of_record
TN:
SF:src\screens\ProfileScreen.tsx
FN:41,(anonymous_0)
FN:73,(anonymous_1)
FN:80,(anonymous_2)
FN:99,(anonymous_3)
FN:117,(anonymous_4)
FN:133,(anonymous_5)
FN:137,(anonymous_6)
FN:141,(anonymous_7)
FN:182,(anonymous_8)
FN:190,(anonymous_9)
FN:196,(anonymous_10)
FN:208,(anonymous_11)
FN:233,(anonymous_12)
FN:250,(anonymous_13)
FN:254,(anonymous_14)
FN:258,(anonymous_15)
FN:263,(anonymous_16)
FN:272,(anonymous_17)
FN:301,(anonymous_18)
FN:381,(anonymous_19)
FN:437,(anonymous_20)
FN:452,(anonymous_21)
FN:469,(anonymous_22)
FN:472,(anonymous_23)
FN:515,(anonymous_24)
FNF:25
FNH:0
FNDA:0,(anonymous_0)
FNDA:0,(anonymous_1)
FNDA:0,(anonymous_2)
FNDA:0,(anonymous_3)
FNDA:0,(anonymous_4)
FNDA:0,(anonymous_5)
FNDA:0,(anonymous_6)
FNDA:0,(anonymous_7)
FNDA:0,(anonymous_8)
FNDA:0,(anonymous_9)
FNDA:0,(anonymous_10)
FNDA:0,(anonymous_11)
FNDA:0,(anonymous_12)
FNDA:0,(anonymous_13)
FNDA:0,(anonymous_14)
FNDA:0,(anonymous_15)
FNDA:0,(anonymous_16)
FNDA:0,(anonymous_17)
FNDA:0,(anonymous_18)
FNDA:0,(anonymous_19)
FNDA:0,(anonymous_20)
FNDA:0,(anonymous_21)
FNDA:0,(anonymous_22)
FNDA:0,(anonymous_23)
FNDA:0,(anonymous_24)
DA:41,0
DA:42,0
DA:43,0
DA:44,0
DA:45,0
DA:46,0
DA:47,0
DA:49,0
DA:50,0
DA:53,0
DA:54,0
DA:55,0
DA:58,0
DA:59,0
DA:60,0
DA:63,0
DA:64,0
DA:65,0
DA:66,0
DA:67,0
DA:68,0
DA:69,0
DA:70,0
DA:71,0
DA:73,0
DA:74,0
DA:75,0
DA:76,0
DA:80,0
DA:81,0
DA:82,0
DA:88,0
DA:90,0
DA:91,0
DA:92,0
DA:95,0
DA:99,0
DA:100,0
DA:101,0
DA:102,0
DA:108,0
DA:109,0
DA:111,0
DA:113,0
DA:117,0
DA:118,0
DA:119,0
DA:120,0
DA:121,0
DA:122,0
DA:131,0
DA:132,0
DA:133,0
DA:135,0
DA:137,0
DA:141,0
DA:142,0
DA:143,0
DA:144,0
DA:145,0
DA:148,0
DA:149,0
DA:150,0
DA:164,0
DA:165,0
DA:166,0
DA:170,0
DA:172,0
DA:175,0
DA:178,0
DA:179,0
DA:180,0
DA:181,0
DA:182,0
DA:184,0
DA:186,0
DA:190,0
DA:191,0
DA:197,0
DA:198,0
DA:199,0
DA:201,0
DA:208,0
DA:209,0
DA:210,0
DA:211,0
DA:212,0
DA:213,0
DA:214,0
DA:215,0
DA:216,0
DA:217,0
DA:218,0
DA:220,0
DA:221,0
DA:222,0
DA:223,0
DA:224,0
DA:225,0
DA:226,0
DA:227,0
DA:228,0
DA:230,0
DA:233,0
DA:234,0
DA:235,0
DA:236,0
DA:239,0
DA:240,0
DA:241,0
DA:242,0
DA:246,0
DA:248,0
DA:249,0
DA:250,0
DA:252,0
DA:254,0
DA:258,0
DA:259,0
DA:260,0
DA:263,0
DA:264,0
DA:273,0
DA:274,0
DA:277,0
DA:278,0
DA:280,0
DA:281,0
DA:282,0
DA:286,0
DA:288,0
DA:296,0
DA:297,0
DA:301,0
DA:310,0
DA:381,0
DA:437,0
DA:453,0
DA:469,0
DA:472,0
DA:515,0
DA:532,0
LF:142
LH:0
BRDA:50,0,0,0
BRDA:50,0,1,0
BRDA:50,0,2,0
BRDA:74,1,0,0
BRDA:74,1,1,0
BRDA:88,2,0,0
BRDA:88,2,1,0
BRDA:88,3,0,0
BRDA:88,3,1,0
BRDA:90,4,0,0
BRDA:90,4,1,0
BRDA:91,5,0,0
BRDA:91,5,1,0
BRDA:92,6,0,0
BRDA:92,6,1,0
BRDA:108,7,0,0
BRDA:108,7,1,0
BRDA:109,8,0,0
BRDA:109,8,1,0
BRDA:118,9,0,0
BRDA:118,9,1,0
BRDA:131,10,0,0
BRDA:131,10,1,0
BRDA:135,11,0,0
BRDA:135,11,1,0
BRDA:142,12,0,0
BRDA:142,12,1,0
BRDA:143,13,0,0
BRDA:143,13,1,0
BRDA:143,14,0,0
BRDA:143,14,1,0
BRDA:143,14,2,0
BRDA:143,14,3,0
BRDA:161,15,0,0
BRDA:161,15,1,0
BRDA:161,15,2,0
BRDA:165,16,0,0
BRDA:165,16,1,0
BRDA:170,17,0,0
BRDA:170,17,1,0
BRDA:175,18,0,0
BRDA:175,18,1,0
BRDA:184,19,0,0
BRDA:184,19,1,0
BRDA:209,20,0,0
BRDA:209,20,1,0
BRDA:215,21,0,0
BRDA:215,21,1,0
BRDA:234,22,0,0
BRDA:234,22,1,0
BRDA:246,23,0,0
BRDA:246,23,1,0
BRDA:252,24,0,0
BRDA:252,24,1,0
BRDA:278,25,0,0
BRDA:278,25,1,0
BRDA:296,26,0,0
BRDA:296,26,1,0
BRDA:313,27,0,0
BRDA:313,27,1,0
BRDA:332,28,0,0
BRDA:332,28,1,0
BRDA:364,29,0,0
BRDA:364,29,1,0
BRDA:368,30,0,0
BRDA:368,30,1,0
BRDA:380,31,0,0
BRDA:380,31,1,0
BRDA:387,32,0,0
BRDA:387,32,1,0
BRDA:389,33,0,0
BRDA:389,33,1,0
BRDA:447,34,0,0
BRDA:447,34,1,0
BRDA:449,35,0,0
BRDA:449,35,1,0
BRDA:458,36,0,0
BRDA:458,36,1,0
BRDA:464,37,0,0
BRDA:464,37,1,0
BRDA:499,38,0,0
BRDA:499,38,1,0
BRDA:503,39,0,0
BRDA:503,39,1,0
BRF:84
BRH:0
end_of_record
TN:
SF:src\screens\VendorDashboardScreen.tsx
FN:37,(anonymous_0)
FN:62,(anonymous_1)
FN:65,(anonymous_2)
FN:67,(anonymous_3)
FN:73,(anonymous_4)
FN:93,(anonymous_5)
FN:115,(anonymous_6)
FN:130,(anonymous_7)
FN:139,(anonymous_8)
FN:139,(anonymous_9)
FN:148,(anonymous_10)
FN:153,(anonymous_11)
FN:165,(anonymous_12)
FN:165,(anonymous_13)
FN:176,(anonymous_14)
FN:185,(anonymous_15)
FN:185,(anonymous_16)
FN:196,(anonymous_17)
FN:219,(anonymous_18)
FN:234,(anonymous_19)
FN:254,(anonymous_20)
FN:278,(anonymous_21)
FN:293,(anonymous_22)
FN:303,(anonymous_23)
FN:310,(anonymous_24)
FN:321,(anonymous_25)
FN:335,(anonymous_26)
FN:339,(anonymous_27)
FN:342,(anonymous_28)
FN:345,(anonymous_29)
FN:364,(anonymous_30)
FN:387,(anonymous_31)
FN:390,(anonymous_32)
FN:393,(anonymous_33)
FN:434,(anonymous_34)
FN:443,(anonymous_35)
FN:464,(anonymous_36)
FN:512,(anonymous_37)
FNF:38
FNH:0
FNDA:0,(anonymous_0)
FNDA:0,(anonymous_1)
FNDA:0,(anonymous_2)
FNDA:0,(anonymous_3)
FNDA:0,(anonymous_4)
FNDA:0,(anonymous_5)
FNDA:0,(anonymous_6)
FNDA:0,(anonymous_7)
FNDA:0,(anonymous_8)
FNDA:0,(anonymous_9)
FNDA:0,(anonymous_10)
FNDA:0,(anonymous_11)
FNDA:0,(anonymous_12)
FNDA:0,(anonymous_13)
FNDA:0,(anonymous_14)
FNDA:0,(anonymous_15)
FNDA:0,(anonymous_16)
FNDA:0,(anonymous_17)
FNDA:0,(anonymous_18)
FNDA:0,(anonymous_19)
FNDA:0,(anonymous_20)
FNDA:0,(anonymous_21)
FNDA:0,(anonymous_22)
FNDA:0,(anonymous_23)
FNDA:0,(anonymous_24)
FNDA:0,(anonymous_25)
FNDA:0,(anonymous_26)
FNDA:0,(anonymous_27)
FNDA:0,(anonymous_28)
FNDA:0,(anonymous_29)
FNDA:0,(anonymous_30)
FNDA:0,(anonymous_31)
FNDA:0,(anonymous_32)
FNDA:0,(anonymous_33)
FNDA:0,(anonymous_34)
FNDA:0,(anonymous_35)
FNDA:0,(anonymous_36)
FNDA:0,(anonymous_37)
DA:37,0
DA:38,0
DA:39,0
DA:40,0
DA:42,0
DA:43,0
DA:45,0
DA:46,0
DA:47,0
DA:48,0
DA:50,0
DA:51,0
DA:53,0
DA:54,0
DA:55,0
DA:56,0
DA:57,0
DA:58,0
DA:59,0
DA:62,0
DA:63,0
DA:64,0
DA:65,0
DA:67,0
DA:68,0
DA:69,0
DA:73,0
DA:74,0
DA:75,0
DA:76,0
DA:82,0
DA:83,0
DA:85,0
DA:86,0
DA:91,0
DA:93,0
DA:95,0
DA:96,0
DA:102,0
DA:104,0
DA:109,0
DA:111,0
DA:115,0
DA:116,0
DA:117,0
DA:118,0
DA:123,0
DA:124,0
DA:126,0
DA:130,0
DA:131,0
DA:132,0
DA:137,0
DA:139,0
DA:140,0
DA:143,0
DA:144,0
DA:148,0
DA:149,0
DA:150,0
DA:153,0
DA:154,0
DA:156,0
DA:157,0
DA:158,0
DA:163,0
DA:165,0
DA:166,0
DA:167,0
DA:169,0
DA:170,0
DA:172,0
DA:176,0
DA:177,0
DA:178,0
DA:183,0
DA:185,0
DA:186,0
DA:189,0
DA:191,0
DA:192,0
DA:196,0
DA:197,0
DA:198,0
DA:199,0
DA:202,0
DA:203,0
DA:208,0
DA:210,0
DA:211,0
DA:212,0
DA:214,0
DA:216,0
DA:220,0
DA:222,0
DA:223,0
DA:224,0
DA:225,0
DA:228,0
DA:229,0
DA:230,0
DA:231,0
DA:234,0
DA:254,0
DA:255,0
DA:256,0
DA:257,0
DA:258,0
DA:261,0
DA:263,0
DA:264,0
DA:266,0
DA:267,0
DA:269,0
DA:273,0
DA:274,0
DA:278,0
DA:279,0
DA:293,0
DA:303,0
DA:310,0
DA:321,0
DA:322,0
DA:335,0
DA:339,0
DA:342,0
DA:345,0
DA:352,0
DA:365,0
DA:366,0
DA:367,0
DA:368,0
DA:369,0
DA:370,0
DA:371,0
DA:374,0
DA:376,0
DA:387,0
DA:390,0
DA:393,0
DA:434,0
DA:443,0
DA:464,0
DA:513,0
DA:514,0
DA:533,0
LF:146
LH:0
BRDA:43,0,0,0
BRDA:43,0,1,0
BRDA:68,1,0,0
BRDA:68,1,1,0
BRDA:82,2,0,0
BRDA:82,2,1,0
BRDA:85,3,0,0
BRDA:85,3,1,0
BRDA:91,4,0,0
BRDA:91,4,1,0
BRDA:93,5,0,0
BRDA:93,5,1,0
BRDA:95,6,0,0
BRDA:95,6,1,0
BRDA:102,7,0,0
BRDA:102,7,1,0
BRDA:123,8,0,0
BRDA:123,8,1,0
BRDA:126,9,0,0
BRDA:126,9,1,0
BRDA:137,10,0,0
BRDA:137,10,1,0
BRDA:140,11,0,0
BRDA:140,11,1,0
BRDA:144,12,0,0
BRDA:144,12,1,0
BRDA:154,13,0,0
BRDA:154,13,1,0
BRDA:163,14,0,0
BRDA:163,14,1,0
BRDA:170,15,0,0
BRDA:170,15,1,0
BRDA:183,16,0,0
BRDA:183,16,1,0
BRDA:186,17,0,0
BRDA:186,17,1,0
BRDA:192,18,0,0
BRDA:192,18,1,0
BRDA:197,19,0,0
BRDA:197,19,1,0
BRDA:208,20,0,0
BRDA:208,20,1,0
BRDA:222,21,0,0
BRDA:222,21,1,0
BRDA:228,22,0,0
BRDA:228,22,1,0
BRDA:236,23,0,0
BRDA:236,23,1,0
BRDA:237,24,0,0
BRDA:237,24,1,0
BRDA:237,24,2,0
BRDA:238,25,0,0
BRDA:238,25,1,0
BRDA:238,25,2,0
BRDA:239,26,0,0
BRDA:239,26,1,0
BRDA:239,26,2,0
BRDA:240,27,0,0
BRDA:240,27,1,0
BRDA:240,27,2,0
BRDA:241,28,0,0
BRDA:241,28,1,0
BRDA:241,28,2,0
BRDA:242,29,0,0
BRDA:242,29,1,0
BRDA:242,29,2,0
BRDA:243,30,0,0
BRDA:243,30,1,0
BRDA:243,30,2,0
BRDA:244,31,0,0
BRDA:244,31,1,0
BRDA:244,31,2,0
BRDA:245,32,0,0
BRDA:245,32,1,0
BRDA:245,32,2,0
BRDA:246,33,0,0
BRDA:246,33,1,0
BRDA:246,33,2,0
BRDA:247,34,0,0
BRDA:247,34,1,0
BRDA:247,34,2,0
BRDA:247,35,0,0
BRDA:247,35,1,0
BRDA:247,35,2,0
BRDA:248,36,0,0
BRDA:248,36,1,0
BRDA:248,36,2,0
BRDA:249,37,0,0
BRDA:249,37,1,0
BRDA:249,37,2,0
BRDA:254,38,0,0
BRDA:254,38,1,0
BRDA:254,38,2,0
BRDA:255,39,0,0
BRDA:255,39,1,0
BRDA:263,40,0,0
BRDA:263,40,1,0
BRDA:273,41,0,0
BRDA:273,41,1,0
BRDA:281,42,0,0
BRDA:281,42,1,0
BRDA:281,43,0,0
BRDA:281,43,1,0
BRDA:282,44,0,0
BRDA:282,44,1,0
BRDA:288,45,0,0
BRDA:288,45,1,0
BRDA:289,46,0,0
BRDA:289,46,1,0
BRDA:307,47,0,0
BRDA:307,47,1,0
BRDA:328,48,0,0
BRDA:328,48,1,0
BRDA:329,49,0,0
BRDA:329,49,1,0
BRDA:335,50,0,0
BRDA:335,50,1,0
BRDA:338,51,0,0
BRDA:338,51,1,0
BRDA:354,52,0,0
BRDA:354,52,1,0
BRDA:357,53,0,0
BRDA:357,53,1,0
BRDA:358,54,0,0
BRDA:358,54,1,0
BRDA:359,55,0,0
BRDA:359,55,1,0
BRDA:359,56,0,0
BRDA:359,56,1,0
BRDA:361,57,0,0
BRDA:361,57,1,0
BRDA:361,58,0,0
BRDA:361,58,1,0
BRDA:361,58,2,0
BRDA:368,59,0,0
BRDA:368,59,1,0
BRDA:387,60,0,0
BRDA:387,60,1,0
BRDA:387,61,0,0
BRDA:387,61,1,0
BRDA:388,62,0,0
BRDA:388,62,1,0
BRDA:390,63,0,0
BRDA:390,63,1,0
BRDA:390,64,0,0
BRDA:390,64,1,0
BRDA:391,65,0,0
BRDA:391,65,1,0
BRDA:393,66,0,0
BRDA:393,66,1,0
BRDA:393,67,0,0
BRDA:393,67,1,0
BRDA:394,68,0,0
BRDA:394,68,1,0
BRDA:399,69,0,0
BRDA:399,69,1,0
BRDA:403,70,0,0
BRDA:403,70,1,0
BRDA:419,71,0,0
BRDA:419,71,1,0
BRDA:421,72,0,0
BRDA:421,72,1,0
BRDA:427,73,0,0
BRDA:427,73,1,0
BRDA:429,74,0,0
BRDA:429,74,1,0
BRDA:431,75,0,0
BRDA:431,75,1,0
BRDA:433,76,0,0
BRDA:433,76,1,0
BRDA:436,77,0,0
BRDA:436,77,1,0
BRDA:437,78,0,0
BRDA:437,78,1,0
BRDA:459,79,0,0
BRDA:459,79,1,0
BRDA:464,80,0,0
BRDA:464,80,1,0
BRDA:472,81,0,0
BRDA:472,81,1,0
BRDA:475,82,0,0
BRDA:475,82,1,0
BRDA:485,83,0,0
BRDA:485,83,1,0
BRDA:504,84,0,0
BRDA:504,84,1,0
BRDA:560,85,0,0
BRDA:560,85,1,0
BRDA:577,86,0,0
BRDA:577,86,1,0
BRF:190
BRH:0
end_of_record
TN:
SF:src\screens\WishlistScreen.tsx
FN:16,(anonymous_0)
FN:24,(anonymous_1)
FN:36,(anonymous_2)
FN:49,(anonymous_3)
FN:52,(anonymous_4)
FNF:5
FNH:0
FNDA:0,(anonymous_0)
FNDA:0,(anonymous_1)
FNDA:0,(anonymous_2)
FNDA:0,(anonymous_3)
FNDA:0,(anonymous_4)
DA:16,0
DA:17,0
DA:18,0
DA:19,0
DA:21,0
DA:22,0
DA:24,0
DA:25,0
DA:31,0
DA:32,0
DA:36,0
DA:45,0
DA:49,0
DA:52,0
DA:63,0
LF:15
LH:0
BRDA:22,0,0,0
BRDA:22,0,1,0
BRDA:22,0,2,0
BRDA:31,1,0,0
BRDA:31,1,1,0
BRDA:31,2,0,0
BRDA:31,2,1,0
BRF:7
BRH:0
end_of_record
TN:
SF:src\utils\currency.ts
FN:5,(anonymous_0)
FNF:1
FNH:1
FNDA:3,(anonymous_0)
DA:5,1
DA:6,3
DA:8,3
DA:9,1
DA:10,1
DA:18,2
LF:6
LH:6
BRDA:8,0,0,1
BRDA:8,0,1,2
BRF:2
BRH:2
end_of_record
TN:
SF:src\utils\images.ts
FN:6,getOptimizedImageUrl
FNF:1
FNH:0
FNDA:0,getOptimizedImageUrl
DA:10,0
DA:14,0
LF:2
LH:0
BRDA:8,0,0,0
BRDA:10,1,0,0
BRDA:10,1,1,0
BRDA:10,2,0,0
BRDA:10,2,1,0
BRF:5
BRH:0
end_of_record
TN:
SF:src\utils\paymentHooks.ts
FN:4,(anonymous_0)
FN:4,(anonymous_1)
FN:4,(anonymous_2)
FN:19,(anonymous_3)
FN:23,(anonymous_4)
FN:23,(anonymous_5)
FN:29,(anonymous_6)
FN:39,(anonymous_7)
FN:67,(anonymous_8)
FNF:9
FNH:0
FNDA:0,(anonymous_0)
FNDA:0,(anonymous_1)
FNDA:0,(anonymous_2)
FNDA:0,(anonymous_3)
FNDA:0,(anonymous_4)
FNDA:0,(anonymous_5)
FNDA:0,(anonymous_6)
FNDA:0,(anonymous_7)
FNDA:0,(anonymous_8)
DA:4,0
DA:5,0
DA:7,0
DA:8,0
DA:10,0
DA:11,0
DA:13,0
DA:15,0
DA:19,0
DA:20,0
DA:23,0
DA:24,0
DA:25,0
DA:29,0
DA:30,0
DA:31,0
DA:32,0
DA:34,0
DA:35,0
DA:39,0
DA:44,0
DA:45,0
DA:46,0
DA:48,0
DA:49,0
DA:59,0
DA:60,0
DA:62,0
DA:66,0
DA:67,0
LF:30
LH:0
BRDA:7,0,0,0
BRDA:7,0,1,0
BRDA:30,1,0,0
BRDA:30,1,1,0
BRDA:44,2,0,0
BRDA:44,2,1,0
BRDA:52,3,0,0
BRDA:52,3,1,0
BRDA:53,4,0,0
BRDA:53,4,1,0
BRDA:62,5,0,0
BRDA:62,5,1,0
BRDA:67,6,0,0
BRDA:67,6,1,0
BRDA:68,7,0,0
BRDA:68,7,1,0
BRDA:69,8,0,0
BRDA:69,8,1,0
BRDA:69,9,0,0
BRDA:69,9,1,0
BRDA:70,10,0,0
BRDA:70,10,1,0
BRF:22
BRH:0
end_of_record
TN:
SF:src\utils\paymentHooks.web.ts
FN:3,(anonymous_0)
FN:7,(anonymous_1)
FN:12,(anonymous_2)
FN:13,(anonymous_3)
FN:24,(anonymous_4)
FNF:5
FNH:0
FNDA:0,(anonymous_0)
FNDA:0,(anonymous_1)
FNDA:0,(anonymous_2)
FNDA:0,(anonymous_3)
FNDA:0,(anonymous_4)
DA:3,0
DA:4,0
DA:6,0
DA:8,0
DA:9,0
DA:13,0
DA:14,0
DA:15,0
DA:18,0
DA:22,0
DA:24,0
DA:25,0
DA:28,0
LF:13
LH:0
BRDA:8,0,0,0
BRDA:8,0,1,0
BRDA:14,1,0,0
BRDA:14,1,1,0
BRDA:15,2,0,0
BRDA:15,2,1,0
BRDA:15,3,0,0
BRDA:15,3,1,0
BRDA:22,4,0,0
BRDA:22,4,1,0
BRDA:34,5,0,0
BRDA:34,5,1,0
BRF:12
BRH:0
end_of_record
