TN:
SF:src\components\CategoryBar.tsx
FN:40,(anonymous_0)
FN:59,(anonymous_1)
FN:71,(anonymous_2)
FN:75,(anonymous_3)
FN:91,(anonymous_4)
FN:110,(anonymous_5)
FN:114,(anonymous_6)
FN:145,(anonymous_7)
FN:152,(anonymous_8)
FN:164,(anonymous_9)
FN:168,(anonymous_10)
FN:192,(anonymous_11)
FN:196,(anonymous_12)
FNF:13
FNH:0
FNDA:0,(anonymous_0)
FNDA:0,(anonymous_1)
FNDA:0,(anonymous_2)
FNDA:0,(anonymous_3)
FNDA:0,(anonymous_4)
FNDA:0,(anonymous_5)
FNDA:0,(anonymous_6)
FNDA:0,(anonymous_7)
FNDA:0,(anonymous_8)
FNDA:0,(anonymous_9)
FNDA:0,(anonymous_10)
FNDA:0,(anonymous_11)
FNDA:0,(anonymous_12)
DA:5,0
DA:6,0
DA:17,0
DA:38,0
DA:40,0
DA:50,0
DA:51,0
DA:52,0
DA:53,0
DA:55,0
DA:59,0
DA:60,0
DA:61,0
DA:64,0
DA:72,0
DA:76,0
DA:77,0
DA:92,0
DA:93,0
DA:94,0
DA:111,0
DA:115,0
DA:116,0
DA:146,0
DA:147,0
DA:148,0
DA:152,0
DA:165,0
DA:169,0
DA:170,0
DA:193,0
DA:196,0
DA:210,0
LF:33
LH:0
BRDA:38,0,0,0
BRDA:38,0,1,0
BRDA:43,1,0,0
BRDA:55,2,0,0
BRDA:55,2,1,0
BRDA:56,3,0,0
BRDA:56,3,1,0
BRDA:57,4,0,0
BRDA:57,4,1,0
BRDA:69,5,0,0
BRDA:69,5,1,0
BRDA:74,6,0,0
BRDA:74,6,1,0
BRDA:81,7,0,0
BRDA:81,7,1,0
BRDA:102,8,0,0
BRDA:102,8,1,0
BRDA:113,9,0,0
BRDA:113,9,1,0
BRDA:119,10,0,0
BRDA:119,10,1,0
BRDA:133,11,0,0
BRDA:133,11,1,0
BRDA:136,12,0,0
BRDA:136,12,1,0
BRDA:136,13,0,0
BRDA:136,13,1,0
BRDA:137,14,0,0
BRDA:137,14,1,0
BRDA:138,15,0,0
BRDA:138,15,1,0
BRDA:152,16,0,0
BRDA:152,16,1,0
BRDA:156,17,0,0
BRDA:156,17,1,0
BRDA:167,18,0,0
BRDA:167,18,1,0
BRDA:173,19,0,0
BRDA:173,19,1,0
BRDA:195,20,0,0
BRDA:195,20,1,0
BRDA:198,21,0,0
BRDA:198,21,1,0
BRDA:293,22,0,0
BRDA:293,22,1,0
BRF:45
BRH:0
end_of_record
TN:
SF:src\components\CategorySlider.tsx
FN:28,(anonymous_0)
FN:44,(anonymous_1)
FN:59,(anonymous_2)
FN:73,(anonymous_3)
FN:101,(anonymous_4)
FN:114,(anonymous_5)
FN:126,(anonymous_6)
FN:140,(anonymous_7)
FN:154,(anonymous_8)
FN:169,(anonymous_9)
FN:184,(anonymous_10)
FN:198,(anonymous_11)
FN:217,(anonymous_12)
FN:234,(anonymous_13)
FN:248,(anonymous_14)
FN:270,(anonymous_15)
FN:280,(anonymous_16)
FN:282,(anonymous_17)
FN:301,(anonymous_18)
FN:313,(anonymous_19)
FN:326,(anonymous_20)
FN:346,(anonymous_21)
FN:352,(anonymous_22)
FN:389,(anonymous_23)
FN:404,(anonymous_24)
FN:407,(anonymous_25)
FN:409,(anonymous_26)
FN:426,(anonymous_27)
FN:430,(anonymous_28)
FN:457,(anonymous_29)
FN:462,(anonymous_30)
FN:469,(anonymous_31)
FN:484,(anonymous_32)
FN:488,(anonymous_33)
FN:499,(anonymous_34)
FNF:35
FNH:0
FNDA:0,(anonymous_0)
FNDA:0,(anonymous_1)
FNDA:0,(anonymous_2)
FNDA:0,(anonymous_3)
FNDA:0,(anonymous_4)
FNDA:0,(anonymous_5)
FNDA:0,(anonymous_6)
FNDA:0,(anonymous_7)
FNDA:0,(anonymous_8)
FNDA:0,(anonymous_9)
FNDA:0,(anonymous_10)
FNDA:0,(anonymous_11)
FNDA:0,(anonymous_12)
FNDA:0,(anonymous_13)
FNDA:0,(anonymous_14)
FNDA:0,(anonymous_15)
FNDA:0,(anonymous_16)
FNDA:0,(anonymous_17)
FNDA:0,(anonymous_18)
FNDA:0,(anonymous_19)
FNDA:0,(anonymous_20)
FNDA:0,(anonymous_21)
FNDA:0,(anonymous_22)
FNDA:0,(anonymous_23)
FNDA:0,(anonymous_24)
FNDA:0,(anonymous_25)
FNDA:0,(anonymous_26)
FNDA:0,(anonymous_27)
FNDA:0,(anonymous_28)
FNDA:0,(anonymous_29)
FNDA:0,(anonymous_30)
FNDA:0,(anonymous_31)
FNDA:0,(anonymous_32)
FNDA:0,(anonymous_33)
FNDA:0,(anonymous_34)
DA:24,0
DA:29,0
DA:45,0
DA:60,0
DA:74,0
DA:102,0
DA:115,0
DA:127,0
DA:141,0
DA:155,0
DA:170,0
DA:185,0
DA:199,0
DA:218,0
DA:235,0
DA:249,0
DA:261,0
DA:270,0
DA:271,0
DA:272,0
DA:280,0
DA:282,0
DA:301,0
DA:306,0
DA:307,0
DA:308,0
DA:309,0
DA:310,0
DA:311,0
DA:313,0
DA:314,0
DA:315,0
DA:316,0
DA:317,0
DA:319,0
DA:326,0
DA:327,0
DA:328,0
DA:330,0
DA:331,0
DA:332,0
DA:334,0
DA:335,0
DA:338,0
DA:346,0
DA:347,0
DA:348,0
DA:352,0
DA:353,0
DA:354,0
DA:358,0
DA:390,0
DA:391,0
DA:396,0
DA:397,0
DA:404,0
DA:407,0
DA:409,0
DA:427,0
DA:430,0
DA:457,0
DA:462,0
DA:470,0
DA:471,0
DA:472,0
DA:474,0
DA:485,0
DA:489,0
DA:490,0
DA:499,0
DA:511,0
LF:71
LH:0
BRDA:276,0,0,0
BRDA:276,0,1,0
BRDA:287,1,0,0
BRDA:287,1,1,0
BRDA:304,2,0,0
BRDA:316,3,0,0
BRDA:316,3,1,0
BRDA:327,4,0,0
BRDA:327,4,1,0
BRDA:328,5,0,0
BRDA:328,5,1,0
BRDA:330,6,0,0
BRDA:330,6,1,0
BRDA:330,7,0,0
BRDA:330,7,1,0
BRDA:334,8,0,0
BRDA:334,8,1,0
BRDA:347,9,0,0
BRDA:347,9,1,0
BRDA:353,10,0,0
BRDA:353,10,1,0
BRDA:361,11,0,0
BRDA:361,11,1,0
BRDA:367,12,0,0
BRDA:367,12,1,0
BRDA:370,13,0,0
BRDA:370,13,1,0
BRDA:370,13,2,0
BRDA:372,14,0,0
BRDA:372,14,1,0
BRDA:385,15,0,0
BRDA:385,15,1,0
BRDA:390,16,0,0
BRDA:390,16,1,0
BRDA:391,17,0,0
BRDA:391,17,1,0
BRDA:391,17,2,0
BRDA:391,17,3,0
BRDA:391,17,4,0
BRDA:391,17,5,0
BRDA:391,17,6,0
BRDA:391,17,7,0
BRDA:402,18,0,0
BRDA:402,18,1,0
BRDA:402,18,2,0
BRDA:413,19,0,0
BRDA:413,19,1,0
BRDA:419,20,0,0
BRDA:419,20,1,0
BRDA:424,21,0,0
BRDA:424,21,1,0
BRDA:424,21,2,0
BRDA:424,21,3,0
BRDA:440,22,0,0
BRDA:440,22,1,0
BRDA:440,22,2,0
BRDA:442,23,0,0
BRDA:442,23,1,0
BRDA:452,24,0,0
BRDA:452,24,1,0
BRDA:452,24,2,0
BRDA:471,25,0,0
BRDA:471,25,1,0
BRDA:548,26,0,0
BRDA:548,26,1,0
BRDA:605,27,0,0
BRDA:605,27,1,0
BRDA:716,28,0,0
BRDA:716,28,1,0
BRDA:739,29,0,0
BRDA:739,29,1,0
BRF:71
BRH:0
end_of_record
TN:
SF:src\components\CollectionShowcase.tsx
FN:42,(anonymous_0)
FN:51,(anonymous_1)
FN:56,(anonymous_2)
FNF:3
FNH:0
FNDA:0,(anonymous_0)
FNDA:0,(anonymous_1)
FNDA:0,(anonymous_2)
DA:11,0
DA:12,0
DA:14,0
DA:42,0
DA:43,0
DA:52,0
DA:56,0
DA:78,0
LF:8
LH:0
BRDA:12,0,0,0
BRDA:12,0,1,0
BRF:2
BRH:0
end_of_record
TN:
SF:src\components\ConfirmationModal.tsx
FN:25,(anonymous_0)
FNF:1
FNH:0
FNDA:0,(anonymous_0)
DA:25,0
DA:36,0
DA:38,0
DA:83,0
LF:4
LH:0
BRDA:29,0,0,0
BRDA:30,1,0,0
BRDA:33,2,0,0
BRDA:36,3,0,0
BRDA:36,3,1,0
BRDA:36,4,0,0
BRDA:36,4,1,0
BRDA:48,5,0,0
BRDA:48,5,1,0
BRDA:64,6,0,0
BRDA:64,6,1,0
BRDA:71,7,0,0
BRDA:71,7,1,0
BRF:13
BRH:0
end_of_record
TN:
SF:src\components\CraftsmanshipStory.tsx
FN:10,(anonymous_0)
FNF:1
FNH:0
FNDA:0,(anonymous_0)
DA:10,0
DA:11,0
DA:12,0
DA:14,0
DA:54,0
LF:5
LH:0
BRDA:16,0,0,0
BRDA:16,0,1,0
BRDA:17,1,0,0
BRDA:17,1,1,0
BRDA:42,2,0,0
BRDA:42,2,1,0
BRF:6
BRH:0
end_of_record
TN:
SF:src\components\FilterModal.tsx
FN:28,(anonymous_0)
FN:42,(anonymous_1)
FN:46,(anonymous_2)
FN:47,(anonymous_3)
FN:50,(anonymous_4)
FN:56,(anonymous_5)
FN:60,(anonymous_6)
FN:67,(anonymous_7)
FN:81,(anonymous_8)
FN:91,(anonymous_9)
FN:94,(anonymous_10)
FN:100,(anonymous_11)
FN:138,(anonymous_12)
FN:144,(anonymous_13)
FN:167,(anonymous_14)
FN:176,(anonymous_15)
FN:185,(anonymous_16)
FN:191,(anonymous_17)
FN:204,(anonymous_18)
FN:210,(anonymous_19)
FN:221,(anonymous_20)
FN:224,(anonymous_21)
FNF:22
FNH:0
FNDA:0,(anonymous_0)
FNDA:0,(anonymous_1)
FNDA:0,(anonymous_2)
FNDA:0,(anonymous_3)
FNDA:0,(anonymous_4)
FNDA:0,(anonymous_5)
FNDA:0,(anonymous_6)
FNDA:0,(anonymous_7)
FNDA:0,(anonymous_8)
FNDA:0,(anonymous_9)
FNDA:0,(anonymous_10)
FNDA:0,(anonymous_11)
FNDA:0,(anonymous_12)
FNDA:0,(anonymous_13)
FNDA:0,(anonymous_14)
FNDA:0,(anonymous_15)
FNDA:0,(anonymous_16)
FNDA:0,(anonymous_17)
FNDA:0,(anonymous_18)
FNDA:0,(anonymous_19)
FNDA:0,(anonymous_20)
FNDA:0,(anonymous_21)
DA:25,0
DA:26,0
DA:28,0
DA:35,0
DA:36,0
DA:37,0
DA:38,0
DA:39,0
DA:42,0
DA:43,0
DA:46,0
DA:47,0
DA:48,0
DA:49,0
DA:50,0
DA:52,0
DA:56,0
DA:57,0
DA:58,0
DA:59,0
DA:60,0
DA:67,0
DA:68,0
DA:81,0
DA:82,0
DA:85,0
DA:88,0
DA:91,0
DA:92,0
DA:94,0
DA:100,0
DA:109,0
DA:113,0
DA:117,0
DA:139,0
DA:140,0
DA:144,0
DA:167,0
DA:176,0
DA:186,0
DA:187,0
DA:191,0
DA:205,0
DA:206,0
DA:210,0
DA:221,0
DA:224,0
DA:234,0
LF:48
LH:0
BRDA:48,0,0,0
BRDA:48,0,1,0
BRDA:49,1,0,0
BRDA:49,1,1,0
BRDA:59,2,0,0
BRDA:59,2,1,0
BRDA:59,3,0,0
BRDA:59,3,1,0
BRDA:68,4,0,0
BRDA:68,4,1,0
BRDA:82,5,0,0
BRDA:82,5,1,0
BRDA:84,6,0,0
BRDA:84,6,1,0
BRDA:85,7,0,0
BRDA:85,7,1,0
BRDA:87,8,0,0
BRDA:87,8,1,0
BRDA:88,9,0,0
BRDA:88,9,1,0
BRDA:92,10,0,0
BRDA:92,10,1,0
BRDA:109,11,0,0
BRDA:109,11,1,0
BRDA:110,12,0,0
BRDA:110,12,1,0
BRDA:113,13,0,0
BRDA:113,13,1,0
BRDA:114,14,0,0
BRDA:114,14,1,0
BRDA:121,15,0,0
BRDA:121,15,1,0
BRDA:124,16,0,0
BRDA:124,16,1,0
BRDA:125,17,0,0
BRDA:125,17,1,0
BRDA:143,18,0,0
BRDA:143,18,1,0
BRDA:146,19,0,0
BRDA:146,19,1,0
BRDA:158,20,0,0
BRDA:158,20,1,0
BRDA:190,21,0,0
BRDA:190,21,1,0
BRDA:193,22,0,0
BRDA:193,22,1,0
BRDA:209,23,0,0
BRDA:209,23,1,0
BRDA:212,24,0,0
BRDA:212,24,1,0
BRDA:252,25,0,0
BRDA:252,25,1,0
BRF:52
BRH:0
end_of_record
TN:
SF:src\components\Footer.tsx
FN:5,(anonymous_0)
FN:49,(anonymous_1)
FN:52,(anonymous_2)
FNF:3
FNH:0
FNDA:0,(anonymous_0)
FNDA:0,(anonymous_1)
FNDA:0,(anonymous_2)
DA:5,0
DA:6,0
DA:7,0
DA:9,0
DA:10,0
DA:11,0
DA:12,0
DA:14,0
DA:50,0
DA:51,0
DA:52,0
DA:66,0
LF:12
LH:0
BRDA:9,0,0,0
BRDA:9,0,1,0
BRDA:10,1,0,0
BRDA:10,1,1,0
BRDA:11,2,0,0
BRDA:11,2,1,0
BRDA:12,3,0,0
BRDA:12,3,1,0
BRDA:51,4,0,0
BRDA:51,4,1,0
BRF:10
BRH:0
end_of_record
TN:
SF:src\components\GoldRateBanner.tsx
FN:5,(anonymous_0)
FN:19,(anonymous_1)
FNF:2
FNH:0
FNDA:0,(anonymous_0)
FNDA:0,(anonymous_1)
DA:5,0
DA:6,0
DA:8,0
DA:9,0
DA:16,0
DA:20,0
DA:31,0
LF:7
LH:0
BRDA:8,0,0,0
BRDA:8,0,1,0
BRDA:23,1,0,0
BRDA:23,1,1,0
BRF:4
BRH:0
end_of_record
TN:
SF:src\components\Header.tsx
FN:28,(anonymous_0)
FN:50,(anonymous_1)
FN:51,(anonymous_2)
FN:52,(anonymous_3)
FN:54,(anonymous_4)
FN:59,(anonymous_5)
FN:64,(anonymous_6)
FN:69,(anonymous_7)
FN:70,(anonymous_8)
FN:72,(anonymous_9)
FN:80,(anonymous_10)
FN:81,(anonymous_11)
FN:93,(anonymous_12)
FN:95,(anonymous_13)
FN:97,(anonymous_14)
FN:111,(anonymous_15)
FN:314,(anonymous_16)
FN:315,(anonymous_17)
FN:316,(anonymous_18)
FN:331,(anonymous_19)
FN:334,(anonymous_20)
FN:338,(anonymous_21)
FNF:22
FNH:0
FNDA:0,(anonymous_0)
FNDA:0,(anonymous_1)
FNDA:0,(anonymous_2)
FNDA:0,(anonymous_3)
FNDA:0,(anonymous_4)
FNDA:0,(anonymous_5)
FNDA:0,(anonymous_6)
FNDA:0,(anonymous_7)
FNDA:0,(anonymous_8)
FNDA:0,(anonymous_9)
FNDA:0,(anonymous_10)
FNDA:0,(anonymous_11)
FNDA:0,(anonymous_12)
FNDA:0,(anonymous_13)
FNDA:0,(anonymous_14)
FNDA:0,(anonymous_15)
FNDA:0,(anonymous_16)
FNDA:0,(anonymous_17)
FNDA:0,(anonymous_18)
FNDA:0,(anonymous_19)
FNDA:0,(anonymous_20)
FNDA:0,(anonymous_21)
DA:15,0
DA:16,0
DA:28,0
DA:35,0
DA:36,0
DA:37,0
DA:38,0
DA:39,0
DA:40,0
DA:41,0
DA:42,0
DA:43,0
DA:44,0
DA:46,0
DA:47,0
DA:48,0
DA:50,0
DA:51,0
DA:52,0
DA:54,0
DA:55,0
DA:56,0
DA:59,0
DA:60,0
DA:61,0
DA:64,0
DA:65,0
DA:66,0
DA:69,0
DA:70,0
DA:72,0
DA:73,0
DA:74,0
DA:76,0
DA:80,0
DA:81,0
DA:82,0
DA:83,0
DA:89,0
DA:93,0
DA:94,0
DA:95,0
DA:96,0
DA:97,0
DA:98,0
DA:99,0
DA:105,0
DA:107,0
DA:111,0
DA:112,0
DA:117,0
DA:122,0
DA:128,0
DA:129,0
DA:130,0
DA:131,0
DA:132,0
DA:134,0
DA:138,0
DA:141,0
DA:144,0
DA:147,0
DA:149,0
DA:151,0
DA:157,0
DA:163,0
DA:171,0
DA:315,0
DA:316,0
DA:317,0
DA:318,0
DA:324,0
DA:326,0
DA:331,0
DA:334,0
DA:338,0
DA:358,0
LF:77
LH:0
BRDA:15,0,0,0
BRDA:15,0,1,0
BRDA:55,1,0,0
BRDA:55,1,1,0
BRDA:60,2,0,0
BRDA:60,2,1,0
BRDA:65,3,0,0
BRDA:65,3,1,0
BRDA:69,4,0,0
BRDA:69,4,1,0
BRDA:70,5,0,0
BRDA:70,5,1,0
BRDA:73,6,0,0
BRDA:73,6,1,0
BRDA:84,7,0,0
BRDA:84,7,1,0
BRDA:94,8,0,0
BRDA:94,8,1,0
BRDA:96,9,0,0
BRDA:96,9,1,0
BRDA:98,10,0,0
BRDA:98,10,1,0
BRDA:128,11,0,0
BRDA:128,11,1,0
BRDA:128,12,0,0
BRDA:128,12,1,0
BRDA:129,13,0,0
BRDA:129,13,1,0
BRDA:129,14,0,0
BRDA:129,14,1,0
BRDA:130,15,0,0
BRDA:130,15,1,0
BRDA:131,16,0,0
BRDA:131,16,1,0
BRDA:132,17,0,0
BRDA:132,17,1,0
BRDA:134,18,0,0
BRDA:134,18,1,0
BRDA:135,19,0,0
BRDA:135,19,1,0
BRDA:136,20,0,0
BRDA:136,20,1,0
BRDA:138,21,0,0
BRDA:138,21,1,0
BRDA:138,22,0,0
BRDA:138,22,1,0
BRDA:141,23,0,0
BRDA:141,23,1,0
BRDA:147,24,0,0
BRDA:147,24,1,0
BRDA:149,25,0,0
BRDA:149,25,1,0
BRDA:153,26,0,0
BRDA:153,26,1,0
BRDA:177,27,0,0
BRDA:177,27,1,0
BRDA:186,28,0,0
BRDA:186,28,1,0
BRDA:226,29,0,0
BRDA:226,29,1,0
BRDA:229,30,0,0
BRDA:229,30,1,0
BRDA:238,31,0,0
BRDA:238,31,1,0
BRDA:256,32,0,0
BRDA:256,32,1,0
BRDA:265,33,0,0
BRDA:265,33,1,0
BRDA:273,34,0,0
BRDA:273,34,1,0
BRDA:279,35,0,0
BRDA:279,35,1,0
BRDA:286,36,0,0
BRDA:286,36,1,0
BRDA:302,37,0,0
BRDA:302,37,1,0
BRDA:317,38,0,0
BRDA:317,38,1,0
BRDA:337,39,0,0
BRDA:337,39,1,0
BRDA:349,40,0,0
BRDA:349,40,1,0
BRDA:395,41,0,0
BRDA:395,41,1,0
BRF:84
BRH:0
end_of_record
TN:
SF:src\components\ImageScroller.tsx
FN:13,(anonymous_0)
FN:22,(anonymous_1)
FN:23,(anonymous_2)
FN:30,(anonymous_3)
FN:38,(anonymous_4)
FN:47,(anonymous_5)
FN:61,(anonymous_6)
FN:64,(anonymous_7)
FN:77,(anonymous_8)
FN:80,(anonymous_9)
FN:102,(anonymous_10)
FN:116,(anonymous_11)
FNF:12
FNH:0
FNDA:0,(anonymous_0)
FNDA:0,(anonymous_1)
FNDA:0,(anonymous_2)
FNDA:0,(anonymous_3)
FNDA:0,(anonymous_4)
FNDA:0,(anonymous_5)
FNDA:0,(anonymous_6)
FNDA:0,(anonymous_7)
FNDA:0,(anonymous_8)
FNDA:0,(anonymous_9)
FNDA:0,(anonymous_10)
FNDA:0,(anonymous_11)
DA:6,0
DA:13,0
DA:14,0
DA:15,0
DA:16,0
DA:17,0
DA:18,0
DA:20,0
DA:22,0
DA:23,0
DA:24,0
DA:25,0
DA:29,0
DA:30,0
DA:38,0
DA:46,0
DA:47,0
DA:54,0
DA:58,0
DA:61,0
DA:62,0
DA:64,0
DA:65,0
DA:66,0
DA:67,0
DA:70,0
DA:71,0
DA:77,0
DA:80,0
DA:81,0
DA:82,0
DA:83,0
DA:84,0
DA:88,0
DA:89,0
DA:92,0
DA:103,0
DA:117,0
DA:130,0
LF:39
LH:0
BRDA:20,0,0,0
BRDA:20,0,1,0
BRDA:20,1,0,0
BRDA:20,1,1,0
BRDA:29,2,0,0
BRDA:29,2,1,0
BRDA:29,3,0,0
BRDA:29,3,1,0
BRDA:29,3,2,0
BRDA:33,4,0,0
BRDA:33,4,1,0
BRDA:62,5,0,0
BRDA:62,5,1,0
BRDA:66,6,0,0
BRDA:66,6,1,0
BRDA:83,7,0,0
BRDA:83,7,1,0
BRDA:88,8,0,0
BRDA:88,8,1,0
BRDA:88,9,0,0
BRDA:88,9,1,0
BRDA:105,10,0,0
BRDA:105,10,1,0
BRDA:121,11,0,0
BRDA:121,11,1,0
BRF:25
BRH:0
end_of_record
TN:
SF:src\components\JewelryModel.tsx
FN:13,(anonymous_0)
FN:16,(anonymous_1)
FN:17,(anonymous_2)
FN:34,(anonymous_3)
FN:37,(anonymous_4)
FN:38,(anonymous_5)
FN:63,(anonymous_6)
FN:67,(anonymous_7)
FN:74,(anonymous_8)
FN:82,(anonymous_9)
FN:125,(anonymous_10)
FN:229,(anonymous_11)
FNF:12
FNH:0
FNDA:0,(anonymous_0)
FNDA:0,(anonymous_1)
FNDA:0,(anonymous_2)
FNDA:0,(anonymous_3)
FNDA:0,(anonymous_4)
FNDA:0,(anonymous_5)
FNDA:0,(anonymous_6)
FNDA:0,(anonymous_7)
FNDA:0,(anonymous_8)
FNDA:0,(anonymous_9)
FNDA:0,(anonymous_10)
FNDA:0,(anonymous_11)
DA:11,0
DA:13,0
DA:14,0
DA:16,0
DA:17,0
DA:18,0
DA:19,0
DA:20,0
DA:21,0
DA:22,0
DA:28,0
DA:34,0
DA:35,0
DA:37,0
DA:38,0
DA:39,0
DA:40,0
DA:41,0
DA:42,0
DA:43,0
DA:49,0
DA:50,0
DA:51,0
DA:52,0
DA:53,0
DA:56,0
DA:63,0
DA:64,0
DA:65,0
DA:67,0
DA:68,0
DA:70,0
DA:71,0
DA:72,0
DA:76,0
DA:77,0
DA:78,0
DA:79,0
DA:83,0
DA:84,0
DA:89,0
DA:90,0
DA:93,0
DA:94,0
DA:98,0
DA:99,0
DA:101,0
DA:102,0
DA:103,0
DA:104,0
DA:105,0
DA:106,0
DA:107,0
DA:108,0
DA:109,0
DA:112,0
DA:125,0
DA:127,0
DA:136,0
DA:137,0
DA:145,0
DA:146,0
DA:147,0
DA:154,0
DA:155,0
DA:163,0
DA:177,0
DA:178,0
DA:179,0
DA:186,0
DA:187,0
DA:201,0
DA:215,0
DA:229,0
DA:230,0
DA:232,0
DA:233,0
DA:240,0
DA:241,0
DA:242,0
DA:248,0
DA:252,0
LF:82
LH:0
BRDA:18,0,0,0
BRDA:18,0,1,0
BRDA:20,1,0,0
BRDA:20,1,1,0
BRDA:39,2,0,0
BRDA:39,2,1,0
BRDA:41,3,0,0
BRDA:41,3,1,0
BRDA:50,4,0,0
BRDA:50,4,1,0
BRDA:52,5,0,0
BRDA:52,5,1,0
BRDA:68,6,0,0
BRDA:68,6,1,0
BRDA:89,7,0,0
BRDA:89,7,1,0
BRDA:89,8,0,0
BRDA:89,8,1,0
BRDA:93,9,0,0
BRDA:93,9,1,0
BRDA:101,10,0,0
BRDA:101,10,1,0
BRDA:104,11,0,0
BRDA:104,11,1,0
BRDA:107,12,0,0
BRDA:107,12,1,0
BRDA:136,13,0,0
BRDA:136,13,1,0
BRDA:145,14,0,0
BRDA:145,14,1,0
BRDA:146,15,0,0
BRDA:146,15,1,0
BRDA:154,16,0,0
BRDA:154,16,1,0
BRDA:177,17,0,0
BRDA:177,17,1,0
BRDA:178,18,0,0
BRDA:178,18,1,0
BRDA:186,19,0,0
BRDA:186,19,1,0
BRDA:232,20,0,0
BRDA:232,20,1,0
BRDA:240,21,0,0
BRDA:240,21,1,0
BRDA:241,22,0,0
BRDA:241,22,1,0
BRDA:241,23,0,0
BRDA:241,23,1,0
BRF:48
BRH:0
end_of_record
TN:
SF:src\components\OptimizedImage.tsx
FN:18,(anonymous_0)
FN:33,(anonymous_1)
FN:40,(anonymous_2)
FN:46,(anonymous_3)
FN:66,(anonymous_4)
FN:67,(anonymous_5)
FNF:6
FNH:0
FNDA:0,(anonymous_0)
FNDA:0,(anonymous_1)
FNDA:0,(anonymous_2)
FNDA:0,(anonymous_3)
FNDA:0,(anonymous_4)
FNDA:0,(anonymous_5)
DA:18,0
DA:28,0
DA:29,0
DA:30,0
DA:33,0
DA:34,0
DA:35,0
DA:36,0
DA:40,0
DA:41,0
DA:42,0
DA:46,0
DA:47,0
DA:50,0
DA:51,0
DA:54,0
DA:66,0
DA:68,0
DA:69,0
DA:70,0
DA:83,0
LF:21
LH:0
BRDA:20,0,0,0
BRDA:21,1,0,0
BRDA:22,2,0,0
BRDA:25,3,0,0
BRDA:26,4,0,0
BRDA:36,5,0,0
BRDA:36,5,1,0
BRDA:41,6,0,0
BRDA:41,6,1,0
BRDA:41,7,0,0
BRDA:41,7,1,0
BRDA:50,8,0,0
BRDA:50,8,1,0
BRDA:56,9,0,0
BRDA:56,9,1,0
BRDA:74,10,0,0
BRDA:74,10,1,0
BRDA:74,10,2,0
BRF:18
BRH:0
end_of_record
TN:
SF:src\components\ProductHorizontalScroll.tsx
FN:26,(anonymous_0)
FN:47,(anonymous_1)
FN:52,(anonymous_2)
FNF:3
FNH:0
FNDA:0,(anonymous_0)
FNDA:0,(anonymous_1)
FNDA:0,(anonymous_2)
DA:23,0
DA:24,0
DA:26,0
DA:31,0
DA:33,0
DA:35,0
DA:48,0
DA:52,0
DA:75,0
LF:9
LH:0
BRDA:24,0,0,0
BRDA:24,0,1,0
BRDA:33,1,0,0
BRDA:33,1,1,0
BRF:4
BRH:0
end_of_record
TN:
SF:src\components\ProductImageGallery.tsx
FN:14,(anonymous_0)
FN:29,(anonymous_1)
FN:33,(anonymous_2)
FN:41,(anonymous_3)
FN:46,(anonymous_4)
FN:63,(anonymous_5)
FN:69,(anonymous_6)
FN:70,(anonymous_7)
FN:85,(anonymous_8)
FN:92,(anonymous_9)
FN:94,(anonymous_10)
FN:120,(anonymous_11)
FN:135,(anonymous_12)
FN:152,(anonymous_13)
FN:209,(anonymous_14)
FN:214,(anonymous_15)
FN:216,(anonymous_16)
FN:217,(anonymous_17)
FN:233,(anonymous_18)
FNF:19
FNH:0
FNDA:0,(anonymous_0)
FNDA:0,(anonymous_1)
FNDA:0,(anonymous_2)
FNDA:0,(anonymous_3)
FNDA:0,(anonymous_4)
FNDA:0,(anonymous_5)
FNDA:0,(anonymous_6)
FNDA:0,(anonymous_7)
FNDA:0,(anonymous_8)
FNDA:0,(anonymous_9)
FNDA:0,(anonymous_10)
FNDA:0,(anonymous_11)
FNDA:0,(anonymous_12)
FNDA:0,(anonymous_13)
FNDA:0,(anonymous_14)
FNDA:0,(anonymous_15)
FNDA:0,(anonymous_16)
FNDA:0,(anonymous_17)
FNDA:0,(anonymous_18)
DA:14,0
DA:21,0
DA:22,0
DA:23,0
DA:26,0
DA:27,0
DA:29,0
DA:30,0
DA:33,0
DA:34,0
DA:35,0
DA:36,0
DA:37,0
DA:41,0
DA:42,0
DA:43,0
DA:46,0
DA:47,0
DA:49,0
DA:50,0
DA:51,0
DA:54,0
DA:55,0
DA:57,0
DA:58,0
DA:59,0
DA:63,0
DA:64,0
DA:65,0
DA:69,0
DA:70,0
DA:73,0
DA:74,0
DA:76,0
DA:86,0
DA:92,0
DA:94,0
DA:121,0
DA:136,0
DA:137,0
DA:153,0
DA:209,0
DA:214,0
DA:216,0
DA:218,0
DA:233,0
DA:243,0
LF:47
LH:0
BRDA:36,0,0,0
BRDA:36,0,1,0
BRDA:36,1,0,0
BRDA:36,1,1,0
BRDA:36,1,2,0
BRDA:47,2,0,0
BRDA:47,2,1,0
BRDA:47,3,0,0
BRDA:47,3,1,0
BRDA:54,4,0,0
BRDA:54,4,1,0
BRDA:57,5,0,0
BRDA:57,5,1,0
BRDA:64,6,0,0
BRDA:64,6,1,0
BRDA:64,7,0,0
BRDA:64,7,1,0
BRDA:78,8,0,0
BRDA:78,8,1,0
BRDA:79,9,0,0
BRDA:79,9,1,0
BRDA:79,9,2,0
BRDA:90,10,0,0
BRDA:90,10,1,0
BRDA:150,11,0,0
BRDA:150,11,1,0
BRDA:157,12,0,0
BRDA:157,12,1,0
BRDA:168,13,0,0
BRDA:168,13,1,0
BRDA:169,14,0,0
BRDA:169,14,1,0
BRDA:176,15,0,0
BRDA:176,15,1,0
BRDA:176,15,2,0
BRDA:182,16,0,0
BRDA:182,16,1,0
BRDA:226,17,0,0
BRDA:226,17,1,0
BRF:39
BRH:0
end_of_record
TN:
SF:src\components\ProductList.tsx
FN:28,(anonymous_0)
FN:35,(anonymous_1)
FN:39,(anonymous_2)
FN:58,(anonymous_3)
FN:66,(anonymous_4)
FN:79,(anonymous_5)
FN:81,(anonymous_6)
FN:83,(anonymous_7)
FN:113,(anonymous_8)
FN:125,(anonymous_9)
FN:145,(anonymous_10)
FN:169,(anonymous_11)
FN:178,(anonymous_12)
FN:205,(anonymous_13)
FN:208,(anonymous_14)
FN:213,(anonymous_15)
FN:214,(anonymous_16)
FN:221,(anonymous_17)
FN:237,(anonymous_18)
FN:242,(anonymous_19)
FN:252,(anonymous_20)
FN:271,(anonymous_21)
FN:286,(anonymous_22)
FN:289,(anonymous_23)
FN:292,(anonymous_24)
FN:295,(anonymous_25)
FN:299,(anonymous_26)
FN:300,(anonymous_27)
FN:301,(anonymous_28)
FN:302,(anonymous_29)
FN:303,(anonymous_30)
FN:304,(anonymous_31)
FN:305,(anonymous_32)
FN:310,(anonymous_33)
FN:330,(anonymous_34)
FN:350,(anonymous_35)
FN:361,(anonymous_36)
FNF:37
FNH:0
FNDA:0,(anonymous_0)
FNDA:0,(anonymous_1)
FNDA:0,(anonymous_2)
FNDA:0,(anonymous_3)
FNDA:0,(anonymous_4)
FNDA:0,(anonymous_5)
FNDA:0,(anonymous_6)
FNDA:0,(anonymous_7)
FNDA:0,(anonymous_8)
FNDA:0,(anonymous_9)
FNDA:0,(anonymous_10)
FNDA:0,(anonymous_11)
FNDA:0,(anonymous_12)
FNDA:0,(anonymous_13)
FNDA:0,(anonymous_14)
FNDA:0,(anonymous_15)
FNDA:0,(anonymous_16)
FNDA:0,(anonymous_17)
FNDA:0,(anonymous_18)
FNDA:0,(anonymous_19)
FNDA:0,(anonymous_20)
FNDA:0,(anonymous_21)
FNDA:0,(anonymous_22)
FNDA:0,(anonymous_23)
FNDA:0,(anonymous_24)
FNDA:0,(anonymous_25)
FNDA:0,(anonymous_26)
FNDA:0,(anonymous_27)
FNDA:0,(anonymous_28)
FNDA:0,(anonymous_29)
FNDA:0,(anonymous_30)
FNDA:0,(anonymous_31)
FNDA:0,(anonymous_32)
FNDA:0,(anonymous_33)
FNDA:0,(anonymous_34)
FNDA:0,(anonymous_35)
FNDA:0,(anonymous_36)
DA:28,0
DA:29,0
DA:30,0
DA:31,0
DA:32,0
DA:33,0
DA:35,0
DA:36,0
DA:39,0
DA:40,0
DA:56,0
DA:58,0
DA:59,0
DA:63,0
DA:66,0
DA:67,0
DA:70,0
DA:79,0
DA:81,0
DA:83,0
DA:114,0
DA:115,0
DA:126,0
DA:127,0
DA:146,0
DA:147,0
DA:170,0
DA:178,0
DA:191,0
DA:192,0
DA:193,0
DA:194,0
DA:195,0
DA:197,0
DA:198,0
DA:199,0
DA:200,0
DA:205,0
DA:206,0
DA:207,0
DA:208,0
DA:209,0
DA:213,0
DA:214,0
DA:215,0
DA:216,0
DA:217,0
DA:218,0
DA:219,0
DA:220,0
DA:221,0
DA:223,0
DA:225,0
DA:227,0
DA:228,0
DA:230,0
DA:234,0
DA:237,0
DA:238,0
DA:240,0
DA:241,0
DA:242,0
DA:243,0
DA:248,0
DA:249,0
DA:250,0
DA:251,0
DA:252,0
DA:253,0
DA:262,0
DA:267,0
DA:270,0
DA:271,0
DA:272,0
DA:285,0
DA:286,0
DA:288,0
DA:289,0
DA:291,0
DA:292,0
DA:294,0
DA:295,0
DA:298,0
DA:299,0
DA:300,0
DA:301,0
DA:302,0
DA:303,0
DA:304,0
DA:305,0
DA:307,0
DA:310,0
DA:311,0
DA:312,0
DA:313,0
DA:316,0
DA:318,0
DA:319,0
DA:320,0
DA:321,0
DA:324,0
DA:325,0
DA:326,0
DA:328,0
DA:330,0
DA:331,0
DA:346,0
DA:350,0
DA:362,0
DA:408,0
LF:110
LH:0
BRDA:36,0,0,0
BRDA:36,0,1,0
BRDA:67,1,0,0
BRDA:67,1,1,0
BRDA:76,2,0,0
BRDA:76,2,1,0
BRDA:76,2,2,0
BRDA:91,3,0,0
BRDA:91,3,1,0
BRDA:95,4,0,0
BRDA:95,4,1,0
BRDA:108,5,0,0
BRDA:108,5,1,0
BRDA:118,6,0,0
BRDA:118,6,1,0
BRDA:119,7,0,0
BRDA:119,7,1,0
BRDA:122,8,0,0
BRDA:122,8,1,0
BRDA:143,9,0,0
BRDA:143,9,1,0
BRDA:152,10,0,0
BRDA:152,10,1,0
BRDA:154,11,0,0
BRDA:154,11,1,0
BRDA:159,12,0,0
BRDA:159,12,1,0
BRDA:162,13,0,0
BRDA:162,13,1,0
BRDA:170,14,0,0
BRDA:170,14,1,0
BRDA:170,14,2,0
BRDA:170,14,3,0
BRDA:170,14,4,0
BRDA:170,14,5,0
BRDA:182,15,0,0
BRDA:184,16,0,0
BRDA:189,17,0,0
BRDA:219,18,0,0
BRDA:219,18,1,0
BRDA:240,19,0,0
BRDA:240,19,1,0
BRDA:243,20,0,0
BRDA:243,20,1,0
BRDA:248,21,0,0
BRDA:248,21,1,0
BRDA:250,22,0,0
BRDA:250,22,1,0
BRDA:253,23,0,0
BRDA:253,23,1,0
BRDA:253,23,2,0
BRDA:253,23,3,0
BRDA:253,23,4,0
BRDA:253,23,5,0
BRDA:253,23,6,0
BRDA:253,23,7,0
BRDA:253,23,8,0
BRDA:253,23,9,0
BRDA:253,23,10,0
BRDA:253,23,11,0
BRDA:257,24,0,0
BRDA:257,24,1,0
BRDA:258,25,0,0
BRDA:258,25,1,0
BRDA:259,26,0,0
BRDA:259,26,1,0
BRDA:260,27,0,0
BRDA:260,27,1,0
BRDA:262,28,0,0
BRDA:262,28,1,0
BRDA:262,28,2,0
BRDA:262,28,3,0
BRDA:262,28,4,0
BRDA:267,29,0,0
BRDA:267,29,1,0
BRDA:272,30,0,0
BRDA:272,30,1,0
BRDA:272,30,2,0
BRDA:272,30,3,0
BRDA:272,30,4,0
BRDA:272,30,5,0
BRDA:272,30,6,0
BRDA:272,30,7,0
BRDA:272,30,8,0
BRDA:272,30,9,0
BRDA:272,30,10,0
BRDA:272,30,11,0
BRDA:272,30,12,0
BRDA:277,31,0,0
BRDA:277,31,1,0
BRDA:278,32,0,0
BRDA:278,32,1,0
BRDA:279,33,0,0
BRDA:279,33,1,0
BRDA:280,34,0,0
BRDA:280,34,1,0
BRDA:285,35,0,0
BRDA:285,35,1,0
BRDA:286,36,0,0
BRDA:286,36,1,0
BRDA:288,37,0,0
BRDA:288,37,1,0
BRDA:289,38,0,0
BRDA:289,38,1,0
BRDA:291,39,0,0
BRDA:291,39,1,0
BRDA:291,40,0,0
BRDA:291,40,1,0
BRDA:294,41,0,0
BRDA:294,41,1,0
BRDA:294,42,0,0
BRDA:294,42,1,0
BRDA:298,43,0,0
BRDA:298,43,1,0
BRDA:298,43,2,0
BRDA:298,43,3,0
BRDA:298,43,4,0
BRDA:298,43,5,0
BRDA:298,43,6,0
BRDA:311,44,0,0
BRDA:311,44,1,0
BRDA:312,45,0,0
BRDA:312,45,1,0
BRDA:316,46,0,0
BRDA:316,46,1,0
BRDA:318,47,0,0
BRDA:318,47,1,0
BRDA:319,48,0,0
BRDA:319,48,1,0
BRDA:320,49,0,0
BRDA:320,49,1,0
BRDA:324,50,0,0
BRDA:324,50,1,0
BRDA:358,51,0,0
BRDA:358,51,1,0
BRDA:360,52,0,0
BRDA:360,52,1,0
BRDA:366,53,0,0
BRDA:366,53,1,0
BRDA:370,54,0,0
BRDA:370,54,1,0
BRDA:376,55,0,0
BRDA:376,55,1,0
BRDA:383,56,0,0
BRDA:383,56,1,0
BRDA:386,57,0,0
BRDA:386,57,1,0
BRDA:545,58,0,0
BRDA:545,58,1,0
BRDA:644,59,0,0
BRDA:644,59,1,0
BRDA:671,60,0,0
BRDA:671,60,1,0
BRDA:714,61,0,0
BRDA:714,61,1,0
BRDA:739,62,0,0
BRDA:739,62,1,0
BRF:157
BRH:0
end_of_record
TN:
SF:src\components\SideDrawer.tsx
FN:31,(anonymous_0)
FN:39,(anonymous_1)
FN:69,(anonymous_2)
FN:74,(anonymous_3)
FN:78,(anonymous_4)
FN:83,(anonymous_5)
FN:88,(anonymous_6)
FN:103,(anonymous_7)
FN:111,(anonymous_8)
FN:131,(anonymous_9)
FN:135,(anonymous_10)
FN:244,(anonymous_11)
FNF:12
FNH:0
FNDA:0,(anonymous_0)
FNDA:0,(anonymous_1)
FNDA:0,(anonymous_2)
FNDA:0,(anonymous_3)
FNDA:0,(anonymous_4)
FNDA:0,(anonymous_5)
FNDA:0,(anonymous_6)
FNDA:0,(anonymous_7)
FNDA:0,(anonymous_8)
FNDA:0,(anonymous_9)
FNDA:0,(anonymous_10)
FNDA:0,(anonymous_11)
DA:28,0
DA:29,0
DA:31,0
DA:32,0
DA:33,0
DA:34,0
DA:35,0
DA:36,0
DA:37,0
DA:39,0
DA:40,0
DA:41,0
DA:54,0
DA:69,0
DA:70,0
DA:71,0
DA:74,0
DA:75,0
DA:78,0
DA:79,0
DA:80,0
DA:83,0
DA:84,0
DA:85,0
DA:88,0
DA:103,0
DA:104,0
DA:105,0
DA:107,0
DA:112,0
DA:113,0
DA:115,0
DA:132,0
DA:135,0
DA:147,0
DA:149,0
DA:244,0
DA:254,0
LF:38
LH:0
BRDA:29,0,0,0
BRDA:29,0,1,0
BRDA:40,1,0,0
BRDA:40,1,1,0
BRDA:75,2,0,0
BRDA:75,2,1,0
BRDA:87,3,0,0
BRDA:87,3,1,0
BRDA:91,4,0,0
BRDA:91,4,1,0
BRDA:93,5,0,0
BRDA:93,5,1,0
BRDA:94,6,0,0
BRDA:94,6,1,0
BRDA:95,7,0,0
BRDA:95,7,1,0
BRDA:105,8,0,0
BRDA:105,8,1,0
BRDA:112,9,0,0
BRDA:112,9,1,0
BRDA:124,10,0,0
BRDA:124,10,1,0
BRDA:125,11,0,0
BRDA:125,11,1,0
BRDA:129,12,0,0
BRDA:129,12,1,0
BRDA:129,12,2,0
BRDA:147,13,0,0
BRDA:147,13,1,0
BRDA:147,14,0,0
BRDA:147,14,1,0
BRDA:155,15,0,0
BRDA:155,15,1,0
BRDA:188,16,0,0
BRDA:188,16,1,0
BRDA:230,17,0,0
BRDA:230,17,1,0
BRDA:234,18,0,0
BRDA:234,18,1,0
BRDA:238,19,0,0
BRDA:238,19,1,0
BRDA:243,20,0,0
BRDA:243,20,1,0
BRDA:289,21,0,0
BRDA:289,21,1,0
BRF:45
BRH:0
end_of_record
TN:
SF:src\components\StoreAvailabilityModal.tsx
FN:53,(anonymous_0)
FN:82,(anonymous_1)
FN:88,(anonymous_2)
FN:103,(anonymous_3)
FN:112,(anonymous_4)
FN:117,(anonymous_5)
FN:126,(anonymous_6)
FN:137,(anonymous_7)
FN:152,(anonymous_8)
FN:171,(anonymous_9)
FN:175,(anonymous_10)
FN:236,(anonymous_11)
FN:255,(anonymous_12)
FN:327,(anonymous_13)
FN:357,(anonymous_14)
FN:361,(anonymous_15)
FNF:16
FNH:0
FNDA:0,(anonymous_0)
FNDA:0,(anonymous_1)
FNDA:0,(anonymous_2)
FNDA:0,(anonymous_3)
FNDA:0,(anonymous_4)
FNDA:0,(anonymous_5)
FNDA:0,(anonymous_6)
FNDA:0,(anonymous_7)
FNDA:0,(anonymous_8)
FNDA:0,(anonymous_9)
FNDA:0,(anonymous_10)
FNDA:0,(anonymous_11)
FNDA:0,(anonymous_12)
FNDA:0,(anonymous_13)
FNDA:0,(anonymous_14)
FNDA:0,(anonymous_15)
DA:27,0
DA:34,0
DA:53,0
DA:61,0
DA:62,0
DA:63,0
DA:66,0
DA:67,0
DA:68,0
DA:71,0
DA:72,0
DA:75,0
DA:76,0
DA:79,0
DA:82,0
DA:83,0
DA:84,0
DA:88,0
DA:89,0
DA:90,0
DA:91,0
DA:92,0
DA:93,0
DA:94,0
DA:95,0
DA:96,0
DA:97,0
DA:98,0
DA:99,0
DA:103,0
DA:104,0
DA:105,0
DA:106,0
DA:112,0
DA:113,0
DA:114,0
DA:117,0
DA:118,0
DA:119,0
DA:120,0
DA:122,0
DA:126,0
DA:127,0
DA:128,0
DA:129,0
DA:130,0
DA:132,0
DA:137,0
DA:138,0
DA:140,0
DA:142,0
DA:144,0
DA:145,0
DA:148,0
DA:152,0
DA:153,0
DA:154,0
DA:156,0
DA:157,0
DA:159,0
DA:162,0
DA:163,0
DA:167,0
DA:168,0
DA:171,0
DA:172,0
DA:175,0
DA:176,0
DA:184,0
DA:185,0
DA:188,0
DA:194,0
DA:198,0
DA:237,0
DA:238,0
DA:255,0
DA:328,0
DA:358,0
DA:362,0
DA:363,0
DA:365,0
DA:428,0
LF:82
LH:0
BRDA:83,0,0,0
BRDA:83,0,1,0
BRDA:105,1,0,0
BRDA:105,1,1,0
BRDA:106,2,0,0
BRDA:106,2,1,0
BRDA:119,3,0,0
BRDA:119,3,1,0
BRDA:119,4,0,0
BRDA:119,4,1,0
BRDA:129,5,0,0
BRDA:129,5,1,0
BRDA:129,6,0,0
BRDA:129,6,1,0
BRDA:138,7,0,0
BRDA:138,7,1,0
BRDA:142,8,0,0
BRDA:142,8,1,0
BRDA:159,9,0,0
BRDA:159,9,1,0
BRDA:159,10,0,0
BRDA:159,10,1,0
BRDA:163,11,0,0
BRDA:163,11,1,0
BRDA:184,12,0,0
BRDA:184,12,1,0
BRDA:190,13,0,0
BRDA:190,13,1,0
BRDA:190,14,0,0
BRDA:190,14,1,0
BRDA:194,15,0,0
BRDA:194,15,1,0
BRDA:194,16,0,0
BRDA:194,16,1,0
BRDA:212,17,0,0
BRDA:212,17,1,0
BRDA:239,18,0,0
BRDA:239,18,1,0
BRDA:251,19,0,0
BRDA:251,19,1,0
BRDA:252,20,0,0
BRDA:252,20,1,0
BRDA:252,20,2,0
BRDA:260,21,0,0
BRDA:260,21,1,0
BRDA:271,22,0,0
BRDA:271,22,1,0
BRDA:283,23,0,0
BRDA:283,23,1,0
BRDA:297,24,0,0
BRDA:297,24,1,0
BRDA:304,25,0,0
BRDA:304,25,1,0
BRDA:312,26,0,0
BRDA:312,26,1,0
BRDA:322,27,0,0
BRDA:322,27,1,0
BRDA:355,28,0,0
BRDA:355,28,1,0
BRDA:359,29,0,0
BRDA:359,29,1,0
BRDA:362,30,0,0
BRDA:362,30,1,0
BRDA:399,31,0,0
BRDA:399,31,1,0
BRDA:405,32,0,0
BRDA:405,32,1,0
BRDA:473,33,0,0
BRDA:473,33,1,0
BRDA:537,34,0,0
BRDA:537,34,1,0
BRDA:632,35,0,0
BRDA:632,35,1,0
BRDA:698,36,0,0
BRDA:698,36,1,0
BRF:75
BRH:0
end_of_record
TN:
SF:src\components\StripeWrapper.tsx
FN:6,(anonymous_0)
FNF:1
FNH:0
FNDA:0,(anonymous_0)
DA:4,0
DA:6,0
DA:7,0
LF:3
LH:0
BRDA:4,0,0,0
BRDA:4,0,1,0
BRF:2
BRH:0
end_of_record
TN:
SF:src\components\StripeWrapper.web.tsx
FN:3,(anonymous_0)
FNF:1
FNH:0
FNDA:0,(anonymous_0)
DA:3,0
DA:4,0
LF:2
LH:0
BRF:0
BRH:0
end_of_record
TN:
SF:src\components\SwipeBackView.tsx
FN:11,(anonymous_0)
FN:18,(anonymous_1)
FNF:2
FNH:0
FNDA:0,(anonymous_0)
FNDA:0,(anonymous_1)
DA:11,0
DA:12,0
DA:15,0
DA:16,0
DA:18,0
DA:20,0
DA:22,0
DA:25,0
DA:26,0
DA:27,0
DA:32,0
DA:33,0
DA:36,0
DA:49,0
LF:14
LH:0
BRDA:11,0,0,0
BRDA:20,1,0,0
BRDA:20,1,1,0
BRDA:20,2,0,0
BRDA:20,2,1,0
BRDA:25,3,0,0
BRDA:25,3,1,0
BRDA:26,4,0,0
BRDA:26,4,1,0
BRDA:26,5,0,0
BRDA:26,5,1,0
BRDA:26,5,2,0
BRDA:32,6,0,0
BRDA:32,6,1,0
BRDA:32,7,0,0
BRDA:32,7,1,0
BRF:16
BRH:0
end_of_record
TN:
SF:src\contexts\AuthContext.tsx
FN:24,(anonymous_0)
FN:31,(anonymous_1)
FN:56,(anonymous_2)
FN:61,(anonymous_3)
FN:65,(anonymous_4)
FN:79,(anonymous_5)
FN:86,(anonymous_6)
FN:87,(anonymous_7)
FN:101,(anonymous_8)
FN:102,(anonymous_9)
FN:103,(anonymous_10)
FN:106,(anonymous_11)
FN:108,(anonymous_12)
FN:116,(anonymous_13)
FN:130,(anonymous_14)
FN:136,(anonymous_15)
FN:158,(anonymous_16)
FNF:17
FNH:0
FNDA:0,(anonymous_0)
FNDA:0,(anonymous_1)
FNDA:0,(anonymous_2)
FNDA:0,(anonymous_3)
FNDA:0,(anonymous_4)
FNDA:0,(anonymous_5)
FNDA:0,(anonymous_6)
FNDA:0,(anonymous_7)
FNDA:0,(anonymous_8)
FNDA:0,(anonymous_9)
FNDA:0,(anonymous_10)
FNDA:0,(anonymous_11)
FNDA:0,(anonymous_12)
FNDA:0,(anonymous_13)
FNDA:0,(anonymous_14)
FNDA:0,(anonymous_15)
FNDA:0,(anonymous_16)
DA:22,0
DA:24,0
DA:25,0
DA:26,0
DA:27,0
DA:28,0
DA:29,0
DA:31,0
DA:32,0
DA:33,0
DA:39,0
DA:40,0
DA:41,0
DA:44,0
DA:46,0
DA:48,0
DA:49,0
DA:52,0
DA:56,0
DA:57,0
DA:58,0
DA:61,0
DA:62,0
DA:65,0
DA:66,0
DA:70,0
DA:79,0
DA:80,0
DA:81,0
DA:82,0
DA:83,0
DA:86,0
DA:87,0
DA:88,0
DA:89,0
DA:90,0
DA:91,0
DA:92,0
DA:94,0
DA:95,0
DA:96,0
DA:97,0
DA:101,0
DA:102,0
DA:103,0
DA:106,0
DA:107,0
DA:108,0
DA:109,0
DA:110,0
DA:111,0
DA:112,0
DA:113,0
DA:116,0
DA:117,0
DA:118,0
DA:119,0
DA:120,0
DA:121,0
DA:122,0
DA:123,0
DA:124,0
DA:125,0
DA:127,0
DA:130,0
DA:131,0
DA:132,0
DA:136,0
DA:151,0
DA:158,0
DA:159,0
DA:160,0
DA:161,0
DA:163,0
LF:74
LH:0
BRDA:39,0,0,0
BRDA:39,0,1,0
BRDA:40,1,0,0
BRDA:40,1,1,0
BRDA:44,2,0,0
BRDA:44,2,1,0
BRDA:48,3,0,0
BRDA:48,3,1,0
BRDA:66,4,0,0
BRDA:66,4,1,0
BRDA:89,5,0,0
BRDA:89,5,1,0
BRDA:90,6,0,0
BRDA:90,6,1,0
BRDA:95,7,0,0
BRDA:95,7,1,0
BRDA:102,8,0,0
BRDA:102,8,1,0
BRDA:109,9,0,0
BRDA:109,9,1,0
BRDA:111,10,0,0
BRDA:111,10,1,0
BRDA:113,11,0,0
BRDA:113,11,1,0
BRDA:117,12,0,0
BRDA:117,12,1,0
BRDA:119,13,0,0
BRDA:119,13,1,0
BRDA:120,14,0,0
BRDA:120,14,1,0
BRDA:120,15,0,0
BRDA:120,15,1,0
BRDA:121,16,0,0
BRDA:121,16,1,0
BRDA:122,17,0,0
BRDA:122,17,1,0
BRDA:124,18,0,0
BRDA:124,18,1,0
BRDA:160,19,0,0
BRDA:160,19,1,0
BRF:40
BRH:0
end_of_record
TN:
SF:src\contexts\CartContext.tsx
FN:26,(anonymous_0)
FN:33,(anonymous_1)
FN:60,(anonymous_2)
FN:90,(anonymous_3)
FN:95,(anonymous_4)
FN:96,(anonymous_5)
FN:123,(anonymous_6)
FN:132,(anonymous_7)
FN:135,(anonymous_8)
FN:145,(anonymous_9)
FN:146,(anonymous_10)
FN:147,(anonymous_11)
FN:153,(anonymous_12)
FN:162,(anonymous_13)
FN:162,(anonymous_14)
FN:166,(anonymous_15)
FN:176,(anonymous_16)
FN:176,(anonymous_17)
FN:180,(anonymous_18)
FN:193,(anonymous_19)
FN:193,(anonymous_20)
FN:194,(anonymous_21)
FN:194,(anonymous_22)
FN:196,(anonymous_23)
FN:207,(anonymous_24)
FNF:25
FNH:23
FNDA:17,(anonymous_0)
FNDA:0,(anonymous_1)
FNDA:6,(anonymous_2)
FNDA:6,(anonymous_3)
FNDA:12,(anonymous_4)
FNDA:12,(anonymous_5)
FNDA:17,(anonymous_6)
FNDA:6,(anonymous_7)
FNDA:0,(anonymous_8)
FNDA:6,(anonymous_9)
FNDA:1,(anonymous_10)
FNDA:1,(anonymous_11)
FNDA:1,(anonymous_12)
FNDA:1,(anonymous_13)
FNDA:1,(anonymous_14)
FNDA:1,(anonymous_15)
FNDA:1,(anonymous_16)
FNDA:1,(anonymous_17)
FNDA:1,(anonymous_18)
FNDA:11,(anonymous_19)
FNDA:3,(anonymous_20)
FNDA:11,(anonymous_21)
FNDA:3,(anonymous_22)
FNDA:17,(anonymous_23)
FNDA:17,(anonymous_24)
DA:22,1
DA:24,1
DA:26,1
DA:27,17
DA:28,17
DA:29,17
DA:30,17
DA:33,17
DA:34,0
DA:35,0
DA:60,17
DA:61,6
DA:62,6
DA:63,6
DA:64,0
DA:65,0
DA:70,0
DA:71,0
DA:72,0
DA:75,6
DA:76,0
DA:77,0
DA:78,0
DA:82,0
DA:84,6
DA:85,6
DA:90,17
DA:91,6
DA:95,17
DA:96,12
DA:97,12
DA:98,0
DA:99,0
DA:100,0
DA:101,0
DA:102,0
DA:103,0
DA:104,0
DA:110,0
DA:111,0
DA:115,0
DA:119,12
DA:123,17
DA:124,17
DA:125,11
DA:126,0
DA:127,0
DA:132,17
DA:133,6
DA:134,0
DA:135,0
DA:136,0
DA:137,0
DA:140,0
DA:142,0
DA:145,6
DA:146,6
DA:147,6
DA:148,5
DA:153,17
DA:154,1
DA:155,0
DA:156,0
DA:157,0
DA:159,0
DA:162,1
DA:166,17
DA:167,1
DA:168,1
DA:169,0
DA:170,0
DA:171,0
DA:173,0
DA:176,1
DA:180,17
DA:181,1
DA:182,0
DA:183,0
DA:184,0
DA:186,0
DA:189,1
DA:193,17
DA:194,17
DA:196,17
DA:200,17
DA:207,1
DA:208,17
DA:209,17
DA:210,17
LF:89
LH:48
BRDA:38,0,0,0
BRDA:38,0,1,0
BRDA:41,1,0,0
BRDA:41,1,1,0
BRDA:42,2,0,0
BRDA:42,2,1,0
BRDA:45,3,0,0
BRDA:45,3,1,0
BRDA:47,4,0,0
BRDA:47,4,1,0
BRDA:48,5,0,0
BRDA:48,5,1,0
BRDA:49,6,0,0
BRDA:49,6,1,0
BRDA:50,7,0,0
BRDA:50,7,1,0
BRDA:52,8,0,0
BRDA:52,8,1,0
BRDA:53,9,0,0
BRDA:53,9,1,0
BRDA:63,10,0,0
BRDA:63,10,1,6
BRDA:70,11,0,0
BRDA:70,11,1,0
BRDA:71,12,0,0
BRDA:71,12,1,0
BRDA:75,13,0,0
BRDA:75,13,1,6
BRDA:77,14,0,0
BRDA:77,14,1,0
BRDA:97,15,0,0
BRDA:97,15,1,12
BRDA:97,16,0,12
BRDA:97,16,1,0
BRDA:97,16,2,0
BRDA:100,17,0,0
BRDA:100,17,1,0
BRDA:102,18,0,0
BRDA:102,18,1,0
BRDA:124,19,0,6
BRDA:124,19,1,11
BRDA:124,20,0,17
BRDA:124,20,1,11
BRDA:125,21,0,0
BRDA:125,21,1,11
BRDA:133,22,0,0
BRDA:133,22,1,6
BRDA:136,23,0,0
BRDA:136,23,1,0
BRDA:140,24,0,0
BRDA:140,24,1,0
BRDA:147,25,0,1
BRDA:147,25,1,5
BRDA:147,26,0,1
BRDA:147,26,1,0
BRDA:154,27,0,0
BRDA:154,27,1,1
BRDA:157,28,0,0
BRDA:157,28,1,0
BRDA:167,29,0,0
BRDA:167,29,1,1
BRDA:168,30,0,0
BRDA:168,30,1,1
BRDA:171,31,0,0
BRDA:171,31,1,0
BRDA:176,32,0,1
BRDA:176,32,1,0
BRDA:181,33,0,0
BRDA:181,33,1,1
BRDA:184,34,0,0
BRDA:184,34,1,0
BRDA:209,35,0,0
BRDA:209,35,1,17
BRF:73
BRH:19
end_of_record
TN:
SF:src\contexts\CountryContext.tsx
FN:16,(anonymous_0)
FN:20,(anonymous_1)
FN:51,(anonymous_2)
FN:52,(anonymous_3)
FN:92,(anonymous_4)
FN:106,(anonymous_5)
FN:119,(anonymous_6)
FNF:7
FNH:7
FNDA:11,(anonymous_0)
FNDA:4,(anonymous_1)
FNDA:5,(anonymous_2)
FNDA:5,(anonymous_3)
FNDA:1,(anonymous_4)
FNDA:11,(anonymous_5)
FNDA:11,(anonymous_6)
DA:12,1
DA:14,1
DA:16,1
DA:17,11
DA:18,11
DA:20,11
DA:21,4
DA:22,4
DA:24,4
DA:27,2
DA:28,1
DA:29,1
DA:30,1
DA:31,1
DA:36,0
DA:37,0
DA:38,0
DA:39,0
DA:40,0
DA:41,0
DA:46,3
DA:48,3
DA:51,11
DA:52,5
DA:53,5
DA:56,5
DA:57,5
DA:61,5
DA:62,1
DA:63,1
DA:64,1
DA:65,1
DA:68,0
DA:72,4
DA:73,4
DA:75,4
DA:76,1
DA:77,1
DA:81,4
DA:82,4
DA:83,1
DA:86,4
DA:89,5
DA:92,11
DA:93,1
DA:94,1
DA:95,1
DA:96,0
DA:98,1
DA:100,1
DA:102,0
DA:106,11
DA:112,11
DA:119,1
DA:120,11
DA:121,11
DA:122,0
DA:124,11
LF:58
LH:48
BRDA:27,0,0,1
BRDA:27,0,1,0
BRDA:29,1,0,1
BRDA:29,1,1,0
BRDA:37,2,0,0
BRDA:37,2,1,0
BRDA:39,3,0,0
BRDA:39,3,1,0
BRDA:57,4,0,0
BRDA:57,4,1,5
BRDA:61,5,0,1
BRDA:61,5,1,4
BRDA:75,6,0,1
BRDA:75,6,1,3
BRDA:82,7,0,1
BRDA:82,7,1,3
BRDA:95,8,0,0
BRDA:95,8,1,1
BRDA:121,9,0,0
BRDA:121,9,1,11
BRF:20
BRH:11
end_of_record
TN:
SF:src\contexts\GoldRateContext.tsx
FN:47,(anonymous_0)
FN:52,(anonymous_1)
FN:53,(anonymous_2)
FN:138,(anonymous_3)
FN:141,(anonymous_4)
FN:147,(anonymous_5)
FN:158,(anonymous_6)
FN:171,(anonymous_7)
FNF:8
FNH:8
FNDA:8,(anonymous_0)
FNDA:4,(anonymous_1)
FNDA:4,(anonymous_2)
FNDA:4,(anonymous_3)
FNDA:8,(anonymous_4)
FNDA:2,(anonymous_5)
FNDA:8,(anonymous_6)
FNDA:8,(anonymous_7)
DA:18,1
DA:28,1
DA:42,1
DA:45,1
DA:47,1
DA:48,8
DA:49,8
DA:50,8
DA:52,8
DA:53,4
DA:54,4
DA:55,4
DA:57,4
DA:58,4
DA:65,4
DA:66,1
DA:67,1
DA:68,1
DA:69,1
DA:70,1
DA:74,0
DA:78,3
DA:79,0
DA:86,0
DA:87,0
DA:88,0
DA:89,0
DA:90,0
DA:91,0
DA:97,3
DA:98,3
DA:99,3
DA:100,3
DA:101,3
DA:102,3
DA:103,3
DA:104,3
DA:105,3
DA:111,0
DA:112,0
DA:113,0
DA:114,0
DA:115,0
DA:116,0
DA:117,0
DA:118,0
DA:123,0
DA:124,0
DA:125,0
DA:127,0
DA:128,0
DA:129,0
DA:131,4
DA:135,4
DA:137,4
DA:138,4
DA:141,8
DA:147,8
DA:148,2
DA:149,2
DA:151,2
DA:158,8
DA:164,8
DA:171,1
DA:172,8
DA:173,8
DA:174,0
DA:176,8
LF:68
LH:45
BRDA:45,0,0,1
BRDA:45,0,1,1
BRDA:65,1,0,1
BRDA:65,1,1,3
BRDA:65,2,0,4
BRDA:65,2,1,4
BRDA:65,2,2,4
BRDA:67,3,0,1
BRDA:67,3,1,0
BRDA:78,4,0,0
BRDA:78,4,1,3
BRDA:78,5,0,3
BRDA:78,5,1,3
BRDA:86,6,0,0
BRDA:86,6,1,0
BRDA:88,7,0,0
BRDA:88,7,1,0
BRDA:98,8,0,3
BRDA:98,8,1,0
BRDA:100,9,0,3
BRDA:100,9,1,0
BRDA:100,10,0,3
BRDA:100,10,1,3
BRDA:102,11,0,3
BRDA:102,11,1,0
BRDA:112,12,0,0
BRDA:112,12,1,0
BRDA:114,13,0,0
BRDA:114,13,1,0
BRDA:148,14,0,2
BRDA:148,14,1,0
BRDA:154,15,0,1
BRDA:154,15,1,1
BRDA:173,16,0,0
BRDA:173,16,1,8
BRF:35
BRH:20
end_of_record
TN:
SF:src\contexts\UIContext.tsx
FN:14,(anonymous_0)
FN:26,(anonymous_1)
FNF:2
FNH:2
FNDA:5,(anonymous_0)
FNDA:5,(anonymous_1)
DA:12,1
DA:14,1
DA:15,5
DA:16,5
DA:17,5
DA:19,5
DA:26,1
DA:27,5
DA:28,5
DA:29,0
DA:31,5
LF:11
LH:10
BRDA:28,0,0,0
BRDA:28,0,1,5
BRF:2
BRH:1
end_of_record
TN:
SF:src\contexts\WishlistContext.tsx
FN:15,(anonymous_0)
FN:20,(anonymous_1)
FN:30,(anonymous_2)
FN:38,(anonymous_3)
FN:46,(anonymous_4)
FN:62,(anonymous_5)
FN:71,(anonymous_6)
FN:81,(anonymous_7)
FN:81,(anonymous_8)
FN:87,(anonymous_9)
FN:91,(anonymous_10)
FN:106,(anonymous_11)
FNF:12
FNH:12
FNDA:13,(anonymous_0)
FNDA:3,(anonymous_1)
FNDA:3,(anonymous_2)
FNDA:4,(anonymous_3)
FNDA:1,(anonymous_4)
FNDA:1,(anonymous_5)
FNDA:1,(anonymous_6)
FNDA:1,(anonymous_7)
FNDA:1,(anonymous_8)
FNDA:2,(anonymous_9)
FNDA:13,(anonymous_10)
FNDA:13,(anonymous_11)
DA:13,1
DA:15,1
DA:16,13
DA:17,13
DA:18,13
DA:20,13
DA:21,3
DA:22,3
DA:23,3
DA:24,3
DA:29,3
DA:30,3
DA:32,0
DA:34,3
DA:38,13
DA:39,4
DA:40,3
DA:42,1
DA:46,13
DA:47,1
DA:50,1
DA:52,1
DA:54,1
DA:59,1
DA:62,1
DA:63,1
DA:64,1
DA:67,0
DA:71,13
DA:72,1
DA:73,1
DA:74,1
DA:80,1
DA:81,1
DA:83,0
DA:87,13
DA:88,2
DA:91,13
DA:99,13
DA:106,1
DA:107,13
DA:108,13
DA:109,0
DA:111,13
LF:44
LH:40
BRDA:21,0,0,0
BRDA:21,0,1,3
BRDA:29,1,0,0
BRDA:29,1,1,3
BRDA:39,2,0,3
BRDA:39,2,1,1
BRDA:47,3,0,0
BRDA:47,3,1,1
BRDA:50,4,0,0
BRDA:50,4,1,1
BRDA:59,5,0,0
BRDA:59,5,1,1
BRDA:59,6,0,1
BRDA:59,6,1,0
BRDA:63,7,0,0
BRDA:63,7,1,1
BRDA:72,8,0,0
BRDA:72,8,1,1
BRDA:80,9,0,0
BRDA:80,9,1,1
BRDA:108,10,0,0
BRDA:108,10,1,13
BRF:22
BRH:12
end_of_record
TN:
SF:src\data\products.ts
FN:52,(anonymous_0)
FN:72,(anonymous_1)
FN:94,(anonymous_2)
FN:110,(anonymous_3)
FN:120,(anonymous_4)
FN:127,(anonymous_5)
FN:137,(anonymous_6)
FN:142,(anonymous_7)
FNF:8
FNH:0
FNDA:0,(anonymous_0)
FNDA:0,(anonymous_1)
FNDA:0,(anonymous_2)
FNDA:0,(anonymous_3)
FNDA:0,(anonymous_4)
FNDA:0,(anonymous_5)
FNDA:0,(anonymous_6)
FNDA:0,(anonymous_7)
DA:52,0
DA:73,0
DA:74,0
DA:75,0
DA:77,0
DA:94,0
DA:95,0
DA:96,0
DA:99,0
DA:100,0
DA:103,0
DA:105,0
DA:106,0
DA:108,0
DA:110,0
DA:113,0
DA:114,0
DA:118,0
DA:120,0
DA:122,0
DA:123,0
DA:127,0
DA:128,0
DA:129,0
DA:135,0
DA:137,0
DA:140,0
DA:142,0
DA:147,0
LF:29
LH:0
BRDA:55,0,0,0
BRDA:55,0,1,0
BRDA:58,1,0,0
BRDA:58,1,1,0
BRDA:59,2,0,0
BRDA:59,2,1,0
BRDA:62,3,0,0
BRDA:62,3,1,0
BRDA:64,4,0,0
BRDA:64,4,1,0
BRDA:65,5,0,0
BRDA:65,5,1,0
BRDA:66,6,0,0
BRDA:66,6,1,0
BRDA:67,7,0,0
BRDA:67,7,1,0
BRDA:69,8,0,0
BRDA:69,8,1,0
BRDA:70,9,0,0
BRDA:70,9,1,0
BRDA:73,10,0,0
BRDA:73,10,1,0
BRDA:74,11,0,0
BRDA:74,11,1,0
BRDA:79,12,0,0
BRDA:79,12,1,0
BRDA:86,13,0,0
BRDA:86,13,1,0
BRDA:87,14,0,0
BRDA:87,14,1,0
BRDA:88,15,0,0
BRDA:88,15,1,0
BRDA:89,16,0,0
BRDA:89,16,1,0
BRDA:90,17,0,0
BRDA:90,17,1,0
BRDA:94,18,0,0
BRDA:99,19,0,0
BRDA:99,19,1,0
BRDA:99,20,0,0
BRDA:99,20,1,0
BRDA:105,21,0,0
BRDA:105,21,1,0
BRDA:108,22,0,0
BRDA:108,22,1,0
BRDA:113,23,0,0
BRDA:113,23,1,0
BRDA:113,24,0,0
BRDA:113,24,1,0
BRDA:118,25,0,0
BRDA:118,25,1,0
BRDA:135,26,0,0
BRDA:135,26,1,0
BRDA:135,27,0,0
BRDA:135,27,1,0
BRDA:137,28,0,0
BRDA:137,28,1,0
BRDA:142,29,0,0
BRDA:142,29,1,0
BRF:59
BRH:0
end_of_record
TN:
SF:src\navigation\AppNavigator.tsx
FN:22,(anonymous_0)
FNF:1
FNH:0
FNDA:0,(anonymous_0)
DA:20,0
DA:22,0
DA:23,0
LF:3
LH:0
BRF:0
BRH:0
end_of_record
TN:
SF:src\navigation\types.ts
FNF:0
FNH:0
LF:0
LH:0
BRF:0
BRH:0
end_of_record
TN:
SF:src\screens\ARTryOnScreen.tsx
FN:39,(anonymous_0)
FN:54,(anonymous_1)
FN:83,(anonymous_2)
FN:104,(anonymous_3)
FN:105,checkExistingDetails
FN:143,(anonymous_5)
FN:183,(anonymous_6)
FN:205,(anonymous_7)
FN:212,(anonymous_8)
FN:241,(anonymous_9)
FN:244,initTracking
FN:280,(anonymous_11)
FN:286,processFrame
FN:304,(anonymous_13)
FN:379,(anonymous_14)
FN:383,(anonymous_15)
FN:384,(anonymous_16)
FN:400,(anonymous_17)
FN:473,(anonymous_18)
FN:474,(anonymous_19)
FN:477,(anonymous_20)
FN:512,(anonymous_21)
FN:529,(anonymous_22)
FN:658,(anonymous_23)
FN:662,(anonymous_24)
FN:676,(anonymous_25)
FN:680,(anonymous_26)
FN:683,(anonymous_27)
FNF:28
FNH:0
FNDA:0,(anonymous_0)
FNDA:0,(anonymous_1)
FNDA:0,(anonymous_2)
FNDA:0,(anonymous_3)
FNDA:0,checkExistingDetails
FNDA:0,(anonymous_5)
FNDA:0,(anonymous_6)
FNDA:0,(anonymous_7)
FNDA:0,(anonymous_8)
FNDA:0,(anonymous_9)
FNDA:0,initTracking
FNDA:0,(anonymous_11)
FNDA:0,processFrame
FNDA:0,(anonymous_13)
FNDA:0,(anonymous_14)
FNDA:0,(anonymous_15)
FNDA:0,(anonymous_16)
FNDA:0,(anonymous_17)
FNDA:0,(anonymous_18)
FNDA:0,(anonymous_19)
FNDA:0,(anonymous_20)
FNDA:0,(anonymous_21)
FNDA:0,(anonymous_22)
FNDA:0,(anonymous_23)
FNDA:0,(anonymous_24)
FNDA:0,(anonymous_25)
FNDA:0,(anonymous_26)
FNDA:0,(anonymous_27)
DA:19,0
DA:39,0
DA:52,0
DA:54,0
DA:55,0
DA:56,0
DA:57,0
DA:60,0
DA:61,0
DA:62,0
DA:63,0
DA:64,0
DA:65,0
DA:66,0
DA:71,0
DA:83,0
DA:84,0
DA:85,0
DA:86,0
DA:89,0
DA:90,0
DA:91,0
DA:93,0
DA:96,0
DA:97,0
DA:98,0
DA:99,0
DA:100,0
DA:101,0
DA:104,0
DA:106,0
DA:108,0
DA:109,0
DA:115,0
DA:116,0
DA:117,0
DA:118,0
DA:119,0
DA:124,0
DA:125,0
DA:127,0
DA:128,0
DA:129,0
DA:130,0
DA:132,0
DA:135,0
DA:136,0
DA:140,0
DA:143,0
DA:144,0
DA:145,0
DA:147,0
DA:148,0
DA:150,0
DA:152,0
DA:153,0
DA:155,0
DA:164,0
DA:165,0
DA:169,0
DA:170,0
DA:173,0
DA:175,0
DA:177,0
DA:179,0
DA:183,0
DA:184,0
DA:185,0
DA:186,0
DA:187,0
DA:190,0
DA:191,0
DA:192,0
DA:193,0
DA:194,0
DA:196,0
DA:197,0
DA:199,0
DA:200,0
DA:201,0
DA:202,0
DA:205,0
DA:206,0
DA:207,0
DA:208,0
DA:212,0
DA:213,0
DA:214,0
DA:215,0
DA:220,0
DA:222,0
DA:229,0
DA:236,0
DA:241,0
DA:242,0
DA:245,0
DA:246,0
DA:247,0
DA:249,0
DA:250,0
DA:251,0
DA:256,0
DA:257,0
DA:258,0
DA:259,0
DA:264,0
DA:267,0
DA:268,0
DA:269,0
DA:271,0
DA:272,0
DA:276,0
DA:280,0
DA:281,0
DA:284,0
DA:287,0
DA:289,0
DA:290,0
DA:293,0
DA:294,0
DA:295,0
DA:296,0
DA:298,0
DA:299,0
DA:301,0
DA:302,0
DA:303,0
DA:304,0
DA:305,0
DA:307,0
DA:310,0
DA:311,0
DA:312,0
DA:313,0
DA:314,0
DA:315,0
DA:318,0
DA:319,0
DA:320,0
DA:321,0
DA:323,0
DA:324,0
DA:327,0
DA:329,0
DA:330,0
DA:331,0
DA:332,0
DA:335,0
DA:336,0
DA:337,0
DA:338,0
DA:341,0
DA:342,0
DA:343,0
DA:344,0
DA:347,0
DA:348,0
DA:349,0
DA:350,0
DA:353,0
DA:354,0
DA:360,0
DA:361,0
DA:363,0
DA:367,0
DA:370,0
DA:372,0
DA:374,0
DA:378,0
DA:379,0
DA:383,0
DA:384,0
DA:385,0
DA:386,0
DA:387,0
DA:390,0
DA:391,0
DA:392,0
DA:393,0
DA:396,0
DA:397,0
DA:398,0
DA:399,0
DA:400,0
DA:403,0
DA:406,0
DA:407,0
DA:408,0
DA:409,0
DA:410,0
DA:411,0
DA:414,0
DA:415,0
DA:416,0
DA:417,0
DA:419,0
DA:420,0
DA:422,0
DA:424,0
DA:425,0
DA:426,0
DA:427,0
DA:430,0
DA:431,0
DA:432,0
DA:433,0
DA:436,0
DA:437,0
DA:438,0
DA:439,0
DA:442,0
DA:443,0
DA:444,0
DA:445,0
DA:448,0
DA:449,0
DA:455,0
DA:456,0
DA:458,0
DA:462,0
DA:464,0
DA:467,0
DA:470,0
DA:473,0
DA:474,0
DA:477,0
DA:478,0
DA:481,0
DA:482,0
DA:490,0
DA:491,0
DA:513,0
DA:514,0
DA:530,0
DA:531,0
DA:565,0
DA:566,0
DA:579,0
DA:659,0
DA:662,0
DA:676,0
DA:680,0
DA:683,0
DA:697,0
LF:244
LH:0
BRDA:60,0,0,0
BRDA:60,0,1,0
BRDA:62,1,0,0
BRDA:62,1,1,0
BRDA:108,2,0,0
BRDA:108,2,1,0
BRDA:115,3,0,0
BRDA:115,3,1,0
BRDA:115,4,0,0
BRDA:115,4,1,0
BRDA:116,5,0,0
BRDA:116,5,1,0
BRDA:117,6,0,0
BRDA:117,6,1,0
BRDA:127,7,0,0
BRDA:127,7,1,0
BRDA:127,8,0,0
BRDA:127,8,1,0
BRDA:150,9,0,0
BRDA:150,9,1,0
BRDA:150,10,0,0
BRDA:150,10,1,0
BRDA:164,11,0,0
BRDA:164,11,1,0
BRDA:206,12,0,0
BRDA:206,12,1,0
BRDA:213,13,0,0
BRDA:213,13,1,0
BRDA:236,14,0,0
BRDA:236,14,1,0
BRDA:237,15,0,0
BRDA:237,15,1,0
BRDA:242,16,0,0
BRDA:242,16,1,0
BRDA:249,17,0,0
BRDA:249,17,1,0
BRDA:257,18,0,0
BRDA:257,18,1,0
BRDA:281,19,0,0
BRDA:281,19,1,0
BRDA:281,20,0,0
BRDA:281,20,1,0
BRDA:287,21,0,0
BRDA:287,21,1,0
BRDA:296,22,0,0
BRDA:296,22,1,0
BRDA:298,23,0,0
BRDA:298,23,1,0
BRDA:298,24,0,0
BRDA:298,24,1,0
BRDA:298,24,2,0
BRDA:301,25,0,0
BRDA:301,25,1,0
BRDA:301,26,0,0
BRDA:301,26,1,0
BRDA:303,27,0,0
BRDA:303,27,1,0
BRDA:303,28,0,0
BRDA:303,28,1,0
BRDA:304,29,0,0
BRDA:304,29,1,0
BRDA:305,30,0,0
BRDA:305,30,1,0
BRDA:329,31,0,0
BRDA:329,31,1,0
BRDA:329,32,0,0
BRDA:329,32,1,0
BRDA:331,33,0,0
BRDA:331,33,1,0
BRDA:331,34,0,0
BRDA:331,34,1,0
BRDA:385,35,0,0
BRDA:385,35,1,0
BRDA:391,36,0,0
BRDA:391,36,1,0
BRDA:397,37,0,0
BRDA:397,37,1,0
BRDA:397,38,0,0
BRDA:397,38,1,0
BRDA:399,39,0,0
BRDA:399,39,1,0
BRDA:399,40,0,0
BRDA:399,40,1,0
BRDA:400,41,0,0
BRDA:400,41,1,0
BRDA:424,42,0,0
BRDA:424,42,1,0
BRDA:424,43,0,0
BRDA:424,43,1,0
BRDA:426,44,0,0
BRDA:426,44,1,0
BRDA:426,45,0,0
BRDA:426,45,1,0
BRDA:474,46,0,0
BRDA:474,46,1,0
BRDA:481,47,0,0
BRDA:481,47,1,0
BRDA:490,48,0,0
BRDA:490,48,1,0
BRDA:495,49,0,0
BRDA:495,49,1,0
BRDA:517,50,0,0
BRDA:517,50,1,0
BRDA:534,51,0,0
BRDA:534,51,1,0
BRDA:539,52,0,0
BRDA:539,52,1,0
BRDA:544,53,0,0
BRDA:544,53,1,0
BRDA:565,54,0,0
BRDA:565,54,1,0
BRDA:565,55,0,0
BRDA:565,55,1,0
BRDA:581,56,0,0
BRDA:581,56,1,0
BRDA:588,57,0,0
BRDA:588,57,1,0
BRDA:604,58,0,0
BRDA:604,58,1,0
BRDA:641,59,0,0
BRDA:641,59,1,0
BRDA:643,60,0,0
BRDA:643,60,1,0
BRDA:643,61,0,0
BRDA:643,61,1,0
BRDA:646,62,0,0
BRDA:646,62,1,0
BRDA:650,63,0,0
BRDA:650,63,1,0
BRDA:661,64,0,0
BRDA:661,64,1,0
BRDA:664,65,0,0
BRDA:664,65,1,0
BRDA:675,66,0,0
BRDA:675,66,1,0
BRDA:678,67,0,0
BRDA:678,67,1,0
BRF:137
BRH:0
end_of_record
TN:
SF:src\screens\AddProductScreen.tsx
FN:41,(anonymous_0)
FN:51,(anonymous_1)
FN:52,(anonymous_2)
FN:128,(anonymous_3)
FN:139,(anonymous_4)
FN:143,(anonymous_5)
FN:144,(anonymous_6)
FN:151,(anonymous_7)
FN:167,(anonymous_8)
FN:194,(anonymous_9)
FN:227,(anonymous_10)
FN:240,(anonymous_11)
FN:371,(anonymous_12)
FN:378,(anonymous_13)
FN:387,(anonymous_14)
FN:391,(anonymous_15)
FN:427,(anonymous_16)
FN:434,(anonymous_17)
FN:464,(anonymous_18)
FN:469,(anonymous_19)
FN:469,(anonymous_20)
FN:469,(anonymous_21)
FN:478,(anonymous_22)
FN:546,(anonymous_23)
FN:550,(anonymous_24)
FN:581,(anonymous_25)
FN:595,(anonymous_26)
FN:642,(anonymous_27)
FN:646,(anonymous_28)
FN:771,(anonymous_29)
FN:776,(anonymous_30)
FN:787,(anonymous_31)
FN:796,(anonymous_32)
FN:800,(anonymous_33)
FNF:34
FNH:0
FNDA:0,(anonymous_0)
FNDA:0,(anonymous_1)
FNDA:0,(anonymous_2)
FNDA:0,(anonymous_3)
FNDA:0,(anonymous_4)
FNDA:0,(anonymous_5)
FNDA:0,(anonymous_6)
FNDA:0,(anonymous_7)
FNDA:0,(anonymous_8)
FNDA:0,(anonymous_9)
FNDA:0,(anonymous_10)
FNDA:0,(anonymous_11)
FNDA:0,(anonymous_12)
FNDA:0,(anonymous_13)
FNDA:0,(anonymous_14)
FNDA:0,(anonymous_15)
FNDA:0,(anonymous_16)
FNDA:0,(anonymous_17)
FNDA:0,(anonymous_18)
FNDA:0,(anonymous_19)
FNDA:0,(anonymous_20)
FNDA:0,(anonymous_21)
FNDA:0,(anonymous_22)
FNDA:0,(anonymous_23)
FNDA:0,(anonymous_24)
FNDA:0,(anonymous_25)
FNDA:0,(anonymous_26)
FNDA:0,(anonymous_27)
FNDA:0,(anonymous_28)
FNDA:0,(anonymous_29)
FNDA:0,(anonymous_30)
FNDA:0,(anonymous_31)
FNDA:0,(anonymous_32)
FNDA:0,(anonymous_33)
DA:30,0
DA:32,0
DA:41,0
DA:42,0
DA:43,0
DA:44,0
DA:45,0
DA:46,0
DA:47,0
DA:48,0
DA:49,0
DA:51,0
DA:52,0
DA:54,0
DA:55,0
DA:56,0
DA:57,0
DA:61,0
DA:63,0
DA:64,0
DA:65,0
DA:68,0
DA:69,0
DA:70,0
DA:72,0
DA:75,0
DA:76,0
DA:77,0
DA:80,0
DA:81,0
DA:82,0
DA:88,0
DA:89,0
DA:90,0
DA:91,0
DA:94,0
DA:96,0
DA:100,0
DA:104,0
DA:105,0
DA:106,0
DA:107,0
DA:108,0
DA:109,0
DA:110,0
DA:111,0
DA:112,0
DA:115,0
DA:116,0
DA:117,0
DA:118,0
DA:119,0
DA:120,0
DA:121,0
DA:122,0
DA:123,0
DA:124,0
DA:125,0
DA:126,0
DA:128,0
DA:129,0
DA:130,0
DA:131,0
DA:132,0
DA:133,0
DA:134,0
DA:135,0
DA:136,0
DA:138,0
DA:139,0
DA:140,0
DA:143,0
DA:144,0
DA:145,0
DA:146,0
DA:150,0
DA:151,0
DA:152,0
DA:155,0
DA:158,0
DA:162,0
DA:163,0
DA:164,0
DA:165,0
DA:167,0
DA:169,0
DA:170,0
DA:171,0
DA:172,0
DA:175,0
DA:183,0
DA:184,0
DA:185,0
DA:186,0
DA:189,0
DA:194,0
DA:195,0
DA:196,0
DA:197,0
DA:198,0
DA:201,0
DA:203,0
DA:204,0
DA:206,0
DA:213,0
DA:214,0
DA:215,0
DA:217,0
DA:220,0
DA:224,0
DA:226,0
DA:227,0
DA:229,0
DA:233,0
DA:234,0
DA:236,0
DA:240,0
DA:241,0
DA:243,0
DA:244,0
DA:245,0
DA:248,0
DA:249,0
DA:250,0
DA:251,0
DA:254,0
DA:255,0
DA:257,0
DA:258,0
DA:260,0
DA:261,0
DA:264,0
DA:265,0
DA:266,0
DA:267,0
DA:268,0
DA:270,0
DA:271,0
DA:274,0
DA:302,0
DA:303,0
DA:304,0
DA:307,0
DA:310,0
DA:311,0
DA:315,0
DA:317,0
DA:320,0
DA:323,0
DA:325,0
DA:326,0
DA:327,0
DA:328,0
DA:329,0
DA:330,0
DA:332,0
DA:335,0
DA:336,0
DA:338,0
DA:340,0
DA:341,0
DA:343,0
DA:344,0
DA:345,0
DA:348,0
DA:350,0
DA:354,0
DA:371,0
DA:378,0
DA:388,0
DA:391,0
DA:427,0
DA:434,0
DA:465,0
DA:469,0
DA:478,0
DA:547,0
DA:551,0
DA:552,0
DA:553,0
DA:554,0
DA:555,0
DA:556,0
DA:557,0
DA:558,0
DA:559,0
DA:560,0
DA:561,0
DA:562,0
DA:563,0
DA:565,0
DA:582,0
DA:583,0
DA:584,0
DA:585,0
DA:586,0
DA:588,0
DA:591,0
DA:596,0
DA:597,0
DA:598,0
DA:599,0
DA:600,0
DA:601,0
DA:603,0
DA:643,0
DA:646,0
DA:771,0
DA:776,0
DA:788,0
DA:789,0
DA:797,0
DA:801,0
DA:802,0
DA:836,0
LF:215
LH:0
BRDA:44,0,0,0
BRDA:44,0,1,0
BRDA:48,1,0,0
BRDA:48,1,1,0
BRDA:48,1,2,0
BRDA:48,1,3,0
BRDA:49,2,0,0
BRDA:49,2,1,0
BRDA:49,2,2,0
BRDA:55,3,0,0
BRDA:55,3,1,0
BRDA:57,4,0,0
BRDA:57,4,1,0
BRDA:61,5,0,0
BRDA:61,5,1,0
BRDA:61,5,2,0
BRDA:61,5,3,0
BRDA:63,6,0,0
BRDA:63,6,1,0
BRDA:69,7,0,0
BRDA:69,7,1,0
BRDA:69,8,0,0
BRDA:69,8,1,0
BRDA:75,9,0,0
BRDA:75,9,1,0
BRDA:88,10,0,0
BRDA:88,10,1,0
BRDA:89,11,0,0
BRDA:89,11,1,0
BRDA:104,12,0,0
BRDA:104,12,1,0
BRDA:105,13,0,0
BRDA:105,13,1,0
BRDA:106,14,0,0
BRDA:106,14,1,0
BRDA:107,15,0,0
BRDA:107,15,1,0
BRDA:108,16,0,0
BRDA:108,16,1,0
BRDA:109,17,0,0
BRDA:109,17,1,0
BRDA:110,18,0,0
BRDA:110,18,1,0
BRDA:111,19,0,0
BRDA:111,19,1,0
BRDA:112,20,0,0
BRDA:112,20,1,0
BRDA:115,21,0,0
BRDA:115,21,1,0
BRDA:116,22,0,0
BRDA:116,22,1,0
BRDA:117,23,0,0
BRDA:117,23,1,0
BRDA:118,24,0,0
BRDA:118,24,1,0
BRDA:119,25,0,0
BRDA:119,25,1,0
BRDA:120,26,0,0
BRDA:120,26,1,0
BRDA:121,27,0,0
BRDA:121,27,1,0
BRDA:122,28,0,0
BRDA:122,28,1,0
BRDA:123,29,0,0
BRDA:123,29,1,0
BRDA:124,30,0,0
BRDA:124,30,1,0
BRDA:129,31,0,0
BRDA:129,31,1,0
BRDA:131,32,0,0
BRDA:131,32,1,0
BRDA:132,33,0,0
BRDA:132,33,1,0
BRDA:132,34,0,0
BRDA:132,34,1,0
BRDA:132,34,2,0
BRDA:132,34,3,0
BRDA:133,35,0,0
BRDA:133,35,1,0
BRDA:133,36,0,0
BRDA:133,36,1,0
BRDA:133,36,2,0
BRDA:134,37,0,0
BRDA:134,37,1,0
BRDA:135,38,0,0
BRDA:135,38,1,0
BRDA:136,39,0,0
BRDA:136,39,1,0
BRDA:140,40,0,0
BRDA:140,40,1,0
BRDA:150,41,0,0
BRDA:150,41,1,0
BRDA:150,42,0,0
BRDA:150,42,1,0
BRDA:151,43,0,0
BRDA:151,43,1,0
BRDA:162,44,0,0
BRDA:162,44,1,0
BRDA:163,45,0,0
BRDA:163,45,1,0
BRDA:164,46,0,0
BRDA:164,46,1,0
BRDA:165,47,0,0
BRDA:165,47,1,0
BRDA:167,48,0,0
BRDA:170,49,0,0
BRDA:170,49,1,0
BRDA:183,50,0,0
BRDA:183,50,1,0
BRDA:183,51,0,0
BRDA:183,51,1,0
BRDA:183,51,2,0
BRDA:184,52,0,0
BRDA:184,52,1,0
BRDA:197,53,0,0
BRDA:197,53,1,0
BRDA:213,54,0,0
BRDA:213,54,1,0
BRDA:214,55,0,0
BRDA:214,55,1,0
BRDA:226,56,0,0
BRDA:226,56,1,0
BRDA:234,57,0,0
BRDA:234,57,1,0
BRDA:243,58,0,0
BRDA:243,58,1,0
BRDA:243,59,0,0
BRDA:243,59,1,0
BRDA:243,59,2,0
BRDA:243,59,3,0
BRDA:243,59,4,0
BRDA:248,60,0,0
BRDA:248,60,1,0
BRDA:258,61,0,0
BRDA:258,61,1,0
BRDA:260,62,0,0
BRDA:260,62,1,0
BRDA:260,63,0,0
BRDA:260,63,1,0
BRDA:264,64,0,0
BRDA:264,64,1,0
BRDA:265,65,0,0
BRDA:265,65,1,0
BRDA:266,66,0,0
BRDA:266,66,1,0
BRDA:267,67,0,0
BRDA:267,67,1,0
BRDA:270,68,0,0
BRDA:270,68,1,0
BRDA:289,69,0,0
BRDA:289,69,1,0
BRDA:290,70,0,0
BRDA:290,70,1,0
BRDA:297,71,0,0
BRDA:297,71,1,0
BRDA:299,72,0,0
BRDA:299,72,1,0
BRDA:302,73,0,0
BRDA:302,73,1,0
BRDA:307,74,0,0
BRDA:307,74,1,0
BRDA:310,75,0,0
BRDA:310,75,1,0
BRDA:323,76,0,0
BRDA:323,76,1,0
BRDA:325,77,0,0
BRDA:325,77,1,0
BRDA:327,78,0,0
BRDA:327,78,1,0
BRDA:329,79,0,0
BRDA:329,79,1,0
BRDA:335,80,0,0
BRDA:335,80,1,0
BRDA:341,81,0,0
BRDA:341,81,1,0
BRDA:343,82,0,0
BRDA:343,82,1,0
BRDA:343,83,0,0
BRDA:343,83,1,0
BRDA:357,84,0,0
BRDA:357,84,1,0
BRDA:362,85,0,0
BRDA:362,85,1,0
BRDA:367,86,0,0
BRDA:367,86,1,0
BRDA:381,87,0,0
BRDA:381,87,1,0
BRDA:390,88,0,0
BRDA:390,88,1,0
BRDA:393,89,0,0
BRDA:393,89,1,0
BRDA:424,90,0,0
BRDA:424,90,1,0
BRDA:437,91,0,0
BRDA:437,91,1,0
BRDA:481,92,0,0
BRDA:481,92,1,0
BRDA:549,93,0,0
BRDA:549,93,1,0
BRDA:552,94,0,0
BRDA:552,94,1,0
BRDA:555,95,0,0
BRDA:555,95,1,0
BRDA:558,96,0,0
BRDA:558,96,1,0
BRDA:560,97,0,0
BRDA:560,97,1,0
BRDA:562,98,0,0
BRDA:562,98,1,0
BRDA:562,99,0,0
BRDA:562,99,1,0
BRDA:569,100,0,0
BRDA:569,100,1,0
BRDA:577,101,0,0
BRDA:577,101,1,0
BRDA:583,102,0,0
BRDA:583,102,1,0
BRDA:585,103,0,0
BRDA:585,103,1,0
BRDA:594,104,0,0
BRDA:594,104,1,0
BRDA:596,105,0,0
BRDA:596,105,1,0
BRDA:599,106,0,0
BRDA:599,106,1,0
BRDA:607,107,0,0
BRDA:607,107,1,0
BRDA:645,108,0,0
BRDA:645,108,1,0
BRDA:648,109,0,0
BRDA:648,109,1,0
BRDA:775,110,0,0
BRDA:775,110,1,0
BRDA:776,111,0,0
BRDA:776,111,1,0
BRDA:779,112,0,0
BRDA:779,112,1,0
BRDA:782,113,0,0
BRDA:782,113,1,0
BRDA:786,114,0,0
BRDA:786,114,1,0
BRDA:792,115,0,0
BRDA:792,115,1,0
BRDA:799,116,0,0
BRDA:799,116,1,0
BRDA:805,117,0,0
BRDA:805,117,1,0
BRDA:816,118,0,0
BRDA:816,118,1,0
BRDA:816,118,2,0
BRDA:818,119,0,0
BRDA:818,119,1,0
BRDA:820,120,0,0
BRDA:820,120,1,0
BRDA:823,121,0,0
BRDA:823,121,1,0
BRF:256
BRH:0
end_of_record
TN:
SF:src\screens\AdminDashboardScreen.tsx
FN:52,(anonymous_0)
FN:101,(anonymous_1)
FN:108,(anonymous_2)
FN:138,(anonymous_3)
FN:139,(anonymous_4)
FN:200,(anonymous_5)
FN:249,(anonymous_6)
FN:268,(anonymous_7)
FN:299,(anonymous_8)
FN:314,(anonymous_9)
FN:333,(anonymous_10)
FN:364,(anonymous_11)
FN:393,(anonymous_12)
FN:406,(anonymous_13)
FN:411,(anonymous_14)
FN:411,(anonymous_15)
FN:420,(anonymous_16)
FN:425,(anonymous_17)
FN:425,(anonymous_18)
FN:434,(anonymous_19)
FN:443,(anonymous_20)
FN:443,(anonymous_21)
FN:459,(anonymous_22)
FN:483,(anonymous_23)
FN:489,(anonymous_24)
FN:495,(anonymous_25)
FN:501,(anonymous_26)
FN:507,(anonymous_27)
FN:513,(anonymous_28)
FN:555,(anonymous_29)
FN:580,(anonymous_30)
FN:592,(anonymous_31)
FN:603,(anonymous_32)
FN:607,(anonymous_33)
FN:629,(anonymous_34)
FN:638,(anonymous_35)
FN:647,(anonymous_36)
FN:653,(anonymous_37)
FN:659,(anonymous_38)
FN:684,(anonymous_39)
FN:702,(anonymous_40)
FN:706,(anonymous_41)
FN:728,(anonymous_42)
FN:737,(anonymous_43)
FN:751,(anonymous_44)
FN:757,(anonymous_45)
FN:795,(anonymous_46)
FN:855,(anonymous_47)
FN:905,(anonymous_48)
FN:914,(anonymous_49)
FN:924,(anonymous_50)
FN:981,(anonymous_51)
FNF:52
FNH:0
FNDA:0,(anonymous_0)
FNDA:0,(anonymous_1)
FNDA:0,(anonymous_2)
FNDA:0,(anonymous_3)
FNDA:0,(anonymous_4)
FNDA:0,(anonymous_5)
FNDA:0,(anonymous_6)
FNDA:0,(anonymous_7)
FNDA:0,(anonymous_8)
FNDA:0,(anonymous_9)
FNDA:0,(anonymous_10)
FNDA:0,(anonymous_11)
FNDA:0,(anonymous_12)
FNDA:0,(anonymous_13)
FNDA:0,(anonymous_14)
FNDA:0,(anonymous_15)
FNDA:0,(anonymous_16)
FNDA:0,(anonymous_17)
FNDA:0,(anonymous_18)
FNDA:0,(anonymous_19)
FNDA:0,(anonymous_20)
FNDA:0,(anonymous_21)
FNDA:0,(anonymous_22)
FNDA:0,(anonymous_23)
FNDA:0,(anonymous_24)
FNDA:0,(anonymous_25)
FNDA:0,(anonymous_26)
FNDA:0,(anonymous_27)
FNDA:0,(anonymous_28)
FNDA:0,(anonymous_29)
FNDA:0,(anonymous_30)
FNDA:0,(anonymous_31)
FNDA:0,(anonymous_32)
FNDA:0,(anonymous_33)
FNDA:0,(anonymous_34)
FNDA:0,(anonymous_35)
FNDA:0,(anonymous_36)
FNDA:0,(anonymous_37)
FNDA:0,(anonymous_38)
FNDA:0,(anonymous_39)
FNDA:0,(anonymous_40)
FNDA:0,(anonymous_41)
FNDA:0,(anonymous_42)
FNDA:0,(anonymous_43)
FNDA:0,(anonymous_44)
FNDA:0,(anonymous_45)
FNDA:0,(anonymous_46)
FNDA:0,(anonymous_47)
FNDA:0,(anonymous_48)
FNDA:0,(anonymous_49)
FNDA:0,(anonymous_50)
FNDA:0,(anonymous_51)
DA:52,0
DA:53,0
DA:54,0
DA:55,0
DA:56,0
DA:57,0
DA:58,0
DA:60,0
DA:66,0
DA:67,0
DA:68,0
DA:71,0
DA:72,0
DA:73,0
DA:74,0
DA:77,0
DA:78,0
DA:79,0
DA:80,0
DA:81,0
DA:82,0
DA:83,0
DA:86,0
DA:87,0
DA:88,0
DA:89,0
DA:90,0
DA:91,0
DA:92,0
DA:93,0
DA:94,0
DA:97,0
DA:98,0
DA:99,0
DA:101,0
DA:102,0
DA:103,0
DA:104,0
DA:108,0
DA:109,0
DA:110,0
DA:112,0
DA:113,0
DA:114,0
DA:119,0
DA:120,0
DA:121,0
DA:126,0
DA:127,0
DA:129,0
DA:132,0
DA:135,0
DA:136,0
DA:138,0
DA:139,0
DA:141,0
DA:149,0
DA:150,0
DA:151,0
DA:152,0
DA:154,0
DA:158,0
DA:159,0
DA:163,0
DA:164,0
DA:166,0
DA:170,0
DA:171,0
DA:177,0
DA:178,0
DA:179,0
DA:180,0
DA:181,0
DA:183,0
DA:184,0
DA:187,0
DA:191,0
DA:194,0
DA:196,0
DA:200,0
DA:201,0
DA:202,0
DA:203,0
DA:206,0
DA:207,0
DA:208,0
DA:210,0
DA:216,0
DA:219,0
DA:220,0
DA:227,0
DA:229,0
DA:236,0
DA:239,0
DA:240,0
DA:241,0
DA:243,0
DA:245,0
DA:249,0
DA:250,0
DA:251,0
DA:252,0
DA:253,0
DA:254,0
DA:255,0
DA:256,0
DA:258,0
DA:259,0
DA:260,0
DA:261,0
DA:262,0
DA:263,0
DA:265,0
DA:268,0
DA:269,0
DA:270,0
DA:271,0
DA:274,0
DA:275,0
DA:283,0
DA:284,0
DA:285,0
DA:286,0
DA:288,0
DA:289,0
DA:290,0
DA:292,0
DA:293,0
DA:295,0
DA:299,0
DA:300,0
DA:301,0
DA:302,0
DA:303,0
DA:304,0
DA:306,0
DA:307,0
DA:308,0
DA:309,0
DA:311,0
DA:314,0
DA:315,0
DA:316,0
DA:317,0
DA:318,0
DA:321,0
DA:328,0
DA:329,0
DA:333,0
DA:334,0
DA:335,0
DA:336,0
DA:337,0
DA:338,0
DA:340,0
DA:347,0
DA:348,0
DA:351,0
DA:355,0
DA:357,0
DA:358,0
DA:360,0
DA:364,0
DA:365,0
DA:366,0
DA:367,0
DA:370,0
DA:371,0
DA:377,0
DA:378,0
DA:379,0
DA:380,0
DA:382,0
DA:383,0
DA:384,0
DA:386,0
DA:387,0
DA:389,0
DA:393,0
DA:394,0
DA:395,0
DA:396,0
DA:397,0
DA:398,0
DA:399,0
DA:400,0
DA:402,0
DA:406,0
DA:407,0
DA:408,0
DA:409,0
DA:410,0
DA:411,0
DA:412,0
DA:413,0
DA:414,0
DA:416,0
DA:420,0
DA:421,0
DA:422,0
DA:423,0
DA:424,0
DA:425,0
DA:426,0
DA:427,0
DA:428,0
DA:430,0
DA:434,0
DA:435,0
DA:436,0
DA:441,0
DA:443,0
DA:444,0
DA:446,0
DA:447,0
DA:451,0
DA:452,0
DA:459,0
DA:470,0
DA:483,0
DA:489,0
DA:495,0
DA:501,0
DA:507,0
DA:513,0
DA:556,0
DA:581,0
DA:582,0
DA:584,0
DA:593,0
DA:603,0
DA:608,0
DA:609,0
DA:629,0
DA:639,0
DA:647,0
DA:653,0
DA:660,0
DA:661,0
DA:685,0
DA:703,0
DA:706,0
DA:728,0
DA:738,0
DA:751,0
DA:758,0
DA:759,0
DA:795,0
DA:855,0
DA:905,0
DA:914,0
DA:924,0
DA:981,0
DA:988,0
LF:254
LH:0
BRDA:103,0,0,0
BRDA:103,0,1,0
BRDA:119,1,0,0
BRDA:119,1,1,0
BRDA:126,2,0,0
BRDA:126,2,1,0
BRDA:127,3,0,0
BRDA:127,3,1,0
BRDA:129,4,0,0
BRDA:129,4,1,0
BRDA:138,5,0,0
BRDA:138,5,1,0
BRDA:139,6,0,0
BRDA:139,6,1,0
BRDA:139,7,0,0
BRDA:139,7,1,0
BRDA:143,8,0,0
BRDA:143,8,1,0
BRDA:151,9,0,0
BRDA:151,9,1,0
BRDA:152,10,0,0
BRDA:152,10,1,0
BRDA:163,11,0,0
BRDA:163,11,1,0
BRDA:164,12,0,0
BRDA:164,12,1,0
BRDA:177,13,0,0
BRDA:177,13,1,0
BRDA:178,14,0,0
BRDA:178,14,1,0
BRDA:178,15,0,0
BRDA:178,15,1,0
BRDA:180,16,0,0
BRDA:180,16,1,0
BRDA:191,17,0,0
BRDA:191,17,1,0
BRDA:201,18,0,0
BRDA:201,18,1,0
BRDA:201,19,0,0
BRDA:201,19,1,0
BRDA:201,19,2,0
BRDA:208,20,0,0
BRDA:208,20,1,0
BRDA:208,21,0,0
BRDA:208,21,1,0
BRDA:216,22,0,0
BRDA:216,22,1,0
BRDA:219,23,0,0
BRDA:219,23,1,0
BRDA:219,24,0,0
BRDA:219,24,1,0
BRDA:239,25,0,0
BRDA:239,25,1,0
BRDA:250,26,0,0
BRDA:250,26,1,0
BRDA:254,27,0,0
BRDA:254,27,1,0
BRDA:255,28,0,0
BRDA:255,28,1,0
BRDA:256,29,0,0
BRDA:256,29,1,0
BRDA:269,30,0,0
BRDA:269,30,1,0
BRDA:283,31,0,0
BRDA:283,31,1,0
BRDA:285,32,0,0
BRDA:285,32,1,0
BRDA:289,33,0,0
BRDA:289,33,1,0
BRDA:295,34,0,0
BRDA:295,34,1,0
BRDA:300,35,0,0
BRDA:300,35,1,0
BRDA:303,36,0,0
BRDA:303,36,1,0
BRDA:304,37,0,0
BRDA:304,37,1,0
BRDA:316,38,0,0
BRDA:316,38,1,0
BRDA:328,39,0,0
BRDA:328,39,1,0
BRDA:328,40,0,0
BRDA:328,40,1,0
BRDA:328,40,2,0
BRDA:347,41,0,0
BRDA:347,41,1,0
BRDA:358,42,0,0
BRDA:358,42,1,0
BRDA:365,43,0,0
BRDA:365,43,1,0
BRDA:374,44,0,0
BRDA:374,44,1,0
BRDA:377,45,0,0
BRDA:377,45,1,0
BRDA:379,46,0,0
BRDA:379,46,1,0
BRDA:383,47,0,0
BRDA:383,47,1,0
BRDA:389,48,0,0
BRDA:389,48,1,0
BRDA:394,49,0,0
BRDA:394,49,1,0
BRDA:397,50,0,0
BRDA:397,50,1,0
BRDA:402,51,0,0
BRDA:402,51,1,0
BRDA:407,52,0,0
BRDA:407,52,1,0
BRDA:410,53,0,0
BRDA:410,53,1,0
BRDA:416,54,0,0
BRDA:416,54,1,0
BRDA:421,55,0,0
BRDA:421,55,1,0
BRDA:424,56,0,0
BRDA:424,56,1,0
BRDA:430,57,0,0
BRDA:430,57,1,0
BRDA:441,58,0,0
BRDA:441,58,1,0
BRDA:443,59,0,0
BRDA:443,59,1,0
BRDA:447,60,0,0
BRDA:447,60,1,0
BRDA:451,61,0,0
BRDA:451,61,1,0
BRDA:482,62,0,0
BRDA:482,62,1,0
BRDA:485,63,0,0
BRDA:485,63,1,0
BRDA:488,64,0,0
BRDA:488,64,1,0
BRDA:491,65,0,0
BRDA:491,65,1,0
BRDA:494,66,0,0
BRDA:494,66,1,0
BRDA:497,67,0,0
BRDA:497,67,1,0
BRDA:500,68,0,0
BRDA:500,68,1,0
BRDA:503,69,0,0
BRDA:503,69,1,0
BRDA:506,70,0,0
BRDA:506,70,1,0
BRDA:509,71,0,0
BRDA:509,71,1,0
BRDA:512,72,0,0
BRDA:512,72,1,0
BRDA:515,73,0,0
BRDA:515,73,1,0
BRDA:519,74,0,0
BRDA:519,74,1,0
BRDA:524,75,0,0
BRDA:524,75,1,0
BRDA:540,76,0,0
BRDA:540,76,1,0
BRDA:542,77,0,0
BRDA:542,77,1,0
BRDA:551,78,0,0
BRDA:551,78,1,0
BRDA:559,79,0,0
BRDA:559,79,1,0
BRDA:574,80,0,0
BRDA:574,80,1,0
BRDA:581,81,0,0
BRDA:581,81,1,0
BRDA:600,82,0,0
BRDA:600,82,1,0
BRDA:601,83,0,0
BRDA:601,83,1,0
BRDA:603,84,0,0
BRDA:603,84,1,0
BRDA:623,85,0,0
BRDA:623,85,1,0
BRDA:635,86,0,0
BRDA:635,86,1,0
BRDA:677,87,0,0
BRDA:677,87,1,0
BRDA:680,88,0,0
BRDA:680,88,1,0
BRDA:689,89,0,0
BRDA:689,89,1,0
BRDA:705,90,0,0
BRDA:705,90,1,0
BRDA:708,91,0,0
BRDA:708,91,1,0
BRDA:722,92,0,0
BRDA:722,92,1,0
BRDA:734,93,0,0
BRDA:734,93,1,0
BRDA:745,94,0,0
BRDA:745,94,1,0
BRDA:772,95,0,0
BRDA:772,95,1,0
BRDA:789,96,0,0
BRDA:789,96,1,0
BRDA:797,97,0,0
BRDA:797,97,1,0
BRDA:798,98,0,0
BRDA:798,98,1,0
BRDA:803,99,0,0
BRDA:803,99,1,0
BRDA:828,100,0,0
BRDA:828,100,1,0
BRDA:834,101,0,0
BRDA:834,101,1,0
BRDA:852,102,0,0
BRDA:852,102,1,0
BRDA:921,103,0,0
BRDA:921,103,1,0
BRDA:928,104,0,0
BRDA:928,104,1,0
BRDA:941,105,0,0
BRDA:941,105,1,0
BRDA:945,106,0,0
BRDA:945,106,1,0
BRF:216
BRH:0
end_of_record
TN:
SF:src\screens\CartScreen.tsx
FN:31,(anonymous_0)
FN:43,(anonymous_1)
FN:45,(anonymous_2)
FN:60,(anonymous_3)
FN:66,(anonymous_4)
FN:77,(anonymous_5)
FN:84,(anonymous_6)
FN:91,(anonymous_7)
FN:125,(anonymous_8)
FN:132,(anonymous_9)
FN:145,(anonymous_10)
FNF:11
FNH:0
FNDA:0,(anonymous_0)
FNDA:0,(anonymous_1)
FNDA:0,(anonymous_2)
FNDA:0,(anonymous_3)
FNDA:0,(anonymous_4)
FNDA:0,(anonymous_5)
FNDA:0,(anonymous_6)
FNDA:0,(anonymous_7)
FNDA:0,(anonymous_8)
FNDA:0,(anonymous_9)
FNDA:0,(anonymous_10)
DA:31,0
DA:32,0
DA:33,0
DA:34,0
DA:35,0
DA:36,0
DA:38,0
DA:39,0
DA:41,0
DA:43,0
DA:44,0
DA:45,0
DA:47,0
DA:55,0
DA:57,0
DA:58,0
DA:60,0
DA:61,0
DA:66,0
DA:67,0
DA:77,0
DA:84,0
DA:91,0
DA:100,0
DA:125,0
DA:133,0
DA:145,0
DA:159,0
LF:28
LH:0
BRDA:39,0,0,0
BRDA:39,0,1,0
BRDA:39,0,2,0
BRDA:57,1,0,0
BRDA:57,1,1,0
BRDA:117,2,0,0
BRDA:117,2,1,0
BRDA:122,3,0,0
BRDA:122,3,1,0
BRF:9
BRH:0
end_of_record
TN:
SF:src\screens\CategoryScreen.tsx
FN:23,(anonymous_0)
FN:42,(anonymous_1)
FN:54,(anonymous_2)
FN:62,(anonymous_3)
FN:73,(anonymous_4)
FN:76,(anonymous_5)
FN:78,(anonymous_6)
FN:95,(anonymous_7)
FN:100,(anonymous_8)
FN:114,(anonymous_9)
FN:115,(anonymous_10)
FN:117,(anonymous_11)
FN:121,(anonymous_12)
FN:122,(anonymous_13)
FN:124,(anonymous_14)
FN:128,(anonymous_15)
FN:129,(anonymous_16)
FN:137,(anonymous_17)
FN:141,(anonymous_18)
FN:169,(anonymous_19)
FN:175,(anonymous_20)
FN:181,(anonymous_21)
FN:187,(anonymous_22)
FN:191,(anonymous_23)
FN:198,(anonymous_24)
FN:202,(anonymous_25)
FN:218,(anonymous_26)
FN:269,(anonymous_27)
FN:271,(anonymous_28)
FNF:29
FNH:0
FNDA:0,(anonymous_0)
FNDA:0,(anonymous_1)
FNDA:0,(anonymous_2)
FNDA:0,(anonymous_3)
FNDA:0,(anonymous_4)
FNDA:0,(anonymous_5)
FNDA:0,(anonymous_6)
FNDA:0,(anonymous_7)
FNDA:0,(anonymous_8)
FNDA:0,(anonymous_9)
FNDA:0,(anonymous_10)
FNDA:0,(anonymous_11)
FNDA:0,(anonymous_12)
FNDA:0,(anonymous_13)
FNDA:0,(anonymous_14)
FNDA:0,(anonymous_15)
FNDA:0,(anonymous_16)
FNDA:0,(anonymous_17)
FNDA:0,(anonymous_18)
FNDA:0,(anonymous_19)
FNDA:0,(anonymous_20)
FNDA:0,(anonymous_21)
FNDA:0,(anonymous_22)
FNDA:0,(anonymous_23)
FNDA:0,(anonymous_24)
FNDA:0,(anonymous_25)
FNDA:0,(anonymous_26)
FNDA:0,(anonymous_27)
FNDA:0,(anonymous_28)
DA:21,0
DA:23,0
DA:24,0
DA:25,0
DA:26,0
DA:27,0
DA:28,0
DA:29,0
DA:31,0
DA:32,0
DA:34,0
DA:35,0
DA:36,0
DA:40,0
DA:42,0
DA:43,0
DA:47,0
DA:50,0
DA:54,0
DA:55,0
DA:63,0
DA:64,0
DA:65,0
DA:73,0
DA:76,0
DA:78,0
DA:95,0
DA:96,0
DA:97,0
DA:100,0
DA:102,0
DA:108,0
DA:114,0
DA:115,0
DA:117,0
DA:121,0
DA:122,0
DA:124,0
DA:128,0
DA:129,0
DA:130,0
DA:131,0
DA:132,0
DA:133,0
DA:137,0
DA:138,0
DA:141,0
DA:142,0
DA:143,0
DA:146,0
DA:148,0
DA:151,0
DA:152,0
DA:153,0
DA:154,0
DA:155,0
DA:157,0
DA:165,0
DA:166,0
DA:169,0
DA:171,0
DA:172,0
DA:175,0
DA:177,0
DA:178,0
DA:181,0
DA:186,0
DA:187,0
DA:188,0
DA:191,0
DA:197,0
DA:198,0
DA:199,0
DA:202,0
DA:207,0
DA:219,0
DA:269,0
DA:272,0
DA:273,0
DA:281,0
LF:80
LH:0
BRDA:27,0,0,0
BRDA:27,0,1,0
BRDA:28,1,0,0
BRDA:28,1,1,0
BRDA:32,2,0,0
BRDA:32,2,1,0
BRDA:32,2,2,0
BRDA:47,3,0,0
BRDA:47,3,1,0
BRDA:50,4,0,0
BRDA:50,4,1,0
BRDA:51,5,0,0
BRDA:51,5,1,0
BRDA:52,6,0,0
BRDA:52,6,1,0
BRDA:70,7,0,0
BRDA:70,7,1,0
BRDA:71,8,0,0
BRDA:71,8,1,0
BRDA:71,8,2,0
BRDA:82,9,0,0
BRDA:82,9,1,0
BRDA:83,10,0,0
BRDA:83,10,1,0
BRDA:83,10,2,0
BRDA:104,11,0,0
BRDA:104,11,1,0
BRDA:108,12,0,0
BRDA:108,12,1,0
BRDA:109,13,0,0
BRDA:109,13,1,0
BRDA:110,14,0,0
BRDA:110,14,1,0
BRDA:111,15,0,0
BRDA:111,15,1,0
BRDA:131,16,0,0
BRDA:131,16,1,0
BRDA:131,17,0,0
BRDA:131,17,1,0
BRDA:132,18,0,0
BRDA:132,18,1,0
BRDA:132,19,0,0
BRDA:132,19,1,0
BRDA:146,20,0,0
BRDA:146,20,1,0
BRDA:151,21,0,0
BRDA:151,21,1,0
BRDA:153,22,0,0
BRDA:153,22,1,0
BRDA:165,23,0,0
BRDA:165,23,1,0
BRDA:165,24,0,0
BRDA:165,24,1,0
BRDA:171,25,0,0
BRDA:171,25,1,0
BRDA:177,26,0,0
BRDA:177,26,1,0
BRDA:186,27,0,0
BRDA:186,27,1,0
BRDA:186,28,0,0
BRDA:186,28,1,0
BRDA:197,29,0,0
BRDA:197,29,1,0
BRDA:197,30,0,0
BRDA:197,30,1,0
BRDA:210,31,0,0
BRDA:210,31,1,0
BRDA:249,32,0,0
BRDA:249,32,1,0
BRDA:381,33,0,0
BRDA:381,33,1,0
BRF:71
BRH:0
end_of_record
TN:
SF:src\screens\CheckoutScreen.tsx
FN:33,(anonymous_0)
FN:54,(anonymous_1)
FN:60,(anonymous_2)
FN:72,(anonymous_3)
FN:81,(anonymous_4)
FN:90,(anonymous_5)
FN:108,(anonymous_6)
FN:137,(anonymous_7)
FN:144,(anonymous_8)
FN:172,(anonymous_9)
FN:238,(anonymous_10)
FN:265,(anonymous_11)
FN:269,(anonymous_12)
FN:278,(anonymous_13)
FNF:14
FNH:0
FNDA:0,(anonymous_0)
FNDA:0,(anonymous_1)
FNDA:0,(anonymous_2)
FNDA:0,(anonymous_3)
FNDA:0,(anonymous_4)
FNDA:0,(anonymous_5)
FNDA:0,(anonymous_6)
FNDA:0,(anonymous_7)
FNDA:0,(anonymous_8)
FNDA:0,(anonymous_9)
FNDA:0,(anonymous_10)
FNDA:0,(anonymous_11)
FNDA:0,(anonymous_12)
FNDA:0,(anonymous_13)
DA:33,0
DA:34,0
DA:35,0
DA:36,0
DA:37,0
DA:38,0
DA:39,0
DA:41,0
DA:42,0
DA:43,0
DA:44,0
DA:47,0
DA:48,0
DA:49,0
DA:50,0
DA:51,0
DA:52,0
DA:54,0
DA:55,0
DA:56,0
DA:60,0
DA:61,0
DA:62,0
DA:68,0
DA:69,0
DA:72,0
DA:73,0
DA:74,0
DA:77,0
DA:81,0
DA:82,0
DA:83,0
DA:84,0
DA:85,0
DA:86,0
DA:87,0
DA:90,0
DA:92,0
DA:93,0
DA:96,0
DA:100,0
DA:101,0
DA:102,0
DA:105,0
DA:108,0
DA:109,0
DA:111,0
DA:116,0
DA:118,0
DA:129,0
DA:130,0
DA:133,0
DA:137,0
DA:139,0
DA:140,0
DA:144,0
DA:145,0
DA:146,0
DA:147,0
DA:148,0
DA:151,0
DA:152,0
DA:153,0
DA:156,0
DA:157,0
DA:158,0
DA:159,0
DA:162,0
DA:163,0
DA:164,0
DA:167,0
DA:169,0
DA:171,0
DA:172,0
DA:177,0
DA:186,0
DA:187,0
DA:188,0
DA:189,0
DA:190,0
DA:193,0
DA:194,0
DA:198,0
DA:204,0
DA:206,0
DA:207,0
DA:210,0
DA:212,0
DA:213,0
DA:217,0
DA:218,0
DA:224,0
DA:225,0
DA:226,0
DA:227,0
DA:228,0
DA:232,0
DA:233,0
DA:235,0
DA:238,0
DA:241,0
DA:242,0
DA:243,0
DA:247,0
DA:266,0
DA:269,0
DA:279,0
DA:280,0
DA:281,0
DA:282,0
DA:283,0
DA:284,0
DA:415,0
LF:113
LH:0
BRDA:42,0,0,0
BRDA:42,0,1,0
BRDA:55,1,0,0
BRDA:55,1,1,0
BRDA:68,2,0,0
BRDA:68,2,1,0
BRDA:69,3,0,0
BRDA:69,3,1,0
BRDA:73,4,0,0
BRDA:73,4,1,0
BRDA:84,5,0,0
BRDA:84,5,1,0
BRDA:92,6,0,0
BRDA:92,6,1,0
BRDA:100,7,0,0
BRDA:100,7,1,0
BRDA:109,8,0,0
BRDA:109,8,1,0
BRDA:129,9,0,0
BRDA:129,9,1,0
BRDA:139,10,0,0
BRDA:139,10,1,0
BRDA:139,11,0,0
BRDA:139,11,1,0
BRDA:139,11,2,0
BRDA:145,12,0,0
BRDA:145,12,1,0
BRDA:151,13,0,0
BRDA:151,13,1,0
BRDA:151,14,0,0
BRDA:151,14,1,0
BRDA:151,14,2,0
BRDA:151,14,3,0
BRDA:151,14,4,0
BRDA:156,15,0,0
BRDA:156,15,1,0
BRDA:162,16,0,0
BRDA:162,16,1,0
BRDA:179,17,0,0
BRDA:179,17,1,0
BRDA:186,18,0,0
BRDA:186,18,1,0
BRDA:188,19,0,0
BRDA:188,19,1,0
BRDA:193,20,0,0
BRDA:193,20,1,0
BRDA:198,21,0,0
BRDA:198,21,1,0
BRDA:200,22,0,0
BRDA:200,22,1,0
BRDA:206,23,0,0
BRDA:206,23,1,0
BRDA:207,24,0,0
BRDA:207,24,1,0
BRDA:224,25,0,0
BRDA:224,25,1,0
BRDA:224,26,0,0
BRDA:224,26,1,0
BRDA:252,27,0,0
BRDA:252,27,1,0
BRDA:254,28,0,0
BRDA:254,28,1,0
BRDA:261,29,0,0
BRDA:261,29,1,0
BRDA:268,30,0,0
BRDA:268,30,1,0
BRDA:388,31,0,0
BRDA:388,31,1,0
BRDA:388,31,2,0
BRDA:391,32,0,0
BRDA:391,32,1,0
BRDA:393,33,0,0
BRDA:393,33,1,0
BRDA:400,34,0,0
BRDA:400,34,1,0
BRDA:406,35,0,0
BRDA:406,35,1,0
BRF:77
BRH:0
end_of_record
TN:
SF:src\screens\HomeScreen.tsx
FN:17,(anonymous_0)
FN:25,(anonymous_1)
FN:26,(anonymous_2)
FN:52,(anonymous_3)
FNF:4
FNH:0
FNDA:0,(anonymous_0)
FNDA:0,(anonymous_1)
FNDA:0,(anonymous_2)
FNDA:0,(anonymous_3)
DA:17,0
DA:18,0
DA:19,0
DA:20,0
DA:22,0
DA:23,0
DA:25,0
DA:26,0
DA:28,0
DA:30,0
DA:52,0
DA:98,0
LF:12
LH:0
BRDA:23,0,0,0
BRDA:23,0,1,0
BRDA:23,0,2,0
BRF:3
BRH:0
end_of_record
TN:
SF:src\screens\LoginScreen.tsx
FN:33,(anonymous_0)
FN:52,(anonymous_1)
FN:71,(anonymous_2)
FN:94,(anonymous_3)
FN:112,(anonymous_4)
FN:132,(anonymous_5)
FN:151,(anonymous_6)
FN:172,(anonymous_7)
FN:187,(anonymous_8)
FN:198,(anonymous_9)
FN:288,(anonymous_10)
FN:334,(anonymous_11)
FN:343,(anonymous_12)
FN:355,(anonymous_13)
FNF:14
FNH:0
FNDA:0,(anonymous_0)
FNDA:0,(anonymous_1)
FNDA:0,(anonymous_2)
FNDA:0,(anonymous_3)
FNDA:0,(anonymous_4)
FNDA:0,(anonymous_5)
FNDA:0,(anonymous_6)
FNDA:0,(anonymous_7)
FNDA:0,(anonymous_8)
FNDA:0,(anonymous_9)
FNDA:0,(anonymous_10)
FNDA:0,(anonymous_11)
FNDA:0,(anonymous_12)
FNDA:0,(anonymous_13)
DA:23,0
DA:33,0
DA:40,0
DA:41,0
DA:42,0
DA:43,0
DA:44,0
DA:45,0
DA:46,0
DA:47,0
DA:48,0
DA:49,0
DA:52,0
DA:53,0
DA:54,0
DA:55,0
DA:56,0
DA:57,0
DA:58,0
DA:61,0
DA:62,0
DA:63,0
DA:64,0
DA:66,0
DA:67,0
DA:71,0
DA:72,0
DA:73,0
DA:74,0
DA:77,0
DA:78,0
DA:79,0
DA:80,0
DA:81,0
DA:85,0
DA:86,0
DA:88,0
DA:92,0
DA:93,0
DA:94,0
DA:95,0
DA:99,0
DA:100,0
DA:101,0
DA:102,0
DA:103,0
DA:105,0
DA:108,0
DA:112,0
DA:113,0
DA:114,0
DA:115,0
DA:116,0
DA:117,0
DA:119,0
DA:120,0
DA:121,0
DA:126,0
DA:128,0
DA:132,0
DA:133,0
DA:134,0
DA:135,0
DA:138,0
DA:139,0
DA:140,0
DA:141,0
DA:142,0
DA:143,0
DA:145,0
DA:147,0
DA:151,0
DA:152,0
DA:153,0
DA:154,0
DA:157,0
DA:158,0
DA:159,0
DA:160,0
DA:161,0
DA:162,0
DA:163,0
DA:164,0
DA:166,0
DA:168,0
DA:172,0
DA:173,0
DA:174,0
DA:175,0
DA:178,0
DA:179,0
DA:180,0
DA:181,0
DA:182,0
DA:185,0
DA:187,0
DA:188,0
DA:189,0
DA:192,0
DA:194,0
DA:198,0
DA:199,0
DA:200,0
DA:202,0
DA:205,0
DA:288,0
DA:334,0
DA:343,0
DA:356,0
DA:357,0
DA:358,0
DA:360,0
DA:380,0
LF:113
LH:0
BRDA:38,0,0,0
BRDA:53,1,0,0
BRDA:53,1,1,0
BRDA:54,2,0,0
BRDA:54,2,1,0
BRDA:72,3,0,0
BRDA:72,3,1,0
BRDA:72,4,0,0
BRDA:72,4,1,0
BRDA:80,5,0,0
BRDA:80,5,1,0
BRDA:85,6,0,0
BRDA:85,6,1,0
BRDA:92,7,0,0
BRDA:92,7,1,0
BRDA:99,8,0,0
BRDA:99,8,1,0
BRDA:100,9,0,0
BRDA:100,9,1,0
BRDA:102,10,0,0
BRDA:102,10,1,0
BRDA:117,11,0,0
BRDA:117,11,1,0
BRDA:119,12,0,0
BRDA:119,12,1,0
BRDA:119,13,0,0
BRDA:119,13,1,0
BRDA:121,14,0,0
BRDA:121,14,1,0
BRDA:121,15,0,0
BRDA:121,15,1,0
BRDA:126,16,0,0
BRDA:126,16,1,0
BRDA:133,17,0,0
BRDA:133,17,1,0
BRDA:141,18,0,0
BRDA:141,18,1,0
BRDA:145,19,0,0
BRDA:145,19,1,0
BRDA:152,20,0,0
BRDA:152,20,1,0
BRDA:152,21,0,0
BRDA:152,21,1,0
BRDA:160,22,0,0
BRDA:160,22,1,0
BRDA:173,23,0,0
BRDA:173,23,1,0
BRDA:181,24,0,0
BRDA:181,24,1,0
BRDA:192,25,0,0
BRDA:192,25,1,0
BRDA:199,26,0,0
BRDA:199,26,1,0
BRDA:199,27,0,0
BRDA:199,27,1,0
BRDA:223,28,0,0
BRDA:223,28,1,0
BRDA:236,29,0,0
BRDA:236,29,1,0
BRDA:236,30,0,0
BRDA:236,30,1,0
BRDA:236,31,0,0
BRDA:236,31,1,0
BRDA:240,32,0,0
BRDA:240,32,1,0
BRDA:242,33,0,0
BRDA:242,33,1,0
BRDA:244,34,0,0
BRDA:244,34,1,0
BRDA:250,35,0,0
BRDA:250,35,1,0
BRDA:256,36,0,0
BRDA:256,36,1,0
BRDA:271,37,0,0
BRDA:271,37,1,0
BRDA:273,38,0,0
BRDA:273,38,1,0
BRDA:276,39,0,0
BRDA:276,39,1,0
BRDA:285,40,0,0
BRDA:285,40,1,0
BRDA:285,40,2,0
BRDA:285,40,3,0
BRDA:294,41,0,0
BRDA:294,41,1,0
BRDA:294,41,2,0
BRDA:311,42,0,0
BRDA:311,42,1,0
BRDA:311,43,0,0
BRDA:311,43,1,0
BRDA:311,44,0,0
BRDA:311,44,1,0
BRDA:314,45,0,0
BRDA:314,45,1,0
BRDA:318,46,0,0
BRDA:318,46,1,0
BRDA:318,47,0,0
BRDA:318,47,1,0
BRDA:318,48,0,0
BRDA:318,48,1,0
BRDA:318,49,0,0
BRDA:318,49,1,0
BRDA:323,50,0,0
BRDA:323,50,1,0
BRDA:323,50,2,0
BRDA:340,51,0,0
BRDA:340,51,1,0
BRDA:356,52,0,0
BRDA:356,52,1,0
BRDA:356,53,0,0
BRDA:356,53,1,0
BRDA:365,54,0,0
BRDA:365,54,1,0
BRDA:365,55,0,0
BRDA:365,55,1,0
BRDA:367,56,0,0
BRDA:367,56,1,0
BRF:117
BRH:0
end_of_record
TN:
SF:src\screens\OrdersScreen.tsx
FN:51,(anonymous_0)
FN:68,(anonymous_1)
FN:76,(anonymous_2)
FN:100,(anonymous_3)
FN:102,(anonymous_4)
FN:116,(anonymous_5)
FN:121,(anonymous_6)
FN:137,(anonymous_7)
FN:137,(anonymous_8)
FN:148,(anonymous_9)
FN:163,(anonymous_10)
FN:187,(anonymous_11)
FN:219,(anonymous_12)
FN:259,(anonymous_13)
FN:279,(anonymous_14)
FN:311,(anonymous_15)
FN:317,(anonymous_16)
FN:336,(anonymous_17)
FNF:18
FNH:0
FNDA:0,(anonymous_0)
FNDA:0,(anonymous_1)
FNDA:0,(anonymous_2)
FNDA:0,(anonymous_3)
FNDA:0,(anonymous_4)
FNDA:0,(anonymous_5)
FNDA:0,(anonymous_6)
FNDA:0,(anonymous_7)
FNDA:0,(anonymous_8)
FNDA:0,(anonymous_9)
FNDA:0,(anonymous_10)
FNDA:0,(anonymous_11)
FNDA:0,(anonymous_12)
FNDA:0,(anonymous_13)
FNDA:0,(anonymous_14)
FNDA:0,(anonymous_15)
FNDA:0,(anonymous_16)
FNDA:0,(anonymous_17)
DA:51,0
DA:52,0
DA:53,0
DA:54,0
DA:56,0
DA:57,0
DA:59,0
DA:60,0
DA:61,0
DA:62,0
DA:65,0
DA:66,0
DA:68,0
DA:69,0
DA:70,0
DA:72,0
DA:76,0
DA:77,0
DA:78,0
DA:98,0
DA:100,0
DA:102,0
DA:108,0
DA:110,0
DA:112,0
DA:116,0
DA:117,0
DA:118,0
DA:121,0
DA:122,0
DA:124,0
DA:125,0
DA:126,0
DA:128,0
DA:129,0
DA:130,0
DA:135,0
DA:137,0
DA:139,0
DA:140,0
DA:141,0
DA:144,0
DA:148,0
DA:149,0
DA:150,0
DA:152,0
DA:163,0
DA:164,0
DA:165,0
DA:166,0
DA:169,0
DA:170,0
DA:177,0
DA:178,0
DA:185,0
DA:188,0
DA:219,0
DA:220,0
DA:226,0
DA:259,0
DA:274,0
DA:275,0
DA:279,0
DA:287,0
DA:311,0
DA:318,0
DA:336,0
DA:343,0
LF:68
LH:0
BRDA:57,0,0,0
BRDA:57,0,1,0
BRDA:57,0,2,0
BRDA:69,1,0,0
BRDA:69,1,1,0
BRDA:98,2,0,0
BRDA:98,2,1,0
BRDA:100,3,0,0
BRDA:100,3,1,0
BRDA:104,4,0,0
BRDA:104,4,1,0
BRDA:122,5,0,0
BRDA:122,5,1,0
BRDA:135,6,0,0
BRDA:135,6,1,0
BRDA:140,7,0,0
BRDA:140,7,1,0
BRDA:149,8,0,0
BRDA:149,8,1,0
BRDA:150,9,0,0
BRDA:150,9,1,0
BRDA:169,10,0,0
BRDA:169,10,1,0
BRDA:169,11,0,0
BRDA:169,11,1,0
BRDA:177,12,0,0
BRDA:177,12,1,0
BRDA:192,13,0,0
BRDA:192,13,1,0
BRDA:194,14,0,0
BRDA:194,14,1,0
BRDA:197,15,0,0
BRDA:197,15,1,0
BRDA:202,16,0,0
BRDA:202,16,1,0
BRDA:207,17,0,0
BRDA:207,17,1,0
BRDA:210,18,0,0
BRDA:210,18,1,0
BRDA:256,19,0,0
BRDA:256,19,1,0
BRDA:256,20,0,0
BRDA:256,20,1,0
BRDA:256,20,2,0
BRDA:258,21,0,0
BRDA:258,21,1,0
BRDA:262,22,0,0
BRDA:262,22,1,0
BRDA:274,23,0,0
BRDA:274,23,1,0
BRDA:304,24,0,0
BRDA:304,24,1,0
BRDA:308,25,0,0
BRDA:308,25,1,0
BRF:54
BRH:0
end_of_record
TN:
SF:src\screens\ProductDetailsScreen.tsx
FN:31,(anonymous_0)
FN:41,(anonymous_1)
FN:46,(anonymous_2)
FN:47,(anonymous_3)
FN:64,(anonymous_4)
FN:65,(anonymous_5)
FN:96,(anonymous_6)
FN:101,(anonymous_7)
FN:140,(anonymous_8)
FN:149,(anonymous_9)
FN:153,(anonymous_10)
FN:177,(anonymous_11)
FN:178,(anonymous_12)
FN:187,(anonymous_13)
FN:194,(anonymous_14)
FN:201,(anonymous_15)
FN:207,(anonymous_16)
FN:218,(anonymous_17)
FN:227,(anonymous_18)
FN:228,(anonymous_19)
FN:231,(anonymous_20)
FN:235,(anonymous_21)
FN:241,(anonymous_22)
FN:251,(anonymous_23)
FN:255,(anonymous_24)
FN:256,(anonymous_25)
FN:273,(anonymous_26)
FN:276,(anonymous_27)
FN:292,(anonymous_28)
FN:320,(anonymous_29)
FN:326,(anonymous_30)
FN:328,(anonymous_31)
FN:331,(anonymous_32)
FN:335,(anonymous_33)
FN:376,(anonymous_34)
FN:385,(anonymous_35)
FN:388,(anonymous_36)
FN:391,(anonymous_37)
FN:406,(anonymous_38)
FN:409,(anonymous_39)
FN:411,(anonymous_40)
FN:425,(anonymous_41)
FN:503,(anonymous_42)
FN:566,(anonymous_43)
FN:570,(anonymous_44)
FN:585,(anonymous_45)
FN:590,(anonymous_46)
FN:594,(anonymous_47)
FN:772,(anonymous_48)
FN:788,(anonymous_49)
FN:804,(anonymous_50)
FN:849,(anonymous_51)
FN:850,(anonymous_52)
FN:867,(anonymous_53)
FN:883,(anonymous_54)
FN:888,(anonymous_55)
FN:914,(anonymous_56)
FN:924,(anonymous_57)
FN:928,(anonymous_58)
FN:942,(anonymous_59)
FN:966,(anonymous_60)
FN:972,(anonymous_61)
FN:1005,(anonymous_62)
FN:1005,(anonymous_63)
FN:1016,(anonymous_64)
FN:1016,(anonymous_65)
FN:1043,(anonymous_66)
FN:1069,(anonymous_67)
FN:1083,(anonymous_68)
FN:1097,(anonymous_69)
FN:1108,(anonymous_70)
FN:1127,(anonymous_71)
FN:1139,(anonymous_72)
FNF:73
FNH:0
FNDA:0,(anonymous_0)
FNDA:0,(anonymous_1)
FNDA:0,(anonymous_2)
FNDA:0,(anonymous_3)
FNDA:0,(anonymous_4)
FNDA:0,(anonymous_5)
FNDA:0,(anonymous_6)
FNDA:0,(anonymous_7)
FNDA:0,(anonymous_8)
FNDA:0,(anonymous_9)
FNDA:0,(anonymous_10)
FNDA:0,(anonymous_11)
FNDA:0,(anonymous_12)
FNDA:0,(anonymous_13)
FNDA:0,(anonymous_14)
FNDA:0,(anonymous_15)
FNDA:0,(anonymous_16)
FNDA:0,(anonymous_17)
FNDA:0,(anonymous_18)
FNDA:0,(anonymous_19)
FNDA:0,(anonymous_20)
FNDA:0,(anonymous_21)
FNDA:0,(anonymous_22)
FNDA:0,(anonymous_23)
FNDA:0,(anonymous_24)
FNDA:0,(anonymous_25)
FNDA:0,(anonymous_26)
FNDA:0,(anonymous_27)
FNDA:0,(anonymous_28)
FNDA:0,(anonymous_29)
FNDA:0,(anonymous_30)
FNDA:0,(anonymous_31)
FNDA:0,(anonymous_32)
FNDA:0,(anonymous_33)
FNDA:0,(anonymous_34)
FNDA:0,(anonymous_35)
FNDA:0,(anonymous_36)
FNDA:0,(anonymous_37)
FNDA:0,(anonymous_38)
FNDA:0,(anonymous_39)
FNDA:0,(anonymous_40)
FNDA:0,(anonymous_41)
FNDA:0,(anonymous_42)
FNDA:0,(anonymous_43)
FNDA:0,(anonymous_44)
FNDA:0,(anonymous_45)
FNDA:0,(anonymous_46)
FNDA:0,(anonymous_47)
FNDA:0,(anonymous_48)
FNDA:0,(anonymous_49)
FNDA:0,(anonymous_50)
FNDA:0,(anonymous_51)
FNDA:0,(anonymous_52)
FNDA:0,(anonymous_53)
FNDA:0,(anonymous_54)
FNDA:0,(anonymous_55)
FNDA:0,(anonymous_56)
FNDA:0,(anonymous_57)
FNDA:0,(anonymous_58)
FNDA:0,(anonymous_59)
FNDA:0,(anonymous_60)
FNDA:0,(anonymous_61)
FNDA:0,(anonymous_62)
FNDA:0,(anonymous_63)
FNDA:0,(anonymous_64)
FNDA:0,(anonymous_65)
FNDA:0,(anonymous_66)
FNDA:0,(anonymous_67)
FNDA:0,(anonymous_68)
FNDA:0,(anonymous_69)
FNDA:0,(anonymous_70)
FNDA:0,(anonymous_71)
FNDA:0,(anonymous_72)
DA:31,0
DA:32,0
DA:33,0
DA:34,0
DA:35,0
DA:36,0
DA:38,0
DA:39,0
DA:41,0
DA:43,0
DA:46,0
DA:47,0
DA:48,0
DA:49,0
DA:50,0
DA:51,0
DA:52,0
DA:53,0
DA:55,0
DA:57,0
DA:61,0
DA:64,0
DA:65,0
DA:67,0
DA:68,0
DA:69,0
DA:70,0
DA:71,0
DA:72,0
DA:73,0
DA:74,0
DA:75,0
DA:76,0
DA:77,0
DA:78,0
DA:79,0
DA:80,0
DA:83,0
DA:84,0
DA:85,0
DA:86,0
DA:87,0
DA:88,0
DA:89,0
DA:90,0
DA:91,0
DA:92,0
DA:93,0
DA:94,0
DA:96,0
DA:97,0
DA:98,0
DA:101,0
DA:102,0
DA:104,0
DA:105,0
DA:107,0
DA:108,0
DA:109,0
DA:110,0
DA:112,0
DA:113,0
DA:117,0
DA:118,0
DA:122,0
DA:123,0
DA:127,0
DA:128,0
DA:134,0
DA:140,0
DA:141,0
DA:142,0
DA:143,0
DA:144,0
DA:145,0
DA:149,0
DA:150,0
DA:152,0
DA:153,0
DA:156,0
DA:158,0
DA:159,0
DA:160,0
DA:161,0
DA:163,0
DA:164,0
DA:165,0
DA:168,0
DA:177,0
DA:178,0
DA:179,0
DA:187,0
DA:188,0
DA:194,0
DA:195,0
DA:201,0
DA:202,0
DA:203,0
DA:204,0
DA:205,0
DA:207,0
DA:210,0
DA:212,0
DA:213,0
DA:214,0
DA:218,0
DA:219,0
DA:222,0
DA:227,0
DA:228,0
DA:231,0
DA:233,0
DA:235,0
DA:236,0
DA:237,0
DA:238,0
DA:241,0
DA:242,0
DA:243,0
DA:244,0
DA:245,0
DA:248,0
DA:251,0
DA:254,0
DA:255,0
DA:256,0
DA:257,0
DA:261,0
DA:262,0
DA:264,0
DA:266,0
DA:270,0
DA:273,0
DA:274,0
DA:276,0
DA:277,0
DA:278,0
DA:284,0
DA:285,0
DA:288,0
DA:292,0
DA:293,0
DA:294,0
DA:295,0
DA:297,0
DA:298,0
DA:305,0
DA:306,0
DA:308,0
DA:311,0
DA:312,0
DA:316,0
DA:317,0
DA:320,0
DA:322,0
DA:323,0
DA:326,0
DA:327,0
DA:328,0
DA:329,0
DA:331,0
DA:335,0
DA:336,0
DA:337,0
DA:338,0
DA:340,0
DA:342,0
DA:343,0
DA:344,0
DA:347,0
DA:348,0
DA:349,0
DA:358,0
DA:360,0
DA:361,0
DA:363,0
DA:368,0
DA:370,0
DA:372,0
DA:376,0
DA:377,0
DA:378,0
DA:379,0
DA:381,0
DA:385,0
DA:386,0
DA:387,0
DA:388,0
DA:391,0
DA:392,0
DA:393,0
DA:394,0
DA:396,0
DA:398,0
DA:399,0
DA:401,0
DA:405,0
DA:406,0
DA:407,0
DA:409,0
DA:411,0
DA:420,0
DA:421,0
DA:425,0
DA:444,0
DA:445,0
DA:453,0
DA:454,0
DA:464,0
DA:503,0
DA:567,0
DA:570,0
DA:585,0
DA:591,0
DA:594,0
DA:772,0
DA:788,0
DA:804,0
DA:850,0
DA:867,0
DA:884,0
DA:889,0
DA:914,0
DA:925,0
DA:928,0
DA:942,0
DA:966,0
DA:972,0
DA:1005,0
DA:1016,0
DA:1044,0
DA:1045,0
DA:1046,0
DA:1047,0
DA:1048,0
DA:1049,0
DA:1050,0
DA:1051,0
DA:1052,0
DA:1053,0
DA:1054,0
DA:1055,0
DA:1069,0
DA:1083,0
DA:1097,0
DA:1108,0
DA:1128,0
DA:1129,0
DA:1130,0
DA:1140,0
DA:1141,0
DA:1158,0
LF:252
LH:0
BRDA:34,0,0,0
BRDA:34,0,1,0
BRDA:35,1,0,0
BRDA:35,1,1,0
BRDA:39,2,0,0
BRDA:39,2,1,0
BRDA:39,2,2,0
BRDA:49,3,0,0
BRDA:49,3,1,0
BRDA:49,4,0,0
BRDA:49,4,1,0
BRDA:49,4,2,0
BRDA:97,5,0,0
BRDA:97,5,1,0
BRDA:98,6,0,0
BRDA:98,6,1,0
BRDA:98,6,2,0
BRDA:102,7,0,0
BRDA:102,7,1,0
BRDA:105,8,0,0
BRDA:105,8,1,0
BRDA:107,9,0,0
BRDA:107,9,1,0
BRDA:107,9,2,0
BRDA:108,10,0,0
BRDA:108,10,1,0
BRDA:108,10,2,0
BRDA:108,10,3,0
BRDA:109,11,0,0
BRDA:109,11,1,0
BRDA:110,12,0,0
BRDA:110,12,1,0
BRDA:110,12,2,0
BRDA:110,12,3,0
BRDA:110,12,4,0
BRDA:112,13,0,0
BRDA:112,13,1,0
BRDA:117,14,0,0
BRDA:117,14,1,0
BRDA:122,15,0,0
BRDA:122,15,1,0
BRDA:127,16,0,0
BRDA:127,16,1,0
BRDA:141,17,0,0
BRDA:141,17,1,0
BRDA:142,18,0,0
BRDA:142,18,1,0
BRDA:144,19,0,0
BRDA:144,19,1,0
BRDA:150,20,0,0
BRDA:150,20,1,0
BRDA:150,21,0,0
BRDA:150,21,1,0
BRDA:153,22,0,0
BRDA:153,22,1,0
BRDA:156,23,0,0
BRDA:156,23,1,0
BRDA:156,24,0,0
BRDA:156,24,1,0
BRDA:159,25,0,0
BRDA:159,25,1,0
BRDA:160,26,0,0
BRDA:160,26,1,0
BRDA:161,27,0,0
BRDA:161,27,1,0
BRDA:164,28,0,0
BRDA:164,28,1,0
BRDA:180,29,0,0
BRDA:180,29,1,0
BRDA:181,30,0,0
BRDA:181,30,1,0
BRDA:202,31,0,0
BRDA:202,31,1,0
BRDA:204,32,0,0
BRDA:204,32,1,0
BRDA:204,33,0,0
BRDA:204,33,1,0
BRDA:214,34,0,0
BRDA:214,34,1,0
BRDA:215,35,0,0
BRDA:215,35,1,0
BRDA:219,36,0,0
BRDA:219,36,1,0
BRDA:222,37,0,0
BRDA:222,37,1,0
BRDA:233,38,0,0
BRDA:233,38,1,0
BRDA:233,39,0,0
BRDA:233,39,1,0
BRDA:233,39,2,0
BRDA:242,40,0,0
BRDA:242,40,1,0
BRDA:243,41,0,0
BRDA:243,41,1,0
BRDA:244,42,0,0
BRDA:244,42,1,0
BRDA:245,43,0,0
BRDA:245,43,1,0
BRDA:251,44,0,0
BRDA:251,44,1,0
BRDA:256,45,0,0
BRDA:256,45,1,0
BRDA:274,46,0,0
BRDA:274,46,1,0
BRDA:284,47,0,0
BRDA:284,47,1,0
BRDA:284,48,0,0
BRDA:284,48,1,0
BRDA:293,49,0,0
BRDA:293,49,1,0
BRDA:293,50,0,0
BRDA:293,50,1,0
BRDA:305,51,0,0
BRDA:305,51,1,0
BRDA:305,52,0,0
BRDA:305,52,1,0
BRDA:305,52,2,0
BRDA:327,53,0,0
BRDA:327,53,1,0
BRDA:327,54,0,0
BRDA:327,54,1,0
BRDA:336,55,0,0
BRDA:336,55,1,0
BRDA:340,56,0,0
BRDA:340,56,1,0
BRDA:342,57,0,0
BRDA:342,57,1,0
BRDA:358,58,0,0
BRDA:358,58,1,0
BRDA:368,59,0,0
BRDA:368,59,1,0
BRDA:370,60,0,0
BRDA:370,60,1,0
BRDA:377,61,0,0
BRDA:377,61,1,0
BRDA:378,62,0,0
BRDA:378,62,1,0
BRDA:386,63,0,0
BRDA:386,63,1,0
BRDA:392,64,0,0
BRDA:392,64,1,0
BRDA:396,65,0,0
BRDA:396,65,1,0
BRDA:398,66,0,0
BRDA:398,66,1,0
BRDA:407,67,0,0
BRDA:407,67,1,0
BRDA:430,68,0,0
BRDA:430,68,1,0
BRDA:435,69,0,0
BRDA:435,69,1,0
BRDA:444,70,0,0
BRDA:444,70,1,0
BRDA:453,71,0,0
BRDA:453,71,1,0
BRDA:466,72,0,0
BRDA:466,72,1,0
BRDA:486,73,0,0
BRDA:486,73,1,0
BRDA:497,74,0,0
BRDA:497,74,1,0
BRDA:497,75,0,0
BRDA:497,75,1,0
BRDA:500,76,0,0
BRDA:500,76,1,0
BRDA:522,77,0,0
BRDA:522,77,1,0
BRDA:531,78,0,0
BRDA:531,78,1,0
BRDA:536,79,0,0
BRDA:536,79,1,0
BRDA:542,80,0,0
BRDA:542,80,1,0
BRDA:548,81,0,0
BRDA:548,81,1,0
BRDA:552,82,0,0
BRDA:552,82,1,0
BRDA:553,83,0,0
BRDA:553,83,1,0
BRDA:569,84,0,0
BRDA:569,84,1,0
BRDA:572,85,0,0
BRDA:572,85,1,0
BRDA:581,86,0,0
BRDA:581,86,1,0
BRDA:593,87,0,0
BRDA:593,87,1,0
BRDA:596,88,0,0
BRDA:596,88,1,0
BRDA:606,89,0,0
BRDA:606,89,1,0
BRDA:606,89,2,0
BRDA:606,89,3,0
BRDA:617,90,0,0
BRDA:617,90,1,0
BRDA:638,91,0,0
BRDA:638,91,1,0
BRDA:644,92,0,0
BRDA:644,92,1,0
BRDA:650,93,0,0
BRDA:650,93,1,0
BRDA:656,94,0,0
BRDA:656,94,1,0
BRDA:662,95,0,0
BRDA:662,95,1,0
BRDA:675,96,0,0
BRDA:675,96,1,0
BRDA:688,97,0,0
BRDA:688,97,1,0
BRDA:688,98,0,0
BRDA:688,98,1,0
BRDA:691,99,0,0
BRDA:691,99,1,0
BRDA:697,100,0,0
BRDA:697,100,1,0
BRDA:700,101,0,0
BRDA:700,101,1,0
BRDA:711,102,0,0
BRDA:711,102,1,0
BRDA:712,103,0,0
BRDA:712,103,1,0
BRDA:713,104,0,0
BRDA:713,104,1,0
BRDA:714,105,0,0
BRDA:714,105,1,0
BRDA:719,106,0,0
BRDA:719,106,1,0
BRDA:723,107,0,0
BRDA:723,107,1,0
BRDA:727,108,0,0
BRDA:727,108,1,0
BRDA:731,109,0,0
BRDA:731,109,1,0
BRDA:740,110,0,0
BRDA:740,110,1,0
BRDA:744,111,0,0
BRDA:744,111,1,0
BRDA:748,112,0,0
BRDA:748,112,1,0
BRDA:752,113,0,0
BRDA:752,113,1,0
BRDA:754,114,0,0
BRDA:754,114,1,0
BRDA:762,115,0,0
BRDA:762,115,1,0
BRDA:780,116,0,0
BRDA:780,116,1,0
BRDA:795,117,0,0
BRDA:795,117,1,0
BRDA:800,118,0,0
BRDA:800,118,1,0
BRDA:806,119,0,0
BRDA:806,119,1,0
BRDA:807,120,0,0
BRDA:807,120,1,0
BRDA:845,121,0,0
BRDA:845,121,1,0
BRDA:855,122,0,0
BRDA:855,122,1,0
BRDA:870,123,0,0
BRDA:870,123,1,0
BRDA:874,124,0,0
BRDA:874,124,1,0
BRDA:880,125,0,0
BRDA:880,125,1,0
BRDA:886,126,0,0
BRDA:886,126,1,0
BRDA:894,127,0,0
BRDA:894,127,1,0
BRDA:910,128,0,0
BRDA:910,128,1,0
BRDA:1029,129,0,0
BRDA:1029,129,1,0
BRDA:1030,130,0,0
BRDA:1030,130,1,0
BRDA:1031,131,0,0
BRDA:1031,131,1,0
BRDA:1032,132,0,0
BRDA:1032,132,1,0
BRDA:1033,133,0,0
BRDA:1033,133,1,0
BRDA:1034,134,0,0
BRDA:1034,134,1,0
BRDA:1035,135,0,0
BRDA:1035,135,1,0
BRDA:1036,136,0,0
BRDA:1036,136,1,0
BRDA:1045,137,0,0
BRDA:1045,137,1,0
BRDA:1046,138,0,0
BRDA:1046,138,1,0
BRDA:1047,139,0,0
BRDA:1047,139,1,0
BRDA:1048,140,0,0
BRDA:1048,140,1,0
BRDA:1049,141,0,0
BRDA:1049,141,1,0
BRDA:1050,142,0,0
BRDA:1050,142,1,0
BRDA:1051,143,0,0
BRDA:1051,143,1,0
BRDA:1052,144,0,0
BRDA:1052,144,1,0
BRDA:1066,145,0,0
BRDA:1066,145,1,0
BRDA:1078,146,0,0
BRDA:1078,146,1,0
BRDA:1078,146,2,0
BRDA:1087,147,0,0
BRDA:1087,147,1,0
BRDA:1205,148,0,0
BRDA:1205,148,1,0
BRDA:1556,149,0,0
BRDA:1556,149,1,0
BRDA:2252,150,0,0
BRDA:2252,150,1,0
BRDA:2255,151,0,0
BRDA:2255,151,1,0
BRDA:2281,152,0,0
BRDA:2281,152,1,0
BRDA:2306,153,0,0
BRDA:2306,153,1,0
BRF:322
BRH:0
end_of_record
TN:
SF:src\screens\ProfileScreen.tsx
FN:41,(anonymous_0)
FN:73,(anonymous_1)
FN:80,(anonymous_2)
FN:99,(anonymous_3)
FN:117,(anonymous_4)
FN:133,(anonymous_5)
FN:137,(anonymous_6)
FN:141,(anonymous_7)
FN:182,(anonymous_8)
FN:190,(anonymous_9)
FN:196,(anonymous_10)
FN:208,(anonymous_11)
FN:233,(anonymous_12)
FN:250,(anonymous_13)
FN:254,(anonymous_14)
FN:258,(anonymous_15)
FN:263,(anonymous_16)
FN:272,(anonymous_17)
FN:301,(anonymous_18)
FN:381,(anonymous_19)
FN:437,(anonymous_20)
FN:452,(anonymous_21)
FN:469,(anonymous_22)
FN:472,(anonymous_23)
FN:515,(anonymous_24)
FNF:25
FNH:0
FNDA:0,(anonymous_0)
FNDA:0,(anonymous_1)
FNDA:0,(anonymous_2)
FNDA:0,(anonymous_3)
FNDA:0,(anonymous_4)
FNDA:0,(anonymous_5)
FNDA:0,(anonymous_6)
FNDA:0,(anonymous_7)
FNDA:0,(anonymous_8)
FNDA:0,(anonymous_9)
FNDA:0,(anonymous_10)
FNDA:0,(anonymous_11)
FNDA:0,(anonymous_12)
FNDA:0,(anonymous_13)
FNDA:0,(anonymous_14)
FNDA:0,(anonymous_15)
FNDA:0,(anonymous_16)
FNDA:0,(anonymous_17)
FNDA:0,(anonymous_18)
FNDA:0,(anonymous_19)
FNDA:0,(anonymous_20)
FNDA:0,(anonymous_21)
FNDA:0,(anonymous_22)
FNDA:0,(anonymous_23)
FNDA:0,(anonymous_24)
DA:41,0
DA:42,0
DA:43,0
DA:44,0
DA:45,0
DA:46,0
DA:47,0
DA:49,0
DA:50,0
DA:53,0
DA:54,0
DA:55,0
DA:58,0
DA:59,0
DA:60,0
DA:63,0
DA:64,0
DA:65,0
DA:66,0
DA:67,0
DA:68,0
DA:69,0
DA:70,0
DA:71,0
DA:73,0
DA:74,0
DA:75,0
DA:76,0
DA:80,0
DA:81,0
DA:82,0
DA:88,0
DA:90,0
DA:91,0
DA:92,0
DA:95,0
DA:99,0
DA:100,0
DA:101,0
DA:102,0
DA:108,0
DA:109,0
DA:111,0
DA:113,0
DA:117,0
DA:118,0
DA:119,0
DA:120,0
DA:121,0
DA:122,0
DA:131,0
DA:132,0
DA:133,0
DA:135,0
DA:137,0
DA:141,0
DA:142,0
DA:143,0
DA:144,0
DA:145,0
DA:148,0
DA:149,0
DA:150,0
DA:164,0
DA:165,0
DA:166,0
DA:170,0
DA:172,0
DA:175,0
DA:178,0
DA:179,0
DA:180,0
DA:181,0
DA:182,0
DA:184,0
DA:186,0
DA:190,0
DA:191,0
DA:197,0
DA:198,0
DA:199,0
DA:201,0
DA:208,0
DA:209,0
DA:210,0
DA:211,0
DA:212,0
DA:213,0
DA:214,0
DA:215,0
DA:216,0
DA:217,0
DA:218,0
DA:220,0
DA:221,0
DA:222,0
DA:223,0
DA:224,0
DA:225,0
DA:226,0
DA:227,0
DA:228,0
DA:230,0
DA:233,0
DA:234,0
DA:235,0
DA:236,0
DA:239,0
DA:240,0
DA:241,0
DA:242,0
DA:246,0
DA:248,0
DA:249,0
DA:250,0
DA:252,0
DA:254,0
DA:258,0
DA:259,0
DA:260,0
DA:263,0
DA:264,0
DA:273,0
DA:274,0
DA:277,0
DA:278,0
DA:280,0
DA:281,0
DA:282,0
DA:286,0
DA:288,0
DA:296,0
DA:297,0
DA:301,0
DA:310,0
DA:381,0
DA:437,0
DA:453,0
DA:469,0
DA:472,0
DA:515,0
DA:532,0
LF:142
LH:0
BRDA:50,0,0,0
BRDA:50,0,1,0
BRDA:50,0,2,0
BRDA:74,1,0,0
BRDA:74,1,1,0
BRDA:88,2,0,0
BRDA:88,2,1,0
BRDA:88,3,0,0
BRDA:88,3,1,0
BRDA:90,4,0,0
BRDA:90,4,1,0
BRDA:91,5,0,0
BRDA:91,5,1,0
BRDA:92,6,0,0
BRDA:92,6,1,0
BRDA:108,7,0,0
BRDA:108,7,1,0
BRDA:109,8,0,0
BRDA:109,8,1,0
BRDA:118,9,0,0
BRDA:118,9,1,0
BRDA:131,10,0,0
BRDA:131,10,1,0
BRDA:135,11,0,0
BRDA:135,11,1,0
BRDA:142,12,0,0
BRDA:142,12,1,0
BRDA:143,13,0,0
BRDA:143,13,1,0
BRDA:143,14,0,0
BRDA:143,14,1,0
BRDA:143,14,2,0
BRDA:143,14,3,0
BRDA:161,15,0,0
BRDA:161,15,1,0
BRDA:161,15,2,0
BRDA:165,16,0,0
BRDA:165,16,1,0
BRDA:170,17,0,0
BRDA:170,17,1,0
BRDA:175,18,0,0
BRDA:175,18,1,0
BRDA:184,19,0,0
BRDA:184,19,1,0
BRDA:209,20,0,0
BRDA:209,20,1,0
BRDA:215,21,0,0
BRDA:215,21,1,0
BRDA:234,22,0,0
BRDA:234,22,1,0
BRDA:246,23,0,0
BRDA:246,23,1,0
BRDA:252,24,0,0
BRDA:252,24,1,0
BRDA:278,25,0,0
BRDA:278,25,1,0
BRDA:296,26,0,0
BRDA:296,26,1,0
BRDA:313,27,0,0
BRDA:313,27,1,0
BRDA:332,28,0,0
BRDA:332,28,1,0
BRDA:364,29,0,0
BRDA:364,29,1,0
BRDA:368,30,0,0
BRDA:368,30,1,0
BRDA:380,31,0,0
BRDA:380,31,1,0
BRDA:387,32,0,0
BRDA:387,32,1,0
BRDA:389,33,0,0
BRDA:389,33,1,0
BRDA:447,34,0,0
BRDA:447,34,1,0
BRDA:449,35,0,0
BRDA:449,35,1,0
BRDA:458,36,0,0
BRDA:458,36,1,0
BRDA:464,37,0,0
BRDA:464,37,1,0
BRDA:499,38,0,0
BRDA:499,38,1,0
BRDA:503,39,0,0
BRDA:503,39,1,0
BRF:84
BRH:0
end_of_record
TN:
SF:src\screens\VendorDashboardScreen.tsx
FN:37,(anonymous_0)
FN:62,(anonymous_1)
FN:65,(anonymous_2)
FN:67,(anonymous_3)
FN:73,(anonymous_4)
FN:93,(anonymous_5)
FN:115,(anonymous_6)
FN:130,(anonymous_7)
FN:139,(anonymous_8)
FN:139,(anonymous_9)
FN:148,(anonymous_10)
FN:153,(anonymous_11)
FN:165,(anonymous_12)
FN:165,(anonymous_13)
FN:176,(anonymous_14)
FN:185,(anonymous_15)
FN:185,(anonymous_16)
FN:196,(anonymous_17)
FN:219,(anonymous_18)
FN:234,(anonymous_19)
FN:254,(anonymous_20)
FN:278,(anonymous_21)
FN:293,(anonymous_22)
FN:303,(anonymous_23)
FN:310,(anonymous_24)
FN:321,(anonymous_25)
FN:335,(anonymous_26)
FN:339,(anonymous_27)
FN:342,(anonymous_28)
FN:345,(anonymous_29)
FN:364,(anonymous_30)
FN:387,(anonymous_31)
FN:390,(anonymous_32)
FN:393,(anonymous_33)
FN:434,(anonymous_34)
FN:443,(anonymous_35)
FN:464,(anonymous_36)
FN:512,(anonymous_37)
FNF:38
FNH:0
FNDA:0,(anonymous_0)
FNDA:0,(anonymous_1)
FNDA:0,(anonymous_2)
FNDA:0,(anonymous_3)
FNDA:0,(anonymous_4)
FNDA:0,(anonymous_5)
FNDA:0,(anonymous_6)
FNDA:0,(anonymous_7)
FNDA:0,(anonymous_8)
FNDA:0,(anonymous_9)
FNDA:0,(anonymous_10)
FNDA:0,(anonymous_11)
FNDA:0,(anonymous_12)
FNDA:0,(anonymous_13)
FNDA:0,(anonymous_14)
FNDA:0,(anonymous_15)
FNDA:0,(anonymous_16)
FNDA:0,(anonymous_17)
FNDA:0,(anonymous_18)
FNDA:0,(anonymous_19)
FNDA:0,(anonymous_20)
FNDA:0,(anonymous_21)
FNDA:0,(anonymous_22)
FNDA:0,(anonymous_23)
FNDA:0,(anonymous_24)
FNDA:0,(anonymous_25)
FNDA:0,(anonymous_26)
FNDA:0,(anonymous_27)
FNDA:0,(anonymous_28)
FNDA:0,(anonymous_29)
FNDA:0,(anonymous_30)
FNDA:0,(anonymous_31)
FNDA:0,(anonymous_32)
FNDA:0,(anonymous_33)
FNDA:0,(anonymous_34)
FNDA:0,(anonymous_35)
FNDA:0,(anonymous_36)
FNDA:0,(anonymous_37)
DA:37,0
DA:38,0
DA:39,0
DA:40,0
DA:42,0
DA:43,0
DA:45,0
DA:46,0
DA:47,0
DA:48,0
DA:50,0
DA:51,0
DA:53,0
DA:54,0
DA:55,0
DA:56,0
DA:57,0
DA:58,0
DA:59,0
DA:62,0
DA:63,0
DA:64,0
DA:65,0
DA:67,0
DA:68,0
DA:69,0
DA:73,0
DA:74,0
DA:75,0
DA:76,0
DA:82,0
DA:83,0
DA:85,0
DA:86,0
DA:91,0
DA:93,0
DA:95,0
DA:96,0
DA:102,0
DA:104,0
DA:109,0
DA:111,0
DA:115,0
DA:116,0
DA:117,0
DA:118,0
DA:123,0
DA:124,0
DA:126,0
DA:130,0
DA:131,0
DA:132,0
DA:137,0
DA:139,0
DA:140,0
DA:143,0
DA:144,0
DA:148,0
DA:149,0
DA:150,0
DA:153,0
DA:154,0
DA:156,0
DA:157,0
DA:158,0
DA:163,0
DA:165,0
DA:166,0
DA:167,0
DA:169,0
DA:170,0
DA:172,0
DA:176,0
DA:177,0
DA:178,0
DA:183,0
DA:185,0
DA:186,0
DA:189,0
DA:191,0
DA:192,0
DA:196,0
DA:197,0
DA:198,0
DA:199,0
DA:202,0
DA:203,0
DA:208,0
DA:210,0
DA:211,0
DA:212,0
DA:214,0
DA:216,0
DA:220,0
DA:222,0
DA:223,0
DA:224,0
DA:225,0
DA:228,0
DA:229,0
DA:230,0
DA:231,0
DA:234,0
DA:254,0
DA:255,0
DA:256,0
DA:257,0
DA:258,0
DA:261,0
DA:263,0
DA:264,0
DA:266,0
DA:267,0
DA:269,0
DA:273,0
DA:274,0
DA:278,0
DA:279,0
DA:293,0
DA:303,0
DA:310,0
DA:321,0
DA:322,0
DA:335,0
DA:339,0
DA:342,0
DA:345,0
DA:352,0
DA:365,0
DA:366,0
DA:367,0
DA:368,0
DA:369,0
DA:370,0
DA:371,0
DA:374,0
DA:376,0
DA:387,0
DA:390,0
DA:393,0
DA:434,0
DA:443,0
DA:464,0
DA:513,0
DA:514,0
DA:533,0
LF:146
LH:0
BRDA:43,0,0,0
BRDA:43,0,1,0
BRDA:68,1,0,0
BRDA:68,1,1,0
BRDA:82,2,0,0
BRDA:82,2,1,0
BRDA:85,3,0,0
BRDA:85,3,1,0
BRDA:91,4,0,0
BRDA:91,4,1,0
BRDA:93,5,0,0
BRDA:93,5,1,0
BRDA:95,6,0,0
BRDA:95,6,1,0
BRDA:102,7,0,0
BRDA:102,7,1,0
BRDA:123,8,0,0
BRDA:123,8,1,0
BRDA:126,9,0,0
BRDA:126,9,1,0
BRDA:137,10,0,0
BRDA:137,10,1,0
BRDA:140,11,0,0
BRDA:140,11,1,0
BRDA:144,12,0,0
BRDA:144,12,1,0
BRDA:154,13,0,0
BRDA:154,13,1,0
BRDA:163,14,0,0
BRDA:163,14,1,0
BRDA:170,15,0,0
BRDA:170,15,1,0
BRDA:183,16,0,0
BRDA:183,16,1,0
BRDA:186,17,0,0
BRDA:186,17,1,0
BRDA:192,18,0,0
BRDA:192,18,1,0
BRDA:197,19,0,0
BRDA:197,19,1,0
BRDA:208,20,0,0
BRDA:208,20,1,0
BRDA:222,21,0,0
BRDA:222,21,1,0
BRDA:228,22,0,0
BRDA:228,22,1,0
BRDA:236,23,0,0
BRDA:236,23,1,0
BRDA:237,24,0,0
BRDA:237,24,1,0
BRDA:237,24,2,0
BRDA:238,25,0,0
BRDA:238,25,1,0
BRDA:238,25,2,0
BRDA:239,26,0,0
BRDA:239,26,1,0
BRDA:239,26,2,0
BRDA:240,27,0,0
BRDA:240,27,1,0
BRDA:240,27,2,0
BRDA:241,28,0,0
BRDA:241,28,1,0
BRDA:241,28,2,0
BRDA:242,29,0,0
BRDA:242,29,1,0
BRDA:242,29,2,0
BRDA:243,30,0,0
BRDA:243,30,1,0
BRDA:243,30,2,0
BRDA:244,31,0,0
BRDA:244,31,1,0
BRDA:244,31,2,0
BRDA:245,32,0,0
BRDA:245,32,1,0
BRDA:245,32,2,0
BRDA:246,33,0,0
BRDA:246,33,1,0
BRDA:246,33,2,0
BRDA:247,34,0,0
BRDA:247,34,1,0
BRDA:247,34,2,0
BRDA:247,35,0,0
BRDA:247,35,1,0
BRDA:247,35,2,0
BRDA:248,36,0,0
BRDA:248,36,1,0
BRDA:248,36,2,0
BRDA:249,37,0,0
BRDA:249,37,1,0
BRDA:249,37,2,0
BRDA:254,38,0,0
BRDA:254,38,1,0
BRDA:254,38,2,0
BRDA:255,39,0,0
BRDA:255,39,1,0
BRDA:263,40,0,0
BRDA:263,40,1,0
BRDA:273,41,0,0
BRDA:273,41,1,0
BRDA:281,42,0,0
BRDA:281,42,1,0
BRDA:281,43,0,0
BRDA:281,43,1,0
BRDA:282,44,0,0
BRDA:282,44,1,0
BRDA:288,45,0,0
BRDA:288,45,1,0
BRDA:289,46,0,0
BRDA:289,46,1,0
BRDA:303,47,0,0
BRDA:303,47,1,0
BRDA:303,47,2,0
BRDA:307,48,0,0
BRDA:307,48,1,0
BRDA:328,49,0,0
BRDA:328,49,1,0
BRDA:329,50,0,0
BRDA:329,50,1,0
BRDA:335,51,0,0
BRDA:335,51,1,0
BRDA:338,52,0,0
BRDA:338,52,1,0
BRDA:354,53,0,0
BRDA:354,53,1,0
BRDA:357,54,0,0
BRDA:357,54,1,0
BRDA:358,55,0,0
BRDA:358,55,1,0
BRDA:359,56,0,0
BRDA:359,56,1,0
BRDA:359,57,0,0
BRDA:359,57,1,0
BRDA:361,58,0,0
BRDA:361,58,1,0
BRDA:361,59,0,0
BRDA:361,59,1,0
BRDA:361,59,2,0
BRDA:368,60,0,0
BRDA:368,60,1,0
BRDA:387,61,0,0
BRDA:387,61,1,0
BRDA:387,62,0,0
BRDA:387,62,1,0
BRDA:388,63,0,0
BRDA:388,63,1,0
BRDA:390,64,0,0
BRDA:390,64,1,0
BRDA:390,65,0,0
BRDA:390,65,1,0
BRDA:391,66,0,0
BRDA:391,66,1,0
BRDA:393,67,0,0
BRDA:393,67,1,0
BRDA:393,68,0,0
BRDA:393,68,1,0
BRDA:394,69,0,0
BRDA:394,69,1,0
BRDA:399,70,0,0
BRDA:399,70,1,0
BRDA:403,71,0,0
BRDA:403,71,1,0
BRDA:419,72,0,0
BRDA:419,72,1,0
BRDA:421,73,0,0
BRDA:421,73,1,0
BRDA:427,74,0,0
BRDA:427,74,1,0
BRDA:429,75,0,0
BRDA:429,75,1,0
BRDA:431,76,0,0
BRDA:431,76,1,0
BRDA:433,77,0,0
BRDA:433,77,1,0
BRDA:436,78,0,0
BRDA:436,78,1,0
BRDA:437,79,0,0
BRDA:437,79,1,0
BRDA:459,80,0,0
BRDA:459,80,1,0
BRDA:464,81,0,0
BRDA:464,81,1,0
BRDA:472,82,0,0
BRDA:472,82,1,0
BRDA:475,83,0,0
BRDA:475,83,1,0
BRDA:485,84,0,0
BRDA:485,84,1,0
BRDA:504,85,0,0
BRDA:504,85,1,0
BRDA:560,86,0,0
BRDA:560,86,1,0
BRDA:577,87,0,0
BRDA:577,87,1,0
BRF:193
BRH:0
end_of_record
TN:
SF:src\screens\WishlistScreen.tsx
FN:16,(anonymous_0)
FN:24,(anonymous_1)
FN:36,(anonymous_2)
FN:49,(anonymous_3)
FN:52,(anonymous_4)
FNF:5
FNH:0
FNDA:0,(anonymous_0)
FNDA:0,(anonymous_1)
FNDA:0,(anonymous_2)
FNDA:0,(anonymous_3)
FNDA:0,(anonymous_4)
DA:16,0
DA:17,0
DA:18,0
DA:19,0
DA:21,0
DA:22,0
DA:24,0
DA:25,0
DA:31,0
DA:32,0
DA:36,0
DA:45,0
DA:49,0
DA:52,0
DA:63,0
LF:15
LH:0
BRDA:22,0,0,0
BRDA:22,0,1,0
BRDA:22,0,2,0
BRDA:31,1,0,0
BRDA:31,1,1,0
BRDA:31,2,0,0
BRDA:31,2,1,0
BRF:7
BRH:0
end_of_record
TN:
SF:src\utils\currency.ts
FN:5,(anonymous_0)
FNF:1
FNH:1
FNDA:3,(anonymous_0)
DA:5,1
DA:6,3
DA:8,3
DA:9,1
DA:10,1
DA:18,2
LF:6
LH:6
BRDA:8,0,0,1
BRDA:8,0,1,2
BRF:2
BRH:2
end_of_record
TN:
SF:src\utils\images.ts
FN:6,getOptimizedImageUrl
FNF:1
FNH:0
FNDA:0,getOptimizedImageUrl
DA:10,0
DA:14,0
LF:2
LH:0
BRDA:8,0,0,0
BRDA:10,1,0,0
BRDA:10,1,1,0
BRDA:10,2,0,0
BRDA:10,2,1,0
BRF:5
BRH:0
end_of_record
TN:
SF:src\utils\paymentHooks.ts
FN:4,(anonymous_0)
FN:4,(anonymous_1)
FN:4,(anonymous_2)
FN:19,(anonymous_3)
FN:23,(anonymous_4)
FN:23,(anonymous_5)
FN:29,(anonymous_6)
FN:39,(anonymous_7)
FN:67,(anonymous_8)
FNF:9
FNH:0
FNDA:0,(anonymous_0)
FNDA:0,(anonymous_1)
FNDA:0,(anonymous_2)
FNDA:0,(anonymous_3)
FNDA:0,(anonymous_4)
FNDA:0,(anonymous_5)
FNDA:0,(anonymous_6)
FNDA:0,(anonymous_7)
FNDA:0,(anonymous_8)
DA:4,0
DA:5,0
DA:7,0
DA:8,0
DA:10,0
DA:11,0
DA:13,0
DA:15,0
DA:19,0
DA:20,0
DA:23,0
DA:24,0
DA:25,0
DA:29,0
DA:30,0
DA:31,0
DA:32,0
DA:34,0
DA:35,0
DA:39,0
DA:44,0
DA:45,0
DA:46,0
DA:48,0
DA:49,0
DA:59,0
DA:60,0
DA:62,0
DA:66,0
DA:67,0
LF:30
LH:0
BRDA:7,0,0,0
BRDA:7,0,1,0
BRDA:30,1,0,0
BRDA:30,1,1,0
BRDA:44,2,0,0
BRDA:44,2,1,0
BRDA:52,3,0,0
BRDA:52,3,1,0
BRDA:53,4,0,0
BRDA:53,4,1,0
BRDA:62,5,0,0
BRDA:62,5,1,0
BRDA:67,6,0,0
BRDA:67,6,1,0
BRDA:68,7,0,0
BRDA:68,7,1,0
BRDA:69,8,0,0
BRDA:69,8,1,0
BRDA:69,9,0,0
BRDA:69,9,1,0
BRDA:70,10,0,0
BRDA:70,10,1,0
BRF:22
BRH:0
end_of_record
TN:
SF:src\utils\paymentHooks.web.ts
FN:3,(anonymous_0)
FN:7,(anonymous_1)
FN:12,(anonymous_2)
FN:13,(anonymous_3)
FN:24,(anonymous_4)
FNF:5
FNH:0
FNDA:0,(anonymous_0)
FNDA:0,(anonymous_1)
FNDA:0,(anonymous_2)
FNDA:0,(anonymous_3)
FNDA:0,(anonymous_4)
DA:3,0
DA:4,0
DA:6,0
DA:8,0
DA:9,0
DA:13,0
DA:14,0
DA:15,0
DA:18,0
DA:22,0
DA:24,0
DA:25,0
DA:28,0
LF:13
LH:0
BRDA:8,0,0,0
BRDA:8,0,1,0
BRDA:14,1,0,0
BRDA:14,1,1,0
BRDA:15,2,0,0
BRDA:15,2,1,0
BRDA:15,3,0,0
BRDA:15,3,1,0
BRDA:22,4,0,0
BRDA:22,4,1,0
BRDA:34,5,0,0
BRDA:34,5,1,0
BRF:12
BRH:0
end_of_record
